[0.455s] Invoking command in '/home/mechax/ylh/sentry_vision/build/linefit_ground_segmentation_ros': AMENT_PREFIX_PATH=/home/mechax/ylh/sentry_vision/install/linefit_ground_segmentation:${AMENT_PREFIX_PATH} CMAKE_PREFIX_PATH=/home/mechax/ylh/sentry_vision/install/linefit_ground_segmentation:/opt/ros/humble LD_LIBRARY_PATH=/home/mechax/ylh/sentry_vision/install/linefit_ground_segmentation/lib:${LD_LIBRARY_PATH} /usr/bin/cmake --build /home/mechax/ylh/sentry_vision/build/linefit_ground_segmentation_ros -- -j16 -l16
[0.464s] [ 50%] Built target ground_segmentation_node
[0.464s] [100%] Built target ground_segmentation_test_node
[0.811s] Invoked command in '/home/mechax/ylh/sentry_vision/build/linefit_ground_segmentation_ros' returned '0': AMENT_PREFIX_PATH=/home/mechax/ylh/sentry_vision/install/linefit_ground_segmentation:${AMENT_PREFIX_PATH} CMAKE_PREFIX_PATH=/home/mechax/ylh/sentry_vision/install/linefit_ground_segmentation:/opt/ros/humble LD_LIBRARY_PATH=/home/mechax/ylh/sentry_vision/install/linefit_ground_segmentation/lib:${LD_LIBRARY_PATH} /usr/bin/cmake --build /home/mechax/ylh/sentry_vision/build/linefit_ground_segmentation_ros -- -j16 -l16
[1.248s] Invoking command in '/home/mechax/ylh/sentry_vision/build/linefit_ground_segmentation_ros': AMENT_PREFIX_PATH=/home/mechax/ylh/sentry_vision/install/linefit_ground_segmentation:${AMENT_PREFIX_PATH} CMAKE_PREFIX_PATH=/home/mechax/ylh/sentry_vision/install/linefit_ground_segmentation:/opt/ros/humble LD_LIBRARY_PATH=/home/mechax/ylh/sentry_vision/install/linefit_ground_segmentation/lib:${LD_LIBRARY_PATH} /usr/bin/cmake --install /home/mechax/ylh/sentry_vision/build/linefit_ground_segmentation_ros
[1.332s] -- Install configuration: ""
[1.332s] -- Up-to-date: /home/mechax/ylh/sentry_vision/install/linefit_ground_segmentation_ros/lib/linefit_ground_segmentation_ros/ground_segmentation_node
[1.332s] -- Up-to-date: /home/mechax/ylh/sentry_vision/install/linefit_ground_segmentation_ros/lib/linefit_ground_segmentation_ros/ground_segmentation_test_node
[1.333s] -- Up-to-date: /home/mechax/ylh/sentry_vision/install/linefit_ground_segmentation_ros/share/linefit_ground_segmentation_ros/launch
[1.333s] -- Up-to-date: /home/mechax/ylh/sentry_vision/install/linefit_ground_segmentation_ros/share/linefit_ground_segmentation_ros/launch/sudo apt-get remove ros-iron-gazebo-*.dockerfile
[1.333s] -- Up-to-date: /home/mechax/ylh/sentry_vision/install/linefit_ground_segmentation_ros/share/linefit_ground_segmentation_ros/launch/segmentation.launch.py
[1.333s] -- Up-to-date: /home/mechax/ylh/sentry_vision/install/linefit_ground_segmentation_ros/share/linefit_ground_segmentation_ros/launch/test.launch.py
[1.334s] -- Up-to-date: /home/mechax/ylh/sentry_vision/install/linefit_ground_segmentation_ros/share/linefit_ground_segmentation_ros/launch/segmentation_params.yaml
[1.334s] -- Up-to-date: /home/mechax/ylh/sentry_vision/install/linefit_ground_segmentation_ros/share/ament_index/resource_index/package_run_dependencies/linefit_ground_segmentation_ros
[1.334s] -- Up-to-date: /home/mechax/ylh/sentry_vision/install/linefit_ground_segmentation_ros/share/ament_index/resource_index/parent_prefix_path/linefit_ground_segmentation_ros
[1.334s] -- Up-to-date: /home/mechax/ylh/sentry_vision/install/linefit_ground_segmentation_ros/share/linefit_ground_segmentation_ros/environment/ament_prefix_path.sh
[1.335s] -- Up-to-date: /home/mechax/ylh/sentry_vision/install/linefit_ground_segmentation_ros/share/linefit_ground_segmentation_ros/environment/ament_prefix_path.dsv
[1.335s] -- Up-to-date: /home/mechax/ylh/sentry_vision/install/linefit_ground_segmentation_ros/share/linefit_ground_segmentation_ros/environment/path.sh
[1.335s] -- Up-to-date: /home/mechax/ylh/sentry_vision/install/linefit_ground_segmentation_ros/share/linefit_ground_segmentation_ros/environment/path.dsv
[1.335s] -- Up-to-date: /home/mechax/ylh/sentry_vision/install/linefit_ground_segmentation_ros/share/linefit_ground_segmentation_ros/local_setup.bash
[1.335s] -- Up-to-date: /home/mechax/ylh/sentry_vision/install/linefit_ground_segmentation_ros/share/linefit_ground_segmentation_ros/local_setup.sh
[1.336s] -- Up-to-date: /home/mechax/ylh/sentry_vision/install/linefit_ground_segmentation_ros/share/linefit_ground_segmentation_ros/local_setup.zsh
[1.336s] -- Up-to-date: /home/mechax/ylh/sentry_vision/install/linefit_ground_segmentation_ros/share/linefit_ground_segmentation_ros/local_setup.dsv
[1.336s] -- Installing: /home/mechax/ylh/sentry_vision/install/linefit_ground_segmentation_ros/share/linefit_ground_segmentation_ros/package.dsv
[1.336s] -- Up-to-date: /home/mechax/ylh/sentry_vision/install/linefit_ground_segmentation_ros/share/ament_index/resource_index/packages/linefit_ground_segmentation_ros
[1.336s] -- Up-to-date: /home/mechax/ylh/sentry_vision/install/linefit_ground_segmentation_ros/share/linefit_ground_segmentation_ros/cmake/ament_cmake_export_dependencies-extras.cmake
[1.337s] -- Up-to-date: /home/mechax/ylh/sentry_vision/install/linefit_ground_segmentation_ros/share/linefit_ground_segmentation_ros/cmake/linefit_ground_segmentation_rosConfig.cmake
[1.337s] -- Up-to-date: /home/mechax/ylh/sentry_vision/install/linefit_ground_segmentation_ros/share/linefit_ground_segmentation_ros/cmake/linefit_ground_segmentation_rosConfig-version.cmake
[1.337s] -- Up-to-date: /home/mechax/ylh/sentry_vision/install/linefit_ground_segmentation_ros/share/linefit_ground_segmentation_ros/package.xml
[1.657s] Invoked command in '/home/mechax/ylh/sentry_vision/build/linefit_ground_segmentation_ros' returned '0': AMENT_PREFIX_PATH=/home/mechax/ylh/sentry_vision/install/linefit_ground_segmentation:${AMENT_PREFIX_PATH} CMAKE_PREFIX_PATH=/home/mechax/ylh/sentry_vision/install/linefit_ground_segmentation:/opt/ros/humble LD_LIBRARY_PATH=/home/mechax/ylh/sentry_vision/install/linefit_ground_segmentation/lib:${LD_LIBRARY_PATH} /usr/bin/cmake --install /home/mechax/ylh/sentry_vision/build/linefit_ground_segmentation_ros
