[0.040s] Invoking command in '/home/mechax/ylh/sentry_vision/build/rm_decision': AMENT_PREFIX_PATH=/home/mechax/ylh/sentry_vision/install/behaviortree_ros2:/home/mechax/ylh/sentry_vision/install/rm_decision_interfaces:/home/mechax/ylh/sentry_vision/install/behaviortree_cpp:/home/mechax/ylh/sentry_vision/install/auto_aim_interfaces:${AMENT_PREFIX_PATH} CMAKE_PREFIX_PATH=/home/mechax/ylh/sentry_vision/install/behaviortree_ros2:/home/mechax/ylh/sentry_vision/install/rm_decision_interfaces:/home/mechax/ylh/sentry_vision/install/behaviortree_cpp:/home/mechax/ylh/sentry_vision/install/auto_aim_interfaces:/opt/ros/humble LD_LIBRARY_PATH=/home/mechax/ylh/sentry_vision/install/rm_decision_interfaces/lib:/home/mechax/ylh/sentry_vision/install/behaviortree_cpp/lib:/home/mechax/ylh/sentry_vision/install/auto_aim_interfaces/lib:${LD_LIBRARY_PATH} PATH=/home/mechax/ylh/sentry_vision/install/behaviortree_cpp/bin:${PATH} PYTHONPATH=/home/mechax/ylh/sentry_vision/install/rm_decision_interfaces/local/lib/python3.10/dist-packages:/home/mechax/ylh/sentry_vision/install/auto_aim_interfaces/local/lib/python3.10/dist-packages:${PYTHONPATH} /usr/bin/cmake --build /home/mechax/ylh/sentry_vision/build/rm_decision -- -j16 -l16
[0.067s] [35m[1mConsolidate compiler generated dependencies of target rm_decision_node[0m
[0.067s] [35m[1mConsolidate compiler generated dependencies of target rm_decision[0m
[0.086s] [ 50%] Built target rm_decision_node
[0.091s] [100%] Built target rm_decision
[0.161s] Invoked command in '/home/mechax/ylh/sentry_vision/build/rm_decision' returned '0': AMENT_PREFIX_PATH=/home/mechax/ylh/sentry_vision/install/behaviortree_ros2:/home/mechax/ylh/sentry_vision/install/rm_decision_interfaces:/home/mechax/ylh/sentry_vision/install/behaviortree_cpp:/home/mechax/ylh/sentry_vision/install/auto_aim_interfaces:${AMENT_PREFIX_PATH} CMAKE_PREFIX_PATH=/home/mechax/ylh/sentry_vision/install/behaviortree_ros2:/home/mechax/ylh/sentry_vision/install/rm_decision_interfaces:/home/mechax/ylh/sentry_vision/install/behaviortree_cpp:/home/mechax/ylh/sentry_vision/install/auto_aim_interfaces:/opt/ros/humble LD_LIBRARY_PATH=/home/mechax/ylh/sentry_vision/install/rm_decision_interfaces/lib:/home/mechax/ylh/sentry_vision/install/behaviortree_cpp/lib:/home/mechax/ylh/sentry_vision/install/auto_aim_interfaces/lib:${LD_LIBRARY_PATH} PATH=/home/mechax/ylh/sentry_vision/install/behaviortree_cpp/bin:${PATH} PYTHONPATH=/home/mechax/ylh/sentry_vision/install/rm_decision_interfaces/local/lib/python3.10/dist-packages:/home/mechax/ylh/sentry_vision/install/auto_aim_interfaces/local/lib/python3.10/dist-packages:${PYTHONPATH} /usr/bin/cmake --build /home/mechax/ylh/sentry_vision/build/rm_decision -- -j16 -l16
[0.229s] Invoking command in '/home/mechax/ylh/sentry_vision/build/rm_decision': AMENT_PREFIX_PATH=/home/mechax/ylh/sentry_vision/install/behaviortree_ros2:/home/mechax/ylh/sentry_vision/install/rm_decision_interfaces:/home/mechax/ylh/sentry_vision/install/behaviortree_cpp:/home/mechax/ylh/sentry_vision/install/auto_aim_interfaces:${AMENT_PREFIX_PATH} CMAKE_PREFIX_PATH=/home/mechax/ylh/sentry_vision/install/behaviortree_ros2:/home/mechax/ylh/sentry_vision/install/rm_decision_interfaces:/home/mechax/ylh/sentry_vision/install/behaviortree_cpp:/home/mechax/ylh/sentry_vision/install/auto_aim_interfaces:/opt/ros/humble LD_LIBRARY_PATH=/home/mechax/ylh/sentry_vision/install/rm_decision_interfaces/lib:/home/mechax/ylh/sentry_vision/install/behaviortree_cpp/lib:/home/mechax/ylh/sentry_vision/install/auto_aim_interfaces/lib:${LD_LIBRARY_PATH} PATH=/home/mechax/ylh/sentry_vision/install/behaviortree_cpp/bin:${PATH} PYTHONPATH=/home/mechax/ylh/sentry_vision/install/rm_decision_interfaces/local/lib/python3.10/dist-packages:/home/mechax/ylh/sentry_vision/install/auto_aim_interfaces/local/lib/python3.10/dist-packages:${PYTHONPATH} /usr/bin/cmake --install /home/mechax/ylh/sentry_vision/build/rm_decision
[0.292s] -- Install configuration: ""
[0.292s] -- Up-to-date: /home/mechax/ylh/sentry_vision/install/rm_decision/lib/rm_decision/rm_decision_node
[0.293s] -- Up-to-date: /home/mechax/ylh/sentry_vision/install/rm_decision/include
[0.293s] -- Up-to-date: /home/mechax/ylh/sentry_vision/install/rm_decision/include/rm_decision
[0.294s] -- Up-to-date: /home/mechax/ylh/sentry_vision/install/rm_decision/include/rm_decision/commander.hpp
[0.294s] -- Up-to-date: /home/mechax/ylh/sentry_vision/install/rm_decision/share/rm_decision/environment/library_path.sh
[0.295s] -- Up-to-date: /home/mechax/ylh/sentry_vision/install/rm_decision/share/rm_decision/environment/library_path.dsv
[0.295s] -- Up-to-date: /home/mechax/ylh/sentry_vision/install/rm_decision/lib/librm_decision.so
[0.295s] -- Up-to-date: /home/mechax/ylh/sentry_vision/install/rm_decision/share/rm_decision/launch
[0.295s] -- Up-to-date: /home/mechax/ylh/sentry_vision/install/rm_decision/share/rm_decision/launch/my_launch.py
[0.296s] -- Up-to-date: /home/mechax/ylh/sentry_vision/install/rm_decision/share/rm_decision/config
[0.296s] -- Up-to-date: /home/mechax/ylh/sentry_vision/install/rm_decision/share/rm_decision/config/sentry_bt.btproj
[0.296s] -- Up-to-date: /home/mechax/ylh/sentry_vision/install/rm_decision/share/rm_decision/config/node_params.yaml
[0.297s] -- Up-to-date: /home/mechax/ylh/sentry_vision/install/rm_decision/share/rm_decision/config/sentry_bt.xml
[0.297s] -- Up-to-date: /home/mechax/ylh/sentry_vision/install/rm_decision/share/ament_index/resource_index/package_run_dependencies/rm_decision
[0.297s] -- Up-to-date: /home/mechax/ylh/sentry_vision/install/rm_decision/share/ament_index/resource_index/parent_prefix_path/rm_decision
[0.298s] -- Up-to-date: /home/mechax/ylh/sentry_vision/install/rm_decision/share/rm_decision/environment/ament_prefix_path.sh
[0.298s] -- Up-to-date: /home/mechax/ylh/sentry_vision/install/rm_decision/share/rm_decision/environment/ament_prefix_path.dsv
[0.298s] -- Up-to-date: /home/mechax/ylh/sentry_vision/install/rm_decision/share/rm_decision/environment/path.sh
[0.299s] -- Up-to-date: /home/mechax/ylh/sentry_vision/install/rm_decision/share/rm_decision/environment/path.dsv
[0.299s] -- Up-to-date: /home/mechax/ylh/sentry_vision/install/rm_decision/share/rm_decision/local_setup.bash
[0.299s] -- Up-to-date: /home/mechax/ylh/sentry_vision/install/rm_decision/share/rm_decision/local_setup.sh
[0.299s] -- Up-to-date: /home/mechax/ylh/sentry_vision/install/rm_decision/share/rm_decision/local_setup.zsh
[0.299s] -- Up-to-date: /home/mechax/ylh/sentry_vision/install/rm_decision/share/rm_decision/local_setup.dsv
[0.300s] -- Installing: /home/mechax/ylh/sentry_vision/install/rm_decision/share/rm_decision/package.dsv
[0.300s] -- Up-to-date: /home/mechax/ylh/sentry_vision/install/rm_decision/share/ament_index/resource_index/packages/rm_decision
[0.301s] -- Up-to-date: /home/mechax/ylh/sentry_vision/install/rm_decision/share/ament_index/resource_index/rclcpp_components/rm_decision
[0.301s] -- Up-to-date: /home/mechax/ylh/sentry_vision/install/rm_decision/share/rm_decision/cmake/ament_cmake_export_dependencies-extras.cmake
[0.301s] -- Up-to-date: /home/mechax/ylh/sentry_vision/install/rm_decision/share/rm_decision/cmake/ament_cmake_export_include_directories-extras.cmake
[0.301s] -- Up-to-date: /home/mechax/ylh/sentry_vision/install/rm_decision/share/rm_decision/cmake/ament_cmake_export_libraries-extras.cmake
[0.302s] -- Up-to-date: /home/mechax/ylh/sentry_vision/install/rm_decision/share/rm_decision/cmake/rm_decisionConfig.cmake
[0.302s] -- Up-to-date: /home/mechax/ylh/sentry_vision/install/rm_decision/share/rm_decision/cmake/rm_decisionConfig-version.cmake
[0.303s] -- Up-to-date: /home/mechax/ylh/sentry_vision/install/rm_decision/share/rm_decision/package.xml
[0.303s] -- Up-to-date: /home/mechax/ylh/sentry_vision/install/rm_decision/share/rm_decision/launch
[0.303s] -- Up-to-date: /home/mechax/ylh/sentry_vision/install/rm_decision/share/rm_decision/launch/my_launch.py
[0.303s] -- Up-to-date: /home/mechax/ylh/sentry_vision/install/rm_decision/share/rm_decision/config
[0.304s] -- Up-to-date: /home/mechax/ylh/sentry_vision/install/rm_decision/share/rm_decision/config/sentry_bt.btproj
[0.304s] -- Up-to-date: /home/mechax/ylh/sentry_vision/install/rm_decision/share/rm_decision/config/node_params.yaml
[0.304s] -- Up-to-date: /home/mechax/ylh/sentry_vision/install/rm_decision/share/rm_decision/config/sentry_bt.xml
[0.327s] Invoked command in '/home/mechax/ylh/sentry_vision/build/rm_decision' returned '0': AMENT_PREFIX_PATH=/home/mechax/ylh/sentry_vision/install/behaviortree_ros2:/home/mechax/ylh/sentry_vision/install/rm_decision_interfaces:/home/mechax/ylh/sentry_vision/install/behaviortree_cpp:/home/mechax/ylh/sentry_vision/install/auto_aim_interfaces:${AMENT_PREFIX_PATH} CMAKE_PREFIX_PATH=/home/mechax/ylh/sentry_vision/install/behaviortree_ros2:/home/mechax/ylh/sentry_vision/install/rm_decision_interfaces:/home/mechax/ylh/sentry_vision/install/behaviortree_cpp:/home/mechax/ylh/sentry_vision/install/auto_aim_interfaces:/opt/ros/humble LD_LIBRARY_PATH=/home/mechax/ylh/sentry_vision/install/rm_decision_interfaces/lib:/home/mechax/ylh/sentry_vision/install/behaviortree_cpp/lib:/home/mechax/ylh/sentry_vision/install/auto_aim_interfaces/lib:${LD_LIBRARY_PATH} PATH=/home/mechax/ylh/sentry_vision/install/behaviortree_cpp/bin:${PATH} PYTHONPATH=/home/mechax/ylh/sentry_vision/install/rm_decision_interfaces/local/lib/python3.10/dist-packages:/home/mechax/ylh/sentry_vision/install/auto_aim_interfaces/local/lib/python3.10/dist-packages:${PYTHONPATH} /usr/bin/cmake --install /home/mechax/ylh/sentry_vision/build/rm_decision
