[0.154s] Invoking command in '/home/mechax/ylh/sentry_vision/build/rm_serial_driver': AMENT_PREFIX_PATH=/home/mechax/ylh/sentry_vision/install/rm_decision_interfaces:/home/mechax/ylh/sentry_vision/install/auto_aim_interfaces:${AMENT_PREFIX_PATH} CMAKE_PREFIX_PATH=/home/mechax/ylh/sentry_vision/install/rm_decision_interfaces:/home/mechax/ylh/sentry_vision/install/auto_aim_interfaces:/opt/ros/humble LD_LIBRARY_PATH=/home/mechax/ylh/sentry_vision/install/rm_decision_interfaces/lib:/home/mechax/ylh/sentry_vision/install/auto_aim_interfaces/lib:${LD_LIBRARY_PATH} PYTHONPATH=/home/mechax/ylh/sentry_vision/install/rm_decision_interfaces/local/lib/python3.10/dist-packages:/home/mechax/ylh/sentry_vision/install/auto_aim_interfaces/local/lib/python3.10/dist-packages:${PYTHONPATH} /usr/bin/cmake /home/mechax/ylh/sentry_vision/src/rm_serial_driver -DCMAKE_EXPORT_COMPILE_COMMANDS=ON -DCMAKE_INSTALL_PREFIX=/home/mechax/ylh/sentry_vision/install/rm_serial_driver
[0.364s] -- The C compiler identification is GNU 11.4.0
[0.485s] -- The CXX compiler identification is GNU 11.4.0
[0.497s] -- Detecting C compiler ABI info
[0.755s] -- Detecting C compiler ABI info - done
[0.766s] -- Check for working C compiler: /usr/bin/cc - skipped
[0.767s] -- Detecting C compile features
[0.767s] -- Detecting C compile features - done
[0.772s] -- Detecting CXX compiler ABI info
[0.961s] -- Detecting CXX compiler ABI info - done
[0.972s] -- Check for working CXX compiler: /usr/bin/c++ - skipped
[0.973s] -- Detecting CXX compile features
[0.974s] -- Detecting CXX compile features - done
[0.979s] -- Found ament_cmake_auto: 1.3.6 (/opt/ros/humble/share/ament_cmake_auto/cmake)
[1.635s] -- Found Python3: /usr/bin/python3.10 (found version "3.10.12") found components: Interpreter 
[1.978s] -- Found rosidl_generator_c: 3.1.5 (/opt/ros/humble/share/rosidl_generator_c/cmake)
[1.985s] -- Found rosidl_adapter: 3.1.5 (/opt/ros/humble/share/rosidl_adapter/cmake)
[1.998s] -- Found rosidl_generator_cpp: 3.1.5 (/opt/ros/humble/share/rosidl_generator_cpp/cmake)
[2.019s] -- Using all available rosidl_typesupport_c: rosidl_typesupport_fastrtps_c;rosidl_typesupport_introspection_c
[2.049s] -- Using all available rosidl_typesupport_cpp: rosidl_typesupport_fastrtps_cpp;rosidl_typesupport_introspection_cpp
[2.152s] -- Found rmw_implementation_cmake: 6.1.1 (/opt/ros/humble/share/rmw_implementation_cmake/cmake)
[2.156s] -- Found rmw_fastrtps_cpp: 6.2.5 (/opt/ros/humble/share/rmw_fastrtps_cpp/cmake)
[2.288s] -- Found OpenSSL: /usr/lib/x86_64-linux-gnu/libcrypto.so (found version "3.0.2")  
[2.319s] -- Found FastRTPS: /opt/ros/humble/include  
[2.389s] -- Using RMW implementation 'rmw_fastrtps_cpp' as default
[2.406s] -- Looking for pthread.h
[2.497s] -- Looking for pthread.h - found
[2.498s] -- Performing Test CMAKE_HAVE_LIBC_PTHREAD
[2.591s] -- Performing Test CMAKE_HAVE_LIBC_PTHREAD - Success
[2.592s] -- Found Threads: TRUE  
[3.318s] -- Found eigen3_cmake_module: 0.1.1 (/opt/ros/humble/share/eigen3_cmake_module/cmake)
[3.319s] -- Found Eigen3: TRUE (found version "3.4.0") 
[3.320s] -- Ensuring Eigen3 include directory is part of orocos-kdl CMake target
[3.699s] -- Found ament_lint_auto: 0.12.9 (/opt/ros/humble/share/ament_lint_auto/cmake)
[3.722s] -- Added test 'cppcheck' to perform static code analysis on C / C++ code
[3.723s] -- Configured cppcheck include dirs: /home/mechax/ylh/sentry_vision/src/rm_serial_driver/include
[3.723s] -- Configured cppcheck exclude dirs and/or files: 
[3.724s] -- Added test 'cpplint' to check C / C++ code against the Google style
[3.724s] -- Configured cpplint exclude dirs and/or files: 
[3.725s] -- Added test 'flake8' to check Python code syntax and style conventions
[3.726s] -- Added test 'lint_cmake' to check CMake code style
[3.727s] -- Added test 'pep257' to check Python code against some of the docstring style conventions in PEP 257
[3.728s] -- Added test 'xmllint' to check XML markup files
[3.730s] -- Added test 'clang_format' to check C / C++ code style
[3.733s] -- Configuring done
[3.773s] -- Generating done
[3.777s] -- Build files have been written to: /home/mechax/ylh/sentry_vision/build/rm_serial_driver
[3.799s] Invoked command in '/home/mechax/ylh/sentry_vision/build/rm_serial_driver' returned '0': AMENT_PREFIX_PATH=/home/mechax/ylh/sentry_vision/install/rm_decision_interfaces:/home/mechax/ylh/sentry_vision/install/auto_aim_interfaces:${AMENT_PREFIX_PATH} CMAKE_PREFIX_PATH=/home/mechax/ylh/sentry_vision/install/rm_decision_interfaces:/home/mechax/ylh/sentry_vision/install/auto_aim_interfaces:/opt/ros/humble LD_LIBRARY_PATH=/home/mechax/ylh/sentry_vision/install/rm_decision_interfaces/lib:/home/mechax/ylh/sentry_vision/install/auto_aim_interfaces/lib:${LD_LIBRARY_PATH} PYTHONPATH=/home/mechax/ylh/sentry_vision/install/rm_decision_interfaces/local/lib/python3.10/dist-packages:/home/mechax/ylh/sentry_vision/install/auto_aim_interfaces/local/lib/python3.10/dist-packages:${PYTHONPATH} /usr/bin/cmake /home/mechax/ylh/sentry_vision/src/rm_serial_driver -DCMAKE_EXPORT_COMPILE_COMMANDS=ON -DCMAKE_INSTALL_PREFIX=/home/mechax/ylh/sentry_vision/install/rm_serial_driver
[3.800s] Invoking command in '/home/mechax/ylh/sentry_vision/build/rm_serial_driver': AMENT_PREFIX_PATH=/home/mechax/ylh/sentry_vision/install/rm_decision_interfaces:/home/mechax/ylh/sentry_vision/install/auto_aim_interfaces:${AMENT_PREFIX_PATH} CMAKE_PREFIX_PATH=/home/mechax/ylh/sentry_vision/install/rm_decision_interfaces:/home/mechax/ylh/sentry_vision/install/auto_aim_interfaces:/opt/ros/humble LD_LIBRARY_PATH=/home/mechax/ylh/sentry_vision/install/rm_decision_interfaces/lib:/home/mechax/ylh/sentry_vision/install/auto_aim_interfaces/lib:${LD_LIBRARY_PATH} PYTHONPATH=/home/mechax/ylh/sentry_vision/install/rm_decision_interfaces/local/lib/python3.10/dist-packages:/home/mechax/ylh/sentry_vision/install/auto_aim_interfaces/local/lib/python3.10/dist-packages:${PYTHONPATH} /usr/bin/cmake --build /home/mechax/ylh/sentry_vision/build/rm_serial_driver -- -j16 -l16
[3.880s] [ 20%] [32mBuilding CXX object CMakeFiles/rm_serial_driver.dir/src/rm_serial_driver.cpp.o[0m
[26.313s] [ 40%] [32mBuilding CXX object CMakeFiles/rm_serial_driver.dir/src/crc.cpp.o[0m
[26.341s] [ 60%] [32m[1mLinking CXX shared library librm_serial_driver.so[0m
[28.077s] [ 60%] Built target rm_serial_driver
[28.105s] [ 80%] [32mBuilding CXX object CMakeFiles/rm_serial_driver_node.dir/rclcpp_components/node_main_rm_serial_driver_node.cpp.o[0m
[33.166s] [100%] [32m[1mLinking CXX executable rm_serial_driver_node[0m
[33.376s] [100%] Built target rm_serial_driver_node
[33.391s] Invoked command in '/home/mechax/ylh/sentry_vision/build/rm_serial_driver' returned '0': AMENT_PREFIX_PATH=/home/mechax/ylh/sentry_vision/install/rm_decision_interfaces:/home/mechax/ylh/sentry_vision/install/auto_aim_interfaces:${AMENT_PREFIX_PATH} CMAKE_PREFIX_PATH=/home/mechax/ylh/sentry_vision/install/rm_decision_interfaces:/home/mechax/ylh/sentry_vision/install/auto_aim_interfaces:/opt/ros/humble LD_LIBRARY_PATH=/home/mechax/ylh/sentry_vision/install/rm_decision_interfaces/lib:/home/mechax/ylh/sentry_vision/install/auto_aim_interfaces/lib:${LD_LIBRARY_PATH} PYTHONPATH=/home/mechax/ylh/sentry_vision/install/rm_decision_interfaces/local/lib/python3.10/dist-packages:/home/mechax/ylh/sentry_vision/install/auto_aim_interfaces/local/lib/python3.10/dist-packages:${PYTHONPATH} /usr/bin/cmake --build /home/mechax/ylh/sentry_vision/build/rm_serial_driver -- -j16 -l16
[33.435s] Invoking command in '/home/mechax/ylh/sentry_vision/build/rm_serial_driver': AMENT_PREFIX_PATH=/home/mechax/ylh/sentry_vision/install/rm_decision_interfaces:/home/mechax/ylh/sentry_vision/install/auto_aim_interfaces:${AMENT_PREFIX_PATH} CMAKE_PREFIX_PATH=/home/mechax/ylh/sentry_vision/install/rm_decision_interfaces:/home/mechax/ylh/sentry_vision/install/auto_aim_interfaces:/opt/ros/humble LD_LIBRARY_PATH=/home/mechax/ylh/sentry_vision/install/rm_decision_interfaces/lib:/home/mechax/ylh/sentry_vision/install/auto_aim_interfaces/lib:${LD_LIBRARY_PATH} PYTHONPATH=/home/mechax/ylh/sentry_vision/install/rm_decision_interfaces/local/lib/python3.10/dist-packages:/home/mechax/ylh/sentry_vision/install/auto_aim_interfaces/local/lib/python3.10/dist-packages:${PYTHONPATH} /usr/bin/cmake --install /home/mechax/ylh/sentry_vision/build/rm_serial_driver
[33.445s] -- Install configuration: ""
[33.445s] -- Installing: /home/mechax/ylh/sentry_vision/install/rm_serial_driver/lib/rm_serial_driver/rm_serial_driver_node
[33.446s] -- Set runtime path of "/home/mechax/ylh/sentry_vision/install/rm_serial_driver/lib/rm_serial_driver/rm_serial_driver_node" to ""
[33.446s] -- Installing: /home/mechax/ylh/sentry_vision/install/rm_serial_driver/include
[33.446s] -- Installing: /home/mechax/ylh/sentry_vision/install/rm_serial_driver/include/rm_serial_driver
[33.446s] -- Installing: /home/mechax/ylh/sentry_vision/install/rm_serial_driver/include/rm_serial_driver/rm_serial_driver.hpp
[33.446s] -- Installing: /home/mechax/ylh/sentry_vision/install/rm_serial_driver/include/rm_serial_driver/crc.hpp
[33.446s] -- Installing: /home/mechax/ylh/sentry_vision/install/rm_serial_driver/include/rm_serial_driver/packet.hpp
[33.447s] -- Installing: /home/mechax/ylh/sentry_vision/install/rm_serial_driver/share/rm_serial_driver/environment/library_path.sh
[33.447s] -- Installing: /home/mechax/ylh/sentry_vision/install/rm_serial_driver/share/rm_serial_driver/environment/library_path.dsv
[33.447s] -- Installing: /home/mechax/ylh/sentry_vision/install/rm_serial_driver/lib/librm_serial_driver.so
[33.464s] -- Set runtime path of "/home/mechax/ylh/sentry_vision/install/rm_serial_driver/lib/librm_serial_driver.so" to ""
[33.464s] -- Installing: /home/mechax/ylh/sentry_vision/install/rm_serial_driver/share/rm_serial_driver/config
[33.464s] -- Installing: /home/mechax/ylh/sentry_vision/install/rm_serial_driver/share/rm_serial_driver/config/serial_driver.yaml
[33.464s] -- Installing: /home/mechax/ylh/sentry_vision/install/rm_serial_driver/share/rm_serial_driver/launch
[33.465s] -- Installing: /home/mechax/ylh/sentry_vision/install/rm_serial_driver/share/rm_serial_driver/launch/serial_driver.launch.py
[33.465s] -- Installing: /home/mechax/ylh/sentry_vision/install/rm_serial_driver/share/ament_index/resource_index/package_run_dependencies/rm_serial_driver
[33.465s] -- Installing: /home/mechax/ylh/sentry_vision/install/rm_serial_driver/share/ament_index/resource_index/parent_prefix_path/rm_serial_driver
[33.465s] -- Installing: /home/mechax/ylh/sentry_vision/install/rm_serial_driver/share/rm_serial_driver/environment/ament_prefix_path.sh
[33.465s] -- Installing: /home/mechax/ylh/sentry_vision/install/rm_serial_driver/share/rm_serial_driver/environment/ament_prefix_path.dsv
[33.465s] -- Installing: /home/mechax/ylh/sentry_vision/install/rm_serial_driver/share/rm_serial_driver/environment/path.sh
[33.465s] -- Installing: /home/mechax/ylh/sentry_vision/install/rm_serial_driver/share/rm_serial_driver/environment/path.dsv
[33.466s] -- Installing: /home/mechax/ylh/sentry_vision/install/rm_serial_driver/share/rm_serial_driver/local_setup.bash
[33.466s] -- Installing: /home/mechax/ylh/sentry_vision/install/rm_serial_driver/share/rm_serial_driver/local_setup.sh
[33.466s] -- Installing: /home/mechax/ylh/sentry_vision/install/rm_serial_driver/share/rm_serial_driver/local_setup.zsh
[33.466s] -- Installing: /home/mechax/ylh/sentry_vision/install/rm_serial_driver/share/rm_serial_driver/local_setup.dsv
[33.466s] -- Installing: /home/mechax/ylh/sentry_vision/install/rm_serial_driver/share/rm_serial_driver/package.dsv
[33.466s] -- Installing: /home/mechax/ylh/sentry_vision/install/rm_serial_driver/share/ament_index/resource_index/packages/rm_serial_driver
[33.466s] -- Installing: /home/mechax/ylh/sentry_vision/install/rm_serial_driver/share/ament_index/resource_index/rclcpp_components/rm_serial_driver
[33.466s] -- Installing: /home/mechax/ylh/sentry_vision/install/rm_serial_driver/share/rm_serial_driver/cmake/ament_cmake_export_dependencies-extras.cmake
[33.467s] -- Installing: /home/mechax/ylh/sentry_vision/install/rm_serial_driver/share/rm_serial_driver/cmake/ament_cmake_export_include_directories-extras.cmake
[33.467s] -- Installing: /home/mechax/ylh/sentry_vision/install/rm_serial_driver/share/rm_serial_driver/cmake/ament_cmake_export_libraries-extras.cmake
[33.467s] -- Installing: /home/mechax/ylh/sentry_vision/install/rm_serial_driver/share/rm_serial_driver/cmake/rm_serial_driverConfig.cmake
[33.467s] -- Installing: /home/mechax/ylh/sentry_vision/install/rm_serial_driver/share/rm_serial_driver/cmake/rm_serial_driverConfig-version.cmake
[33.467s] -- Installing: /home/mechax/ylh/sentry_vision/install/rm_serial_driver/share/rm_serial_driver/package.xml
[33.470s] Invoked command in '/home/mechax/ylh/sentry_vision/build/rm_serial_driver' returned '0': AMENT_PREFIX_PATH=/home/mechax/ylh/sentry_vision/install/rm_decision_interfaces:/home/mechax/ylh/sentry_vision/install/auto_aim_interfaces:${AMENT_PREFIX_PATH} CMAKE_PREFIX_PATH=/home/mechax/ylh/sentry_vision/install/rm_decision_interfaces:/home/mechax/ylh/sentry_vision/install/auto_aim_interfaces:/opt/ros/humble LD_LIBRARY_PATH=/home/mechax/ylh/sentry_vision/install/rm_decision_interfaces/lib:/home/mechax/ylh/sentry_vision/install/auto_aim_interfaces/lib:${LD_LIBRARY_PATH} PYTHONPATH=/home/mechax/ylh/sentry_vision/install/rm_decision_interfaces/local/lib/python3.10/dist-packages:/home/mechax/ylh/sentry_vision/install/auto_aim_interfaces/local/lib/python3.10/dist-packages:${PYTHONPATH} /usr/bin/cmake --install /home/mechax/ylh/sentry_vision/build/rm_serial_driver
