[0.056s] Invoking command in '/home/mechax/ylh/sentry_vision/build/btcpp_ros2_samples': AMENT_PREFIX_PATH=/home/mechax/ylh/sentry_vision/install/behaviortree_ros2:/home/mechax/ylh/sentry_vision/install/btcpp_ros2_interfaces:/home/mechax/ylh/sentry_vision/install/behaviortree_cpp:${AMENT_PREFIX_PATH} CMAKE_PREFIX_PATH=/home/mechax/ylh/sentry_vision/install/behaviortree_ros2:/home/mechax/ylh/sentry_vision/install/btcpp_ros2_interfaces:/home/mechax/ylh/sentry_vision/install/behaviortree_cpp:/opt/ros/humble LD_LIBRARY_PATH=/home/mechax/ylh/sentry_vision/install/btcpp_ros2_interfaces/lib:/home/mechax/ylh/sentry_vision/install/behaviortree_cpp/lib:${LD_LIBRARY_PATH} PATH=/home/mechax/ylh/sentry_vision/install/behaviortree_cpp/bin:${PATH} PYTHONPATH=/home/mechax/ylh/sentry_vision/install/btcpp_ros2_interfaces/local/lib/python3.10/dist-packages:${PYTHONPATH} /usr/bin/cmake /home/mechax/ylh/sentry_vision/src/rm_decision/BehaviorTree.ROS2/btcpp_ros2_samples -DCMAKE_EXPORT_COMPILE_COMMANDS=ON -DCMAKE_INSTALL_PREFIX=/home/mechax/ylh/sentry_vision/install/btcpp_ros2_samples
[0.092s] -- The C compiler identification is GNU 11.4.0
[0.130s] -- The CXX compiler identification is GNU 11.4.0
[0.136s] -- Detecting C compiler ABI info
[0.183s] -- Detecting C compiler ABI info - done
[0.192s] -- Check for working C compiler: /usr/bin/cc - skipped
[0.192s] -- Detecting C compile features
[0.192s] -- Detecting C compile features - done
[0.195s] -- Detecting CXX compiler ABI info
[0.250s] -- Detecting CXX compiler ABI info - done
[0.260s] -- Check for working CXX compiler: /usr/bin/c++ - skipped
[0.260s] -- Detecting CXX compile features
[0.261s] -- Detecting CXX compile features - done
[0.264s] -- Found ament_cmake: 1.3.6 (/opt/ros/humble/share/ament_cmake/cmake)
[0.530s] -- Found Python3: /usr/bin/python3.10 (found version "3.10.12") found components: Interpreter 
[0.595s] -- Found behaviortree_ros2: 0.2.0 (/home/mechax/ylh/sentry_vision/install/behaviortree_ros2/share/behaviortree_ros2/cmake)
[0.627s] -- Found rosidl_generator_c: 3.1.5 (/opt/ros/humble/share/rosidl_generator_c/cmake)
[0.631s] -- Found rosidl_adapter: 3.1.5 (/opt/ros/humble/share/rosidl_adapter/cmake)
[0.637s] -- Found rosidl_generator_cpp: 3.1.5 (/opt/ros/humble/share/rosidl_generator_cpp/cmake)
[0.647s] -- Using all available rosidl_typesupport_c: rosidl_typesupport_fastrtps_c;rosidl_typesupport_introspection_c
[0.660s] -- Using all available rosidl_typesupport_cpp: rosidl_typesupport_fastrtps_cpp;rosidl_typesupport_introspection_cpp
[0.708s] -- Found rmw_implementation_cmake: 6.1.1 (/opt/ros/humble/share/rmw_implementation_cmake/cmake)
[0.710s] -- Found rmw_fastrtps_cpp: 6.2.5 (/opt/ros/humble/share/rmw_fastrtps_cpp/cmake)
[0.778s] -- Found OpenSSL: /usr/lib/x86_64-linux-gnu/libcrypto.so (found version "3.0.2")  
[0.798s] -- Found FastRTPS: /opt/ros/humble/include  
[0.832s] -- Using RMW implementation 'rmw_fastrtps_cpp' as default
[0.839s] -- Looking for pthread.h
[0.888s] -- Looking for pthread.h - found
[0.889s] -- Performing Test CMAKE_HAVE_LIBC_PTHREAD
[0.940s] -- Performing Test CMAKE_HAVE_LIBC_PTHREAD - Success
[0.941s] -- Found Threads: TRUE  
[1.126s] -- Found btcpp_ros2_interfaces: 0.2.0 (/home/mechax/ylh/sentry_vision/install/btcpp_ros2_interfaces/share/btcpp_ros2_interfaces/cmake)
[1.284s] -- Configuring done
[1.323s] -- Generating done
[1.324s] -- Build files have been written to: /home/mechax/ylh/sentry_vision/build/btcpp_ros2_samples
[1.332s] Invoked command in '/home/mechax/ylh/sentry_vision/build/btcpp_ros2_samples' returned '0': AMENT_PREFIX_PATH=/home/mechax/ylh/sentry_vision/install/behaviortree_ros2:/home/mechax/ylh/sentry_vision/install/btcpp_ros2_interfaces:/home/mechax/ylh/sentry_vision/install/behaviortree_cpp:${AMENT_PREFIX_PATH} CMAKE_PREFIX_PATH=/home/mechax/ylh/sentry_vision/install/behaviortree_ros2:/home/mechax/ylh/sentry_vision/install/btcpp_ros2_interfaces:/home/mechax/ylh/sentry_vision/install/behaviortree_cpp:/opt/ros/humble LD_LIBRARY_PATH=/home/mechax/ylh/sentry_vision/install/btcpp_ros2_interfaces/lib:/home/mechax/ylh/sentry_vision/install/behaviortree_cpp/lib:${LD_LIBRARY_PATH} PATH=/home/mechax/ylh/sentry_vision/install/behaviortree_cpp/bin:${PATH} PYTHONPATH=/home/mechax/ylh/sentry_vision/install/btcpp_ros2_interfaces/local/lib/python3.10/dist-packages:${PYTHONPATH} /usr/bin/cmake /home/mechax/ylh/sentry_vision/src/rm_decision/BehaviorTree.ROS2/btcpp_ros2_samples -DCMAKE_EXPORT_COMPILE_COMMANDS=ON -DCMAKE_INSTALL_PREFIX=/home/mechax/ylh/sentry_vision/install/btcpp_ros2_samples
[1.334s] Invoking command in '/home/mechax/ylh/sentry_vision/build/btcpp_ros2_samples': AMENT_PREFIX_PATH=/home/mechax/ylh/sentry_vision/install/behaviortree_ros2:/home/mechax/ylh/sentry_vision/install/btcpp_ros2_interfaces:/home/mechax/ylh/sentry_vision/install/behaviortree_cpp:${AMENT_PREFIX_PATH} CMAKE_PREFIX_PATH=/home/mechax/ylh/sentry_vision/install/behaviortree_ros2:/home/mechax/ylh/sentry_vision/install/btcpp_ros2_interfaces:/home/mechax/ylh/sentry_vision/install/behaviortree_cpp:/opt/ros/humble LD_LIBRARY_PATH=/home/mechax/ylh/sentry_vision/install/btcpp_ros2_interfaces/lib:/home/mechax/ylh/sentry_vision/install/behaviortree_cpp/lib:${LD_LIBRARY_PATH} PATH=/home/mechax/ylh/sentry_vision/install/behaviortree_cpp/bin:${PATH} PYTHONPATH=/home/mechax/ylh/sentry_vision/install/btcpp_ros2_interfaces/local/lib/python3.10/dist-packages:${PYTHONPATH} /usr/bin/cmake --build /home/mechax/ylh/sentry_vision/build/btcpp_ros2_samples -- -j16 -l16
[1.373s] [ 18%] [32mBuilding CXX object CMakeFiles/sleep_plugin.dir/src/sleep_action.cpp.o[0m
[1.374s] [ 18%] [32mBuilding CXX object CMakeFiles/sleep_client.dir/src/sleep_action.cpp.o[0m
[1.378s] [ 27%] [32mBuilding CXX object CMakeFiles/sleep_client.dir/src/sleep_client.cpp.o[0m
[1.384s] [ 45%] [32mBuilding CXX object CMakeFiles/subscriber_test.dir/src/subscriber_test.cpp.o[0m
[1.384s] [ 45%] [32mBuilding CXX object CMakeFiles/sleep_server.dir/src/sleep_server.cpp.o[0m
[7.690s] [ 54%] [32m[1mLinking CXX shared library libsleep_plugin.so[0m
[7.898s] [ 54%] Built target sleep_plugin
[7.915s] [ 63%] [32mBuilding CXX object CMakeFiles/sleep_client_dyn.dir/src/sleep_client.cpp.o[0m
[10.156s] [ 72%] [32m[1mLinking CXX executable sleep_server[0m
[10.462s] [ 72%] Built target sleep_server
[10.940s] [ 81%] [32m[1mLinking CXX executable sleep_client[0m
[11.193s] [ 81%] Built target sleep_client
[12.053s] [ 90%] [32m[1mLinking CXX executable sleep_client_dyn[0m
[12.203s] [ 90%] Built target sleep_client_dyn
[12.781s] [100%] [32m[1mLinking CXX executable subscriber_test[0m
[13.224s] [100%] Built target subscriber_test
[13.233s] Invoked command in '/home/mechax/ylh/sentry_vision/build/btcpp_ros2_samples' returned '0': AMENT_PREFIX_PATH=/home/mechax/ylh/sentry_vision/install/behaviortree_ros2:/home/mechax/ylh/sentry_vision/install/btcpp_ros2_interfaces:/home/mechax/ylh/sentry_vision/install/behaviortree_cpp:${AMENT_PREFIX_PATH} CMAKE_PREFIX_PATH=/home/mechax/ylh/sentry_vision/install/behaviortree_ros2:/home/mechax/ylh/sentry_vision/install/btcpp_ros2_interfaces:/home/mechax/ylh/sentry_vision/install/behaviortree_cpp:/opt/ros/humble LD_LIBRARY_PATH=/home/mechax/ylh/sentry_vision/install/btcpp_ros2_interfaces/lib:/home/mechax/ylh/sentry_vision/install/behaviortree_cpp/lib:${LD_LIBRARY_PATH} PATH=/home/mechax/ylh/sentry_vision/install/behaviortree_cpp/bin:${PATH} PYTHONPATH=/home/mechax/ylh/sentry_vision/install/btcpp_ros2_interfaces/local/lib/python3.10/dist-packages:${PYTHONPATH} /usr/bin/cmake --build /home/mechax/ylh/sentry_vision/build/btcpp_ros2_samples -- -j16 -l16
[13.256s] Invoking command in '/home/mechax/ylh/sentry_vision/build/btcpp_ros2_samples': AMENT_PREFIX_PATH=/home/mechax/ylh/sentry_vision/install/behaviortree_ros2:/home/mechax/ylh/sentry_vision/install/btcpp_ros2_interfaces:/home/mechax/ylh/sentry_vision/install/behaviortree_cpp:${AMENT_PREFIX_PATH} CMAKE_PREFIX_PATH=/home/mechax/ylh/sentry_vision/install/behaviortree_ros2:/home/mechax/ylh/sentry_vision/install/btcpp_ros2_interfaces:/home/mechax/ylh/sentry_vision/install/behaviortree_cpp:/opt/ros/humble LD_LIBRARY_PATH=/home/mechax/ylh/sentry_vision/install/btcpp_ros2_interfaces/lib:/home/mechax/ylh/sentry_vision/install/behaviortree_cpp/lib:${LD_LIBRARY_PATH} PATH=/home/mechax/ylh/sentry_vision/install/behaviortree_cpp/bin:${PATH} PYTHONPATH=/home/mechax/ylh/sentry_vision/install/btcpp_ros2_interfaces/local/lib/python3.10/dist-packages:${PYTHONPATH} /usr/bin/cmake --install /home/mechax/ylh/sentry_vision/build/btcpp_ros2_samples
[13.261s] -- Install configuration: ""
[13.261s] -- Installing: /home/mechax/ylh/sentry_vision/install/btcpp_ros2_samples/lib/btcpp_ros2_samples/sleep_client
[13.262s] -- Set runtime path of "/home/mechax/ylh/sentry_vision/install/btcpp_ros2_samples/lib/btcpp_ros2_samples/sleep_client" to ""
[13.263s] -- Installing: /home/mechax/ylh/sentry_vision/install/btcpp_ros2_samples/lib/btcpp_ros2_samples/sleep_client_dyn
[13.263s] -- Set runtime path of "/home/mechax/ylh/sentry_vision/install/btcpp_ros2_samples/lib/btcpp_ros2_samples/sleep_client_dyn" to ""
[13.263s] -- Installing: /home/mechax/ylh/sentry_vision/install/btcpp_ros2_samples/lib/btcpp_ros2_samples/sleep_server
[13.264s] -- Set runtime path of "/home/mechax/ylh/sentry_vision/install/btcpp_ros2_samples/lib/btcpp_ros2_samples/sleep_server" to ""
[13.264s] -- Installing: /home/mechax/ylh/sentry_vision/install/btcpp_ros2_samples/lib/btcpp_ros2_samples/libsleep_plugin.so
[13.265s] -- Set runtime path of "/home/mechax/ylh/sentry_vision/install/btcpp_ros2_samples/lib/btcpp_ros2_samples/libsleep_plugin.so" to ""
[13.265s] -- Installing: /home/mechax/ylh/sentry_vision/install/btcpp_ros2_samples/lib/btcpp_ros2_samples/subscriber_test
[13.267s] -- Set runtime path of "/home/mechax/ylh/sentry_vision/install/btcpp_ros2_samples/lib/btcpp_ros2_samples/subscriber_test" to ""
[13.268s] -- Installing: /home/mechax/ylh/sentry_vision/install/btcpp_ros2_samples/share/ament_index/resource_index/package_run_dependencies/btcpp_ros2_samples
[13.268s] -- Installing: /home/mechax/ylh/sentry_vision/install/btcpp_ros2_samples/share/ament_index/resource_index/parent_prefix_path/btcpp_ros2_samples
[13.268s] -- Installing: /home/mechax/ylh/sentry_vision/install/btcpp_ros2_samples/share/btcpp_ros2_samples/environment/ament_prefix_path.sh
[13.268s] -- Installing: /home/mechax/ylh/sentry_vision/install/btcpp_ros2_samples/share/btcpp_ros2_samples/environment/ament_prefix_path.dsv
[13.268s] -- Installing: /home/mechax/ylh/sentry_vision/install/btcpp_ros2_samples/share/btcpp_ros2_samples/environment/path.sh
[13.268s] -- Installing: /home/mechax/ylh/sentry_vision/install/btcpp_ros2_samples/share/btcpp_ros2_samples/environment/path.dsv
[13.268s] -- Installing: /home/mechax/ylh/sentry_vision/install/btcpp_ros2_samples/share/btcpp_ros2_samples/local_setup.bash
[13.269s] -- Installing: /home/mechax/ylh/sentry_vision/install/btcpp_ros2_samples/share/btcpp_ros2_samples/local_setup.sh
[13.269s] -- Installing: /home/mechax/ylh/sentry_vision/install/btcpp_ros2_samples/share/btcpp_ros2_samples/local_setup.zsh
[13.269s] -- Installing: /home/mechax/ylh/sentry_vision/install/btcpp_ros2_samples/share/btcpp_ros2_samples/local_setup.dsv
[13.269s] -- Installing: /home/mechax/ylh/sentry_vision/install/btcpp_ros2_samples/share/btcpp_ros2_samples/package.dsv
[13.269s] -- Installing: /home/mechax/ylh/sentry_vision/install/btcpp_ros2_samples/share/ament_index/resource_index/packages/btcpp_ros2_samples
[13.269s] -- Installing: /home/mechax/ylh/sentry_vision/install/btcpp_ros2_samples/share/btcpp_ros2_samples/cmake/ament_cmake_export_dependencies-extras.cmake
[13.269s] -- Installing: /home/mechax/ylh/sentry_vision/install/btcpp_ros2_samples/share/btcpp_ros2_samples/cmake/btcpp_ros2_samplesConfig.cmake
[13.269s] -- Installing: /home/mechax/ylh/sentry_vision/install/btcpp_ros2_samples/share/btcpp_ros2_samples/cmake/btcpp_ros2_samplesConfig-version.cmake
[13.269s] -- Installing: /home/mechax/ylh/sentry_vision/install/btcpp_ros2_samples/share/btcpp_ros2_samples/package.xml
[13.270s] Invoked command in '/home/mechax/ylh/sentry_vision/build/btcpp_ros2_samples' returned '0': AMENT_PREFIX_PATH=/home/mechax/ylh/sentry_vision/install/behaviortree_ros2:/home/mechax/ylh/sentry_vision/install/btcpp_ros2_interfaces:/home/mechax/ylh/sentry_vision/install/behaviortree_cpp:${AMENT_PREFIX_PATH} CMAKE_PREFIX_PATH=/home/mechax/ylh/sentry_vision/install/behaviortree_ros2:/home/mechax/ylh/sentry_vision/install/btcpp_ros2_interfaces:/home/mechax/ylh/sentry_vision/install/behaviortree_cpp:/opt/ros/humble LD_LIBRARY_PATH=/home/mechax/ylh/sentry_vision/install/btcpp_ros2_interfaces/lib:/home/mechax/ylh/sentry_vision/install/behaviortree_cpp/lib:${LD_LIBRARY_PATH} PATH=/home/mechax/ylh/sentry_vision/install/behaviortree_cpp/bin:${PATH} PYTHONPATH=/home/mechax/ylh/sentry_vision/install/btcpp_ros2_interfaces/local/lib/python3.10/dist-packages:${PYTHONPATH} /usr/bin/cmake --install /home/mechax/ylh/sentry_vision/build/btcpp_ros2_samples
