[0.519s] Invoking command in '/home/mechax/ylh/sentry_vision/build/livox_ros_driver2': CMAKE_PREFIX_PATH=/opt/ros/humble /usr/bin/cmake --build /home/mechax/ylh/sentry_vision/build/livox_ros_driver2 -- -j16 -l16
[0.630s] [  1%] Built target livox_interfaces2__cpp
[0.661s] [  8%] Built target livox_interfaces2__rosidl_generator_c
[0.705s] [ 19%] Built target livox_interfaces2__rosidl_typesupport_fastrtps_cpp
[0.706s] [ 19%] Built target livox_ros_driver2_node
[0.709s] [ 26%] Built target livox_interfaces2__rosidl_typesupport_cpp
[0.724s] [ 33%] Built target livox_interfaces2__rosidl_typesupport_introspection_cpp
[0.742s] [ 33%] Built target ament_cmake_python_copy_livox_ros_driver2
[0.770s] [ 40%] Built target livox_interfaces2__rosidl_typesupport_introspection_c
[0.776s] [ 47%] Built target livox_interfaces2__rosidl_typesupport_fastrtps_c
[0.787s] [ 54%] Built target livox_interfaces2__rosidl_typesupport_c
[0.817s] [ 54%] Built target livox_interfaces2
[0.845s] [ 82%] Built target livox_ros_driver2
[0.856s] [ 84%] Built target livox_interfaces2__py
[0.929s] [ 89%] Built target livox_interfaces2__rosidl_generator_py
[0.967s] [ 92%] Built target livox_ros_driver2__rosidl_typesupport_c__pyext
[0.985s] [ 96%] Built target livox_ros_driver2__rosidl_typesupport_fastrtps_c__pyext
[0.985s] [100%] Built target livox_ros_driver2__rosidl_typesupport_introspection_c__pyext
[1.039s] running egg_info
[1.052s] writing livox_ros_driver2.egg-info/PKG-INFO
[1.053s] writing dependency_links to livox_ros_driver2.egg-info/dependency_links.txt
[1.053s] writing top-level names to livox_ros_driver2.egg-info/top_level.txt
[1.065s] reading manifest file 'livox_ros_driver2.egg-info/SOURCES.txt'
[1.065s] writing manifest file 'livox_ros_driver2.egg-info/SOURCES.txt'
[1.096s] [100%] Built target ament_cmake_python_build_livox_ros_driver2_egg
[1.567s] Invoked command in '/home/mechax/ylh/sentry_vision/build/livox_ros_driver2' returned '0': CMAKE_PREFIX_PATH=/opt/ros/humble /usr/bin/cmake --build /home/mechax/ylh/sentry_vision/build/livox_ros_driver2 -- -j16 -l16
[2.176s] Invoking command in '/home/mechax/ylh/sentry_vision/build/livox_ros_driver2': CMAKE_PREFIX_PATH=/opt/ros/humble /usr/bin/cmake --install /home/mechax/ylh/sentry_vision/build/livox_ros_driver2
[2.249s] -- Install configuration: ""
[2.253s] -- Up-to-date: /home/mechax/ylh/sentry_vision/install/livox_ros_driver2/share/ament_index/resource_index/rosidl_interfaces/livox_ros_driver2
[2.254s] -- Up-to-date: /home/mechax/ylh/sentry_vision/install/livox_ros_driver2/include/livox_ros_driver2/livox_ros_driver2
[2.254s] -- Up-to-date: /home/mechax/ylh/sentry_vision/install/livox_ros_driver2/include/livox_ros_driver2/livox_ros_driver2/msg
[2.254s] -- Up-to-date: /home/mechax/ylh/sentry_vision/install/livox_ros_driver2/include/livox_ros_driver2/livox_ros_driver2/msg/custom_point.h
[2.255s] -- Up-to-date: /home/mechax/ylh/sentry_vision/install/livox_ros_driver2/include/livox_ros_driver2/livox_ros_driver2/msg/detail
[2.257s] -- Up-to-date: /home/mechax/ylh/sentry_vision/install/livox_ros_driver2/include/livox_ros_driver2/livox_ros_driver2/msg/detail/custom_point__type_support.h
[2.258s] -- Up-to-date: /home/mechax/ylh/sentry_vision/install/livox_ros_driver2/include/livox_ros_driver2/livox_ros_driver2/msg/detail/custom_point__struct.h
[2.259s] -- Up-to-date: /home/mechax/ylh/sentry_vision/install/livox_ros_driver2/include/livox_ros_driver2/livox_ros_driver2/msg/detail/custom_msg__functions.c
[2.259s] -- Up-to-date: /home/mechax/ylh/sentry_vision/install/livox_ros_driver2/include/livox_ros_driver2/livox_ros_driver2/msg/detail/custom_msg__functions.h
[2.259s] -- Up-to-date: /home/mechax/ylh/sentry_vision/install/livox_ros_driver2/include/livox_ros_driver2/livox_ros_driver2/msg/detail/custom_msg__type_support.h
[2.259s] -- Up-to-date: /home/mechax/ylh/sentry_vision/install/livox_ros_driver2/include/livox_ros_driver2/livox_ros_driver2/msg/detail/custom_msg__struct.h
[2.259s] -- Up-to-date: /home/mechax/ylh/sentry_vision/install/livox_ros_driver2/include/livox_ros_driver2/livox_ros_driver2/msg/detail/custom_point__functions.c
[2.260s] -- Up-to-date: /home/mechax/ylh/sentry_vision/install/livox_ros_driver2/include/livox_ros_driver2/livox_ros_driver2/msg/detail/custom_point__functions.h
[2.260s] -- Up-to-date: /home/mechax/ylh/sentry_vision/install/livox_ros_driver2/include/livox_ros_driver2/livox_ros_driver2/msg/custom_msg.h
[2.260s] -- Up-to-date: /home/mechax/ylh/sentry_vision/install/livox_ros_driver2/include/livox_ros_driver2/livox_ros_driver2/msg/rosidl_generator_c__visibility_control.h
[2.260s] -- Up-to-date: /home/mechax/ylh/sentry_vision/install/livox_ros_driver2/share/livox_ros_driver2/environment/library_path.sh
[2.261s] -- Up-to-date: /home/mechax/ylh/sentry_vision/install/livox_ros_driver2/share/livox_ros_driver2/environment/library_path.dsv
[2.261s] -- Up-to-date: /home/mechax/ylh/sentry_vision/install/livox_ros_driver2/lib/liblivox_ros_driver2__rosidl_generator_c.so
[2.261s] -- Up-to-date: /home/mechax/ylh/sentry_vision/install/livox_ros_driver2/include/livox_ros_driver2/livox_ros_driver2
[2.261s] -- Up-to-date: /home/mechax/ylh/sentry_vision/install/livox_ros_driver2/include/livox_ros_driver2/livox_ros_driver2/msg
[2.261s] -- Up-to-date: /home/mechax/ylh/sentry_vision/install/livox_ros_driver2/include/livox_ros_driver2/livox_ros_driver2/msg/detail
[2.261s] -- Up-to-date: /home/mechax/ylh/sentry_vision/install/livox_ros_driver2/include/livox_ros_driver2/livox_ros_driver2/msg/detail/custom_point__rosidl_typesupport_fastrtps_c.h
[2.262s] -- Up-to-date: /home/mechax/ylh/sentry_vision/install/livox_ros_driver2/include/livox_ros_driver2/livox_ros_driver2/msg/detail/custom_msg__rosidl_typesupport_fastrtps_c.h
[2.262s] -- Up-to-date: /home/mechax/ylh/sentry_vision/install/livox_ros_driver2/include/livox_ros_driver2/livox_ros_driver2/msg/rosidl_typesupport_fastrtps_c__visibility_control.h
[2.262s] -- Up-to-date: /home/mechax/ylh/sentry_vision/install/livox_ros_driver2/lib/liblivox_ros_driver2__rosidl_typesupport_fastrtps_c.so
[2.262s] -- Up-to-date: /home/mechax/ylh/sentry_vision/install/livox_ros_driver2/include/livox_ros_driver2/livox_ros_driver2
[2.262s] -- Up-to-date: /home/mechax/ylh/sentry_vision/install/livox_ros_driver2/include/livox_ros_driver2/livox_ros_driver2/msg
[2.262s] -- Up-to-date: /home/mechax/ylh/sentry_vision/install/livox_ros_driver2/include/livox_ros_driver2/livox_ros_driver2/msg/rosidl_typesupport_introspection_c__visibility_control.h
[2.262s] -- Up-to-date: /home/mechax/ylh/sentry_vision/install/livox_ros_driver2/include/livox_ros_driver2/livox_ros_driver2/msg/detail
[2.263s] -- Up-to-date: /home/mechax/ylh/sentry_vision/install/livox_ros_driver2/include/livox_ros_driver2/livox_ros_driver2/msg/detail/custom_msg__type_support.c
[2.263s] -- Up-to-date: /home/mechax/ylh/sentry_vision/install/livox_ros_driver2/include/livox_ros_driver2/livox_ros_driver2/msg/detail/custom_msg__rosidl_typesupport_introspection_c.h
[2.263s] -- Up-to-date: /home/mechax/ylh/sentry_vision/install/livox_ros_driver2/include/livox_ros_driver2/livox_ros_driver2/msg/detail/custom_point__type_support.c
[2.263s] -- Up-to-date: /home/mechax/ylh/sentry_vision/install/livox_ros_driver2/include/livox_ros_driver2/livox_ros_driver2/msg/detail/custom_point__rosidl_typesupport_introspection_c.h
[2.264s] -- Up-to-date: /home/mechax/ylh/sentry_vision/install/livox_ros_driver2/lib/liblivox_ros_driver2__rosidl_typesupport_introspection_c.so
[2.264s] -- Up-to-date: /home/mechax/ylh/sentry_vision/install/livox_ros_driver2/lib/liblivox_ros_driver2__rosidl_typesupport_c.so
[2.264s] -- Up-to-date: /home/mechax/ylh/sentry_vision/install/livox_ros_driver2/include/livox_ros_driver2/livox_ros_driver2
[2.264s] -- Up-to-date: /home/mechax/ylh/sentry_vision/install/livox_ros_driver2/include/livox_ros_driver2/livox_ros_driver2/msg
[2.264s] -- Up-to-date: /home/mechax/ylh/sentry_vision/install/livox_ros_driver2/include/livox_ros_driver2/livox_ros_driver2/msg/custom_msg.hpp
[2.264s] -- Up-to-date: /home/mechax/ylh/sentry_vision/install/livox_ros_driver2/include/livox_ros_driver2/livox_ros_driver2/msg/detail
[2.265s] -- Up-to-date: /home/mechax/ylh/sentry_vision/install/livox_ros_driver2/include/livox_ros_driver2/livox_ros_driver2/msg/detail/custom_msg__traits.hpp
[2.265s] -- Up-to-date: /home/mechax/ylh/sentry_vision/install/livox_ros_driver2/include/livox_ros_driver2/livox_ros_driver2/msg/detail/custom_msg__struct.hpp
[2.265s] -- Up-to-date: /home/mechax/ylh/sentry_vision/install/livox_ros_driver2/include/livox_ros_driver2/livox_ros_driver2/msg/detail/custom_point__builder.hpp
[2.265s] -- Up-to-date: /home/mechax/ylh/sentry_vision/install/livox_ros_driver2/include/livox_ros_driver2/livox_ros_driver2/msg/detail/custom_msg__builder.hpp
[2.265s] -- Up-to-date: /home/mechax/ylh/sentry_vision/install/livox_ros_driver2/include/livox_ros_driver2/livox_ros_driver2/msg/detail/custom_point__struct.hpp
[2.265s] -- Up-to-date: /home/mechax/ylh/sentry_vision/install/livox_ros_driver2/include/livox_ros_driver2/livox_ros_driver2/msg/detail/custom_point__traits.hpp
[2.265s] -- Up-to-date: /home/mechax/ylh/sentry_vision/install/livox_ros_driver2/include/livox_ros_driver2/livox_ros_driver2/msg/custom_point.hpp
[2.266s] -- Up-to-date: /home/mechax/ylh/sentry_vision/install/livox_ros_driver2/include/livox_ros_driver2/livox_ros_driver2
[2.266s] -- Up-to-date: /home/mechax/ylh/sentry_vision/install/livox_ros_driver2/include/livox_ros_driver2/livox_ros_driver2/msg
[2.266s] -- Up-to-date: /home/mechax/ylh/sentry_vision/install/livox_ros_driver2/include/livox_ros_driver2/livox_ros_driver2/msg/detail
[2.266s] -- Up-to-date: /home/mechax/ylh/sentry_vision/install/livox_ros_driver2/include/livox_ros_driver2/livox_ros_driver2/msg/detail/custom_point__rosidl_typesupport_fastrtps_cpp.hpp
[2.266s] -- Up-to-date: /home/mechax/ylh/sentry_vision/install/livox_ros_driver2/include/livox_ros_driver2/livox_ros_driver2/msg/detail/dds_fastrtps
[2.267s] -- Up-to-date: /home/mechax/ylh/sentry_vision/install/livox_ros_driver2/include/livox_ros_driver2/livox_ros_driver2/msg/detail/custom_msg__rosidl_typesupport_fastrtps_cpp.hpp
[2.267s] -- Up-to-date: /home/mechax/ylh/sentry_vision/install/livox_ros_driver2/include/livox_ros_driver2/livox_ros_driver2/msg/rosidl_typesupport_fastrtps_cpp__visibility_control.h
[2.267s] -- Up-to-date: /home/mechax/ylh/sentry_vision/install/livox_ros_driver2/lib/liblivox_ros_driver2__rosidl_typesupport_fastrtps_cpp.so
[2.267s] -- Up-to-date: /home/mechax/ylh/sentry_vision/install/livox_ros_driver2/include/livox_ros_driver2/livox_ros_driver2
[2.267s] -- Up-to-date: /home/mechax/ylh/sentry_vision/install/livox_ros_driver2/include/livox_ros_driver2/livox_ros_driver2/msg
[2.267s] -- Up-to-date: /home/mechax/ylh/sentry_vision/install/livox_ros_driver2/include/livox_ros_driver2/livox_ros_driver2/msg/detail
[2.267s] -- Up-to-date: /home/mechax/ylh/sentry_vision/install/livox_ros_driver2/include/livox_ros_driver2/livox_ros_driver2/msg/detail/custom_msg__rosidl_typesupport_introspection_cpp.hpp
[2.267s] -- Up-to-date: /home/mechax/ylh/sentry_vision/install/livox_ros_driver2/include/livox_ros_driver2/livox_ros_driver2/msg/detail/custom_point__type_support.cpp
[2.267s] -- Up-to-date: /home/mechax/ylh/sentry_vision/install/livox_ros_driver2/include/livox_ros_driver2/livox_ros_driver2/msg/detail/custom_point__rosidl_typesupport_introspection_cpp.hpp
[2.267s] -- Up-to-date: /home/mechax/ylh/sentry_vision/install/livox_ros_driver2/include/livox_ros_driver2/livox_ros_driver2/msg/detail/custom_msg__type_support.cpp
[2.268s] -- Up-to-date: /home/mechax/ylh/sentry_vision/install/livox_ros_driver2/lib/liblivox_ros_driver2__rosidl_typesupport_introspection_cpp.so
[2.268s] -- Up-to-date: /home/mechax/ylh/sentry_vision/install/livox_ros_driver2/lib/liblivox_ros_driver2__rosidl_typesupport_cpp.so
[2.268s] -- Up-to-date: /home/mechax/ylh/sentry_vision/install/livox_ros_driver2/share/livox_ros_driver2/environment/pythonpath.sh
[2.268s] -- Up-to-date: /home/mechax/ylh/sentry_vision/install/livox_ros_driver2/share/livox_ros_driver2/environment/pythonpath.dsv
[2.268s] -- Up-to-date: /home/mechax/ylh/sentry_vision/install/livox_ros_driver2/local/lib/python3.10/dist-packages/livox_ros_driver2-1.0.0-py3.10.egg-info
[2.268s] -- Installing: /home/mechax/ylh/sentry_vision/install/livox_ros_driver2/local/lib/python3.10/dist-packages/livox_ros_driver2-1.0.0-py3.10.egg-info/PKG-INFO
[2.268s] -- Installing: /home/mechax/ylh/sentry_vision/install/livox_ros_driver2/local/lib/python3.10/dist-packages/livox_ros_driver2-1.0.0-py3.10.egg-info/SOURCES.txt
[2.268s] -- Installing: /home/mechax/ylh/sentry_vision/install/livox_ros_driver2/local/lib/python3.10/dist-packages/livox_ros_driver2-1.0.0-py3.10.egg-info/top_level.txt
[2.268s] -- Installing: /home/mechax/ylh/sentry_vision/install/livox_ros_driver2/local/lib/python3.10/dist-packages/livox_ros_driver2-1.0.0-py3.10.egg-info/dependency_links.txt
[2.268s] -- Up-to-date: /home/mechax/ylh/sentry_vision/install/livox_ros_driver2/local/lib/python3.10/dist-packages/livox_ros_driver2
[2.269s] -- Up-to-date: /home/mechax/ylh/sentry_vision/install/livox_ros_driver2/local/lib/python3.10/dist-packages/livox_ros_driver2/_livox_ros_driver2_s.ep.rosidl_typesupport_c.c
[2.269s] -- Up-to-date: /home/mechax/ylh/sentry_vision/install/livox_ros_driver2/local/lib/python3.10/dist-packages/livox_ros_driver2/livox_ros_driver2_s__rosidl_typesupport_introspection_c.cpython-310-x86_64-linux-gnu.so
[2.269s] -- Up-to-date: /home/mechax/ylh/sentry_vision/install/livox_ros_driver2/local/lib/python3.10/dist-packages/livox_ros_driver2/_livox_ros_driver2_s.ep.rosidl_typesupport_fastrtps_c.c
[2.269s] -- Up-to-date: /home/mechax/ylh/sentry_vision/install/livox_ros_driver2/local/lib/python3.10/dist-packages/livox_ros_driver2/liblivox_interfaces2__rosidl_generator_py.so
[2.269s] -- Up-to-date: /home/mechax/ylh/sentry_vision/install/livox_ros_driver2/local/lib/python3.10/dist-packages/livox_ros_driver2/_livox_ros_driver2_s.ep.rosidl_typesupport_introspection_c.c
[2.269s] -- Up-to-date: /home/mechax/ylh/sentry_vision/install/livox_ros_driver2/local/lib/python3.10/dist-packages/livox_ros_driver2/livox_ros_driver2_s__rosidl_typesupport_fastrtps_c.cpython-310-x86_64-linux-gnu.so
[2.269s] -- Up-to-date: /home/mechax/ylh/sentry_vision/install/livox_ros_driver2/local/lib/python3.10/dist-packages/livox_ros_driver2/__init__.py
[2.269s] -- Up-to-date: /home/mechax/ylh/sentry_vision/install/livox_ros_driver2/local/lib/python3.10/dist-packages/livox_ros_driver2/msg
[2.269s] -- Up-to-date: /home/mechax/ylh/sentry_vision/install/livox_ros_driver2/local/lib/python3.10/dist-packages/livox_ros_driver2/msg/_custom_point.py
[2.269s] -- Up-to-date: /home/mechax/ylh/sentry_vision/install/livox_ros_driver2/local/lib/python3.10/dist-packages/livox_ros_driver2/msg/_custom_msg.py
[2.269s] -- Up-to-date: /home/mechax/ylh/sentry_vision/install/livox_ros_driver2/local/lib/python3.10/dist-packages/livox_ros_driver2/msg/__init__.py
[2.269s] -- Up-to-date: /home/mechax/ylh/sentry_vision/install/livox_ros_driver2/local/lib/python3.10/dist-packages/livox_ros_driver2/msg/_custom_msg_s.c
[2.269s] -- Up-to-date: /home/mechax/ylh/sentry_vision/install/livox_ros_driver2/local/lib/python3.10/dist-packages/livox_ros_driver2/msg/_custom_point_s.c
[2.270s] -- Up-to-date: /home/mechax/ylh/sentry_vision/install/livox_ros_driver2/local/lib/python3.10/dist-packages/livox_ros_driver2/livox_ros_driver2_s__rosidl_typesupport_c.cpython-310-x86_64-linux-gnu.so
[2.270s] Listing '/home/mechax/ylh/sentry_vision/install/livox_ros_driver2/local/lib/python3.10/dist-packages/livox_ros_driver2'...
[2.270s] Listing '/home/mechax/ylh/sentry_vision/install/livox_ros_driver2/local/lib/python3.10/dist-packages/livox_ros_driver2/msg'...
[2.270s] -- Up-to-date: /home/mechax/ylh/sentry_vision/install/livox_ros_driver2/local/lib/python3.10/dist-packages/livox_ros_driver2/livox_ros_driver2_s__rosidl_typesupport_fastrtps_c.cpython-310-x86_64-linux-gnu.so
[2.270s] -- Up-to-date: /home/mechax/ylh/sentry_vision/install/livox_ros_driver2/local/lib/python3.10/dist-packages/livox_ros_driver2/livox_ros_driver2_s__rosidl_typesupport_introspection_c.cpython-310-x86_64-linux-gnu.so
[2.270s] -- Up-to-date: /home/mechax/ylh/sentry_vision/install/livox_ros_driver2/local/lib/python3.10/dist-packages/livox_ros_driver2/livox_ros_driver2_s__rosidl_typesupport_c.cpython-310-x86_64-linux-gnu.so
[2.270s] -- Up-to-date: /home/mechax/ylh/sentry_vision/install/livox_ros_driver2/lib/liblivox_interfaces2__rosidl_generator_py.so
[2.270s] -- Up-to-date: /home/mechax/ylh/sentry_vision/install/livox_ros_driver2/share/livox_ros_driver2/msg/CustomPoint.idl
[2.270s] -- Up-to-date: /home/mechax/ylh/sentry_vision/install/livox_ros_driver2/share/livox_ros_driver2/msg/CustomMsg.idl
[2.270s] -- Up-to-date: /home/mechax/ylh/sentry_vision/install/livox_ros_driver2/share/livox_ros_driver2/msg/CustomPoint.msg
[2.271s] -- Up-to-date: /home/mechax/ylh/sentry_vision/install/livox_ros_driver2/share/livox_ros_driver2/msg/CustomMsg.msg
[2.271s] -- Up-to-date: /home/mechax/ylh/sentry_vision/install/livox_ros_driver2/lib/livox_ros_driver2/livox_ros_driver2_node
[2.271s] -- Up-to-date: /home/mechax/ylh/sentry_vision/install/livox_ros_driver2/lib/liblivox_ros_driver2.so
[2.271s] -- Up-to-date: /home/mechax/ylh/sentry_vision/install/livox_ros_driver2/share/livox_ros_driver2/config
[2.271s] -- Up-to-date: /home/mechax/ylh/sentry_vision/install/livox_ros_driver2/share/livox_ros_driver2/config/MID360_config.json
[2.271s] -- Up-to-date: /home/mechax/ylh/sentry_vision/install/livox_ros_driver2/share/livox_ros_driver2/config/display_point_cloud.rviz
[2.271s] -- Up-to-date: /home/mechax/ylh/sentry_vision/install/livox_ros_driver2/share/livox_ros_driver2/config/mixed_HAP_MID360_config.json
[2.271s] -- Up-to-date: /home/mechax/ylh/sentry_vision/install/livox_ros_driver2/share/livox_ros_driver2/config/HAP_config.json
[2.272s] -- Up-to-date: /home/mechax/ylh/sentry_vision/install/livox_ros_driver2/share/livox_ros_driver2/launch
[2.272s] -- Up-to-date: /home/mechax/ylh/sentry_vision/install/livox_ros_driver2/share/livox_ros_driver2/launch/rviz_mixed.py
[2.272s] -- Up-to-date: /home/mechax/ylh/sentry_vision/install/livox_ros_driver2/share/livox_ros_driver2/launch/rviz_HAP_launch.py
[2.272s] -- Up-to-date: /home/mechax/ylh/sentry_vision/install/livox_ros_driver2/share/livox_ros_driver2/launch/msg_MID360_launch.py
[2.272s] -- Up-to-date: /home/mechax/ylh/sentry_vision/install/livox_ros_driver2/share/livox_ros_driver2/launch/msg_HAP_launch.py
[2.272s] -- Up-to-date: /home/mechax/ylh/sentry_vision/install/livox_ros_driver2/share/livox_ros_driver2/launch/rviz_MID360_launch.py
[2.272s] -- Up-to-date: /home/mechax/ylh/sentry_vision/install/livox_ros_driver2/share/ament_index/resource_index/package_run_dependencies/livox_ros_driver2
[2.272s] -- Up-to-date: /home/mechax/ylh/sentry_vision/install/livox_ros_driver2/share/ament_index/resource_index/parent_prefix_path/livox_ros_driver2
[2.272s] -- Up-to-date: /home/mechax/ylh/sentry_vision/install/livox_ros_driver2/share/livox_ros_driver2/environment/ament_prefix_path.sh
[2.272s] -- Up-to-date: /home/mechax/ylh/sentry_vision/install/livox_ros_driver2/share/livox_ros_driver2/environment/ament_prefix_path.dsv
[2.272s] -- Up-to-date: /home/mechax/ylh/sentry_vision/install/livox_ros_driver2/share/livox_ros_driver2/environment/path.sh
[2.272s] -- Up-to-date: /home/mechax/ylh/sentry_vision/install/livox_ros_driver2/share/livox_ros_driver2/environment/path.dsv
[2.273s] -- Up-to-date: /home/mechax/ylh/sentry_vision/install/livox_ros_driver2/share/livox_ros_driver2/local_setup.bash
[2.273s] -- Up-to-date: /home/mechax/ylh/sentry_vision/install/livox_ros_driver2/share/livox_ros_driver2/local_setup.sh
[2.273s] -- Up-to-date: /home/mechax/ylh/sentry_vision/install/livox_ros_driver2/share/livox_ros_driver2/local_setup.zsh
[2.273s] -- Up-to-date: /home/mechax/ylh/sentry_vision/install/livox_ros_driver2/share/livox_ros_driver2/local_setup.dsv
[2.273s] -- Installing: /home/mechax/ylh/sentry_vision/install/livox_ros_driver2/share/livox_ros_driver2/package.dsv
[2.273s] -- Up-to-date: /home/mechax/ylh/sentry_vision/install/livox_ros_driver2/share/ament_index/resource_index/packages/livox_ros_driver2
[2.273s] -- Up-to-date: /home/mechax/ylh/sentry_vision/install/livox_ros_driver2/share/livox_ros_driver2/cmake/export_livox_interfaces2__rosidl_generator_cExport.cmake
[2.274s] -- Up-to-date: /home/mechax/ylh/sentry_vision/install/livox_ros_driver2/share/livox_ros_driver2/cmake/export_livox_interfaces2__rosidl_generator_cExport-noconfig.cmake
[2.274s] -- Up-to-date: /home/mechax/ylh/sentry_vision/install/livox_ros_driver2/share/livox_ros_driver2/cmake/export_livox_interfaces2__rosidl_typesupport_fastrtps_cExport.cmake
[2.274s] -- Up-to-date: /home/mechax/ylh/sentry_vision/install/livox_ros_driver2/share/livox_ros_driver2/cmake/export_livox_interfaces2__rosidl_typesupport_fastrtps_cExport-noconfig.cmake
[2.274s] -- Up-to-date: /home/mechax/ylh/sentry_vision/install/livox_ros_driver2/share/livox_ros_driver2/cmake/livox_interfaces2__rosidl_typesupport_introspection_cExport.cmake
[2.274s] -- Up-to-date: /home/mechax/ylh/sentry_vision/install/livox_ros_driver2/share/livox_ros_driver2/cmake/livox_interfaces2__rosidl_typesupport_introspection_cExport-noconfig.cmake
[2.274s] -- Up-to-date: /home/mechax/ylh/sentry_vision/install/livox_ros_driver2/share/livox_ros_driver2/cmake/livox_interfaces2__rosidl_typesupport_cExport.cmake
[2.274s] -- Up-to-date: /home/mechax/ylh/sentry_vision/install/livox_ros_driver2/share/livox_ros_driver2/cmake/livox_interfaces2__rosidl_typesupport_cExport-noconfig.cmake
[2.274s] -- Up-to-date: /home/mechax/ylh/sentry_vision/install/livox_ros_driver2/share/livox_ros_driver2/cmake/export_livox_interfaces2__rosidl_generator_cppExport.cmake
[2.274s] -- Up-to-date: /home/mechax/ylh/sentry_vision/install/livox_ros_driver2/share/livox_ros_driver2/cmake/export_livox_interfaces2__rosidl_typesupport_fastrtps_cppExport.cmake
[2.274s] -- Up-to-date: /home/mechax/ylh/sentry_vision/install/livox_ros_driver2/share/livox_ros_driver2/cmake/export_livox_interfaces2__rosidl_typesupport_fastrtps_cppExport-noconfig.cmake
[2.274s] -- Up-to-date: /home/mechax/ylh/sentry_vision/install/livox_ros_driver2/share/livox_ros_driver2/cmake/livox_interfaces2__rosidl_typesupport_introspection_cppExport.cmake
[2.275s] -- Up-to-date: /home/mechax/ylh/sentry_vision/install/livox_ros_driver2/share/livox_ros_driver2/cmake/livox_interfaces2__rosidl_typesupport_introspection_cppExport-noconfig.cmake
[2.275s] -- Up-to-date: /home/mechax/ylh/sentry_vision/install/livox_ros_driver2/share/livox_ros_driver2/cmake/livox_interfaces2__rosidl_typesupport_cppExport.cmake
[2.275s] -- Up-to-date: /home/mechax/ylh/sentry_vision/install/livox_ros_driver2/share/livox_ros_driver2/cmake/livox_interfaces2__rosidl_typesupport_cppExport-noconfig.cmake
[2.275s] -- Up-to-date: /home/mechax/ylh/sentry_vision/install/livox_ros_driver2/share/livox_ros_driver2/cmake/export_livox_interfaces2__rosidl_generator_pyExport.cmake
[2.278s] -- Up-to-date: /home/mechax/ylh/sentry_vision/install/livox_ros_driver2/share/livox_ros_driver2/cmake/export_livox_interfaces2__rosidl_generator_pyExport-noconfig.cmake
[2.278s] -- Up-to-date: /home/mechax/ylh/sentry_vision/install/livox_ros_driver2/share/ament_index/resource_index/rclcpp_components/livox_ros_driver2
[2.278s] -- Up-to-date: /home/mechax/ylh/sentry_vision/install/livox_ros_driver2/share/livox_ros_driver2/cmake/rosidl_cmake-extras.cmake
[2.278s] -- Up-to-date: /home/mechax/ylh/sentry_vision/install/livox_ros_driver2/share/livox_ros_driver2/cmake/ament_cmake_export_dependencies-extras.cmake
[2.279s] -- Up-to-date: /home/mechax/ylh/sentry_vision/install/livox_ros_driver2/share/livox_ros_driver2/cmake/ament_cmake_export_include_directories-extras.cmake
[2.279s] -- Up-to-date: /home/mechax/ylh/sentry_vision/install/livox_ros_driver2/share/livox_ros_driver2/cmake/ament_cmake_export_libraries-extras.cmake
[2.279s] -- Up-to-date: /home/mechax/ylh/sentry_vision/install/livox_ros_driver2/share/livox_ros_driver2/cmake/ament_cmake_export_targets-extras.cmake
[2.279s] -- Up-to-date: /home/mechax/ylh/sentry_vision/install/livox_ros_driver2/share/livox_ros_driver2/cmake/rosidl_cmake_export_typesupport_targets-extras.cmake
[2.279s] -- Up-to-date: /home/mechax/ylh/sentry_vision/install/livox_ros_driver2/share/livox_ros_driver2/cmake/rosidl_cmake_export_typesupport_libraries-extras.cmake
[2.279s] -- Up-to-date: /home/mechax/ylh/sentry_vision/install/livox_ros_driver2/share/livox_ros_driver2/cmake/livox_ros_driver2Config.cmake
[2.279s] -- Up-to-date: /home/mechax/ylh/sentry_vision/install/livox_ros_driver2/share/livox_ros_driver2/cmake/livox_ros_driver2Config-version.cmake
[2.279s] -- Up-to-date: /home/mechax/ylh/sentry_vision/install/livox_ros_driver2/share/livox_ros_driver2/package.xml
[2.412s] Invoked command in '/home/mechax/ylh/sentry_vision/build/livox_ros_driver2' returned '0': CMAKE_PREFIX_PATH=/opt/ros/humble /usr/bin/cmake --install /home/mechax/ylh/sentry_vision/build/livox_ros_driver2
