[0.119s] Invoking command in '/home/mechax/ylh/sentry_vision/build/rm_auto_aim': AMENT_PREFIX_PATH=/home/mechax/ylh/sentry_vision/install/armor_tracker:/home/mechax/ylh/sentry_vision/install/armor_detector:/home/mechax/ylh/sentry_vision/install/auto_aim_interfaces:${AMENT_PREFIX_PATH} CMAKE_PREFIX_PATH=/home/mechax/ylh/sentry_vision/install/armor_tracker:/home/mechax/ylh/sentry_vision/install/armor_detector:/home/mechax/ylh/sentry_vision/install/auto_aim_interfaces:/opt/ros/humble LD_LIBRARY_PATH=/home/mechax/ylh/sentry_vision/install/armor_tracker/lib:/home/mechax/ylh/sentry_vision/install/armor_detector/lib:/home/mechax/ylh/sentry_vision/install/auto_aim_interfaces/lib:${LD_LIBRARY_PATH} PYTHONPATH=/home/mechax/ylh/sentry_vision/install/auto_aim_interfaces/local/lib/python3.10/dist-packages:${PYTHONPATH} /usr/bin/cmake --build /home/mechax/ylh/sentry_vision/build/rm_auto_aim -- -j16 -l16
[0.431s] Invoked command in '/home/mechax/ylh/sentry_vision/build/rm_auto_aim' returned '0': AMENT_PREFIX_PATH=/home/mechax/ylh/sentry_vision/install/armor_tracker:/home/mechax/ylh/sentry_vision/install/armor_detector:/home/mechax/ylh/sentry_vision/install/auto_aim_interfaces:${AMENT_PREFIX_PATH} CMAKE_PREFIX_PATH=/home/mechax/ylh/sentry_vision/install/armor_tracker:/home/mechax/ylh/sentry_vision/install/armor_detector:/home/mechax/ylh/sentry_vision/install/auto_aim_interfaces:/opt/ros/humble LD_LIBRARY_PATH=/home/mechax/ylh/sentry_vision/install/armor_tracker/lib:/home/mechax/ylh/sentry_vision/install/armor_detector/lib:/home/mechax/ylh/sentry_vision/install/auto_aim_interfaces/lib:${LD_LIBRARY_PATH} PYTHONPATH=/home/mechax/ylh/sentry_vision/install/auto_aim_interfaces/local/lib/python3.10/dist-packages:${PYTHONPATH} /usr/bin/cmake --build /home/mechax/ylh/sentry_vision/build/rm_auto_aim -- -j16 -l16
[0.549s] Invoking command in '/home/mechax/ylh/sentry_vision/build/rm_auto_aim': AMENT_PREFIX_PATH=/home/mechax/ylh/sentry_vision/install/armor_tracker:/home/mechax/ylh/sentry_vision/install/armor_detector:/home/mechax/ylh/sentry_vision/install/auto_aim_interfaces:${AMENT_PREFIX_PATH} CMAKE_PREFIX_PATH=/home/mechax/ylh/sentry_vision/install/armor_tracker:/home/mechax/ylh/sentry_vision/install/armor_detector:/home/mechax/ylh/sentry_vision/install/auto_aim_interfaces:/opt/ros/humble LD_LIBRARY_PATH=/home/mechax/ylh/sentry_vision/install/armor_tracker/lib:/home/mechax/ylh/sentry_vision/install/armor_detector/lib:/home/mechax/ylh/sentry_vision/install/auto_aim_interfaces/lib:${LD_LIBRARY_PATH} PYTHONPATH=/home/mechax/ylh/sentry_vision/install/auto_aim_interfaces/local/lib/python3.10/dist-packages:${PYTHONPATH} /usr/bin/cmake --install /home/mechax/ylh/sentry_vision/build/rm_auto_aim
[0.566s] -- Install configuration: ""
[0.567s] -- Up-to-date: /home/mechax/ylh/sentry_vision/install/rm_auto_aim/share/ament_index/resource_index/package_run_dependencies/rm_auto_aim
[0.567s] -- Up-to-date: /home/mechax/ylh/sentry_vision/install/rm_auto_aim/share/ament_index/resource_index/parent_prefix_path/rm_auto_aim
[0.567s] -- Up-to-date: /home/mechax/ylh/sentry_vision/install/rm_auto_aim/share/rm_auto_aim/environment/ament_prefix_path.sh
[0.567s] -- Up-to-date: /home/mechax/ylh/sentry_vision/install/rm_auto_aim/share/rm_auto_aim/environment/ament_prefix_path.dsv
[0.567s] -- Up-to-date: /home/mechax/ylh/sentry_vision/install/rm_auto_aim/share/rm_auto_aim/environment/path.sh
[0.567s] -- Up-to-date: /home/mechax/ylh/sentry_vision/install/rm_auto_aim/share/rm_auto_aim/environment/path.dsv
[0.567s] -- Up-to-date: /home/mechax/ylh/sentry_vision/install/rm_auto_aim/share/rm_auto_aim/local_setup.bash
[0.567s] -- Up-to-date: /home/mechax/ylh/sentry_vision/install/rm_auto_aim/share/rm_auto_aim/local_setup.sh
[0.567s] -- Up-to-date: /home/mechax/ylh/sentry_vision/install/rm_auto_aim/share/rm_auto_aim/local_setup.zsh
[0.567s] -- Up-to-date: /home/mechax/ylh/sentry_vision/install/rm_auto_aim/share/rm_auto_aim/local_setup.dsv
[0.567s] -- Installing: /home/mechax/ylh/sentry_vision/install/rm_auto_aim/share/rm_auto_aim/package.dsv
[0.568s] -- Up-to-date: /home/mechax/ylh/sentry_vision/install/rm_auto_aim/share/ament_index/resource_index/packages/rm_auto_aim
[0.568s] -- Up-to-date: /home/mechax/ylh/sentry_vision/install/rm_auto_aim/share/rm_auto_aim/cmake/rm_auto_aimConfig.cmake
[0.568s] -- Up-to-date: /home/mechax/ylh/sentry_vision/install/rm_auto_aim/share/rm_auto_aim/cmake/rm_auto_aimConfig-version.cmake
[0.568s] -- Up-to-date: /home/mechax/ylh/sentry_vision/install/rm_auto_aim/share/rm_auto_aim/package.xml
[0.571s] Invoked command in '/home/mechax/ylh/sentry_vision/build/rm_auto_aim' returned '0': AMENT_PREFIX_PATH=/home/mechax/ylh/sentry_vision/install/armor_tracker:/home/mechax/ylh/sentry_vision/install/armor_detector:/home/mechax/ylh/sentry_vision/install/auto_aim_interfaces:${AMENT_PREFIX_PATH} CMAKE_PREFIX_PATH=/home/mechax/ylh/sentry_vision/install/armor_tracker:/home/mechax/ylh/sentry_vision/install/armor_detector:/home/mechax/ylh/sentry_vision/install/auto_aim_interfaces:/opt/ros/humble LD_LIBRARY_PATH=/home/mechax/ylh/sentry_vision/install/armor_tracker/lib:/home/mechax/ylh/sentry_vision/install/armor_detector/lib:/home/mechax/ylh/sentry_vision/install/auto_aim_interfaces/lib:${LD_LIBRARY_PATH} PYTHONPATH=/home/mechax/ylh/sentry_vision/install/auto_aim_interfaces/local/lib/python3.10/dist-packages:${PYTHONPATH} /usr/bin/cmake --install /home/mechax/ylh/sentry_vision/build/rm_auto_aim
