[0.293s] Invoking command in '/home/mechax/ylh/sentry_vision/build/rm_decision_interfaces': CMAKE_PREFIX_PATH=/opt/ros/humble /usr/bin/cmake --build /home/mechax/ylh/sentry_vision/build/rm_decision_interfaces -- -j16 -l16
[0.391s] [35m[1mConsolidate compiler generated dependencies of target rm_decision_interfaces__rosidl_generator_c[0m
[0.392s] [ 11%] Built target rm_decision_interfaces__rosidl_generator_c
[0.398s] [ 12%] Built target rm_decision_interfaces__cpp
[0.404s] [ 12%] Built target ament_cmake_python_copy_rm_decision_interfaces
[0.417s] [35m[1mConsolidate compiler generated dependencies of target rm_decision_interfaces__rosidl_typesupport_c[0m
[0.420s] [35m[1mConsolidate compiler generated dependencies of target rm_decision_interfaces__rosidl_typesupport_fastrtps_c[0m
[0.428s] [35m[1mConsolidate compiler generated dependencies of target rm_decision_interfaces__rosidl_typesupport_introspection_c[0m
[0.428s] [35m[1mConsolidate compiler generated dependencies of target rm_decision_interfaces__rosidl_typesupport_introspection_cpp[0m
[0.428s] [35m[1mConsolidate compiler generated dependencies of target rm_decision_interfaces__rosidl_typesupport_cpp[0m
[0.445s] [35m[1mConsolidate compiler generated dependencies of target rm_decision_interfaces__rosidl_typesupport_fastrtps_cpp[0m
[0.449s] [ 23%] Built target rm_decision_interfaces__rosidl_typesupport_c
[0.460s] [ 35%] Built target rm_decision_interfaces__rosidl_typesupport_fastrtps_c
[0.461s] [ 46%] Built target rm_decision_interfaces__rosidl_typesupport_introspection_c
[0.464s] [ 57%] Built target rm_decision_interfaces__rosidl_typesupport_cpp
[0.490s] [ 69%] Built target rm_decision_interfaces__rosidl_typesupport_introspection_cpp
[0.498s] [ 80%] Built target rm_decision_interfaces__rosidl_typesupport_fastrtps_cpp
[0.564s] [ 80%] Built target rm_decision_interfaces
[0.575s] [ 81%] Built target rm_decision_interfaces__py
[0.588s] [35m[1mConsolidate compiler generated dependencies of target rm_decision_interfaces__rosidl_generator_py[0m
[0.615s] [ 91%] Built target rm_decision_interfaces__rosidl_generator_py
[0.631s] [35m[1mConsolidate compiler generated dependencies of target rm_decision_interfaces__rosidl_typesupport_fastrtps_c__pyext[0m
[0.635s] [35m[1mConsolidate compiler generated dependencies of target rm_decision_interfaces__rosidl_typesupport_c__pyext[0m
[0.655s] [35m[1mConsolidate compiler generated dependencies of target rm_decision_interfaces__rosidl_typesupport_introspection_c__pyext[0m
[0.658s] [ 94%] Built target rm_decision_interfaces__rosidl_typesupport_fastrtps_c__pyext
[0.669s] [ 97%] Built target rm_decision_interfaces__rosidl_typesupport_c__pyext
[0.669s] [100%] Built target rm_decision_interfaces__rosidl_typesupport_introspection_c__pyext
[0.701s] running egg_info
[0.711s] writing rm_decision_interfaces.egg-info/PKG-INFO
[0.712s] writing dependency_links to rm_decision_interfaces.egg-info/dependency_links.txt
[0.713s] writing top-level names to rm_decision_interfaces.egg-info/top_level.txt
[0.737s] reading manifest file 'rm_decision_interfaces.egg-info/SOURCES.txt'
[0.737s] writing manifest file 'rm_decision_interfaces.egg-info/SOURCES.txt'
[0.762s] [100%] Built target ament_cmake_python_build_rm_decision_interfaces_egg
[0.924s] Invoked command in '/home/mechax/ylh/sentry_vision/build/rm_decision_interfaces' returned '0': CMAKE_PREFIX_PATH=/opt/ros/humble /usr/bin/cmake --build /home/mechax/ylh/sentry_vision/build/rm_decision_interfaces -- -j16 -l16
[1.220s] Invoking command in '/home/mechax/ylh/sentry_vision/build/rm_decision_interfaces': CMAKE_PREFIX_PATH=/opt/ros/humble /usr/bin/cmake --install /home/mechax/ylh/sentry_vision/build/rm_decision_interfaces
[1.308s] -- Install configuration: ""
[1.308s] -- Up-to-date: /home/mechax/ylh/sentry_vision/install/rm_decision_interfaces/share/ament_index/resource_index/rosidl_interfaces/rm_decision_interfaces
[1.309s] -- Up-to-date: /home/mechax/ylh/sentry_vision/install/rm_decision_interfaces/include/rm_decision_interfaces/rm_decision_interfaces
[1.309s] -- Up-to-date: /home/mechax/ylh/sentry_vision/install/rm_decision_interfaces/include/rm_decision_interfaces/rm_decision_interfaces/msg
[1.310s] -- Up-to-date: /home/mechax/ylh/sentry_vision/install/rm_decision_interfaces/include/rm_decision_interfaces/rm_decision_interfaces/msg/armor.h
[1.310s] -- Up-to-date: /home/mechax/ylh/sentry_vision/install/rm_decision_interfaces/include/rm_decision_interfaces/rm_decision_interfaces/msg/all_robot_hp.h
[1.310s] -- Up-to-date: /home/mechax/ylh/sentry_vision/install/rm_decision_interfaces/include/rm_decision_interfaces/rm_decision_interfaces/msg/rfid.h
[1.311s] -- Up-to-date: /home/mechax/ylh/sentry_vision/install/rm_decision_interfaces/include/rm_decision_interfaces/rm_decision_interfaces/msg/receive_serial.h
[1.311s] -- Up-to-date: /home/mechax/ylh/sentry_vision/install/rm_decision_interfaces/include/rm_decision_interfaces/rm_decision_interfaces/msg/detail
[1.312s] -- Up-to-date: /home/mechax/ylh/sentry_vision/install/rm_decision_interfaces/include/rm_decision_interfaces/rm_decision_interfaces/msg/detail/robot_status__type_support.h
[1.313s] -- Up-to-date: /home/mechax/ylh/sentry_vision/install/rm_decision_interfaces/include/rm_decision_interfaces/rm_decision_interfaces/msg/detail/all_robot_hp__type_support.h
[1.313s] -- Up-to-date: /home/mechax/ylh/sentry_vision/install/rm_decision_interfaces/include/rm_decision_interfaces/rm_decision_interfaces/msg/detail/armor__struct.h
[1.313s] -- Up-to-date: /home/mechax/ylh/sentry_vision/install/rm_decision_interfaces/include/rm_decision_interfaces/rm_decision_interfaces/msg/detail/receive_serial__functions.h
[1.313s] -- Up-to-date: /home/mechax/ylh/sentry_vision/install/rm_decision_interfaces/include/rm_decision_interfaces/rm_decision_interfaces/msg/detail/rfid__type_support.h
[1.313s] -- Up-to-date: /home/mechax/ylh/sentry_vision/install/rm_decision_interfaces/include/rm_decision_interfaces/rm_decision_interfaces/msg/detail/all_robot_hp__functions.c
[1.314s] -- Up-to-date: /home/mechax/ylh/sentry_vision/install/rm_decision_interfaces/include/rm_decision_interfaces/rm_decision_interfaces/msg/detail/rfid__functions.h
[1.314s] -- Up-to-date: /home/mechax/ylh/sentry_vision/install/rm_decision_interfaces/include/rm_decision_interfaces/rm_decision_interfaces/msg/detail/friend_location__functions.h
[1.314s] -- Up-to-date: /home/mechax/ylh/sentry_vision/install/rm_decision_interfaces/include/rm_decision_interfaces/rm_decision_interfaces/msg/detail/all_robot_hp__functions.h
[1.314s] -- Up-to-date: /home/mechax/ylh/sentry_vision/install/rm_decision_interfaces/include/rm_decision_interfaces/rm_decision_interfaces/msg/detail/robot_status__functions.h
[1.315s] -- Up-to-date: /home/mechax/ylh/sentry_vision/install/rm_decision_interfaces/include/rm_decision_interfaces/rm_decision_interfaces/msg/detail/rfid__struct.h
[1.315s] -- Up-to-date: /home/mechax/ylh/sentry_vision/install/rm_decision_interfaces/include/rm_decision_interfaces/rm_decision_interfaces/msg/detail/receive_serial__struct.h
[1.315s] -- Up-to-date: /home/mechax/ylh/sentry_vision/install/rm_decision_interfaces/include/rm_decision_interfaces/rm_decision_interfaces/msg/detail/receive_serial__functions.c
[1.316s] -- Up-to-date: /home/mechax/ylh/sentry_vision/install/rm_decision_interfaces/include/rm_decision_interfaces/rm_decision_interfaces/msg/detail/robot_status__functions.c
[1.316s] -- Up-to-date: /home/mechax/ylh/sentry_vision/install/rm_decision_interfaces/include/rm_decision_interfaces/rm_decision_interfaces/msg/detail/all_robot_hp__struct.h
[1.316s] -- Up-to-date: /home/mechax/ylh/sentry_vision/install/rm_decision_interfaces/include/rm_decision_interfaces/rm_decision_interfaces/msg/detail/receive_serial__type_support.h
[1.316s] -- Up-to-date: /home/mechax/ylh/sentry_vision/install/rm_decision_interfaces/include/rm_decision_interfaces/rm_decision_interfaces/msg/detail/friend_location__type_support.h
[1.331s] -- Up-to-date: /home/mechax/ylh/sentry_vision/install/rm_decision_interfaces/include/rm_decision_interfaces/rm_decision_interfaces/msg/detail/armor__functions.h
[1.331s] -- Up-to-date: /home/mechax/ylh/sentry_vision/install/rm_decision_interfaces/include/rm_decision_interfaces/rm_decision_interfaces/msg/detail/armor__type_support.h
[1.332s] -- Up-to-date: /home/mechax/ylh/sentry_vision/install/rm_decision_interfaces/include/rm_decision_interfaces/rm_decision_interfaces/msg/detail/rfid__functions.c
[1.332s] -- Up-to-date: /home/mechax/ylh/sentry_vision/install/rm_decision_interfaces/include/rm_decision_interfaces/rm_decision_interfaces/msg/detail/friend_location__struct.h
[1.332s] -- Up-to-date: /home/mechax/ylh/sentry_vision/install/rm_decision_interfaces/include/rm_decision_interfaces/rm_decision_interfaces/msg/detail/friend_location__functions.c
[1.332s] -- Up-to-date: /home/mechax/ylh/sentry_vision/install/rm_decision_interfaces/include/rm_decision_interfaces/rm_decision_interfaces/msg/detail/armor__functions.c
[1.332s] -- Up-to-date: /home/mechax/ylh/sentry_vision/install/rm_decision_interfaces/include/rm_decision_interfaces/rm_decision_interfaces/msg/detail/robot_status__struct.h
[1.333s] -- Up-to-date: /home/mechax/ylh/sentry_vision/install/rm_decision_interfaces/include/rm_decision_interfaces/rm_decision_interfaces/msg/robot_status.h
[1.333s] -- Up-to-date: /home/mechax/ylh/sentry_vision/install/rm_decision_interfaces/include/rm_decision_interfaces/rm_decision_interfaces/msg/rosidl_generator_c__visibility_control.h
[1.333s] -- Up-to-date: /home/mechax/ylh/sentry_vision/install/rm_decision_interfaces/include/rm_decision_interfaces/rm_decision_interfaces/msg/friend_location.h
[1.334s] -- Up-to-date: /home/mechax/ylh/sentry_vision/install/rm_decision_interfaces/share/rm_decision_interfaces/environment/library_path.sh
[1.334s] -- Up-to-date: /home/mechax/ylh/sentry_vision/install/rm_decision_interfaces/share/rm_decision_interfaces/environment/library_path.dsv
[1.335s] -- Up-to-date: /home/mechax/ylh/sentry_vision/install/rm_decision_interfaces/lib/librm_decision_interfaces__rosidl_generator_c.so
[1.335s] -- Up-to-date: /home/mechax/ylh/sentry_vision/install/rm_decision_interfaces/include/rm_decision_interfaces/rm_decision_interfaces
[1.336s] -- Up-to-date: /home/mechax/ylh/sentry_vision/install/rm_decision_interfaces/include/rm_decision_interfaces/rm_decision_interfaces/msg
[1.336s] -- Up-to-date: /home/mechax/ylh/sentry_vision/install/rm_decision_interfaces/include/rm_decision_interfaces/rm_decision_interfaces/msg/detail
[1.336s] -- Up-to-date: /home/mechax/ylh/sentry_vision/install/rm_decision_interfaces/include/rm_decision_interfaces/rm_decision_interfaces/msg/detail/receive_serial__rosidl_typesupport_fastrtps_c.h
[1.336s] -- Up-to-date: /home/mechax/ylh/sentry_vision/install/rm_decision_interfaces/include/rm_decision_interfaces/rm_decision_interfaces/msg/detail/all_robot_hp__rosidl_typesupport_fastrtps_c.h
[1.337s] -- Up-to-date: /home/mechax/ylh/sentry_vision/install/rm_decision_interfaces/include/rm_decision_interfaces/rm_decision_interfaces/msg/detail/friend_location__rosidl_typesupport_fastrtps_c.h
[1.337s] -- Up-to-date: /home/mechax/ylh/sentry_vision/install/rm_decision_interfaces/include/rm_decision_interfaces/rm_decision_interfaces/msg/detail/robot_status__rosidl_typesupport_fastrtps_c.h
[1.337s] -- Up-to-date: /home/mechax/ylh/sentry_vision/install/rm_decision_interfaces/include/rm_decision_interfaces/rm_decision_interfaces/msg/detail/armor__rosidl_typesupport_fastrtps_c.h
[1.337s] -- Up-to-date: /home/mechax/ylh/sentry_vision/install/rm_decision_interfaces/include/rm_decision_interfaces/rm_decision_interfaces/msg/detail/rfid__rosidl_typesupport_fastrtps_c.h
[1.337s] -- Up-to-date: /home/mechax/ylh/sentry_vision/install/rm_decision_interfaces/include/rm_decision_interfaces/rm_decision_interfaces/msg/rosidl_typesupport_fastrtps_c__visibility_control.h
[1.337s] -- Up-to-date: /home/mechax/ylh/sentry_vision/install/rm_decision_interfaces/lib/librm_decision_interfaces__rosidl_typesupport_fastrtps_c.so
[1.338s] -- Up-to-date: /home/mechax/ylh/sentry_vision/install/rm_decision_interfaces/include/rm_decision_interfaces/rm_decision_interfaces
[1.353s] -- Up-to-date: /home/mechax/ylh/sentry_vision/install/rm_decision_interfaces/include/rm_decision_interfaces/rm_decision_interfaces/msg
[1.353s] -- Up-to-date: /home/mechax/ylh/sentry_vision/install/rm_decision_interfaces/include/rm_decision_interfaces/rm_decision_interfaces/msg/armor.hpp
[1.353s] -- Up-to-date: /home/mechax/ylh/sentry_vision/install/rm_decision_interfaces/include/rm_decision_interfaces/rm_decision_interfaces/msg/robot_status.hpp
[1.353s] -- Up-to-date: /home/mechax/ylh/sentry_vision/install/rm_decision_interfaces/include/rm_decision_interfaces/rm_decision_interfaces/msg/friend_location.hpp
[1.353s] -- Up-to-date: /home/mechax/ylh/sentry_vision/install/rm_decision_interfaces/include/rm_decision_interfaces/rm_decision_interfaces/msg/rfid.hpp
[1.353s] -- Up-to-date: /home/mechax/ylh/sentry_vision/install/rm_decision_interfaces/include/rm_decision_interfaces/rm_decision_interfaces/msg/receive_serial.hpp
[1.353s] -- Up-to-date: /home/mechax/ylh/sentry_vision/install/rm_decision_interfaces/include/rm_decision_interfaces/rm_decision_interfaces/msg/detail
[1.353s] -- Up-to-date: /home/mechax/ylh/sentry_vision/install/rm_decision_interfaces/include/rm_decision_interfaces/rm_decision_interfaces/msg/detail/robot_status__struct.hpp
[1.353s] -- Up-to-date: /home/mechax/ylh/sentry_vision/install/rm_decision_interfaces/include/rm_decision_interfaces/rm_decision_interfaces/msg/detail/all_robot_hp__struct.hpp
[1.353s] -- Up-to-date: /home/mechax/ylh/sentry_vision/install/rm_decision_interfaces/include/rm_decision_interfaces/rm_decision_interfaces/msg/detail/armor__builder.hpp
[1.354s] -- Up-to-date: /home/mechax/ylh/sentry_vision/install/rm_decision_interfaces/include/rm_decision_interfaces/rm_decision_interfaces/msg/detail/all_robot_hp__builder.hpp
[1.354s] -- Up-to-date: /home/mechax/ylh/sentry_vision/install/rm_decision_interfaces/include/rm_decision_interfaces/rm_decision_interfaces/msg/detail/friend_location__struct.hpp
[1.354s] -- Up-to-date: /home/mechax/ylh/sentry_vision/install/rm_decision_interfaces/include/rm_decision_interfaces/rm_decision_interfaces/msg/detail/robot_status__traits.hpp
[1.354s] -- Up-to-date: /home/mechax/ylh/sentry_vision/install/rm_decision_interfaces/include/rm_decision_interfaces/rm_decision_interfaces/msg/detail/robot_status__builder.hpp
[1.354s] -- Up-to-date: /home/mechax/ylh/sentry_vision/install/rm_decision_interfaces/include/rm_decision_interfaces/rm_decision_interfaces/msg/detail/friend_location__builder.hpp
[1.354s] -- Up-to-date: /home/mechax/ylh/sentry_vision/install/rm_decision_interfaces/include/rm_decision_interfaces/rm_decision_interfaces/msg/detail/receive_serial__traits.hpp
[1.354s] -- Up-to-date: /home/mechax/ylh/sentry_vision/install/rm_decision_interfaces/include/rm_decision_interfaces/rm_decision_interfaces/msg/detail/armor__struct.hpp
[1.354s] -- Up-to-date: /home/mechax/ylh/sentry_vision/install/rm_decision_interfaces/include/rm_decision_interfaces/rm_decision_interfaces/msg/detail/receive_serial__struct.hpp
[1.354s] -- Up-to-date: /home/mechax/ylh/sentry_vision/install/rm_decision_interfaces/include/rm_decision_interfaces/rm_decision_interfaces/msg/detail/friend_location__traits.hpp
[1.354s] -- Up-to-date: /home/mechax/ylh/sentry_vision/install/rm_decision_interfaces/include/rm_decision_interfaces/rm_decision_interfaces/msg/detail/all_robot_hp__traits.hpp
[1.354s] -- Up-to-date: /home/mechax/ylh/sentry_vision/install/rm_decision_interfaces/include/rm_decision_interfaces/rm_decision_interfaces/msg/detail/receive_serial__builder.hpp
[1.354s] -- Up-to-date: /home/mechax/ylh/sentry_vision/install/rm_decision_interfaces/include/rm_decision_interfaces/rm_decision_interfaces/msg/detail/rfid__struct.hpp
[1.354s] -- Up-to-date: /home/mechax/ylh/sentry_vision/install/rm_decision_interfaces/include/rm_decision_interfaces/rm_decision_interfaces/msg/detail/armor__traits.hpp
[1.354s] -- Up-to-date: /home/mechax/ylh/sentry_vision/install/rm_decision_interfaces/include/rm_decision_interfaces/rm_decision_interfaces/msg/detail/rfid__builder.hpp
[1.355s] -- Up-to-date: /home/mechax/ylh/sentry_vision/install/rm_decision_interfaces/include/rm_decision_interfaces/rm_decision_interfaces/msg/detail/rfid__traits.hpp
[1.355s] -- Up-to-date: /home/mechax/ylh/sentry_vision/install/rm_decision_interfaces/include/rm_decision_interfaces/rm_decision_interfaces/msg/all_robot_hp.hpp
[1.355s] -- Up-to-date: /home/mechax/ylh/sentry_vision/install/rm_decision_interfaces/include/rm_decision_interfaces/rm_decision_interfaces
[1.355s] -- Up-to-date: /home/mechax/ylh/sentry_vision/install/rm_decision_interfaces/include/rm_decision_interfaces/rm_decision_interfaces/msg
[1.355s] -- Up-to-date: /home/mechax/ylh/sentry_vision/install/rm_decision_interfaces/include/rm_decision_interfaces/rm_decision_interfaces/msg/detail
[1.355s] -- Up-to-date: /home/mechax/ylh/sentry_vision/install/rm_decision_interfaces/include/rm_decision_interfaces/rm_decision_interfaces/msg/detail/receive_serial__rosidl_typesupport_fastrtps_cpp.hpp
[1.355s] -- Up-to-date: /home/mechax/ylh/sentry_vision/install/rm_decision_interfaces/include/rm_decision_interfaces/rm_decision_interfaces/msg/detail/dds_fastrtps
[1.355s] -- Up-to-date: /home/mechax/ylh/sentry_vision/install/rm_decision_interfaces/include/rm_decision_interfaces/rm_decision_interfaces/msg/detail/robot_status__rosidl_typesupport_fastrtps_cpp.hpp
[1.356s] -- Up-to-date: /home/mechax/ylh/sentry_vision/install/rm_decision_interfaces/include/rm_decision_interfaces/rm_decision_interfaces/msg/detail/rfid__rosidl_typesupport_fastrtps_cpp.hpp
[1.356s] -- Up-to-date: /home/mechax/ylh/sentry_vision/install/rm_decision_interfaces/include/rm_decision_interfaces/rm_decision_interfaces/msg/detail/all_robot_hp__rosidl_typesupport_fastrtps_cpp.hpp
[1.356s] -- Up-to-date: /home/mechax/ylh/sentry_vision/install/rm_decision_interfaces/include/rm_decision_interfaces/rm_decision_interfaces/msg/detail/armor__rosidl_typesupport_fastrtps_cpp.hpp
[1.356s] -- Up-to-date: /home/mechax/ylh/sentry_vision/install/rm_decision_interfaces/include/rm_decision_interfaces/rm_decision_interfaces/msg/detail/friend_location__rosidl_typesupport_fastrtps_cpp.hpp
[1.356s] -- Up-to-date: /home/mechax/ylh/sentry_vision/install/rm_decision_interfaces/include/rm_decision_interfaces/rm_decision_interfaces/msg/rosidl_typesupport_fastrtps_cpp__visibility_control.h
[1.356s] -- Up-to-date: /home/mechax/ylh/sentry_vision/install/rm_decision_interfaces/lib/librm_decision_interfaces__rosidl_typesupport_fastrtps_cpp.so
[1.356s] -- Up-to-date: /home/mechax/ylh/sentry_vision/install/rm_decision_interfaces/include/rm_decision_interfaces/rm_decision_interfaces
[1.356s] -- Up-to-date: /home/mechax/ylh/sentry_vision/install/rm_decision_interfaces/include/rm_decision_interfaces/rm_decision_interfaces/msg
[1.356s] -- Up-to-date: /home/mechax/ylh/sentry_vision/install/rm_decision_interfaces/include/rm_decision_interfaces/rm_decision_interfaces/msg/rosidl_typesupport_introspection_c__visibility_control.h
[1.356s] -- Up-to-date: /home/mechax/ylh/sentry_vision/install/rm_decision_interfaces/include/rm_decision_interfaces/rm_decision_interfaces/msg/detail
[1.356s] -- Up-to-date: /home/mechax/ylh/sentry_vision/install/rm_decision_interfaces/include/rm_decision_interfaces/rm_decision_interfaces/msg/detail/receive_serial__type_support.c
[1.356s] -- Up-to-date: /home/mechax/ylh/sentry_vision/install/rm_decision_interfaces/include/rm_decision_interfaces/rm_decision_interfaces/msg/detail/friend_location__rosidl_typesupport_introspection_c.h
[1.356s] -- Up-to-date: /home/mechax/ylh/sentry_vision/install/rm_decision_interfaces/include/rm_decision_interfaces/rm_decision_interfaces/msg/detail/rfid__rosidl_typesupport_introspection_c.h
[1.356s] -- Up-to-date: /home/mechax/ylh/sentry_vision/install/rm_decision_interfaces/include/rm_decision_interfaces/rm_decision_interfaces/msg/detail/armor__type_support.c
[1.356s] -- Up-to-date: /home/mechax/ylh/sentry_vision/install/rm_decision_interfaces/include/rm_decision_interfaces/rm_decision_interfaces/msg/detail/all_robot_hp__type_support.c
[1.356s] -- Up-to-date: /home/mechax/ylh/sentry_vision/install/rm_decision_interfaces/include/rm_decision_interfaces/rm_decision_interfaces/msg/detail/armor__rosidl_typesupport_introspection_c.h
[1.356s] -- Up-to-date: /home/mechax/ylh/sentry_vision/install/rm_decision_interfaces/include/rm_decision_interfaces/rm_decision_interfaces/msg/detail/friend_location__type_support.c
[1.356s] -- Up-to-date: /home/mechax/ylh/sentry_vision/install/rm_decision_interfaces/include/rm_decision_interfaces/rm_decision_interfaces/msg/detail/robot_status__type_support.c
[1.357s] -- Up-to-date: /home/mechax/ylh/sentry_vision/install/rm_decision_interfaces/include/rm_decision_interfaces/rm_decision_interfaces/msg/detail/robot_status__rosidl_typesupport_introspection_c.h
[1.357s] -- Up-to-date: /home/mechax/ylh/sentry_vision/install/rm_decision_interfaces/include/rm_decision_interfaces/rm_decision_interfaces/msg/detail/rfid__type_support.c
[1.357s] -- Up-to-date: /home/mechax/ylh/sentry_vision/install/rm_decision_interfaces/include/rm_decision_interfaces/rm_decision_interfaces/msg/detail/all_robot_hp__rosidl_typesupport_introspection_c.h
[1.357s] -- Up-to-date: /home/mechax/ylh/sentry_vision/install/rm_decision_interfaces/include/rm_decision_interfaces/rm_decision_interfaces/msg/detail/receive_serial__rosidl_typesupport_introspection_c.h
[1.357s] -- Up-to-date: /home/mechax/ylh/sentry_vision/install/rm_decision_interfaces/lib/librm_decision_interfaces__rosidl_typesupport_introspection_c.so
[1.357s] -- Up-to-date: /home/mechax/ylh/sentry_vision/install/rm_decision_interfaces/lib/librm_decision_interfaces__rosidl_typesupport_c.so
[1.357s] -- Up-to-date: /home/mechax/ylh/sentry_vision/install/rm_decision_interfaces/include/rm_decision_interfaces/rm_decision_interfaces
[1.357s] -- Up-to-date: /home/mechax/ylh/sentry_vision/install/rm_decision_interfaces/include/rm_decision_interfaces/rm_decision_interfaces/msg
[1.357s] -- Up-to-date: /home/mechax/ylh/sentry_vision/install/rm_decision_interfaces/include/rm_decision_interfaces/rm_decision_interfaces/msg/detail
[1.357s] -- Up-to-date: /home/mechax/ylh/sentry_vision/install/rm_decision_interfaces/include/rm_decision_interfaces/rm_decision_interfaces/msg/detail/robot_status__rosidl_typesupport_introspection_cpp.hpp
[1.357s] -- Up-to-date: /home/mechax/ylh/sentry_vision/install/rm_decision_interfaces/include/rm_decision_interfaces/rm_decision_interfaces/msg/detail/friend_location__type_support.cpp
[1.357s] -- Up-to-date: /home/mechax/ylh/sentry_vision/install/rm_decision_interfaces/include/rm_decision_interfaces/rm_decision_interfaces/msg/detail/all_robot_hp__rosidl_typesupport_introspection_cpp.hpp
[1.357s] -- Up-to-date: /home/mechax/ylh/sentry_vision/install/rm_decision_interfaces/include/rm_decision_interfaces/rm_decision_interfaces/msg/detail/rfid__rosidl_typesupport_introspection_cpp.hpp
[1.357s] -- Up-to-date: /home/mechax/ylh/sentry_vision/install/rm_decision_interfaces/include/rm_decision_interfaces/rm_decision_interfaces/msg/detail/all_robot_hp__type_support.cpp
[1.357s] -- Up-to-date: /home/mechax/ylh/sentry_vision/install/rm_decision_interfaces/include/rm_decision_interfaces/rm_decision_interfaces/msg/detail/armor__type_support.cpp
[1.357s] -- Up-to-date: /home/mechax/ylh/sentry_vision/install/rm_decision_interfaces/include/rm_decision_interfaces/rm_decision_interfaces/msg/detail/receive_serial__rosidl_typesupport_introspection_cpp.hpp
[1.357s] -- Up-to-date: /home/mechax/ylh/sentry_vision/install/rm_decision_interfaces/include/rm_decision_interfaces/rm_decision_interfaces/msg/detail/receive_serial__type_support.cpp
[1.357s] -- Up-to-date: /home/mechax/ylh/sentry_vision/install/rm_decision_interfaces/include/rm_decision_interfaces/rm_decision_interfaces/msg/detail/robot_status__type_support.cpp
[1.357s] -- Up-to-date: /home/mechax/ylh/sentry_vision/install/rm_decision_interfaces/include/rm_decision_interfaces/rm_decision_interfaces/msg/detail/armor__rosidl_typesupport_introspection_cpp.hpp
[1.357s] -- Up-to-date: /home/mechax/ylh/sentry_vision/install/rm_decision_interfaces/include/rm_decision_interfaces/rm_decision_interfaces/msg/detail/rfid__type_support.cpp
[1.357s] -- Up-to-date: /home/mechax/ylh/sentry_vision/install/rm_decision_interfaces/include/rm_decision_interfaces/rm_decision_interfaces/msg/detail/friend_location__rosidl_typesupport_introspection_cpp.hpp
[1.357s] -- Up-to-date: /home/mechax/ylh/sentry_vision/install/rm_decision_interfaces/lib/librm_decision_interfaces__rosidl_typesupport_introspection_cpp.so
[1.357s] -- Up-to-date: /home/mechax/ylh/sentry_vision/install/rm_decision_interfaces/lib/librm_decision_interfaces__rosidl_typesupport_cpp.so
[1.357s] -- Up-to-date: /home/mechax/ylh/sentry_vision/install/rm_decision_interfaces/share/rm_decision_interfaces/environment/pythonpath.sh
[1.357s] -- Up-to-date: /home/mechax/ylh/sentry_vision/install/rm_decision_interfaces/share/rm_decision_interfaces/environment/pythonpath.dsv
[1.357s] -- Up-to-date: /home/mechax/ylh/sentry_vision/install/rm_decision_interfaces/local/lib/python3.10/dist-packages/rm_decision_interfaces-0.0.0-py3.10.egg-info
[1.357s] -- Installing: /home/mechax/ylh/sentry_vision/install/rm_decision_interfaces/local/lib/python3.10/dist-packages/rm_decision_interfaces-0.0.0-py3.10.egg-info/PKG-INFO
[1.357s] -- Installing: /home/mechax/ylh/sentry_vision/install/rm_decision_interfaces/local/lib/python3.10/dist-packages/rm_decision_interfaces-0.0.0-py3.10.egg-info/SOURCES.txt
[1.358s] -- Installing: /home/mechax/ylh/sentry_vision/install/rm_decision_interfaces/local/lib/python3.10/dist-packages/rm_decision_interfaces-0.0.0-py3.10.egg-info/top_level.txt
[1.362s] -- Installing: /home/mechax/ylh/sentry_vision/install/rm_decision_interfaces/local/lib/python3.10/dist-packages/rm_decision_interfaces-0.0.0-py3.10.egg-info/dependency_links.txt
[1.364s] -- Up-to-date: /home/mechax/ylh/sentry_vision/install/rm_decision_interfaces/local/lib/python3.10/dist-packages/rm_decision_interfaces
[1.364s] -- Up-to-date: /home/mechax/ylh/sentry_vision/install/rm_decision_interfaces/local/lib/python3.10/dist-packages/rm_decision_interfaces/_rm_decision_interfaces_s.ep.rosidl_typesupport_c.c
[1.364s] -- Up-to-date: /home/mechax/ylh/sentry_vision/install/rm_decision_interfaces/local/lib/python3.10/dist-packages/rm_decision_interfaces/_rm_decision_interfaces_s.ep.rosidl_typesupport_fastrtps_c.c
[1.364s] -- Up-to-date: /home/mechax/ylh/sentry_vision/install/rm_decision_interfaces/local/lib/python3.10/dist-packages/rm_decision_interfaces/rm_decision_interfaces_s__rosidl_typesupport_c.cpython-310-x86_64-linux-gnu.so
[1.364s] -- Up-to-date: /home/mechax/ylh/sentry_vision/install/rm_decision_interfaces/local/lib/python3.10/dist-packages/rm_decision_interfaces/__init__.py
[1.364s] -- Up-to-date: /home/mechax/ylh/sentry_vision/install/rm_decision_interfaces/local/lib/python3.10/dist-packages/rm_decision_interfaces/rm_decision_interfaces_s__rosidl_typesupport_fastrtps_c.cpython-310-x86_64-linux-gnu.so
[1.364s] -- Up-to-date: /home/mechax/ylh/sentry_vision/install/rm_decision_interfaces/local/lib/python3.10/dist-packages/rm_decision_interfaces/msg
[1.364s] -- Up-to-date: /home/mechax/ylh/sentry_vision/install/rm_decision_interfaces/local/lib/python3.10/dist-packages/rm_decision_interfaces/msg/_all_robot_hp.py
[1.364s] -- Up-to-date: /home/mechax/ylh/sentry_vision/install/rm_decision_interfaces/local/lib/python3.10/dist-packages/rm_decision_interfaces/msg/_friend_location_s.c
[1.364s] -- Up-to-date: /home/mechax/ylh/sentry_vision/install/rm_decision_interfaces/local/lib/python3.10/dist-packages/rm_decision_interfaces/msg/_rfid_s.c
[1.364s] -- Up-to-date: /home/mechax/ylh/sentry_vision/install/rm_decision_interfaces/local/lib/python3.10/dist-packages/rm_decision_interfaces/msg/_receive_serial_s.c
[1.364s] -- Up-to-date: /home/mechax/ylh/sentry_vision/install/rm_decision_interfaces/local/lib/python3.10/dist-packages/rm_decision_interfaces/msg/_rfid.py
[1.364s] -- Up-to-date: /home/mechax/ylh/sentry_vision/install/rm_decision_interfaces/local/lib/python3.10/dist-packages/rm_decision_interfaces/msg/_receive_serial.py
[1.364s] -- Up-to-date: /home/mechax/ylh/sentry_vision/install/rm_decision_interfaces/local/lib/python3.10/dist-packages/rm_decision_interfaces/msg/_all_robot_hp_s.c
[1.364s] -- Up-to-date: /home/mechax/ylh/sentry_vision/install/rm_decision_interfaces/local/lib/python3.10/dist-packages/rm_decision_interfaces/msg/_robot_status.py
[1.365s] -- Up-to-date: /home/mechax/ylh/sentry_vision/install/rm_decision_interfaces/local/lib/python3.10/dist-packages/rm_decision_interfaces/msg/_armor_s.c
[1.365s] -- Up-to-date: /home/mechax/ylh/sentry_vision/install/rm_decision_interfaces/local/lib/python3.10/dist-packages/rm_decision_interfaces/msg/_armor.py
[1.365s] -- Up-to-date: /home/mechax/ylh/sentry_vision/install/rm_decision_interfaces/local/lib/python3.10/dist-packages/rm_decision_interfaces/msg/__init__.py
[1.365s] -- Up-to-date: /home/mechax/ylh/sentry_vision/install/rm_decision_interfaces/local/lib/python3.10/dist-packages/rm_decision_interfaces/msg/_friend_location.py
[1.365s] -- Up-to-date: /home/mechax/ylh/sentry_vision/install/rm_decision_interfaces/local/lib/python3.10/dist-packages/rm_decision_interfaces/msg/_robot_status_s.c
[1.365s] -- Up-to-date: /home/mechax/ylh/sentry_vision/install/rm_decision_interfaces/local/lib/python3.10/dist-packages/rm_decision_interfaces/_rm_decision_interfaces_s.ep.rosidl_typesupport_introspection_c.c
[1.365s] -- Up-to-date: /home/mechax/ylh/sentry_vision/install/rm_decision_interfaces/local/lib/python3.10/dist-packages/rm_decision_interfaces/rm_decision_interfaces_s__rosidl_typesupport_introspection_c.cpython-310-x86_64-linux-gnu.so
[1.365s] -- Up-to-date: /home/mechax/ylh/sentry_vision/install/rm_decision_interfaces/local/lib/python3.10/dist-packages/rm_decision_interfaces/librm_decision_interfaces__rosidl_generator_py.so
[1.366s] Listing '/home/mechax/ylh/sentry_vision/install/rm_decision_interfaces/local/lib/python3.10/dist-packages/rm_decision_interfaces'...
[1.366s] Listing '/home/mechax/ylh/sentry_vision/install/rm_decision_interfaces/local/lib/python3.10/dist-packages/rm_decision_interfaces/msg'...
[1.366s] -- Up-to-date: /home/mechax/ylh/sentry_vision/install/rm_decision_interfaces/local/lib/python3.10/dist-packages/rm_decision_interfaces/rm_decision_interfaces_s__rosidl_typesupport_fastrtps_c.cpython-310-x86_64-linux-gnu.so
[1.366s] -- Up-to-date: /home/mechax/ylh/sentry_vision/install/rm_decision_interfaces/local/lib/python3.10/dist-packages/rm_decision_interfaces/rm_decision_interfaces_s__rosidl_typesupport_introspection_c.cpython-310-x86_64-linux-gnu.so
[1.366s] -- Up-to-date: /home/mechax/ylh/sentry_vision/install/rm_decision_interfaces/local/lib/python3.10/dist-packages/rm_decision_interfaces/rm_decision_interfaces_s__rosidl_typesupport_c.cpython-310-x86_64-linux-gnu.so
[1.366s] -- Up-to-date: /home/mechax/ylh/sentry_vision/install/rm_decision_interfaces/lib/librm_decision_interfaces__rosidl_generator_py.so
[1.366s] -- Up-to-date: /home/mechax/ylh/sentry_vision/install/rm_decision_interfaces/share/rm_decision_interfaces/msg/AllRobotHP.idl
[1.366s] -- Up-to-date: /home/mechax/ylh/sentry_vision/install/rm_decision_interfaces/share/rm_decision_interfaces/msg/Armor.idl
[1.366s] -- Up-to-date: /home/mechax/ylh/sentry_vision/install/rm_decision_interfaces/share/rm_decision_interfaces/msg/FriendLocation.idl
[1.366s] -- Up-to-date: /home/mechax/ylh/sentry_vision/install/rm_decision_interfaces/share/rm_decision_interfaces/msg/RFID.idl
[1.366s] -- Up-to-date: /home/mechax/ylh/sentry_vision/install/rm_decision_interfaces/share/rm_decision_interfaces/msg/RobotStatus.idl
[1.366s] -- Up-to-date: /home/mechax/ylh/sentry_vision/install/rm_decision_interfaces/share/rm_decision_interfaces/msg/ReceiveSerial.idl
[1.366s] -- Up-to-date: /home/mechax/ylh/sentry_vision/install/rm_decision_interfaces/share/rm_decision_interfaces/msg/AllRobotHP.msg
[1.367s] -- Up-to-date: /home/mechax/ylh/sentry_vision/install/rm_decision_interfaces/share/rm_decision_interfaces/msg/Armor.msg
[1.367s] -- Up-to-date: /home/mechax/ylh/sentry_vision/install/rm_decision_interfaces/share/rm_decision_interfaces/msg/FriendLocation.msg
[1.367s] -- Up-to-date: /home/mechax/ylh/sentry_vision/install/rm_decision_interfaces/share/rm_decision_interfaces/msg/RFID.msg
[1.367s] -- Up-to-date: /home/mechax/ylh/sentry_vision/install/rm_decision_interfaces/share/rm_decision_interfaces/msg/RobotStatus.msg
[1.367s] -- Up-to-date: /home/mechax/ylh/sentry_vision/install/rm_decision_interfaces/share/rm_decision_interfaces/msg/ReceiveSerial.msg
[1.367s] -- Up-to-date: /home/mechax/ylh/sentry_vision/install/rm_decision_interfaces/share/ament_index/resource_index/package_run_dependencies/rm_decision_interfaces
[1.367s] -- Up-to-date: /home/mechax/ylh/sentry_vision/install/rm_decision_interfaces/share/ament_index/resource_index/parent_prefix_path/rm_decision_interfaces
[1.367s] -- Up-to-date: /home/mechax/ylh/sentry_vision/install/rm_decision_interfaces/share/rm_decision_interfaces/environment/ament_prefix_path.sh
[1.367s] -- Up-to-date: /home/mechax/ylh/sentry_vision/install/rm_decision_interfaces/share/rm_decision_interfaces/environment/ament_prefix_path.dsv
[1.367s] -- Up-to-date: /home/mechax/ylh/sentry_vision/install/rm_decision_interfaces/share/rm_decision_interfaces/environment/path.sh
[1.367s] -- Up-to-date: /home/mechax/ylh/sentry_vision/install/rm_decision_interfaces/share/rm_decision_interfaces/environment/path.dsv
[1.367s] -- Up-to-date: /home/mechax/ylh/sentry_vision/install/rm_decision_interfaces/share/rm_decision_interfaces/local_setup.bash
[1.367s] -- Up-to-date: /home/mechax/ylh/sentry_vision/install/rm_decision_interfaces/share/rm_decision_interfaces/local_setup.sh
[1.367s] -- Up-to-date: /home/mechax/ylh/sentry_vision/install/rm_decision_interfaces/share/rm_decision_interfaces/local_setup.zsh
[1.367s] -- Up-to-date: /home/mechax/ylh/sentry_vision/install/rm_decision_interfaces/share/rm_decision_interfaces/local_setup.dsv
[1.367s] -- Installing: /home/mechax/ylh/sentry_vision/install/rm_decision_interfaces/share/rm_decision_interfaces/package.dsv
[1.367s] -- Up-to-date: /home/mechax/ylh/sentry_vision/install/rm_decision_interfaces/share/ament_index/resource_index/packages/rm_decision_interfaces
[1.367s] -- Up-to-date: /home/mechax/ylh/sentry_vision/install/rm_decision_interfaces/share/rm_decision_interfaces/cmake/export_rm_decision_interfaces__rosidl_generator_cExport.cmake
[1.367s] -- Up-to-date: /home/mechax/ylh/sentry_vision/install/rm_decision_interfaces/share/rm_decision_interfaces/cmake/export_rm_decision_interfaces__rosidl_generator_cExport-noconfig.cmake
[1.367s] -- Up-to-date: /home/mechax/ylh/sentry_vision/install/rm_decision_interfaces/share/rm_decision_interfaces/cmake/export_rm_decision_interfaces__rosidl_typesupport_fastrtps_cExport.cmake
[1.367s] -- Up-to-date: /home/mechax/ylh/sentry_vision/install/rm_decision_interfaces/share/rm_decision_interfaces/cmake/export_rm_decision_interfaces__rosidl_typesupport_fastrtps_cExport-noconfig.cmake
[1.367s] -- Up-to-date: /home/mechax/ylh/sentry_vision/install/rm_decision_interfaces/share/rm_decision_interfaces/cmake/export_rm_decision_interfaces__rosidl_generator_cppExport.cmake
[1.367s] -- Up-to-date: /home/mechax/ylh/sentry_vision/install/rm_decision_interfaces/share/rm_decision_interfaces/cmake/export_rm_decision_interfaces__rosidl_typesupport_fastrtps_cppExport.cmake
[1.367s] -- Up-to-date: /home/mechax/ylh/sentry_vision/install/rm_decision_interfaces/share/rm_decision_interfaces/cmake/export_rm_decision_interfaces__rosidl_typesupport_fastrtps_cppExport-noconfig.cmake
[1.367s] -- Up-to-date: /home/mechax/ylh/sentry_vision/install/rm_decision_interfaces/share/rm_decision_interfaces/cmake/rm_decision_interfaces__rosidl_typesupport_introspection_cExport.cmake
[1.367s] -- Up-to-date: /home/mechax/ylh/sentry_vision/install/rm_decision_interfaces/share/rm_decision_interfaces/cmake/rm_decision_interfaces__rosidl_typesupport_introspection_cExport-noconfig.cmake
[1.367s] -- Up-to-date: /home/mechax/ylh/sentry_vision/install/rm_decision_interfaces/share/rm_decision_interfaces/cmake/rm_decision_interfaces__rosidl_typesupport_cExport.cmake
[1.367s] -- Up-to-date: /home/mechax/ylh/sentry_vision/install/rm_decision_interfaces/share/rm_decision_interfaces/cmake/rm_decision_interfaces__rosidl_typesupport_cExport-noconfig.cmake
[1.367s] -- Up-to-date: /home/mechax/ylh/sentry_vision/install/rm_decision_interfaces/share/rm_decision_interfaces/cmake/rm_decision_interfaces__rosidl_typesupport_introspection_cppExport.cmake
[1.367s] -- Up-to-date: /home/mechax/ylh/sentry_vision/install/rm_decision_interfaces/share/rm_decision_interfaces/cmake/rm_decision_interfaces__rosidl_typesupport_introspection_cppExport-noconfig.cmake
[1.368s] -- Up-to-date: /home/mechax/ylh/sentry_vision/install/rm_decision_interfaces/share/rm_decision_interfaces/cmake/rm_decision_interfaces__rosidl_typesupport_cppExport.cmake
[1.368s] -- Up-to-date: /home/mechax/ylh/sentry_vision/install/rm_decision_interfaces/share/rm_decision_interfaces/cmake/rm_decision_interfaces__rosidl_typesupport_cppExport-noconfig.cmake
[1.368s] -- Up-to-date: /home/mechax/ylh/sentry_vision/install/rm_decision_interfaces/share/rm_decision_interfaces/cmake/export_rm_decision_interfaces__rosidl_generator_pyExport.cmake
[1.368s] -- Up-to-date: /home/mechax/ylh/sentry_vision/install/rm_decision_interfaces/share/rm_decision_interfaces/cmake/export_rm_decision_interfaces__rosidl_generator_pyExport-noconfig.cmake
[1.368s] -- Up-to-date: /home/mechax/ylh/sentry_vision/install/rm_decision_interfaces/share/rm_decision_interfaces/cmake/rosidl_cmake-extras.cmake
[1.368s] -- Up-to-date: /home/mechax/ylh/sentry_vision/install/rm_decision_interfaces/share/rm_decision_interfaces/cmake/ament_cmake_export_dependencies-extras.cmake
[1.368s] -- Up-to-date: /home/mechax/ylh/sentry_vision/install/rm_decision_interfaces/share/rm_decision_interfaces/cmake/ament_cmake_export_include_directories-extras.cmake
[1.368s] -- Up-to-date: /home/mechax/ylh/sentry_vision/install/rm_decision_interfaces/share/rm_decision_interfaces/cmake/ament_cmake_export_libraries-extras.cmake
[1.368s] -- Up-to-date: /home/mechax/ylh/sentry_vision/install/rm_decision_interfaces/share/rm_decision_interfaces/cmake/ament_cmake_export_targets-extras.cmake
[1.368s] -- Up-to-date: /home/mechax/ylh/sentry_vision/install/rm_decision_interfaces/share/rm_decision_interfaces/cmake/rosidl_cmake_export_typesupport_targets-extras.cmake
[1.368s] -- Up-to-date: /home/mechax/ylh/sentry_vision/install/rm_decision_interfaces/share/rm_decision_interfaces/cmake/rosidl_cmake_export_typesupport_libraries-extras.cmake
[1.368s] -- Up-to-date: /home/mechax/ylh/sentry_vision/install/rm_decision_interfaces/share/rm_decision_interfaces/cmake/rm_decision_interfacesConfig.cmake
[1.368s] -- Up-to-date: /home/mechax/ylh/sentry_vision/install/rm_decision_interfaces/share/rm_decision_interfaces/cmake/rm_decision_interfacesConfig-version.cmake
[1.368s] -- Up-to-date: /home/mechax/ylh/sentry_vision/install/rm_decision_interfaces/share/rm_decision_interfaces/package.xml
[1.507s] Invoked command in '/home/mechax/ylh/sentry_vision/build/rm_decision_interfaces' returned '0': CMAKE_PREFIX_PATH=/opt/ros/humble /usr/bin/cmake --install /home/mechax/ylh/sentry_vision/build/rm_decision_interfaces
