[0.276s] Invoking command in '/home/mechax/ylh/sentry_vision/build/behaviortree_ros2': AMENT_PREFIX_PATH=/home/mechax/ylh/sentry_vision/install/behaviortree_cpp:${AMENT_PREFIX_PATH} CMAKE_PREFIX_PATH=/home/mechax/ylh/sentry_vision/install/behaviortree_cpp:/opt/ros/humble LD_LIBRARY_PATH=/home/mechax/ylh/sentry_vision/install/behaviortree_cpp/lib:${LD_LIBRARY_PATH} PATH=/home/mechax/ylh/sentry_vision/install/behaviortree_cpp/bin:${PATH} /usr/bin/cmake --build /home/mechax/ylh/sentry_vision/build/behaviortree_ros2 -- -j16 -l16
[0.322s] [100%] Built target behaviortree_ros2
[0.332s] Invoked command in '/home/mechax/ylh/sentry_vision/build/behaviortree_ros2' returned '0': AMENT_PREFIX_PATH=/home/mechax/ylh/sentry_vision/install/behaviortree_cpp:${AMENT_PREFIX_PATH} CMAKE_PREFIX_PATH=/home/mechax/ylh/sentry_vision/install/behaviortree_cpp:/opt/ros/humble LD_LIBRARY_PATH=/home/mechax/ylh/sentry_vision/install/behaviortree_cpp/lib:${LD_LIBRARY_PATH} PATH=/home/mechax/ylh/sentry_vision/install/behaviortree_cpp/bin:${PATH} /usr/bin/cmake --build /home/mechax/ylh/sentry_vision/build/behaviortree_ros2 -- -j16 -l16
[0.410s] Invoking command in '/home/mechax/ylh/sentry_vision/build/behaviortree_ros2': AMENT_PREFIX_PATH=/home/mechax/ylh/sentry_vision/install/behaviortree_cpp:${AMENT_PREFIX_PATH} CMAKE_PREFIX_PATH=/home/mechax/ylh/sentry_vision/install/behaviortree_cpp:/opt/ros/humble LD_LIBRARY_PATH=/home/mechax/ylh/sentry_vision/install/behaviortree_cpp/lib:${LD_LIBRARY_PATH} PATH=/home/mechax/ylh/sentry_vision/install/behaviortree_cpp/bin:${PATH} /usr/bin/cmake --install /home/mechax/ylh/sentry_vision/build/behaviortree_ros2
[0.417s] -- Install configuration: ""
[0.418s] -- Up-to-date: /home/mechax/ylh/sentry_vision/install/behaviortree_ros2/include/
[0.418s] -- Up-to-date: /home/mechax/ylh/sentry_vision/install/behaviortree_ros2/include//behaviortree_ros2
[0.418s] -- Up-to-date: /home/mechax/ylh/sentry_vision/install/behaviortree_ros2/include//behaviortree_ros2/bt_action_node.hpp
[0.419s] -- Up-to-date: /home/mechax/ylh/sentry_vision/install/behaviortree_ros2/include//behaviortree_ros2/plugins.hpp
[0.419s] -- Up-to-date: /home/mechax/ylh/sentry_vision/install/behaviortree_ros2/include//behaviortree_ros2/bt_service_node.hpp
[0.419s] -- Up-to-date: /home/mechax/ylh/sentry_vision/install/behaviortree_ros2/include//behaviortree_ros2/bt_topic_sub_node.hpp
[0.419s] -- Up-to-date: /home/mechax/ylh/sentry_vision/install/behaviortree_ros2/include//behaviortree_ros2/ros_node_params.hpp
[0.420s] -- Up-to-date: /home/mechax/ylh/sentry_vision/install/behaviortree_ros2/include//behaviortree_ros2/bt_topic_pub_node.hpp
[0.420s] -- Up-to-date: /home/mechax/ylh/sentry_vision/install/behaviortree_ros2/share/ament_index/resource_index/package_run_dependencies/behaviortree_ros2
[0.420s] -- Up-to-date: /home/mechax/ylh/sentry_vision/install/behaviortree_ros2/share/ament_index/resource_index/parent_prefix_path/behaviortree_ros2
[0.420s] -- Up-to-date: /home/mechax/ylh/sentry_vision/install/behaviortree_ros2/share/behaviortree_ros2/environment/ament_prefix_path.sh
[0.421s] -- Up-to-date: /home/mechax/ylh/sentry_vision/install/behaviortree_ros2/share/behaviortree_ros2/environment/ament_prefix_path.dsv
[0.421s] -- Up-to-date: /home/mechax/ylh/sentry_vision/install/behaviortree_ros2/share/behaviortree_ros2/environment/path.sh
[0.421s] -- Up-to-date: /home/mechax/ylh/sentry_vision/install/behaviortree_ros2/share/behaviortree_ros2/environment/path.dsv
[0.421s] -- Up-to-date: /home/mechax/ylh/sentry_vision/install/behaviortree_ros2/share/behaviortree_ros2/local_setup.bash
[0.422s] -- Up-to-date: /home/mechax/ylh/sentry_vision/install/behaviortree_ros2/share/behaviortree_ros2/local_setup.sh
[0.422s] -- Up-to-date: /home/mechax/ylh/sentry_vision/install/behaviortree_ros2/share/behaviortree_ros2/local_setup.zsh
[0.422s] -- Up-to-date: /home/mechax/ylh/sentry_vision/install/behaviortree_ros2/share/behaviortree_ros2/local_setup.dsv
[0.422s] -- Installing: /home/mechax/ylh/sentry_vision/install/behaviortree_ros2/share/behaviortree_ros2/package.dsv
[0.423s] -- Up-to-date: /home/mechax/ylh/sentry_vision/install/behaviortree_ros2/share/ament_index/resource_index/packages/behaviortree_ros2
[0.423s] -- Up-to-date: /home/mechax/ylh/sentry_vision/install/behaviortree_ros2/share/behaviortree_ros2/cmake/ament_cmake_export_include_directories-extras.cmake
[0.423s] -- Up-to-date: /home/mechax/ylh/sentry_vision/install/behaviortree_ros2/share/behaviortree_ros2/cmake/ament_cmake_export_dependencies-extras.cmake
[0.423s] -- Up-to-date: /home/mechax/ylh/sentry_vision/install/behaviortree_ros2/share/behaviortree_ros2/cmake/behaviortree_ros2Config.cmake
[0.424s] -- Up-to-date: /home/mechax/ylh/sentry_vision/install/behaviortree_ros2/share/behaviortree_ros2/cmake/behaviortree_ros2Config-version.cmake
[0.424s] -- Up-to-date: /home/mechax/ylh/sentry_vision/install/behaviortree_ros2/share/behaviortree_ros2/package.xml
[0.424s] Invoked command in '/home/mechax/ylh/sentry_vision/build/behaviortree_ros2' returned '0': AMENT_PREFIX_PATH=/home/mechax/ylh/sentry_vision/install/behaviortree_cpp:${AMENT_PREFIX_PATH} CMAKE_PREFIX_PATH=/home/mechax/ylh/sentry_vision/install/behaviortree_cpp:/opt/ros/humble LD_LIBRARY_PATH=/home/mechax/ylh/sentry_vision/install/behaviortree_cpp/lib:${LD_LIBRARY_PATH} PATH=/home/mechax/ylh/sentry_vision/install/behaviortree_cpp/bin:${PATH} /usr/bin/cmake --install /home/mechax/ylh/sentry_vision/build/behaviortree_ros2
