[0.080s] Invoking command in '/home/mechax/ylh/sentry_vision/build/linefit_ground_segmentation_ros': AMENT_PREFIX_PATH=/home/mechax/ylh/sentry_vision/install/linefit_ground_segmentation:${AMENT_PREFIX_PATH} CMAKE_PREFIX_PATH=/home/mechax/ylh/sentry_vision/install/linefit_ground_segmentation:/opt/ros/humble LD_LIBRARY_PATH=/home/mechax/ylh/sentry_vision/install/linefit_ground_segmentation/lib:${LD_LIBRARY_PATH} /usr/bin/cmake /home/mechax/ylh/sentry_vision/src/rm_perception/linefit_ground_segementation_ros2/linefit_ground_segmentation_ros -DCMAKE_EXPORT_COMPILE_COMMANDS=ON -DCMAKE_INSTALL_PREFIX=/home/mechax/ylh/sentry_vision/install/linefit_ground_segmentation_ros
[0.170s] -- The C compiler identification is GNU 11.4.0
[0.248s] -- The CXX compiler identification is GNU 11.4.0
[0.259s] -- Detecting C compiler ABI info
[0.368s] -- Detecting C compiler ABI info - done
[0.379s] -- Check for working C compiler: /usr/bin/cc - skipped
[0.380s] -- Detecting C compile features
[0.380s] -- Detecting C compile features - done
[0.384s] -- Detecting CXX compiler ABI info
[0.546s] -- Detecting CXX compiler ABI info - done
[0.557s] -- Check for working CXX compiler: /usr/bin/c++ - skipped
[0.557s] -- Detecting CXX compile features
[0.557s] -- Detecting CXX compile features - done
[0.560s] -- Found ament_cmake_auto: 1.3.6 (/opt/ros/humble/share/ament_cmake_auto/cmake)
[1.185s] -- Found Python3: /usr/bin/python3.10 (found version "3.10.12") found components: Interpreter 
[1.507s] -- Found rosidl_generator_c: 3.1.5 (/opt/ros/humble/share/rosidl_generator_c/cmake)
[1.514s] -- Found rosidl_adapter: 3.1.5 (/opt/ros/humble/share/rosidl_adapter/cmake)
[1.526s] -- Found rosidl_generator_cpp: 3.1.5 (/opt/ros/humble/share/rosidl_generator_cpp/cmake)
[1.545s] -- Using all available rosidl_typesupport_c: rosidl_typesupport_fastrtps_c;rosidl_typesupport_introspection_c
[1.572s] -- Using all available rosidl_typesupport_cpp: rosidl_typesupport_fastrtps_cpp;rosidl_typesupport_introspection_cpp
[1.678s] -- Found rmw_implementation_cmake: 6.1.1 (/opt/ros/humble/share/rmw_implementation_cmake/cmake)
[1.682s] -- Found rmw_fastrtps_cpp: 6.2.5 (/opt/ros/humble/share/rmw_fastrtps_cpp/cmake)
[1.834s] -- Found OpenSSL: /usr/lib/x86_64-linux-gnu/libcrypto.so (found version "3.0.2")  
[1.876s] -- Found FastRTPS: /opt/ros/humble/include  
[1.942s] -- Using RMW implementation 'rmw_fastrtps_cpp' as default
[1.954s] -- Looking for pthread.h
[2.122s] -- Looking for pthread.h - found
[2.123s] -- Performing Test CMAKE_HAVE_LIBC_PTHREAD
[2.256s] -- Performing Test CMAKE_HAVE_LIBC_PTHREAD - Success
[2.258s] -- Found Threads: TRUE  
[3.588s] -- Found eigen3_cmake_module: 0.1.1 (/opt/ros/humble/share/eigen3_cmake_module/cmake)
[3.590s] -- Found Eigen3: TRUE (found version "3.4.0") 
[3.590s] -- Ensuring Eigen3 include directory is part of orocos-kdl CMake target
[3.663s] -- Checking for module 'eigen3'
[3.744s] --   Found eigen3, version 3.4.0
[3.888s] -- Found Eigen: /usr/include/eigen3 (Required is at least version "3.1") 
[3.896s] -- Eigen found (include: /usr/include/eigen3, version: 3.4.0)
[3.955s] -- Checking for module 'flann'
[3.986s] --   Found flann, version 1.9.1
[4.093s] -- Found FLANN: /usr/lib/x86_64-linux-gnu/libflann_cpp.so  
[4.093s] -- FLANN found (include: /usr/include, lib: /usr/lib/x86_64-linux-gnu/libflann_cpp.so)
[6.461s] -- Checking for module 'libusb-1.0'
[6.543s] --   Found libusb-1.0, version 1.0.25
[6.640s] -- Found libusb: /usr/lib/x86_64-linux-gnu/libusb-1.0.so  
[6.643s] -- OpenNI found (version: 1.5.4.0, include: /usr/include/ni, lib: /usr/lib/libOpenNI.so;libusb::libusb)
[6.881s] -- OpenNI2 found (version: 2.2.0.33, include: /usr/include/openni2, lib: /usr/lib/x86_64-linux-gnu/libOpenNI2.so;libusb::libusb)
[7.391s] -- Eigen found (include: /usr/include/eigen3, version: 3.4.0)
[7.415s] -- OpenNI found (version: 1.5.4.0, include: /usr/include/ni, lib: /usr/lib/libOpenNI.so;libusb::libusb)
[7.443s] -- OpenNI2 found (version: 2.2.0.33, include: /usr/include/openni2, lib: /usr/lib/x86_64-linux-gnu/libOpenNI2.so;libusb::libusb)
[7.849s] -- Found Qhull version 8.0.2
[8.163s] -- OpenNI found (version: 1.5.4.0, include: /usr/include/ni, lib: /usr/lib/libOpenNI.so;libusb::libusb)
[8.335s] -- Found PCL_COMMON: /usr/lib/x86_64-linux-gnu/libpcl_common.so  
[8.338s] -- Found PCL_KDTREE: /usr/lib/x86_64-linux-gnu/libpcl_kdtree.so  
[8.341s] -- Found PCL_OCTREE: /usr/lib/x86_64-linux-gnu/libpcl_octree.so  
[8.344s] -- Found PCL_SEARCH: /usr/lib/x86_64-linux-gnu/libpcl_search.so  
[8.346s] -- Found PCL_SAMPLE_CONSENSUS: /usr/lib/x86_64-linux-gnu/libpcl_sample_consensus.so  
[8.349s] -- Found PCL_FILTERS: /usr/lib/x86_64-linux-gnu/libpcl_filters.so  
[8.350s] -- Found PCL_2D: /usr/include/pcl-1.12  
[8.351s] -- Found PCL_GEOMETRY: /usr/include/pcl-1.12  
[8.355s] -- Found PCL_IO: /usr/lib/x86_64-linux-gnu/libpcl_io.so  
[8.357s] -- Found PCL_FEATURES: /usr/lib/x86_64-linux-gnu/libpcl_features.so  
[8.359s] -- Found PCL_ML: /usr/lib/x86_64-linux-gnu/libpcl_ml.so  
[8.362s] -- Found PCL_SEGMENTATION: /usr/lib/x86_64-linux-gnu/libpcl_segmentation.so  
[8.366s] -- Found PCL_VISUALIZATION: /usr/lib/x86_64-linux-gnu/libpcl_visualization.so  
[8.370s] -- Found PCL_SURFACE: /usr/lib/x86_64-linux-gnu/libpcl_surface.so  
[8.373s] -- Found PCL_REGISTRATION: /usr/lib/x86_64-linux-gnu/libpcl_registration.so  
[8.377s] -- Found PCL_KEYPOINTS: /usr/lib/x86_64-linux-gnu/libpcl_keypoints.so  
[8.380s] -- Found PCL_TRACKING: /usr/lib/x86_64-linux-gnu/libpcl_tracking.so  
[8.382s] -- Found PCL_RECOGNITION: /usr/lib/x86_64-linux-gnu/libpcl_recognition.so  
[8.384s] -- Found PCL_STEREO: /usr/lib/x86_64-linux-gnu/libpcl_stereo.so  
[8.386s] -- Found PCL_APPS: /usr/lib/x86_64-linux-gnu/libpcl_apps.so  
[8.388s] -- Found PCL_IN_HAND_SCANNER: /usr/include/pcl-1.12  
[8.388s] -- Found PCL_MODELER: /usr/include/pcl-1.12  
[8.389s] -- Found PCL_POINT_CLOUD_EDITOR: /usr/include/pcl-1.12  
[8.391s] -- Found PCL_OUTOFCORE: /usr/lib/x86_64-linux-gnu/libpcl_outofcore.so  
[8.392s] -- Found PCL_PEOPLE: /usr/lib/x86_64-linux-gnu/libpcl_people.so  
[8.666s] -- Configuring done
[8.768s] -- Generating done
[8.773s] -- Build files have been written to: /home/mechax/ylh/sentry_vision/build/linefit_ground_segmentation_ros
[8.821s] Invoked command in '/home/mechax/ylh/sentry_vision/build/linefit_ground_segmentation_ros' returned '0': AMENT_PREFIX_PATH=/home/mechax/ylh/sentry_vision/install/linefit_ground_segmentation:${AMENT_PREFIX_PATH} CMAKE_PREFIX_PATH=/home/mechax/ylh/sentry_vision/install/linefit_ground_segmentation:/opt/ros/humble LD_LIBRARY_PATH=/home/mechax/ylh/sentry_vision/install/linefit_ground_segmentation/lib:${LD_LIBRARY_PATH} /usr/bin/cmake /home/mechax/ylh/sentry_vision/src/rm_perception/linefit_ground_segementation_ros2/linefit_ground_segmentation_ros -DCMAKE_EXPORT_COMPILE_COMMANDS=ON -DCMAKE_INSTALL_PREFIX=/home/mechax/ylh/sentry_vision/install/linefit_ground_segmentation_ros
[8.824s] Invoking command in '/home/mechax/ylh/sentry_vision/build/linefit_ground_segmentation_ros': AMENT_PREFIX_PATH=/home/mechax/ylh/sentry_vision/install/linefit_ground_segmentation:${AMENT_PREFIX_PATH} CMAKE_PREFIX_PATH=/home/mechax/ylh/sentry_vision/install/linefit_ground_segmentation:/opt/ros/humble LD_LIBRARY_PATH=/home/mechax/ylh/sentry_vision/install/linefit_ground_segmentation/lib:${LD_LIBRARY_PATH} /usr/bin/cmake --build /home/mechax/ylh/sentry_vision/build/linefit_ground_segmentation_ros -- -j16 -l16
[8.901s] [ 25%] [32mBuilding CXX object CMakeFiles/ground_segmentation_node.dir/src/ground_segmentation_node.cc.o[0m
[28.775s] [ 50%] [32m[1mLinking CXX executable ground_segmentation_node[0m
[29.806s] [ 50%] Built target ground_segmentation_node
[29.823s] [ 75%] [32mBuilding CXX object CMakeFiles/ground_segmentation_test_node.dir/src/ground_segmentation_test_node.cc.o[0m
[46.275s] [100%] [32m[1mLinking CXX executable ground_segmentation_test_node[0m
[48.097s] [100%] Built target ground_segmentation_test_node
[48.121s] Invoked command in '/home/mechax/ylh/sentry_vision/build/linefit_ground_segmentation_ros' returned '0': AMENT_PREFIX_PATH=/home/mechax/ylh/sentry_vision/install/linefit_ground_segmentation:${AMENT_PREFIX_PATH} CMAKE_PREFIX_PATH=/home/mechax/ylh/sentry_vision/install/linefit_ground_segmentation:/opt/ros/humble LD_LIBRARY_PATH=/home/mechax/ylh/sentry_vision/install/linefit_ground_segmentation/lib:${LD_LIBRARY_PATH} /usr/bin/cmake --build /home/mechax/ylh/sentry_vision/build/linefit_ground_segmentation_ros -- -j16 -l16
[48.241s] Invoking command in '/home/mechax/ylh/sentry_vision/build/linefit_ground_segmentation_ros': AMENT_PREFIX_PATH=/home/mechax/ylh/sentry_vision/install/linefit_ground_segmentation:${AMENT_PREFIX_PATH} CMAKE_PREFIX_PATH=/home/mechax/ylh/sentry_vision/install/linefit_ground_segmentation:/opt/ros/humble LD_LIBRARY_PATH=/home/mechax/ylh/sentry_vision/install/linefit_ground_segmentation/lib:${LD_LIBRARY_PATH} /usr/bin/cmake --install /home/mechax/ylh/sentry_vision/build/linefit_ground_segmentation_ros
[48.260s] -- Install configuration: ""
[48.261s] -- Installing: /home/mechax/ylh/sentry_vision/install/linefit_ground_segmentation_ros/lib/linefit_ground_segmentation_ros/ground_segmentation_node
[48.261s] -- Set runtime path of "/home/mechax/ylh/sentry_vision/install/linefit_ground_segmentation_ros/lib/linefit_ground_segmentation_ros/ground_segmentation_node" to ""
[48.261s] -- Installing: /home/mechax/ylh/sentry_vision/install/linefit_ground_segmentation_ros/lib/linefit_ground_segmentation_ros/ground_segmentation_test_node
[48.261s] -- Set runtime path of "/home/mechax/ylh/sentry_vision/install/linefit_ground_segmentation_ros/lib/linefit_ground_segmentation_ros/ground_segmentation_test_node" to ""
[48.261s] -- Installing: /home/mechax/ylh/sentry_vision/install/linefit_ground_segmentation_ros/share/linefit_ground_segmentation_ros/launch
[48.261s] -- Installing: /home/mechax/ylh/sentry_vision/install/linefit_ground_segmentation_ros/share/linefit_ground_segmentation_ros/launch/sudo apt-get remove ros-iron-gazebo-*.dockerfile
[48.261s] -- Installing: /home/mechax/ylh/sentry_vision/install/linefit_ground_segmentation_ros/share/linefit_ground_segmentation_ros/launch/segmentation.launch.py
[48.261s] -- Installing: /home/mechax/ylh/sentry_vision/install/linefit_ground_segmentation_ros/share/linefit_ground_segmentation_ros/launch/test.launch.py
[48.262s] -- Installing: /home/mechax/ylh/sentry_vision/install/linefit_ground_segmentation_ros/share/linefit_ground_segmentation_ros/launch/segmentation_params.yaml
[48.262s] -- Installing: /home/mechax/ylh/sentry_vision/install/linefit_ground_segmentation_ros/share/ament_index/resource_index/package_run_dependencies/linefit_ground_segmentation_ros
[48.262s] -- Installing: /home/mechax/ylh/sentry_vision/install/linefit_ground_segmentation_ros/share/ament_index/resource_index/parent_prefix_path/linefit_ground_segmentation_ros
[48.262s] -- Installing: /home/mechax/ylh/sentry_vision/install/linefit_ground_segmentation_ros/share/linefit_ground_segmentation_ros/environment/ament_prefix_path.sh
[48.262s] -- Installing: /home/mechax/ylh/sentry_vision/install/linefit_ground_segmentation_ros/share/linefit_ground_segmentation_ros/environment/ament_prefix_path.dsv
[48.262s] -- Installing: /home/mechax/ylh/sentry_vision/install/linefit_ground_segmentation_ros/share/linefit_ground_segmentation_ros/environment/path.sh
[48.262s] -- Installing: /home/mechax/ylh/sentry_vision/install/linefit_ground_segmentation_ros/share/linefit_ground_segmentation_ros/environment/path.dsv
[48.262s] -- Installing: /home/mechax/ylh/sentry_vision/install/linefit_ground_segmentation_ros/share/linefit_ground_segmentation_ros/local_setup.bash
[48.262s] -- Installing: /home/mechax/ylh/sentry_vision/install/linefit_ground_segmentation_ros/share/linefit_ground_segmentation_ros/local_setup.sh
[48.263s] -- Installing: /home/mechax/ylh/sentry_vision/install/linefit_ground_segmentation_ros/share/linefit_ground_segmentation_ros/local_setup.zsh
[48.263s] -- Installing: /home/mechax/ylh/sentry_vision/install/linefit_ground_segmentation_ros/share/linefit_ground_segmentation_ros/local_setup.dsv
[48.263s] -- Installing: /home/mechax/ylh/sentry_vision/install/linefit_ground_segmentation_ros/share/linefit_ground_segmentation_ros/package.dsv
[48.263s] -- Installing: /home/mechax/ylh/sentry_vision/install/linefit_ground_segmentation_ros/share/ament_index/resource_index/packages/linefit_ground_segmentation_ros
[48.263s] -- Installing: /home/mechax/ylh/sentry_vision/install/linefit_ground_segmentation_ros/share/linefit_ground_segmentation_ros/cmake/ament_cmake_export_dependencies-extras.cmake
[48.263s] -- Installing: /home/mechax/ylh/sentry_vision/install/linefit_ground_segmentation_ros/share/linefit_ground_segmentation_ros/cmake/linefit_ground_segmentation_rosConfig.cmake
[48.263s] -- Installing: /home/mechax/ylh/sentry_vision/install/linefit_ground_segmentation_ros/share/linefit_ground_segmentation_ros/cmake/linefit_ground_segmentation_rosConfig-version.cmake
[48.263s] -- Installing: /home/mechax/ylh/sentry_vision/install/linefit_ground_segmentation_ros/share/linefit_ground_segmentation_ros/package.xml
[48.280s] Invoked command in '/home/mechax/ylh/sentry_vision/build/linefit_ground_segmentation_ros' returned '0': AMENT_PREFIX_PATH=/home/mechax/ylh/sentry_vision/install/linefit_ground_segmentation:${AMENT_PREFIX_PATH} CMAKE_PREFIX_PATH=/home/mechax/ylh/sentry_vision/install/linefit_ground_segmentation:/opt/ros/humble LD_LIBRARY_PATH=/home/mechax/ylh/sentry_vision/install/linefit_ground_segmentation/lib:${LD_LIBRARY_PATH} /usr/bin/cmake --install /home/mechax/ylh/sentry_vision/build/linefit_ground_segmentation_ros
