[0.140s] Invoking command in '/home/mechax/ylh/sentry_vision/build/pointcloud_to_laserscan': CMAKE_PREFIX_PATH=/opt/ros/humble /usr/bin/cmake /home/mechax/ylh/sentry_vision/src/rm_perception/pointcloud_to_laserscan -DCMAKE_EXPORT_COMPILE_COMMANDS=ON -DCMAKE_INSTALL_PREFIX=/home/mechax/ylh/sentry_vision/install/pointcloud_to_laserscan
[0.225s] -- The C compiler identification is GNU 11.4.0
[0.326s] -- The CXX compiler identification is GNU 11.4.0
[0.334s] -- Detecting C compiler ABI info
[0.435s] -- Detecting C compiler ABI info - done
[0.442s] -- Check for working C compiler: /usr/bin/cc - skipped
[0.443s] -- Detecting C compile features
[0.443s] -- Detecting C compile features - done
[0.446s] -- Detecting CXX compiler ABI info
[0.556s] -- Detecting CXX compiler ABI info - done
[0.570s] -- Check for working CXX compiler: /usr/bin/c++ - skipped
[0.571s] -- Detecting CXX compile features
[0.571s] -- Detecting CXX compile features - done
[0.571s] -- Found ament_cmake_auto: 1.3.6 (/opt/ros/humble/share/ament_cmake_auto/cmake)
[1.309s] -- Found Python3: /usr/bin/python3.10 (found version "3.10.12") found components: Interpreter 
[1.653s] -- Found rosidl_generator_c: 3.1.5 (/opt/ros/humble/share/rosidl_generator_c/cmake)
[1.658s] -- Found rosidl_adapter: 3.1.5 (/opt/ros/humble/share/rosidl_adapter/cmake)
[1.666s] -- Found rosidl_generator_cpp: 3.1.5 (/opt/ros/humble/share/rosidl_generator_cpp/cmake)
[1.676s] -- Using all available rosidl_typesupport_c: rosidl_typesupport_fastrtps_c;rosidl_typesupport_introspection_c
[1.690s] -- Using all available rosidl_typesupport_cpp: rosidl_typesupport_fastrtps_cpp;rosidl_typesupport_introspection_cpp
[1.737s] -- Found rmw_implementation_cmake: 6.1.1 (/opt/ros/humble/share/rmw_implementation_cmake/cmake)
[1.739s] -- Found rmw_fastrtps_cpp: 6.2.5 (/opt/ros/humble/share/rmw_fastrtps_cpp/cmake)
[1.837s] -- Found OpenSSL: /usr/lib/x86_64-linux-gnu/libcrypto.so (found version "3.0.2")  
[1.875s] -- Found FastRTPS: /opt/ros/humble/include  
[1.955s] -- Using RMW implementation 'rmw_fastrtps_cpp' as default
[1.957s] -- Looking for pthread.h
[2.075s] -- Looking for pthread.h - found
[2.075s] -- Performing Test CMAKE_HAVE_LIBC_PTHREAD
[2.252s] -- Performing Test CMAKE_HAVE_LIBC_PTHREAD - Success
[2.254s] -- Found Threads: TRUE  
[5.614s] -- Found ament_lint_auto: 0.12.9 (/opt/ros/humble/share/ament_lint_auto/cmake)
[5.654s] -- Added test 'cppcheck' to perform static code analysis on C / C++ code
[5.655s] -- Configured cppcheck include dirs: /home/mechax/ylh/sentry_vision/src/rm_perception/pointcloud_to_laserscan/include
[5.655s] -- Configured cppcheck exclude dirs and/or files: 
[5.659s] -- Added test 'cpplint' to check C / C++ code against the Google style
[5.659s] -- Configured cpplint exclude dirs and/or files: 
[5.659s] -- Added test 'flake8' to check Python code syntax and style conventions
[5.661s] -- Added test 'lint_cmake' to check CMake code style
[5.664s] -- Added test 'pep257' to check Python code against some of the docstring style conventions in PEP 257
[5.668s] -- Added test 'uncrustify' to check C / C++ code style
[5.668s] -- Configured uncrustify additional arguments: 
[5.672s] -- Added test 'xmllint' to check XML markup files
[5.677s] -- Configuring done
[5.823s] -- Generating done
[5.832s] -- Build files have been written to: /home/mechax/ylh/sentry_vision/build/pointcloud_to_laserscan
[6.264s] Invoked command in '/home/mechax/ylh/sentry_vision/build/pointcloud_to_laserscan' returned '0': CMAKE_PREFIX_PATH=/opt/ros/humble /usr/bin/cmake /home/mechax/ylh/sentry_vision/src/rm_perception/pointcloud_to_laserscan -DCMAKE_EXPORT_COMPILE_COMMANDS=ON -DCMAKE_INSTALL_PREFIX=/home/mechax/ylh/sentry_vision/install/pointcloud_to_laserscan
[6.266s] Invoking command in '/home/mechax/ylh/sentry_vision/build/pointcloud_to_laserscan': CMAKE_PREFIX_PATH=/opt/ros/humble /usr/bin/cmake --build /home/mechax/ylh/sentry_vision/build/pointcloud_to_laserscan -- -j16 -l16
[6.653s] [ 10%] [32mBuilding CXX object CMakeFiles/laserscan_to_pointcloud.dir/src/laserscan_to_pointcloud_node.cpp.o[0m
[6.700s] [ 20%] [32mBuilding CXX object CMakeFiles/laserscan_to_pointcloud_node.dir/rclcpp_components/node_main_laserscan_to_pointcloud_node.cpp.o[0m
[6.718s] [ 30%] [32mBuilding CXX object CMakeFiles/pointcloud_to_laserscan_node.dir/rclcpp_components/node_main_pointcloud_to_laserscan_node.cpp.o[0m
[22.651s] [ 40%] [32m[1mLinking CXX executable pointcloud_to_laserscan_node[0m
[22.970s] [ 40%] Built target pointcloud_to_laserscan_node
[26.810s] [ 50%] [32m[1mLinking CXX executable laserscan_to_pointcloud_node[0m
[27.428s] [ 50%] Built target laserscan_to_pointcloud_node
[47.337s] [ 60%] [32m[1mLinking CXX shared library liblaserscan_to_pointcloud.so[0m
[47.651s] [ 60%] Built target laserscan_to_pointcloud
[47.689s] [ 70%] [32mBuilding CXX object CMakeFiles/pointcloud_to_laserscan.dir/src/pointcloud_to_laserscan_node.cpp.o[0m
[70.503s] [ 80%] [32m[1mLinking CXX shared library libpointcloud_to_laserscan.so[0m
[70.847s] [ 80%] Built target pointcloud_to_laserscan
[70.889s] [ 90%] [32mBuilding CXX object CMakeFiles/dummy_pointcloud_publisher.dir/src/dummy_pointcloud_publisher.cpp.o[0m
[79.247s] [100%] [32m[1mLinking CXX executable dummy_pointcloud_publisher[0m
[79.578s] [100%] Built target dummy_pointcloud_publisher
[79.721s] Invoked command in '/home/mechax/ylh/sentry_vision/build/pointcloud_to_laserscan' returned '0': CMAKE_PREFIX_PATH=/opt/ros/humble /usr/bin/cmake --build /home/mechax/ylh/sentry_vision/build/pointcloud_to_laserscan -- -j16 -l16
[79.851s] Invoking command in '/home/mechax/ylh/sentry_vision/build/pointcloud_to_laserscan': CMAKE_PREFIX_PATH=/opt/ros/humble /usr/bin/cmake --install /home/mechax/ylh/sentry_vision/build/pointcloud_to_laserscan
[79.869s] -- Install configuration: ""
[79.869s] -- Installing: /home/mechax/ylh/sentry_vision/install/pointcloud_to_laserscan/lib/pointcloud_to_laserscan/laserscan_to_pointcloud_node
[79.870s] -- Set runtime path of "/home/mechax/ylh/sentry_vision/install/pointcloud_to_laserscan/lib/pointcloud_to_laserscan/laserscan_to_pointcloud_node" to ""
[79.870s] -- Installing: /home/mechax/ylh/sentry_vision/install/pointcloud_to_laserscan/lib/pointcloud_to_laserscan/pointcloud_to_laserscan_node
[79.871s] -- Set runtime path of "/home/mechax/ylh/sentry_vision/install/pointcloud_to_laserscan/lib/pointcloud_to_laserscan/pointcloud_to_laserscan_node" to ""
[79.871s] -- Installing: /home/mechax/ylh/sentry_vision/install/pointcloud_to_laserscan/include
[79.871s] -- Installing: /home/mechax/ylh/sentry_vision/install/pointcloud_to_laserscan/include/pointcloud_to_laserscan
[79.871s] -- Installing: /home/mechax/ylh/sentry_vision/install/pointcloud_to_laserscan/include/pointcloud_to_laserscan/visibility_control.h
[79.871s] -- Installing: /home/mechax/ylh/sentry_vision/install/pointcloud_to_laserscan/include/pointcloud_to_laserscan/laserscan_to_pointcloud_node.hpp
[79.871s] -- Installing: /home/mechax/ylh/sentry_vision/install/pointcloud_to_laserscan/include/pointcloud_to_laserscan/pointcloud_to_laserscan_node.hpp
[79.872s] -- Installing: /home/mechax/ylh/sentry_vision/install/pointcloud_to_laserscan/share/pointcloud_to_laserscan/environment/library_path.sh
[79.872s] -- Installing: /home/mechax/ylh/sentry_vision/install/pointcloud_to_laserscan/share/pointcloud_to_laserscan/environment/library_path.dsv
[79.873s] -- Installing: /home/mechax/ylh/sentry_vision/install/pointcloud_to_laserscan/lib/liblaserscan_to_pointcloud.so
[79.875s] -- Set runtime path of "/home/mechax/ylh/sentry_vision/install/pointcloud_to_laserscan/lib/liblaserscan_to_pointcloud.so" to ""
[79.876s] -- Installing: /home/mechax/ylh/sentry_vision/install/pointcloud_to_laserscan/lib/libpointcloud_to_laserscan.so
[79.878s] -- Set runtime path of "/home/mechax/ylh/sentry_vision/install/pointcloud_to_laserscan/lib/libpointcloud_to_laserscan.so" to ""
[79.879s] -- Installing: /home/mechax/ylh/sentry_vision/install/pointcloud_to_laserscan/lib/pointcloud_to_laserscan/dummy_pointcloud_publisher
[79.879s] -- Set runtime path of "/home/mechax/ylh/sentry_vision/install/pointcloud_to_laserscan/lib/pointcloud_to_laserscan/dummy_pointcloud_publisher" to ""
[79.879s] -- Installing: /home/mechax/ylh/sentry_vision/install/pointcloud_to_laserscan/share/pointcloud_to_laserscan/launch
[79.879s] -- Installing: /home/mechax/ylh/sentry_vision/install/pointcloud_to_laserscan/share/pointcloud_to_laserscan/launch/sample_laserscan_to_pointcloud_launch.py
[79.880s] -- Installing: /home/mechax/ylh/sentry_vision/install/pointcloud_to_laserscan/share/pointcloud_to_laserscan/launch/pointcloud_to_laserscan_launch.py
[79.880s] -- Installing: /home/mechax/ylh/sentry_vision/install/pointcloud_to_laserscan/share/pointcloud_to_laserscan/launch/sample_pointcloud_to_laserscan_launch.py
[79.880s] -- Installing: /home/mechax/ylh/sentry_vision/install/pointcloud_to_laserscan/share/ament_index/resource_index/package_run_dependencies/pointcloud_to_laserscan
[79.880s] -- Installing: /home/mechax/ylh/sentry_vision/install/pointcloud_to_laserscan/share/ament_index/resource_index/parent_prefix_path/pointcloud_to_laserscan
[79.881s] -- Installing: /home/mechax/ylh/sentry_vision/install/pointcloud_to_laserscan/share/pointcloud_to_laserscan/environment/ament_prefix_path.sh
[79.881s] -- Installing: /home/mechax/ylh/sentry_vision/install/pointcloud_to_laserscan/share/pointcloud_to_laserscan/environment/ament_prefix_path.dsv
[79.881s] -- Installing: /home/mechax/ylh/sentry_vision/install/pointcloud_to_laserscan/share/pointcloud_to_laserscan/environment/path.sh
[79.881s] -- Installing: /home/mechax/ylh/sentry_vision/install/pointcloud_to_laserscan/share/pointcloud_to_laserscan/environment/path.dsv
[79.881s] -- Installing: /home/mechax/ylh/sentry_vision/install/pointcloud_to_laserscan/share/pointcloud_to_laserscan/local_setup.bash
[79.881s] -- Installing: /home/mechax/ylh/sentry_vision/install/pointcloud_to_laserscan/share/pointcloud_to_laserscan/local_setup.sh
[79.882s] -- Installing: /home/mechax/ylh/sentry_vision/install/pointcloud_to_laserscan/share/pointcloud_to_laserscan/local_setup.zsh
[79.882s] -- Installing: /home/mechax/ylh/sentry_vision/install/pointcloud_to_laserscan/share/pointcloud_to_laserscan/local_setup.dsv
[79.882s] -- Installing: /home/mechax/ylh/sentry_vision/install/pointcloud_to_laserscan/share/pointcloud_to_laserscan/package.dsv
[79.882s] -- Installing: /home/mechax/ylh/sentry_vision/install/pointcloud_to_laserscan/share/ament_index/resource_index/packages/pointcloud_to_laserscan
[79.882s] -- Installing: /home/mechax/ylh/sentry_vision/install/pointcloud_to_laserscan/share/ament_index/resource_index/rclcpp_components/pointcloud_to_laserscan
[79.883s] -- Installing: /home/mechax/ylh/sentry_vision/install/pointcloud_to_laserscan/share/pointcloud_to_laserscan/cmake/ament_cmake_export_dependencies-extras.cmake
[79.883s] -- Installing: /home/mechax/ylh/sentry_vision/install/pointcloud_to_laserscan/share/pointcloud_to_laserscan/cmake/ament_cmake_export_include_directories-extras.cmake
[79.883s] -- Installing: /home/mechax/ylh/sentry_vision/install/pointcloud_to_laserscan/share/pointcloud_to_laserscan/cmake/ament_cmake_export_libraries-extras.cmake
[79.883s] -- Installing: /home/mechax/ylh/sentry_vision/install/pointcloud_to_laserscan/share/pointcloud_to_laserscan/cmake/pointcloud_to_laserscanConfig.cmake
[79.883s] -- Installing: /home/mechax/ylh/sentry_vision/install/pointcloud_to_laserscan/share/pointcloud_to_laserscan/cmake/pointcloud_to_laserscanConfig-version.cmake
[79.883s] -- Installing: /home/mechax/ylh/sentry_vision/install/pointcloud_to_laserscan/share/pointcloud_to_laserscan/package.xml
[79.893s] Invoked command in '/home/mechax/ylh/sentry_vision/build/pointcloud_to_laserscan' returned '0': CMAKE_PREFIX_PATH=/opt/ros/humble /usr/bin/cmake --install /home/mechax/ylh/sentry_vision/build/pointcloud_to_laserscan
