[0.182s] Invoking command in '/home/mechax/ylh/sentry_vision/build/armor_detector': AMENT_PREFIX_PATH=/home/mechax/ylh/sentry_vision/install/auto_aim_interfaces:${AMENT_PREFIX_PATH} CMAKE_PREFIX_PATH=/home/mechax/ylh/sentry_vision/install/auto_aim_interfaces:/opt/ros/humble LD_LIBRARY_PATH=/home/mechax/ylh/sentry_vision/install/auto_aim_interfaces/lib:${LD_LIBRARY_PATH} PYTHONPATH=/home/mechax/ylh/sentry_vision/install/auto_aim_interfaces/local/lib/python3.10/dist-packages:${PYTHONPATH} /usr/bin/cmake --build /home/mechax/ylh/sentry_vision/build/armor_detector -- -j16 -l16
[0.213s] [35m[1mConsolidate compiler generated dependencies of target armor_detector[0m
[0.216s] [35m[1mConsolidate compiler generated dependencies of target gtest_main[0m
[0.217s] [35m[1mConsolidate compiler generated dependencies of target gtest[0m
[0.217s] [35m[1mConsolidate compiler generated dependencies of target armor_detector_node[0m
[0.234s] [ 20%] Built target gtest_main
[0.234s] [ 26%] Built target armor_detector_node
[0.235s] [ 40%] Built target gtest
[0.238s] [ 73%] Built target armor_detector
[0.247s] [35m[1mConsolidate compiler generated dependencies of target test_node_startup[0m
[0.247s] [35m[1mConsolidate compiler generated dependencies of target test_number_cls[0m
[0.259s] [ 86%] Built target test_number_cls
[0.261s] [100%] Built target test_node_startup
[0.278s] Invoked command in '/home/mechax/ylh/sentry_vision/build/armor_detector' returned '0': AMENT_PREFIX_PATH=/home/mechax/ylh/sentry_vision/install/auto_aim_interfaces:${AMENT_PREFIX_PATH} CMAKE_PREFIX_PATH=/home/mechax/ylh/sentry_vision/install/auto_aim_interfaces:/opt/ros/humble LD_LIBRARY_PATH=/home/mechax/ylh/sentry_vision/install/auto_aim_interfaces/lib:${LD_LIBRARY_PATH} PYTHONPATH=/home/mechax/ylh/sentry_vision/install/auto_aim_interfaces/local/lib/python3.10/dist-packages:${PYTHONPATH} /usr/bin/cmake --build /home/mechax/ylh/sentry_vision/build/armor_detector -- -j16 -l16
[0.347s] Invoking command in '/home/mechax/ylh/sentry_vision/build/armor_detector': AMENT_PREFIX_PATH=/home/mechax/ylh/sentry_vision/install/auto_aim_interfaces:${AMENT_PREFIX_PATH} CMAKE_PREFIX_PATH=/home/mechax/ylh/sentry_vision/install/auto_aim_interfaces:/opt/ros/humble LD_LIBRARY_PATH=/home/mechax/ylh/sentry_vision/install/auto_aim_interfaces/lib:${LD_LIBRARY_PATH} PYTHONPATH=/home/mechax/ylh/sentry_vision/install/auto_aim_interfaces/local/lib/python3.10/dist-packages:${PYTHONPATH} /usr/bin/cmake --install /home/mechax/ylh/sentry_vision/build/armor_detector
[0.358s] -- Install configuration: ""
[0.358s] -- Up-to-date: /home/mechax/ylh/sentry_vision/install/armor_detector/lib/armor_detector/armor_detector_node
[0.358s] -- Up-to-date: /home/mechax/ylh/sentry_vision/install/armor_detector/include
[0.358s] -- Up-to-date: /home/mechax/ylh/sentry_vision/install/armor_detector/include/armor_detector
[0.358s] -- Up-to-date: /home/mechax/ylh/sentry_vision/install/armor_detector/include/armor_detector/armor.hpp
[0.358s] -- Up-to-date: /home/mechax/ylh/sentry_vision/install/armor_detector/include/armor_detector/detector.hpp
[0.358s] -- Up-to-date: /home/mechax/ylh/sentry_vision/install/armor_detector/include/armor_detector/pnp_solver.hpp
[0.358s] -- Up-to-date: /home/mechax/ylh/sentry_vision/install/armor_detector/include/armor_detector/number_classifier.hpp
[0.358s] -- Up-to-date: /home/mechax/ylh/sentry_vision/install/armor_detector/include/armor_detector/detector_node.hpp
[0.358s] -- Up-to-date: /home/mechax/ylh/sentry_vision/install/armor_detector/share/armor_detector/environment/library_path.sh
[0.358s] -- Up-to-date: /home/mechax/ylh/sentry_vision/install/armor_detector/share/armor_detector/environment/library_path.dsv
[0.359s] -- Up-to-date: /home/mechax/ylh/sentry_vision/install/armor_detector/lib/libarmor_detector.so
[0.359s] -- Up-to-date: /home/mechax/ylh/sentry_vision/install/armor_detector/share/armor_detector/model
[0.359s] -- Up-to-date: /home/mechax/ylh/sentry_vision/install/armor_detector/share/armor_detector/model/mlp.onnx
[0.359s] -- Up-to-date: /home/mechax/ylh/sentry_vision/install/armor_detector/share/armor_detector/model/label.txt
[0.359s] -- Up-to-date: /home/mechax/ylh/sentry_vision/install/armor_detector/share/ament_index/resource_index/package_run_dependencies/armor_detector
[0.359s] -- Up-to-date: /home/mechax/ylh/sentry_vision/install/armor_detector/share/ament_index/resource_index/parent_prefix_path/armor_detector
[0.359s] -- Up-to-date: /home/mechax/ylh/sentry_vision/install/armor_detector/share/armor_detector/environment/ament_prefix_path.sh
[0.359s] -- Up-to-date: /home/mechax/ylh/sentry_vision/install/armor_detector/share/armor_detector/environment/ament_prefix_path.dsv
[0.359s] -- Up-to-date: /home/mechax/ylh/sentry_vision/install/armor_detector/share/armor_detector/environment/path.sh
[0.359s] -- Up-to-date: /home/mechax/ylh/sentry_vision/install/armor_detector/share/armor_detector/environment/path.dsv
[0.359s] -- Up-to-date: /home/mechax/ylh/sentry_vision/install/armor_detector/share/armor_detector/local_setup.bash
[0.359s] -- Up-to-date: /home/mechax/ylh/sentry_vision/install/armor_detector/share/armor_detector/local_setup.sh
[0.359s] -- Up-to-date: /home/mechax/ylh/sentry_vision/install/armor_detector/share/armor_detector/local_setup.zsh
[0.359s] -- Up-to-date: /home/mechax/ylh/sentry_vision/install/armor_detector/share/armor_detector/local_setup.dsv
[0.359s] -- Installing: /home/mechax/ylh/sentry_vision/install/armor_detector/share/armor_detector/package.dsv
[0.359s] -- Up-to-date: /home/mechax/ylh/sentry_vision/install/armor_detector/share/ament_index/resource_index/packages/armor_detector
[0.359s] -- Up-to-date: /home/mechax/ylh/sentry_vision/install/armor_detector/share/ament_index/resource_index/rclcpp_components/armor_detector
[0.359s] -- Up-to-date: /home/mechax/ylh/sentry_vision/install/armor_detector/share/armor_detector/cmake/ament_cmake_export_dependencies-extras.cmake
[0.359s] -- Up-to-date: /home/mechax/ylh/sentry_vision/install/armor_detector/share/armor_detector/cmake/ament_cmake_export_include_directories-extras.cmake
[0.359s] -- Up-to-date: /home/mechax/ylh/sentry_vision/install/armor_detector/share/armor_detector/cmake/ament_cmake_export_libraries-extras.cmake
[0.359s] -- Up-to-date: /home/mechax/ylh/sentry_vision/install/armor_detector/share/armor_detector/cmake/armor_detectorConfig.cmake
[0.359s] -- Up-to-date: /home/mechax/ylh/sentry_vision/install/armor_detector/share/armor_detector/cmake/armor_detectorConfig-version.cmake
[0.359s] -- Up-to-date: /home/mechax/ylh/sentry_vision/install/armor_detector/share/armor_detector/package.xml
[0.454s] Invoked command in '/home/mechax/ylh/sentry_vision/build/armor_detector' returned '0': AMENT_PREFIX_PATH=/home/mechax/ylh/sentry_vision/install/auto_aim_interfaces:${AMENT_PREFIX_PATH} CMAKE_PREFIX_PATH=/home/mechax/ylh/sentry_vision/install/auto_aim_interfaces:/opt/ros/humble LD_LIBRARY_PATH=/home/mechax/ylh/sentry_vision/install/auto_aim_interfaces/lib:${LD_LIBRARY_PATH} PYTHONPATH=/home/mechax/ylh/sentry_vision/install/auto_aim_interfaces/local/lib/python3.10/dist-packages:${PYTHONPATH} /usr/bin/cmake --install /home/mechax/ylh/sentry_vision/build/armor_detector
