-- Install configuration: ""
-- Up-to-date: /home/mechax/ylh/sentry_vision/install/rm_bringup/share/rm_bringup/src
-- Up-to-date: /home/mechax/ylh/sentry_vision/install/rm_bringup/share/rm_bringup/src/urdf
-- Up-to-date: /home/mechax/ylh/sentry_vision/install/rm_bringup/share/rm_bringup/src/urdf/shaobing.urdf
-- Up-to-date: /home/mechax/ylh/sentry_vision/install/rm_bringup/share/rm_bringup/src/urdf/test.urdf
-- Up-to-date: /home/mechax/ylh/sentry_vision/install/rm_bringup/share/rm_bringup/src/urdf/waking_robot.xacro
-- Up-to-date: /home/mechax/ylh/sentry_vision/install/rm_bringup/share/rm_bringup/launch
-- Up-to-date: /home/mechax/ylh/sentry_vision/install/rm_bringup/share/rm_bringup/launch/bringup.launch.py
-- Up-to-date: /home/mechax/ylh/sentry_vision/install/rm_bringup/share/rm_bringup/rviz
-- Up-to-date: /home/mechax/ylh/sentry_vision/install/rm_bringup/share/rm_bringup/rviz/urdf_config.rviz
-- Up-to-date: /home/mechax/ylh/sentry_vision/install/rm_bringup/share/ament_index/resource_index/package_run_dependencies/rm_bringup
-- Up-to-date: /home/mechax/ylh/sentry_vision/install/rm_bringup/share/ament_index/resource_index/parent_prefix_path/rm_bringup
-- Up-to-date: /home/mechax/ylh/sentry_vision/install/rm_bringup/share/rm_bringup/environment/ament_prefix_path.sh
-- Up-to-date: /home/mechax/ylh/sentry_vision/install/rm_bringup/share/rm_bringup/environment/ament_prefix_path.dsv
-- Up-to-date: /home/mechax/ylh/sentry_vision/install/rm_bringup/share/rm_bringup/environment/path.sh
-- Up-to-date: /home/mechax/ylh/sentry_vision/install/rm_bringup/share/rm_bringup/environment/path.dsv
-- Up-to-date: /home/mechax/ylh/sentry_vision/install/rm_bringup/share/rm_bringup/local_setup.bash
-- Up-to-date: /home/mechax/ylh/sentry_vision/install/rm_bringup/share/rm_bringup/local_setup.sh
-- Up-to-date: /home/mechax/ylh/sentry_vision/install/rm_bringup/share/rm_bringup/local_setup.zsh
-- Up-to-date: /home/mechax/ylh/sentry_vision/install/rm_bringup/share/rm_bringup/local_setup.dsv
-- Installing: /home/mechax/ylh/sentry_vision/install/rm_bringup/share/rm_bringup/package.dsv
-- Up-to-date: /home/mechax/ylh/sentry_vision/install/rm_bringup/share/ament_index/resource_index/packages/rm_bringup
-- Up-to-date: /home/mechax/ylh/sentry_vision/install/rm_bringup/share/rm_bringup/cmake/rm_bringupConfig.cmake
-- Up-to-date: /home/mechax/ylh/sentry_vision/install/rm_bringup/share/rm_bringup/cmake/rm_bringupConfig-version.cmake
-- Up-to-date: /home/mechax/ylh/sentry_vision/install/rm_bringup/share/rm_bringup/package.xml
