[0.316s] Invoking command in '/home/mechax/ylh/sentry_vision/build/behaviortree_cpp': CMAKE_PREFIX_PATH=/opt/ros/humble /usr/bin/cmake --build /home/mechax/ylh/sentry_vision/build/behaviortree_cpp -- -j16 -l16
[0.411s] [35m[1mConsolidate compiler generated dependencies of target lexy_file[0m
[0.411s] [35m[1mConsolidate compiler generated dependencies of target gtest[0m
[0.411s] [35m[1mConsolidate compiler generated dependencies of target gtest_main[0m
[0.411s] [  1%] Built target lexy_file
[0.411s] [  3%] Built target gtest
[0.411s] [  5%] Built target gtest_main
[0.411s] [35m[1mConsolidate compiler generated dependencies of target behaviortree_cpp[0m
[0.468s] [ 36%] Built target behaviortree_cpp
[0.515s] [35m[1mConsolidate compiler generated dependencies of target dummy_nodes_dyn[0m
[0.516s] [35m[1mConsolidate compiler generated dependencies of target crossdoor_nodes_dyn[0m
[0.516s] [35m[1mConsolidate compiler generated dependencies of target bt4_log_cat[0m
[0.516s] [35m[1mConsolidate compiler generated dependencies of target movebase_node_dyn[0m
[0.516s] [35m[1mConsolidate compiler generated dependencies of target bt_sample_nodes[0m
[0.523s] [35m[1mConsolidate compiler generated dependencies of target t13_plugin_action[0m
[0.524s] [35m[1mConsolidate compiler generated dependencies of target t01_first_tree_dynamic[0m
[0.524s] [35m[1mConsolidate compiler generated dependencies of target bt4_plugin_manifest[0m
[0.535s] [ 38%] Built target dummy_nodes_dyn
[0.537s] [ 41%] Built target bt_sample_nodes
[0.540s] [ 43%] Built target movebase_node_dyn
[0.542s] [ 45%] Built target crossdoor_nodes_dyn
[0.542s] [ 46%] Built target t13_plugin_action
[0.552s] [ 48%] Built target bt4_plugin_manifest
[0.552s] [ 50%] Built target t01_first_tree_dynamic
[0.552s] [ 50%] Built target bt4_log_cat
[0.559s] [35m[1mConsolidate compiler generated dependencies of target t02_basic_ports[0m
[0.560s] [35m[1mConsolidate compiler generated dependencies of target behaviortree_cpp_test[0m
[0.562s] [35m[1mConsolidate compiler generated dependencies of target t01_first_tree_static[0m
[0.590s] [35m[1mConsolidate compiler generated dependencies of target t03_generic_ports[0m
[0.591s] [35m[1mConsolidate compiler generated dependencies of target t06_subtree_port_remapping[0m
[0.591s] [35m[1mConsolidate compiler generated dependencies of target t05_crossdoor[0m
[0.593s] [ 51%] Built target t02_basic_ports
[0.598s] [35m[1mConsolidate compiler generated dependencies of target t04_reactive_sequence[0m
[0.605s] [ 53%] Built target t01_first_tree_static
[0.613s] [35m[1mConsolidate compiler generated dependencies of target t07_load_multiple_xml[0m
[0.630s] [ 55%] Built target t03_generic_ports
[0.630s] [ 57%] Built target t05_crossdoor
[0.630s] [ 77%] Built target behaviortree_cpp_test
[0.630s] [35m[1mConsolidate compiler generated dependencies of target t08_additional_node_args[0m
[0.632s] [ 78%] Built target t04_reactive_sequence
[0.636s] [35m[1mConsolidate compiler generated dependencies of target t10_observer[0m
[0.636s] [ 79%] Built target t06_subtree_port_remapping
[0.647s] [35m[1mConsolidate compiler generated dependencies of target t09_scripting[0m
[0.657s] [35m[1mConsolidate compiler generated dependencies of target t11_replace_rules[0m
[0.657s] [ 81%] Built target t07_load_multiple_xml
[0.661s] [35m[1mConsolidate compiler generated dependencies of target t12_groot_howto[0m
[0.679s] [ 82%] Built target t08_additional_node_args
[0.679s] [35m[1mConsolidate compiler generated dependencies of target generate_log[0m
[0.691s] [ 83%] Built target t10_observer
[0.692s] [ 85%] Built target t09_scripting
[0.692s] [35m[1mConsolidate compiler generated dependencies of target ex01_wrap_legacy[0m
[0.699s] [ 87%] Built target t11_replace_rules
[0.704s] [ 88%] Built target t12_groot_howto
[0.708s] [35m[1mConsolidate compiler generated dependencies of target ex06_access_by_ptr[0m
[0.709s] [35m[1mConsolidate compiler generated dependencies of target ex02_runtime_ports[0m
[0.709s] [ 89%] Built target ex01_wrap_legacy
[0.710s] [35m[1mConsolidate compiler generated dependencies of target ex05_subtree_model[0m
[0.710s] [35m[1mConsolidate compiler generated dependencies of target ex07_blackboard_backup[0m
[0.712s] [35m[1mConsolidate compiler generated dependencies of target ex04_waypoints[0m
[0.718s] [ 90%] Built target generate_log
[0.718s] [35m[1mConsolidate compiler generated dependencies of target t13_plugin_executor[0m
[0.725s] [ 91%] Built target ex06_access_by_ptr
[0.729s] [ 93%] Built target ex07_blackboard_backup
[0.730s] [ 94%] Built target ex04_waypoints
[0.731s] [ 98%] Built target ex05_subtree_model
[0.731s] [ 98%] Built target ex02_runtime_ports
[0.736s] [100%] Built target t13_plugin_executor
[0.905s] Invoked command in '/home/mechax/ylh/sentry_vision/build/behaviortree_cpp' returned '0': CMAKE_PREFIX_PATH=/opt/ros/humble /usr/bin/cmake --build /home/mechax/ylh/sentry_vision/build/behaviortree_cpp -- -j16 -l16
[1.181s] Invoking command in '/home/mechax/ylh/sentry_vision/build/behaviortree_cpp': CMAKE_PREFIX_PATH=/opt/ros/humble /usr/bin/cmake --install /home/mechax/ylh/sentry_vision/build/behaviortree_cpp
[1.305s] -- Install configuration: "Release"
[1.306s] -- Up-to-date: /home/mechax/ylh/sentry_vision/install/behaviortree_cpp/bin/bt4_log_cat
[1.306s] -- Up-to-date: /home/mechax/ylh/sentry_vision/install/behaviortree_cpp/bin/bt4_plugin_manifest
[1.306s] -- Up-to-date: /home/mechax/ylh/sentry_vision/install/behaviortree_cpp/lib/libbehaviortree_cpp.so
[1.306s] -- Up-to-date: /home/mechax/ylh/sentry_vision/install/behaviortree_cpp/include
[1.306s] -- Up-to-date: /home/mechax/ylh/sentry_vision/install/behaviortree_cpp/include/behaviortree_cpp
[1.307s] -- Up-to-date: /home/mechax/ylh/sentry_vision/install/behaviortree_cpp/include/behaviortree_cpp/blackboard.h
[1.307s] -- Up-to-date: /home/mechax/ylh/sentry_vision/install/behaviortree_cpp/include/behaviortree_cpp/utils
[1.307s] -- Up-to-date: /home/mechax/ylh/sentry_vision/install/behaviortree_cpp/include/behaviortree_cpp/utils/strcat.hpp
[1.307s] -- Up-to-date: /home/mechax/ylh/sentry_vision/install/behaviortree_cpp/include/behaviortree_cpp/utils/convert_impl.hpp
[1.308s] -- Up-to-date: /home/mechax/ylh/sentry_vision/install/behaviortree_cpp/include/behaviortree_cpp/utils/locked_reference.hpp
[1.308s] -- Up-to-date: /home/mechax/ylh/sentry_vision/install/behaviortree_cpp/include/behaviortree_cpp/utils/safe_any.hpp
[1.308s] -- Up-to-date: /home/mechax/ylh/sentry_vision/install/behaviortree_cpp/include/behaviortree_cpp/utils/platform.hpp
[1.308s] -- Up-to-date: /home/mechax/ylh/sentry_vision/install/behaviortree_cpp/include/behaviortree_cpp/utils/signal.h
[1.308s] -- Up-to-date: /home/mechax/ylh/sentry_vision/install/behaviortree_cpp/include/behaviortree_cpp/utils/demangle_util.h
[1.309s] -- Up-to-date: /home/mechax/ylh/sentry_vision/install/behaviortree_cpp/include/behaviortree_cpp/utils/simple_string.hpp
[1.309s] -- Up-to-date: /home/mechax/ylh/sentry_vision/install/behaviortree_cpp/include/behaviortree_cpp/utils/shared_library.h
[1.309s] -- Up-to-date: /home/mechax/ylh/sentry_vision/install/behaviortree_cpp/include/behaviortree_cpp/utils/wakeup_signal.hpp
[1.309s] -- Up-to-date: /home/mechax/ylh/sentry_vision/install/behaviortree_cpp/include/behaviortree_cpp/utils/timer_queue.h
[1.310s] -- Up-to-date: /home/mechax/ylh/sentry_vision/install/behaviortree_cpp/include/behaviortree_cpp/leaf_node.h
[1.310s] -- Up-to-date: /home/mechax/ylh/sentry_vision/install/behaviortree_cpp/include/behaviortree_cpp/actions
[1.310s] -- Up-to-date: /home/mechax/ylh/sentry_vision/install/behaviortree_cpp/include/behaviortree_cpp/actions/always_failure_node.h
[1.310s] -- Up-to-date: /home/mechax/ylh/sentry_vision/install/behaviortree_cpp/include/behaviortree_cpp/actions/script_node.h
[1.311s] -- Up-to-date: /home/mechax/ylh/sentry_vision/install/behaviortree_cpp/include/behaviortree_cpp/actions/script_condition.h
[1.311s] -- Up-to-date: /home/mechax/ylh/sentry_vision/install/behaviortree_cpp/include/behaviortree_cpp/actions/always_success_node.h
[1.311s] -- Up-to-date: /home/mechax/ylh/sentry_vision/install/behaviortree_cpp/include/behaviortree_cpp/actions/pop_from_queue.hpp
[1.312s] -- Up-to-date: /home/mechax/ylh/sentry_vision/install/behaviortree_cpp/include/behaviortree_cpp/actions/test_node.h
[1.312s] -- Up-to-date: /home/mechax/ylh/sentry_vision/install/behaviortree_cpp/include/behaviortree_cpp/actions/sleep_node.h
[1.312s] -- Up-to-date: /home/mechax/ylh/sentry_vision/install/behaviortree_cpp/include/behaviortree_cpp/actions/set_blackboard_node.h
[1.313s] -- Up-to-date: /home/mechax/ylh/sentry_vision/install/behaviortree_cpp/include/behaviortree_cpp/actions/unset_blackboard_node.h
[1.313s] -- Up-to-date: /home/mechax/ylh/sentry_vision/install/behaviortree_cpp/include/behaviortree_cpp/decorator_node.h
[1.314s] -- Up-to-date: /home/mechax/ylh/sentry_vision/install/behaviortree_cpp/include/behaviortree_cpp/decorators
[1.314s] -- Up-to-date: /home/mechax/ylh/sentry_vision/install/behaviortree_cpp/include/behaviortree_cpp/decorators/repeat_node.h
[1.314s] -- Up-to-date: /home/mechax/ylh/sentry_vision/install/behaviortree_cpp/include/behaviortree_cpp/decorators/timeout_node.h
[1.315s] -- Up-to-date: /home/mechax/ylh/sentry_vision/install/behaviortree_cpp/include/behaviortree_cpp/decorators/keep_running_until_failure_node.h
[1.315s] -- Up-to-date: /home/mechax/ylh/sentry_vision/install/behaviortree_cpp/include/behaviortree_cpp/decorators/retry_node.h
[1.315s] -- Up-to-date: /home/mechax/ylh/sentry_vision/install/behaviortree_cpp/include/behaviortree_cpp/decorators/force_failure_node.h
[1.315s] -- Up-to-date: /home/mechax/ylh/sentry_vision/install/behaviortree_cpp/include/behaviortree_cpp/decorators/delay_node.h
[1.316s] -- Up-to-date: /home/mechax/ylh/sentry_vision/install/behaviortree_cpp/include/behaviortree_cpp/decorators/subtree_node.h
[1.316s] -- Up-to-date: /home/mechax/ylh/sentry_vision/install/behaviortree_cpp/include/behaviortree_cpp/decorators/script_precondition.h
[1.316s] -- Up-to-date: /home/mechax/ylh/sentry_vision/install/behaviortree_cpp/include/behaviortree_cpp/decorators/loop_node.h
[1.317s] -- Up-to-date: /home/mechax/ylh/sentry_vision/install/behaviortree_cpp/include/behaviortree_cpp/decorators/run_once_node.h
[1.317s] -- Up-to-date: /home/mechax/ylh/sentry_vision/install/behaviortree_cpp/include/behaviortree_cpp/decorators/consume_queue.h
[1.317s] -- Up-to-date: /home/mechax/ylh/sentry_vision/install/behaviortree_cpp/include/behaviortree_cpp/decorators/force_success_node.h
[1.318s] -- Up-to-date: /home/mechax/ylh/sentry_vision/install/behaviortree_cpp/include/behaviortree_cpp/decorators/inverter_node.h
[1.318s] -- Up-to-date: /home/mechax/ylh/sentry_vision/install/behaviortree_cpp/include/behaviortree_cpp/basic_types.h.orig
[1.318s] -- Up-to-date: /home/mechax/ylh/sentry_vision/install/behaviortree_cpp/include/behaviortree_cpp/bt_factory.h
[1.318s] -- Up-to-date: /home/mechax/ylh/sentry_vision/install/behaviortree_cpp/include/behaviortree_cpp/control_node.h
[1.319s] -- Up-to-date: /home/mechax/ylh/sentry_vision/install/behaviortree_cpp/include/behaviortree_cpp/xml_parsing.h
[1.320s] -- Up-to-date: /home/mechax/ylh/sentry_vision/install/behaviortree_cpp/include/behaviortree_cpp/action_node.h
[1.320s] -- Up-to-date: /home/mechax/ylh/sentry_vision/install/behaviortree_cpp/include/behaviortree_cpp/condition_node.h
[1.320s] -- Up-to-date: /home/mechax/ylh/sentry_vision/install/behaviortree_cpp/include/behaviortree_cpp/json_export.h
[1.320s] -- Up-to-date: /home/mechax/ylh/sentry_vision/install/behaviortree_cpp/include/behaviortree_cpp/loggers
[1.320s] -- Up-to-date: /home/mechax/ylh/sentry_vision/install/behaviortree_cpp/include/behaviortree_cpp/loggers/bt_minitrace_logger.h
[1.320s] -- Up-to-date: /home/mechax/ylh/sentry_vision/install/behaviortree_cpp/include/behaviortree_cpp/loggers/bt_file_logger_v2.h
[1.321s] -- Up-to-date: /home/mechax/ylh/sentry_vision/install/behaviortree_cpp/include/behaviortree_cpp/loggers/bt_observer.h
[1.321s] -- Up-to-date: /home/mechax/ylh/sentry_vision/install/behaviortree_cpp/include/behaviortree_cpp/loggers/groot2_protocol.h
[1.321s] -- Up-to-date: /home/mechax/ylh/sentry_vision/install/behaviortree_cpp/include/behaviortree_cpp/loggers/bt_sqlite_logger.h
[1.321s] -- Up-to-date: /home/mechax/ylh/sentry_vision/install/behaviortree_cpp/include/behaviortree_cpp/loggers/bt_cout_logger.h
[1.321s] -- Up-to-date: /home/mechax/ylh/sentry_vision/install/behaviortree_cpp/include/behaviortree_cpp/loggers/groot2_publisher.h
[1.321s] -- Up-to-date: /home/mechax/ylh/sentry_vision/install/behaviortree_cpp/include/behaviortree_cpp/loggers/bt_file_logger.h
[1.322s] -- Up-to-date: /home/mechax/ylh/sentry_vision/install/behaviortree_cpp/include/behaviortree_cpp/loggers/abstract_logger.h
[1.322s] -- Up-to-date: /home/mechax/ylh/sentry_vision/install/behaviortree_cpp/include/behaviortree_cpp/controls
[1.322s] -- Up-to-date: /home/mechax/ylh/sentry_vision/install/behaviortree_cpp/include/behaviortree_cpp/controls/switch_node.h
[1.322s] -- Up-to-date: /home/mechax/ylh/sentry_vision/install/behaviortree_cpp/include/behaviortree_cpp/controls/fallback_node.h
[1.322s] -- Up-to-date: /home/mechax/ylh/sentry_vision/install/behaviortree_cpp/include/behaviortree_cpp/controls/if_then_else_node.h
[1.322s] -- Up-to-date: /home/mechax/ylh/sentry_vision/install/behaviortree_cpp/include/behaviortree_cpp/controls/manual_node.h
[1.323s] -- Up-to-date: /home/mechax/ylh/sentry_vision/install/behaviortree_cpp/include/behaviortree_cpp/controls/parallel_all_node.h
[1.323s] -- Up-to-date: /home/mechax/ylh/sentry_vision/install/behaviortree_cpp/include/behaviortree_cpp/controls/sequence_node.h
[1.323s] -- Up-to-date: /home/mechax/ylh/sentry_vision/install/behaviortree_cpp/include/behaviortree_cpp/controls/parallel_node.h
[1.323s] -- Up-to-date: /home/mechax/ylh/sentry_vision/install/behaviortree_cpp/include/behaviortree_cpp/controls/while_do_else_node.h
[1.323s] -- Up-to-date: /home/mechax/ylh/sentry_vision/install/behaviortree_cpp/include/behaviortree_cpp/controls/sequence_with_memory_node.h
[1.324s] -- Up-to-date: /home/mechax/ylh/sentry_vision/install/behaviortree_cpp/include/behaviortree_cpp/controls/reactive_fallback.h
[1.324s] -- Up-to-date: /home/mechax/ylh/sentry_vision/install/behaviortree_cpp/include/behaviortree_cpp/controls/reactive_sequence.h
[1.324s] -- Up-to-date: /home/mechax/ylh/sentry_vision/install/behaviortree_cpp/include/behaviortree_cpp/scripting
[1.324s] -- Up-to-date: /home/mechax/ylh/sentry_vision/install/behaviortree_cpp/include/behaviortree_cpp/scripting/any_types.hpp
[1.324s] -- Up-to-date: /home/mechax/ylh/sentry_vision/install/behaviortree_cpp/include/behaviortree_cpp/scripting/script_parser.hpp
[1.324s] -- Up-to-date: /home/mechax/ylh/sentry_vision/install/behaviortree_cpp/include/behaviortree_cpp/scripting/operators.hpp
[1.325s] -- Up-to-date: /home/mechax/ylh/sentry_vision/install/behaviortree_cpp/include/behaviortree_cpp/bt_parser.h
[1.325s] -- Up-to-date: /home/mechax/ylh/sentry_vision/install/behaviortree_cpp/include/behaviortree_cpp/basic_types.h
[1.325s] -- Up-to-date: /home/mechax/ylh/sentry_vision/install/behaviortree_cpp/include/behaviortree_cpp/tree_node.h
[1.325s] -- Up-to-date: /home/mechax/ylh/sentry_vision/install/behaviortree_cpp/include/behaviortree_cpp/flatbuffers
[1.325s] -- Up-to-date: /home/mechax/ylh/sentry_vision/install/behaviortree_cpp/include/behaviortree_cpp/flatbuffers/stl_emulation.h
[1.325s] -- Up-to-date: /home/mechax/ylh/sentry_vision/install/behaviortree_cpp/include/behaviortree_cpp/flatbuffers/BT_logger_generated.h
[1.326s] -- Up-to-date: /home/mechax/ylh/sentry_vision/install/behaviortree_cpp/include/behaviortree_cpp/flatbuffers/flatbuffers.h
[1.326s] -- Up-to-date: /home/mechax/ylh/sentry_vision/install/behaviortree_cpp/include/behaviortree_cpp/flatbuffers/bt_flatbuffer_helper.h
[1.326s] -- Up-to-date: /home/mechax/ylh/sentry_vision/install/behaviortree_cpp/include/behaviortree_cpp/flatbuffers/base.h
[1.326s] -- Up-to-date: /home/mechax/ylh/sentry_vision/install/behaviortree_cpp/include/behaviortree_cpp/contrib
[1.327s] -- Up-to-date: /home/mechax/ylh/sentry_vision/install/behaviortree_cpp/include/behaviortree_cpp/contrib/any.hpp
[1.327s] -- Up-to-date: /home/mechax/ylh/sentry_vision/install/behaviortree_cpp/include/behaviortree_cpp/contrib/json.hpp
[1.328s] -- Up-to-date: /home/mechax/ylh/sentry_vision/install/behaviortree_cpp/include/behaviortree_cpp/contrib/expected.hpp
[1.328s] -- Up-to-date: /home/mechax/ylh/sentry_vision/install/behaviortree_cpp/include/behaviortree_cpp/contrib/magic_enum.hpp
[1.329s] -- Up-to-date: /home/mechax/ylh/sentry_vision/install/behaviortree_cpp/include/behaviortree_cpp/behavior_tree.h
[1.329s] -- Up-to-date: /home/mechax/ylh/sentry_vision/install/behaviortree_cpp/include/behaviortree_cpp/exceptions.h
[1.330s] -- Up-to-date: /home/mechax/ylh/sentry_vision/install/behaviortree_cpp/share/behaviortree_cpp/environment/library_path.sh
[1.330s] -- Up-to-date: /home/mechax/ylh/sentry_vision/install/behaviortree_cpp/share/behaviortree_cpp/environment/library_path.dsv
[1.330s] -- Up-to-date: /home/mechax/ylh/sentry_vision/install/behaviortree_cpp/share/ament_index/resource_index/package_run_dependencies/behaviortree_cpp
[1.331s] -- Up-to-date: /home/mechax/ylh/sentry_vision/install/behaviortree_cpp/share/ament_index/resource_index/parent_prefix_path/behaviortree_cpp
[1.331s] -- Up-to-date: /home/mechax/ylh/sentry_vision/install/behaviortree_cpp/share/behaviortree_cpp/environment/ament_prefix_path.sh
[1.332s] -- Up-to-date: /home/mechax/ylh/sentry_vision/install/behaviortree_cpp/share/behaviortree_cpp/environment/ament_prefix_path.dsv
[1.332s] -- Up-to-date: /home/mechax/ylh/sentry_vision/install/behaviortree_cpp/share/behaviortree_cpp/environment/path.sh
[1.332s] -- Up-to-date: /home/mechax/ylh/sentry_vision/install/behaviortree_cpp/share/behaviortree_cpp/environment/path.dsv
[1.333s] -- Up-to-date: /home/mechax/ylh/sentry_vision/install/behaviortree_cpp/share/behaviortree_cpp/local_setup.bash
[1.333s] -- Up-to-date: /home/mechax/ylh/sentry_vision/install/behaviortree_cpp/share/behaviortree_cpp/local_setup.sh
[1.372s] -- Up-to-date: /home/mechax/ylh/sentry_vision/install/behaviortree_cpp/share/behaviortree_cpp/local_setup.zsh
[1.373s] -- Up-to-date: /home/mechax/ylh/sentry_vision/install/behaviortree_cpp/share/behaviortree_cpp/local_setup.dsv
[1.373s] -- Installing: /home/mechax/ylh/sentry_vision/install/behaviortree_cpp/share/behaviortree_cpp/package.dsv
[1.373s] -- Up-to-date: /home/mechax/ylh/sentry_vision/install/behaviortree_cpp/share/ament_index/resource_index/packages/behaviortree_cpp
[1.374s] -- Up-to-date: /home/mechax/ylh/sentry_vision/install/behaviortree_cpp/share/behaviortree_cpp/cmake/ament_cmake_export_dependencies-extras.cmake
[1.374s] -- Up-to-date: /home/mechax/ylh/sentry_vision/install/behaviortree_cpp/share/behaviortree_cpp/cmake/ament_cmake_export_include_directories-extras.cmake
[1.374s] -- Up-to-date: /home/mechax/ylh/sentry_vision/install/behaviortree_cpp/share/behaviortree_cpp/cmake/ament_cmake_export_libraries-extras.cmake
[1.374s] -- Up-to-date: /home/mechax/ylh/sentry_vision/install/behaviortree_cpp/share/behaviortree_cpp/cmake/behaviortree_cppConfig.cmake
[1.374s] -- Up-to-date: /home/mechax/ylh/sentry_vision/install/behaviortree_cpp/share/behaviortree_cpp/cmake/behaviortree_cppConfig-version.cmake
[1.374s] -- Up-to-date: /home/mechax/ylh/sentry_vision/install/behaviortree_cpp/share/behaviortree_cpp/package.xml
[1.432s] Invoked command in '/home/mechax/ylh/sentry_vision/build/behaviortree_cpp' returned '0': CMAKE_PREFIX_PATH=/opt/ros/humble /usr/bin/cmake --install /home/mechax/ylh/sentry_vision/build/behaviortree_cpp
