[0.342s] Invoking command in '/home/mechax/ylh/sentry_vision/build/rm_decision_interfaces': CMAKE_PREFIX_PATH=/opt/ros/humble /usr/bin/cmake --build /home/mechax/ylh/sentry_vision/build/rm_decision_interfaces -- -j16 -l16
[0.434s] [  1%] Built target rm_decision_interfaces__cpp
[0.443s] [ 12%] Built target rm_decision_interfaces__rosidl_generator_c
[0.467s] [ 12%] Built target ament_cmake_python_copy_rm_decision_interfaces
[0.515s] [ 33%] Built target rm_decision_interfaces__rosidl_typesupport_fastrtps_cpp
[0.515s] [ 35%] Built target rm_decision_interfaces__rosidl_typesupport_cpp
[0.523s] [ 57%] Built target rm_decision_interfaces__rosidl_typesupport_c
[0.523s] [ 57%] Built target rm_decision_interfaces__rosidl_typesupport_introspection_c
[0.525s] [ 69%] Built target rm_decision_interfaces__rosidl_typesupport_introspection_cpp
[0.549s] [ 80%] Built target rm_decision_interfaces__rosidl_typesupport_fastrtps_c
[0.587s] [ 80%] Built target rm_decision_interfaces
[0.616s] [ 81%] Built target rm_decision_interfaces__py
[0.690s] [ 91%] Built target rm_decision_interfaces__rosidl_generator_py
[0.740s] [ 94%] Built target rm_decision_interfaces__rosidl_typesupport_fastrtps_c__pyext
[0.752s] [ 97%] Built target rm_decision_interfaces__rosidl_typesupport_introspection_c__pyext
[0.762s] [100%] Built target rm_decision_interfaces__rosidl_typesupport_c__pyext
[0.893s] running egg_info
[0.921s] writing rm_decision_interfaces.egg-info/PKG-INFO
[0.923s] writing dependency_links to rm_decision_interfaces.egg-info/dependency_links.txt
[0.924s] writing top-level names to rm_decision_interfaces.egg-info/top_level.txt
[0.976s] reading manifest file 'rm_decision_interfaces.egg-info/SOURCES.txt'
[0.977s] writing manifest file 'rm_decision_interfaces.egg-info/SOURCES.txt'
[1.013s] [100%] Built target ament_cmake_python_build_rm_decision_interfaces_egg
[1.514s] Invoked command in '/home/mechax/ylh/sentry_vision/build/rm_decision_interfaces' returned '0': CMAKE_PREFIX_PATH=/opt/ros/humble /usr/bin/cmake --build /home/mechax/ylh/sentry_vision/build/rm_decision_interfaces -- -j16 -l16
[1.970s] Invoking command in '/home/mechax/ylh/sentry_vision/build/rm_decision_interfaces': CMAKE_PREFIX_PATH=/opt/ros/humble /usr/bin/cmake --install /home/mechax/ylh/sentry_vision/build/rm_decision_interfaces
[1.996s] -- Install configuration: ""
[1.996s] -- Up-to-date: /home/mechax/ylh/sentry_vision/install/rm_decision_interfaces/share/ament_index/resource_index/rosidl_interfaces/rm_decision_interfaces
[1.996s] -- Up-to-date: /home/mechax/ylh/sentry_vision/install/rm_decision_interfaces/include/rm_decision_interfaces/rm_decision_interfaces
[1.997s] -- Up-to-date: /home/mechax/ylh/sentry_vision/install/rm_decision_interfaces/include/rm_decision_interfaces/rm_decision_interfaces/msg
[1.997s] -- Up-to-date: /home/mechax/ylh/sentry_vision/install/rm_decision_interfaces/include/rm_decision_interfaces/rm_decision_interfaces/msg/armor.h
[1.997s] -- Up-to-date: /home/mechax/ylh/sentry_vision/install/rm_decision_interfaces/include/rm_decision_interfaces/rm_decision_interfaces/msg/all_robot_hp.h
[1.997s] -- Up-to-date: /home/mechax/ylh/sentry_vision/install/rm_decision_interfaces/include/rm_decision_interfaces/rm_decision_interfaces/msg/rfid.h
[1.997s] -- Up-to-date: /home/mechax/ylh/sentry_vision/install/rm_decision_interfaces/include/rm_decision_interfaces/rm_decision_interfaces/msg/receive_serial.h
[1.997s] -- Up-to-date: /home/mechax/ylh/sentry_vision/install/rm_decision_interfaces/include/rm_decision_interfaces/rm_decision_interfaces/msg/detail
[1.997s] -- Up-to-date: /home/mechax/ylh/sentry_vision/install/rm_decision_interfaces/include/rm_decision_interfaces/rm_decision_interfaces/msg/detail/robot_status__type_support.h
[1.997s] -- Up-to-date: /home/mechax/ylh/sentry_vision/install/rm_decision_interfaces/include/rm_decision_interfaces/rm_decision_interfaces/msg/detail/all_robot_hp__type_support.h
[1.997s] -- Up-to-date: /home/mechax/ylh/sentry_vision/install/rm_decision_interfaces/include/rm_decision_interfaces/rm_decision_interfaces/msg/detail/armor__struct.h
[1.997s] -- Up-to-date: /home/mechax/ylh/sentry_vision/install/rm_decision_interfaces/include/rm_decision_interfaces/rm_decision_interfaces/msg/detail/receive_serial__functions.h
[1.997s] -- Up-to-date: /home/mechax/ylh/sentry_vision/install/rm_decision_interfaces/include/rm_decision_interfaces/rm_decision_interfaces/msg/detail/rfid__type_support.h
[1.997s] -- Up-to-date: /home/mechax/ylh/sentry_vision/install/rm_decision_interfaces/include/rm_decision_interfaces/rm_decision_interfaces/msg/detail/all_robot_hp__functions.c
[1.997s] -- Up-to-date: /home/mechax/ylh/sentry_vision/install/rm_decision_interfaces/include/rm_decision_interfaces/rm_decision_interfaces/msg/detail/rfid__functions.h
[1.998s] -- Up-to-date: /home/mechax/ylh/sentry_vision/install/rm_decision_interfaces/include/rm_decision_interfaces/rm_decision_interfaces/msg/detail/friend_location__functions.h
[1.998s] -- Up-to-date: /home/mechax/ylh/sentry_vision/install/rm_decision_interfaces/include/rm_decision_interfaces/rm_decision_interfaces/msg/detail/all_robot_hp__functions.h
[1.998s] -- Up-to-date: /home/mechax/ylh/sentry_vision/install/rm_decision_interfaces/include/rm_decision_interfaces/rm_decision_interfaces/msg/detail/robot_status__functions.h
[1.998s] -- Up-to-date: /home/mechax/ylh/sentry_vision/install/rm_decision_interfaces/include/rm_decision_interfaces/rm_decision_interfaces/msg/detail/rfid__struct.h
[1.998s] -- Up-to-date: /home/mechax/ylh/sentry_vision/install/rm_decision_interfaces/include/rm_decision_interfaces/rm_decision_interfaces/msg/detail/receive_serial__struct.h
[1.998s] -- Up-to-date: /home/mechax/ylh/sentry_vision/install/rm_decision_interfaces/include/rm_decision_interfaces/rm_decision_interfaces/msg/detail/receive_serial__functions.c
[1.998s] -- Up-to-date: /home/mechax/ylh/sentry_vision/install/rm_decision_interfaces/include/rm_decision_interfaces/rm_decision_interfaces/msg/detail/robot_status__functions.c
[1.998s] -- Up-to-date: /home/mechax/ylh/sentry_vision/install/rm_decision_interfaces/include/rm_decision_interfaces/rm_decision_interfaces/msg/detail/all_robot_hp__struct.h
[1.998s] -- Up-to-date: /home/mechax/ylh/sentry_vision/install/rm_decision_interfaces/include/rm_decision_interfaces/rm_decision_interfaces/msg/detail/receive_serial__type_support.h
[1.998s] -- Up-to-date: /home/mechax/ylh/sentry_vision/install/rm_decision_interfaces/include/rm_decision_interfaces/rm_decision_interfaces/msg/detail/friend_location__type_support.h
[1.998s] -- Up-to-date: /home/mechax/ylh/sentry_vision/install/rm_decision_interfaces/include/rm_decision_interfaces/rm_decision_interfaces/msg/detail/armor__functions.h
[1.998s] -- Up-to-date: /home/mechax/ylh/sentry_vision/install/rm_decision_interfaces/include/rm_decision_interfaces/rm_decision_interfaces/msg/detail/armor__type_support.h
[1.998s] -- Up-to-date: /home/mechax/ylh/sentry_vision/install/rm_decision_interfaces/include/rm_decision_interfaces/rm_decision_interfaces/msg/detail/rfid__functions.c
[1.998s] -- Up-to-date: /home/mechax/ylh/sentry_vision/install/rm_decision_interfaces/include/rm_decision_interfaces/rm_decision_interfaces/msg/detail/friend_location__struct.h
[1.998s] -- Up-to-date: /home/mechax/ylh/sentry_vision/install/rm_decision_interfaces/include/rm_decision_interfaces/rm_decision_interfaces/msg/detail/friend_location__functions.c
[1.998s] -- Up-to-date: /home/mechax/ylh/sentry_vision/install/rm_decision_interfaces/include/rm_decision_interfaces/rm_decision_interfaces/msg/detail/armor__functions.c
[1.999s] -- Up-to-date: /home/mechax/ylh/sentry_vision/install/rm_decision_interfaces/include/rm_decision_interfaces/rm_decision_interfaces/msg/detail/robot_status__struct.h
[1.999s] -- Up-to-date: /home/mechax/ylh/sentry_vision/install/rm_decision_interfaces/include/rm_decision_interfaces/rm_decision_interfaces/msg/robot_status.h
[1.999s] -- Up-to-date: /home/mechax/ylh/sentry_vision/install/rm_decision_interfaces/include/rm_decision_interfaces/rm_decision_interfaces/msg/rosidl_generator_c__visibility_control.h
[1.999s] -- Up-to-date: /home/mechax/ylh/sentry_vision/install/rm_decision_interfaces/include/rm_decision_interfaces/rm_decision_interfaces/msg/friend_location.h
[2.000s] -- Up-to-date: /home/mechax/ylh/sentry_vision/install/rm_decision_interfaces/share/rm_decision_interfaces/environment/library_path.sh
[2.001s] -- Up-to-date: /home/mechax/ylh/sentry_vision/install/rm_decision_interfaces/share/rm_decision_interfaces/environment/library_path.dsv
[2.001s] -- Up-to-date: /home/mechax/ylh/sentry_vision/install/rm_decision_interfaces/lib/librm_decision_interfaces__rosidl_generator_c.so
[2.001s] -- Up-to-date: /home/mechax/ylh/sentry_vision/install/rm_decision_interfaces/include/rm_decision_interfaces/rm_decision_interfaces
[2.002s] -- Up-to-date: /home/mechax/ylh/sentry_vision/install/rm_decision_interfaces/include/rm_decision_interfaces/rm_decision_interfaces/msg
[2.002s] -- Up-to-date: /home/mechax/ylh/sentry_vision/install/rm_decision_interfaces/include/rm_decision_interfaces/rm_decision_interfaces/msg/detail
[2.003s] -- Up-to-date: /home/mechax/ylh/sentry_vision/install/rm_decision_interfaces/include/rm_decision_interfaces/rm_decision_interfaces/msg/detail/receive_serial__rosidl_typesupport_fastrtps_c.h
[2.003s] -- Up-to-date: /home/mechax/ylh/sentry_vision/install/rm_decision_interfaces/include/rm_decision_interfaces/rm_decision_interfaces/msg/detail/all_robot_hp__rosidl_typesupport_fastrtps_c.h
[2.003s] -- Up-to-date: /home/mechax/ylh/sentry_vision/install/rm_decision_interfaces/include/rm_decision_interfaces/rm_decision_interfaces/msg/detail/friend_location__rosidl_typesupport_fastrtps_c.h
[2.003s] -- Up-to-date: /home/mechax/ylh/sentry_vision/install/rm_decision_interfaces/include/rm_decision_interfaces/rm_decision_interfaces/msg/detail/robot_status__rosidl_typesupport_fastrtps_c.h
[2.003s] -- Up-to-date: /home/mechax/ylh/sentry_vision/install/rm_decision_interfaces/include/rm_decision_interfaces/rm_decision_interfaces/msg/detail/armor__rosidl_typesupport_fastrtps_c.h
[2.003s] -- Up-to-date: /home/mechax/ylh/sentry_vision/install/rm_decision_interfaces/include/rm_decision_interfaces/rm_decision_interfaces/msg/detail/rfid__rosidl_typesupport_fastrtps_c.h
[2.003s] -- Up-to-date: /home/mechax/ylh/sentry_vision/install/rm_decision_interfaces/include/rm_decision_interfaces/rm_decision_interfaces/msg/rosidl_typesupport_fastrtps_c__visibility_control.h
[2.004s] -- Up-to-date: /home/mechax/ylh/sentry_vision/install/rm_decision_interfaces/lib/librm_decision_interfaces__rosidl_typesupport_fastrtps_c.so
[2.004s] -- Up-to-date: /home/mechax/ylh/sentry_vision/install/rm_decision_interfaces/include/rm_decision_interfaces/rm_decision_interfaces
[2.004s] -- Up-to-date: /home/mechax/ylh/sentry_vision/install/rm_decision_interfaces/include/rm_decision_interfaces/rm_decision_interfaces/msg
[2.005s] -- Up-to-date: /home/mechax/ylh/sentry_vision/install/rm_decision_interfaces/include/rm_decision_interfaces/rm_decision_interfaces/msg/armor.hpp
[2.005s] -- Up-to-date: /home/mechax/ylh/sentry_vision/install/rm_decision_interfaces/include/rm_decision_interfaces/rm_decision_interfaces/msg/robot_status.hpp
[2.005s] -- Up-to-date: /home/mechax/ylh/sentry_vision/install/rm_decision_interfaces/include/rm_decision_interfaces/rm_decision_interfaces/msg/friend_location.hpp
[2.005s] -- Up-to-date: /home/mechax/ylh/sentry_vision/install/rm_decision_interfaces/include/rm_decision_interfaces/rm_decision_interfaces/msg/rfid.hpp
[2.005s] -- Up-to-date: /home/mechax/ylh/sentry_vision/install/rm_decision_interfaces/include/rm_decision_interfaces/rm_decision_interfaces/msg/receive_serial.hpp
[2.005s] -- Up-to-date: /home/mechax/ylh/sentry_vision/install/rm_decision_interfaces/include/rm_decision_interfaces/rm_decision_interfaces/msg/detail
[2.005s] -- Up-to-date: /home/mechax/ylh/sentry_vision/install/rm_decision_interfaces/include/rm_decision_interfaces/rm_decision_interfaces/msg/detail/robot_status__struct.hpp
[2.005s] -- Up-to-date: /home/mechax/ylh/sentry_vision/install/rm_decision_interfaces/include/rm_decision_interfaces/rm_decision_interfaces/msg/detail/all_robot_hp__struct.hpp
[2.005s] -- Up-to-date: /home/mechax/ylh/sentry_vision/install/rm_decision_interfaces/include/rm_decision_interfaces/rm_decision_interfaces/msg/detail/armor__builder.hpp
[2.005s] -- Up-to-date: /home/mechax/ylh/sentry_vision/install/rm_decision_interfaces/include/rm_decision_interfaces/rm_decision_interfaces/msg/detail/all_robot_hp__builder.hpp
[2.005s] -- Up-to-date: /home/mechax/ylh/sentry_vision/install/rm_decision_interfaces/include/rm_decision_interfaces/rm_decision_interfaces/msg/detail/friend_location__struct.hpp
[2.005s] -- Up-to-date: /home/mechax/ylh/sentry_vision/install/rm_decision_interfaces/include/rm_decision_interfaces/rm_decision_interfaces/msg/detail/robot_status__traits.hpp
[2.006s] -- Up-to-date: /home/mechax/ylh/sentry_vision/install/rm_decision_interfaces/include/rm_decision_interfaces/rm_decision_interfaces/msg/detail/robot_status__builder.hpp
[2.006s] -- Up-to-date: /home/mechax/ylh/sentry_vision/install/rm_decision_interfaces/include/rm_decision_interfaces/rm_decision_interfaces/msg/detail/friend_location__builder.hpp
[2.006s] -- Up-to-date: /home/mechax/ylh/sentry_vision/install/rm_decision_interfaces/include/rm_decision_interfaces/rm_decision_interfaces/msg/detail/receive_serial__traits.hpp
[2.006s] -- Up-to-date: /home/mechax/ylh/sentry_vision/install/rm_decision_interfaces/include/rm_decision_interfaces/rm_decision_interfaces/msg/detail/armor__struct.hpp
[2.006s] -- Up-to-date: /home/mechax/ylh/sentry_vision/install/rm_decision_interfaces/include/rm_decision_interfaces/rm_decision_interfaces/msg/detail/receive_serial__struct.hpp
[2.006s] -- Up-to-date: /home/mechax/ylh/sentry_vision/install/rm_decision_interfaces/include/rm_decision_interfaces/rm_decision_interfaces/msg/detail/friend_location__traits.hpp
[2.006s] -- Up-to-date: /home/mechax/ylh/sentry_vision/install/rm_decision_interfaces/include/rm_decision_interfaces/rm_decision_interfaces/msg/detail/all_robot_hp__traits.hpp
[2.006s] -- Up-to-date: /home/mechax/ylh/sentry_vision/install/rm_decision_interfaces/include/rm_decision_interfaces/rm_decision_interfaces/msg/detail/receive_serial__builder.hpp
[2.006s] -- Up-to-date: /home/mechax/ylh/sentry_vision/install/rm_decision_interfaces/include/rm_decision_interfaces/rm_decision_interfaces/msg/detail/rfid__struct.hpp
[2.007s] -- Up-to-date: /home/mechax/ylh/sentry_vision/install/rm_decision_interfaces/include/rm_decision_interfaces/rm_decision_interfaces/msg/detail/armor__traits.hpp
[2.007s] -- Up-to-date: /home/mechax/ylh/sentry_vision/install/rm_decision_interfaces/include/rm_decision_interfaces/rm_decision_interfaces/msg/detail/rfid__builder.hpp
[2.007s] -- Up-to-date: /home/mechax/ylh/sentry_vision/install/rm_decision_interfaces/include/rm_decision_interfaces/rm_decision_interfaces/msg/detail/rfid__traits.hpp
[2.007s] -- Up-to-date: /home/mechax/ylh/sentry_vision/install/rm_decision_interfaces/include/rm_decision_interfaces/rm_decision_interfaces/msg/all_robot_hp.hpp
[2.008s] -- Up-to-date: /home/mechax/ylh/sentry_vision/install/rm_decision_interfaces/include/rm_decision_interfaces/rm_decision_interfaces
[2.008s] -- Up-to-date: /home/mechax/ylh/sentry_vision/install/rm_decision_interfaces/include/rm_decision_interfaces/rm_decision_interfaces/msg
[2.008s] -- Up-to-date: /home/mechax/ylh/sentry_vision/install/rm_decision_interfaces/include/rm_decision_interfaces/rm_decision_interfaces/msg/detail
[2.008s] -- Up-to-date: /home/mechax/ylh/sentry_vision/install/rm_decision_interfaces/include/rm_decision_interfaces/rm_decision_interfaces/msg/detail/receive_serial__rosidl_typesupport_fastrtps_cpp.hpp
[2.008s] -- Up-to-date: /home/mechax/ylh/sentry_vision/install/rm_decision_interfaces/include/rm_decision_interfaces/rm_decision_interfaces/msg/detail/dds_fastrtps
[2.008s] -- Up-to-date: /home/mechax/ylh/sentry_vision/install/rm_decision_interfaces/include/rm_decision_interfaces/rm_decision_interfaces/msg/detail/robot_status__rosidl_typesupport_fastrtps_cpp.hpp
[2.008s] -- Up-to-date: /home/mechax/ylh/sentry_vision/install/rm_decision_interfaces/include/rm_decision_interfaces/rm_decision_interfaces/msg/detail/rfid__rosidl_typesupport_fastrtps_cpp.hpp
[2.009s] -- Up-to-date: /home/mechax/ylh/sentry_vision/install/rm_decision_interfaces/include/rm_decision_interfaces/rm_decision_interfaces/msg/detail/all_robot_hp__rosidl_typesupport_fastrtps_cpp.hpp
[2.009s] -- Up-to-date: /home/mechax/ylh/sentry_vision/install/rm_decision_interfaces/include/rm_decision_interfaces/rm_decision_interfaces/msg/detail/armor__rosidl_typesupport_fastrtps_cpp.hpp
[2.009s] -- Up-to-date: /home/mechax/ylh/sentry_vision/install/rm_decision_interfaces/include/rm_decision_interfaces/rm_decision_interfaces/msg/detail/friend_location__rosidl_typesupport_fastrtps_cpp.hpp
[2.009s] -- Up-to-date: /home/mechax/ylh/sentry_vision/install/rm_decision_interfaces/include/rm_decision_interfaces/rm_decision_interfaces/msg/rosidl_typesupport_fastrtps_cpp__visibility_control.h
[2.010s] -- Up-to-date: /home/mechax/ylh/sentry_vision/install/rm_decision_interfaces/lib/librm_decision_interfaces__rosidl_typesupport_fastrtps_cpp.so
[2.010s] -- Up-to-date: /home/mechax/ylh/sentry_vision/install/rm_decision_interfaces/include/rm_decision_interfaces/rm_decision_interfaces
[2.011s] -- Up-to-date: /home/mechax/ylh/sentry_vision/install/rm_decision_interfaces/include/rm_decision_interfaces/rm_decision_interfaces/msg
[2.011s] -- Up-to-date: /home/mechax/ylh/sentry_vision/install/rm_decision_interfaces/include/rm_decision_interfaces/rm_decision_interfaces/msg/rosidl_typesupport_introspection_c__visibility_control.h
[2.011s] -- Up-to-date: /home/mechax/ylh/sentry_vision/install/rm_decision_interfaces/include/rm_decision_interfaces/rm_decision_interfaces/msg/detail
[2.011s] -- Up-to-date: /home/mechax/ylh/sentry_vision/install/rm_decision_interfaces/include/rm_decision_interfaces/rm_decision_interfaces/msg/detail/receive_serial__type_support.c
[2.011s] -- Up-to-date: /home/mechax/ylh/sentry_vision/install/rm_decision_interfaces/include/rm_decision_interfaces/rm_decision_interfaces/msg/detail/friend_location__rosidl_typesupport_introspection_c.h
[2.011s] -- Up-to-date: /home/mechax/ylh/sentry_vision/install/rm_decision_interfaces/include/rm_decision_interfaces/rm_decision_interfaces/msg/detail/rfid__rosidl_typesupport_introspection_c.h
[2.012s] -- Up-to-date: /home/mechax/ylh/sentry_vision/install/rm_decision_interfaces/include/rm_decision_interfaces/rm_decision_interfaces/msg/detail/armor__type_support.c
[2.012s] -- Up-to-date: /home/mechax/ylh/sentry_vision/install/rm_decision_interfaces/include/rm_decision_interfaces/rm_decision_interfaces/msg/detail/all_robot_hp__type_support.c
[2.012s] -- Up-to-date: /home/mechax/ylh/sentry_vision/install/rm_decision_interfaces/include/rm_decision_interfaces/rm_decision_interfaces/msg/detail/armor__rosidl_typesupport_introspection_c.h
[2.014s] -- Up-to-date: /home/mechax/ylh/sentry_vision/install/rm_decision_interfaces/include/rm_decision_interfaces/rm_decision_interfaces/msg/detail/friend_location__type_support.c
[2.014s] -- Up-to-date: /home/mechax/ylh/sentry_vision/install/rm_decision_interfaces/include/rm_decision_interfaces/rm_decision_interfaces/msg/detail/robot_status__type_support.c
[2.014s] -- Up-to-date: /home/mechax/ylh/sentry_vision/install/rm_decision_interfaces/include/rm_decision_interfaces/rm_decision_interfaces/msg/detail/robot_status__rosidl_typesupport_introspection_c.h
[2.015s] -- Up-to-date: /home/mechax/ylh/sentry_vision/install/rm_decision_interfaces/include/rm_decision_interfaces/rm_decision_interfaces/msg/detail/rfid__type_support.c
[2.015s] -- Up-to-date: /home/mechax/ylh/sentry_vision/install/rm_decision_interfaces/include/rm_decision_interfaces/rm_decision_interfaces/msg/detail/all_robot_hp__rosidl_typesupport_introspection_c.h
[2.015s] -- Up-to-date: /home/mechax/ylh/sentry_vision/install/rm_decision_interfaces/include/rm_decision_interfaces/rm_decision_interfaces/msg/detail/receive_serial__rosidl_typesupport_introspection_c.h
[2.015s] -- Up-to-date: /home/mechax/ylh/sentry_vision/install/rm_decision_interfaces/lib/librm_decision_interfaces__rosidl_typesupport_introspection_c.so
[2.017s] -- Up-to-date: /home/mechax/ylh/sentry_vision/install/rm_decision_interfaces/lib/librm_decision_interfaces__rosidl_typesupport_c.so
[2.017s] -- Up-to-date: /home/mechax/ylh/sentry_vision/install/rm_decision_interfaces/include/rm_decision_interfaces/rm_decision_interfaces
[2.017s] -- Up-to-date: /home/mechax/ylh/sentry_vision/install/rm_decision_interfaces/include/rm_decision_interfaces/rm_decision_interfaces/msg
[2.017s] -- Up-to-date: /home/mechax/ylh/sentry_vision/install/rm_decision_interfaces/include/rm_decision_interfaces/rm_decision_interfaces/msg/detail
[2.018s] -- Up-to-date: /home/mechax/ylh/sentry_vision/install/rm_decision_interfaces/include/rm_decision_interfaces/rm_decision_interfaces/msg/detail/robot_status__rosidl_typesupport_introspection_cpp.hpp
[2.018s] -- Up-to-date: /home/mechax/ylh/sentry_vision/install/rm_decision_interfaces/include/rm_decision_interfaces/rm_decision_interfaces/msg/detail/friend_location__type_support.cpp
[2.019s] -- Up-to-date: /home/mechax/ylh/sentry_vision/install/rm_decision_interfaces/include/rm_decision_interfaces/rm_decision_interfaces/msg/detail/all_robot_hp__rosidl_typesupport_introspection_cpp.hpp
[2.019s] -- Up-to-date: /home/mechax/ylh/sentry_vision/install/rm_decision_interfaces/include/rm_decision_interfaces/rm_decision_interfaces/msg/detail/rfid__rosidl_typesupport_introspection_cpp.hpp
[2.019s] -- Up-to-date: /home/mechax/ylh/sentry_vision/install/rm_decision_interfaces/include/rm_decision_interfaces/rm_decision_interfaces/msg/detail/all_robot_hp__type_support.cpp
[2.019s] -- Up-to-date: /home/mechax/ylh/sentry_vision/install/rm_decision_interfaces/include/rm_decision_interfaces/rm_decision_interfaces/msg/detail/armor__type_support.cpp
[2.020s] -- Up-to-date: /home/mechax/ylh/sentry_vision/install/rm_decision_interfaces/include/rm_decision_interfaces/rm_decision_interfaces/msg/detail/receive_serial__rosidl_typesupport_introspection_cpp.hpp
[2.020s] -- Up-to-date: /home/mechax/ylh/sentry_vision/install/rm_decision_interfaces/include/rm_decision_interfaces/rm_decision_interfaces/msg/detail/receive_serial__type_support.cpp
[2.020s] -- Up-to-date: /home/mechax/ylh/sentry_vision/install/rm_decision_interfaces/include/rm_decision_interfaces/rm_decision_interfaces/msg/detail/robot_status__type_support.cpp
[2.020s] -- Up-to-date: /home/mechax/ylh/sentry_vision/install/rm_decision_interfaces/include/rm_decision_interfaces/rm_decision_interfaces/msg/detail/armor__rosidl_typesupport_introspection_cpp.hpp
[2.020s] -- Up-to-date: /home/mechax/ylh/sentry_vision/install/rm_decision_interfaces/include/rm_decision_interfaces/rm_decision_interfaces/msg/detail/rfid__type_support.cpp
[2.021s] -- Up-to-date: /home/mechax/ylh/sentry_vision/install/rm_decision_interfaces/include/rm_decision_interfaces/rm_decision_interfaces/msg/detail/friend_location__rosidl_typesupport_introspection_cpp.hpp
[2.021s] -- Up-to-date: /home/mechax/ylh/sentry_vision/install/rm_decision_interfaces/lib/librm_decision_interfaces__rosidl_typesupport_introspection_cpp.so
[2.021s] -- Up-to-date: /home/mechax/ylh/sentry_vision/install/rm_decision_interfaces/lib/librm_decision_interfaces__rosidl_typesupport_cpp.so
[2.021s] -- Up-to-date: /home/mechax/ylh/sentry_vision/install/rm_decision_interfaces/share/rm_decision_interfaces/environment/pythonpath.sh
[2.021s] -- Up-to-date: /home/mechax/ylh/sentry_vision/install/rm_decision_interfaces/share/rm_decision_interfaces/environment/pythonpath.dsv
[2.022s] -- Up-to-date: /home/mechax/ylh/sentry_vision/install/rm_decision_interfaces/local/lib/python3.10/dist-packages/rm_decision_interfaces-0.0.0-py3.10.egg-info
[2.022s] -- Installing: /home/mechax/ylh/sentry_vision/install/rm_decision_interfaces/local/lib/python3.10/dist-packages/rm_decision_interfaces-0.0.0-py3.10.egg-info/PKG-INFO
[2.022s] -- Installing: /home/mechax/ylh/sentry_vision/install/rm_decision_interfaces/local/lib/python3.10/dist-packages/rm_decision_interfaces-0.0.0-py3.10.egg-info/SOURCES.txt
[2.022s] -- Installing: /home/mechax/ylh/sentry_vision/install/rm_decision_interfaces/local/lib/python3.10/dist-packages/rm_decision_interfaces-0.0.0-py3.10.egg-info/top_level.txt
[2.022s] -- Installing: /home/mechax/ylh/sentry_vision/install/rm_decision_interfaces/local/lib/python3.10/dist-packages/rm_decision_interfaces-0.0.0-py3.10.egg-info/dependency_links.txt
[2.023s] -- Up-to-date: /home/mechax/ylh/sentry_vision/install/rm_decision_interfaces/local/lib/python3.10/dist-packages/rm_decision_interfaces
[2.023s] -- Up-to-date: /home/mechax/ylh/sentry_vision/install/rm_decision_interfaces/local/lib/python3.10/dist-packages/rm_decision_interfaces/_rm_decision_interfaces_s.ep.rosidl_typesupport_c.c
[2.023s] -- Up-to-date: /home/mechax/ylh/sentry_vision/install/rm_decision_interfaces/local/lib/python3.10/dist-packages/rm_decision_interfaces/_rm_decision_interfaces_s.ep.rosidl_typesupport_fastrtps_c.c
[2.024s] -- Up-to-date: /home/mechax/ylh/sentry_vision/install/rm_decision_interfaces/local/lib/python3.10/dist-packages/rm_decision_interfaces/rm_decision_interfaces_s__rosidl_typesupport_c.cpython-310-x86_64-linux-gnu.so
[2.024s] -- Up-to-date: /home/mechax/ylh/sentry_vision/install/rm_decision_interfaces/local/lib/python3.10/dist-packages/rm_decision_interfaces/__init__.py
[2.024s] -- Up-to-date: /home/mechax/ylh/sentry_vision/install/rm_decision_interfaces/local/lib/python3.10/dist-packages/rm_decision_interfaces/rm_decision_interfaces_s__rosidl_typesupport_fastrtps_c.cpython-310-x86_64-linux-gnu.so
[2.024s] -- Up-to-date: /home/mechax/ylh/sentry_vision/install/rm_decision_interfaces/local/lib/python3.10/dist-packages/rm_decision_interfaces/msg
[2.024s] -- Up-to-date: /home/mechax/ylh/sentry_vision/install/rm_decision_interfaces/local/lib/python3.10/dist-packages/rm_decision_interfaces/msg/_all_robot_hp.py
[2.024s] -- Up-to-date: /home/mechax/ylh/sentry_vision/install/rm_decision_interfaces/local/lib/python3.10/dist-packages/rm_decision_interfaces/msg/_friend_location_s.c
[2.024s] -- Up-to-date: /home/mechax/ylh/sentry_vision/install/rm_decision_interfaces/local/lib/python3.10/dist-packages/rm_decision_interfaces/msg/_rfid_s.c
[2.024s] -- Up-to-date: /home/mechax/ylh/sentry_vision/install/rm_decision_interfaces/local/lib/python3.10/dist-packages/rm_decision_interfaces/msg/_receive_serial_s.c
[2.024s] -- Up-to-date: /home/mechax/ylh/sentry_vision/install/rm_decision_interfaces/local/lib/python3.10/dist-packages/rm_decision_interfaces/msg/_rfid.py
[2.024s] -- Up-to-date: /home/mechax/ylh/sentry_vision/install/rm_decision_interfaces/local/lib/python3.10/dist-packages/rm_decision_interfaces/msg/_receive_serial.py
[2.024s] -- Up-to-date: /home/mechax/ylh/sentry_vision/install/rm_decision_interfaces/local/lib/python3.10/dist-packages/rm_decision_interfaces/msg/_all_robot_hp_s.c
[2.024s] -- Up-to-date: /home/mechax/ylh/sentry_vision/install/rm_decision_interfaces/local/lib/python3.10/dist-packages/rm_decision_interfaces/msg/_robot_status.py
[2.024s] -- Up-to-date: /home/mechax/ylh/sentry_vision/install/rm_decision_interfaces/local/lib/python3.10/dist-packages/rm_decision_interfaces/msg/_armor_s.c
[2.024s] -- Up-to-date: /home/mechax/ylh/sentry_vision/install/rm_decision_interfaces/local/lib/python3.10/dist-packages/rm_decision_interfaces/msg/_armor.py
[2.024s] -- Up-to-date: /home/mechax/ylh/sentry_vision/install/rm_decision_interfaces/local/lib/python3.10/dist-packages/rm_decision_interfaces/msg/__init__.py
[2.024s] -- Up-to-date: /home/mechax/ylh/sentry_vision/install/rm_decision_interfaces/local/lib/python3.10/dist-packages/rm_decision_interfaces/msg/_friend_location.py
[2.025s] -- Up-to-date: /home/mechax/ylh/sentry_vision/install/rm_decision_interfaces/local/lib/python3.10/dist-packages/rm_decision_interfaces/msg/_robot_status_s.c
[2.025s] -- Up-to-date: /home/mechax/ylh/sentry_vision/install/rm_decision_interfaces/local/lib/python3.10/dist-packages/rm_decision_interfaces/_rm_decision_interfaces_s.ep.rosidl_typesupport_introspection_c.c
[2.025s] -- Up-to-date: /home/mechax/ylh/sentry_vision/install/rm_decision_interfaces/local/lib/python3.10/dist-packages/rm_decision_interfaces/rm_decision_interfaces_s__rosidl_typesupport_introspection_c.cpython-310-x86_64-linux-gnu.so
[2.025s] -- Up-to-date: /home/mechax/ylh/sentry_vision/install/rm_decision_interfaces/local/lib/python3.10/dist-packages/rm_decision_interfaces/librm_decision_interfaces__rosidl_generator_py.so
[2.029s] Listing '/home/mechax/ylh/sentry_vision/install/rm_decision_interfaces/local/lib/python3.10/dist-packages/rm_decision_interfaces'...
[2.029s] Listing '/home/mechax/ylh/sentry_vision/install/rm_decision_interfaces/local/lib/python3.10/dist-packages/rm_decision_interfaces/msg'...
[2.031s] -- Up-to-date: /home/mechax/ylh/sentry_vision/install/rm_decision_interfaces/local/lib/python3.10/dist-packages/rm_decision_interfaces/rm_decision_interfaces_s__rosidl_typesupport_fastrtps_c.cpython-310-x86_64-linux-gnu.so
[2.031s] -- Up-to-date: /home/mechax/ylh/sentry_vision/install/rm_decision_interfaces/local/lib/python3.10/dist-packages/rm_decision_interfaces/rm_decision_interfaces_s__rosidl_typesupport_introspection_c.cpython-310-x86_64-linux-gnu.so
[2.031s] -- Up-to-date: /home/mechax/ylh/sentry_vision/install/rm_decision_interfaces/local/lib/python3.10/dist-packages/rm_decision_interfaces/rm_decision_interfaces_s__rosidl_typesupport_c.cpython-310-x86_64-linux-gnu.so
[2.031s] -- Up-to-date: /home/mechax/ylh/sentry_vision/install/rm_decision_interfaces/lib/librm_decision_interfaces__rosidl_generator_py.so
[2.032s] -- Up-to-date: /home/mechax/ylh/sentry_vision/install/rm_decision_interfaces/share/rm_decision_interfaces/msg/AllRobotHP.idl
[2.032s] -- Up-to-date: /home/mechax/ylh/sentry_vision/install/rm_decision_interfaces/share/rm_decision_interfaces/msg/Armor.idl
[2.032s] -- Up-to-date: /home/mechax/ylh/sentry_vision/install/rm_decision_interfaces/share/rm_decision_interfaces/msg/FriendLocation.idl
[2.032s] -- Up-to-date: /home/mechax/ylh/sentry_vision/install/rm_decision_interfaces/share/rm_decision_interfaces/msg/RFID.idl
[2.032s] -- Up-to-date: /home/mechax/ylh/sentry_vision/install/rm_decision_interfaces/share/rm_decision_interfaces/msg/RobotStatus.idl
[2.032s] -- Up-to-date: /home/mechax/ylh/sentry_vision/install/rm_decision_interfaces/share/rm_decision_interfaces/msg/ReceiveSerial.idl
[2.032s] -- Up-to-date: /home/mechax/ylh/sentry_vision/install/rm_decision_interfaces/share/rm_decision_interfaces/msg/AllRobotHP.msg
[2.032s] -- Up-to-date: /home/mechax/ylh/sentry_vision/install/rm_decision_interfaces/share/rm_decision_interfaces/msg/Armor.msg
[2.032s] -- Up-to-date: /home/mechax/ylh/sentry_vision/install/rm_decision_interfaces/share/rm_decision_interfaces/msg/FriendLocation.msg
[2.032s] -- Up-to-date: /home/mechax/ylh/sentry_vision/install/rm_decision_interfaces/share/rm_decision_interfaces/msg/RFID.msg
[2.032s] -- Up-to-date: /home/mechax/ylh/sentry_vision/install/rm_decision_interfaces/share/rm_decision_interfaces/msg/RobotStatus.msg
[2.032s] -- Up-to-date: /home/mechax/ylh/sentry_vision/install/rm_decision_interfaces/share/rm_decision_interfaces/msg/ReceiveSerial.msg
[2.032s] -- Up-to-date: /home/mechax/ylh/sentry_vision/install/rm_decision_interfaces/share/ament_index/resource_index/package_run_dependencies/rm_decision_interfaces
[2.032s] -- Up-to-date: /home/mechax/ylh/sentry_vision/install/rm_decision_interfaces/share/ament_index/resource_index/parent_prefix_path/rm_decision_interfaces
[2.032s] -- Up-to-date: /home/mechax/ylh/sentry_vision/install/rm_decision_interfaces/share/rm_decision_interfaces/environment/ament_prefix_path.sh
[2.032s] -- Up-to-date: /home/mechax/ylh/sentry_vision/install/rm_decision_interfaces/share/rm_decision_interfaces/environment/ament_prefix_path.dsv
[2.032s] -- Up-to-date: /home/mechax/ylh/sentry_vision/install/rm_decision_interfaces/share/rm_decision_interfaces/environment/path.sh
[2.032s] -- Up-to-date: /home/mechax/ylh/sentry_vision/install/rm_decision_interfaces/share/rm_decision_interfaces/environment/path.dsv
[2.032s] -- Up-to-date: /home/mechax/ylh/sentry_vision/install/rm_decision_interfaces/share/rm_decision_interfaces/local_setup.bash
[2.032s] -- Up-to-date: /home/mechax/ylh/sentry_vision/install/rm_decision_interfaces/share/rm_decision_interfaces/local_setup.sh
[2.032s] -- Up-to-date: /home/mechax/ylh/sentry_vision/install/rm_decision_interfaces/share/rm_decision_interfaces/local_setup.zsh
[2.032s] -- Up-to-date: /home/mechax/ylh/sentry_vision/install/rm_decision_interfaces/share/rm_decision_interfaces/local_setup.dsv
[2.032s] -- Installing: /home/mechax/ylh/sentry_vision/install/rm_decision_interfaces/share/rm_decision_interfaces/package.dsv
[2.032s] -- Up-to-date: /home/mechax/ylh/sentry_vision/install/rm_decision_interfaces/share/ament_index/resource_index/packages/rm_decision_interfaces
[2.032s] -- Up-to-date: /home/mechax/ylh/sentry_vision/install/rm_decision_interfaces/share/rm_decision_interfaces/cmake/export_rm_decision_interfaces__rosidl_generator_cExport.cmake
[2.032s] -- Up-to-date: /home/mechax/ylh/sentry_vision/install/rm_decision_interfaces/share/rm_decision_interfaces/cmake/export_rm_decision_interfaces__rosidl_generator_cExport-noconfig.cmake
[2.032s] -- Up-to-date: /home/mechax/ylh/sentry_vision/install/rm_decision_interfaces/share/rm_decision_interfaces/cmake/export_rm_decision_interfaces__rosidl_typesupport_fastrtps_cExport.cmake
[2.032s] -- Up-to-date: /home/mechax/ylh/sentry_vision/install/rm_decision_interfaces/share/rm_decision_interfaces/cmake/export_rm_decision_interfaces__rosidl_typesupport_fastrtps_cExport-noconfig.cmake
[2.032s] -- Up-to-date: /home/mechax/ylh/sentry_vision/install/rm_decision_interfaces/share/rm_decision_interfaces/cmake/export_rm_decision_interfaces__rosidl_generator_cppExport.cmake
[2.033s] -- Up-to-date: /home/mechax/ylh/sentry_vision/install/rm_decision_interfaces/share/rm_decision_interfaces/cmake/export_rm_decision_interfaces__rosidl_typesupport_fastrtps_cppExport.cmake
[2.033s] -- Up-to-date: /home/mechax/ylh/sentry_vision/install/rm_decision_interfaces/share/rm_decision_interfaces/cmake/export_rm_decision_interfaces__rosidl_typesupport_fastrtps_cppExport-noconfig.cmake
[2.033s] -- Up-to-date: /home/mechax/ylh/sentry_vision/install/rm_decision_interfaces/share/rm_decision_interfaces/cmake/rm_decision_interfaces__rosidl_typesupport_introspection_cExport.cmake
[2.033s] -- Up-to-date: /home/mechax/ylh/sentry_vision/install/rm_decision_interfaces/share/rm_decision_interfaces/cmake/rm_decision_interfaces__rosidl_typesupport_introspection_cExport-noconfig.cmake
[2.033s] -- Up-to-date: /home/mechax/ylh/sentry_vision/install/rm_decision_interfaces/share/rm_decision_interfaces/cmake/rm_decision_interfaces__rosidl_typesupport_cExport.cmake
[2.033s] -- Up-to-date: /home/mechax/ylh/sentry_vision/install/rm_decision_interfaces/share/rm_decision_interfaces/cmake/rm_decision_interfaces__rosidl_typesupport_cExport-noconfig.cmake
[2.033s] -- Up-to-date: /home/mechax/ylh/sentry_vision/install/rm_decision_interfaces/share/rm_decision_interfaces/cmake/rm_decision_interfaces__rosidl_typesupport_introspection_cppExport.cmake
[2.033s] -- Up-to-date: /home/mechax/ylh/sentry_vision/install/rm_decision_interfaces/share/rm_decision_interfaces/cmake/rm_decision_interfaces__rosidl_typesupport_introspection_cppExport-noconfig.cmake
[2.033s] -- Up-to-date: /home/mechax/ylh/sentry_vision/install/rm_decision_interfaces/share/rm_decision_interfaces/cmake/rm_decision_interfaces__rosidl_typesupport_cppExport.cmake
[2.033s] -- Up-to-date: /home/mechax/ylh/sentry_vision/install/rm_decision_interfaces/share/rm_decision_interfaces/cmake/rm_decision_interfaces__rosidl_typesupport_cppExport-noconfig.cmake
[2.033s] -- Up-to-date: /home/mechax/ylh/sentry_vision/install/rm_decision_interfaces/share/rm_decision_interfaces/cmake/export_rm_decision_interfaces__rosidl_generator_pyExport.cmake
[2.033s] -- Up-to-date: /home/mechax/ylh/sentry_vision/install/rm_decision_interfaces/share/rm_decision_interfaces/cmake/export_rm_decision_interfaces__rosidl_generator_pyExport-noconfig.cmake
[2.033s] -- Up-to-date: /home/mechax/ylh/sentry_vision/install/rm_decision_interfaces/share/rm_decision_interfaces/cmake/rosidl_cmake-extras.cmake
[2.033s] -- Up-to-date: /home/mechax/ylh/sentry_vision/install/rm_decision_interfaces/share/rm_decision_interfaces/cmake/ament_cmake_export_dependencies-extras.cmake
[2.033s] -- Up-to-date: /home/mechax/ylh/sentry_vision/install/rm_decision_interfaces/share/rm_decision_interfaces/cmake/ament_cmake_export_include_directories-extras.cmake
[2.033s] -- Up-to-date: /home/mechax/ylh/sentry_vision/install/rm_decision_interfaces/share/rm_decision_interfaces/cmake/ament_cmake_export_libraries-extras.cmake
[2.033s] -- Up-to-date: /home/mechax/ylh/sentry_vision/install/rm_decision_interfaces/share/rm_decision_interfaces/cmake/ament_cmake_export_targets-extras.cmake
[2.033s] -- Up-to-date: /home/mechax/ylh/sentry_vision/install/rm_decision_interfaces/share/rm_decision_interfaces/cmake/rosidl_cmake_export_typesupport_targets-extras.cmake
[2.033s] -- Up-to-date: /home/mechax/ylh/sentry_vision/install/rm_decision_interfaces/share/rm_decision_interfaces/cmake/rosidl_cmake_export_typesupport_libraries-extras.cmake
[2.033s] -- Up-to-date: /home/mechax/ylh/sentry_vision/install/rm_decision_interfaces/share/rm_decision_interfaces/cmake/rm_decision_interfacesConfig.cmake
[2.033s] -- Up-to-date: /home/mechax/ylh/sentry_vision/install/rm_decision_interfaces/share/rm_decision_interfaces/cmake/rm_decision_interfacesConfig-version.cmake
[2.033s] -- Up-to-date: /home/mechax/ylh/sentry_vision/install/rm_decision_interfaces/share/rm_decision_interfaces/package.xml
[2.240s] Invoked command in '/home/mechax/ylh/sentry_vision/build/rm_decision_interfaces' returned '0': CMAKE_PREFIX_PATH=/opt/ros/humble /usr/bin/cmake --install /home/mechax/ylh/sentry_vision/build/rm_decision_interfaces
