[0.269s] Invoking command in '/home/mechax/ylh/sentry_vision/build/btcpp_ros2_interfaces': CMAKE_PREFIX_PATH=/opt/ros/humble /usr/bin/cmake --build /home/mechax/ylh/sentry_vision/build/btcpp_ros2_interfaces -- -j16 -l16
[0.371s] [35m[1mConsolidate compiler generated dependencies of target btcpp_ros2_interfaces__rosidl_generator_c[0m
[0.371s] [  3%] Built target btcpp_ros2_interfaces__cpp
[0.371s] [  3%] Built target ament_cmake_python_copy_btcpp_ros2_interfaces
[0.371s] [ 12%] Built target btcpp_ros2_interfaces__rosidl_generator_c
[0.372s] [35m[1mConsolidate compiler generated dependencies of target btcpp_ros2_interfaces__rosidl_typesupport_fastrtps_cpp[0m
[0.372s] [35m[1mConsolidate compiler generated dependencies of target btcpp_ros2_interfaces__rosidl_typesupport_cpp[0m
[0.375s] [35m[1mConsolidate compiler generated dependencies of target btcpp_ros2_interfaces__rosidl_typesupport_c[0m
[0.381s] [35m[1mConsolidate compiler generated dependencies of target btcpp_ros2_interfaces__rosidl_typesupport_introspection_cpp[0m
[0.385s] [ 22%] Built target btcpp_ros2_interfaces__rosidl_typesupport_fastrtps_cpp
[0.386s] [35m[1mConsolidate compiler generated dependencies of target btcpp_ros2_interfaces__rosidl_typesupport_fastrtps_c[0m
[0.391s] [35m[1mConsolidate compiler generated dependencies of target btcpp_ros2_interfaces__rosidl_typesupport_introspection_c[0m
[0.437s] [ 32%] Built target btcpp_ros2_interfaces__rosidl_typesupport_cpp
[0.441s] [ 41%] Built target btcpp_ros2_interfaces__rosidl_typesupport_introspection_cpp
[0.464s] [ 51%] Built target btcpp_ros2_interfaces__rosidl_typesupport_introspection_c
[0.472s] [ 61%] Built target btcpp_ros2_interfaces__rosidl_typesupport_c
[0.472s] [ 70%] Built target btcpp_ros2_interfaces__rosidl_typesupport_fastrtps_c
[0.508s] [ 70%] Built target btcpp_ros2_interfaces
[0.542s] [ 74%] Built target btcpp_ros2_interfaces__py
[0.561s] [35m[1mConsolidate compiler generated dependencies of target btcpp_ros2_interfaces__rosidl_generator_py[0m
[0.578s] [ 80%] Built target btcpp_ros2_interfaces__rosidl_generator_py
[0.589s] [35m[1mConsolidate compiler generated dependencies of target btcpp_ros2_interfaces__rosidl_typesupport_introspection_c__pyext[0m
[0.596s] [35m[1mConsolidate compiler generated dependencies of target btcpp_ros2_interfaces__rosidl_typesupport_fastrtps_c__pyext[0m
[0.605s] [35m[1mConsolidate compiler generated dependencies of target btcpp_ros2_interfaces__rosidl_typesupport_c__pyext[0m
[0.610s] [ 87%] Built target btcpp_ros2_interfaces__rosidl_typesupport_introspection_c__pyext
[0.626s] [ 93%] Built target btcpp_ros2_interfaces__rosidl_typesupport_fastrtps_c__pyext
[0.632s] [100%] Built target btcpp_ros2_interfaces__rosidl_typesupport_c__pyext
[0.686s] running egg_info
[0.694s] writing btcpp_ros2_interfaces.egg-info/PKG-INFO
[0.695s] writing dependency_links to btcpp_ros2_interfaces.egg-info/dependency_links.txt
[0.696s] writing top-level names to btcpp_ros2_interfaces.egg-info/top_level.txt
[0.733s] reading manifest file 'btcpp_ros2_interfaces.egg-info/SOURCES.txt'
[0.733s] writing manifest file 'btcpp_ros2_interfaces.egg-info/SOURCES.txt'
[0.750s] [100%] Built target ament_cmake_python_build_btcpp_ros2_interfaces_egg
[0.899s] Invoked command in '/home/mechax/ylh/sentry_vision/build/btcpp_ros2_interfaces' returned '0': CMAKE_PREFIX_PATH=/opt/ros/humble /usr/bin/cmake --build /home/mechax/ylh/sentry_vision/build/btcpp_ros2_interfaces -- -j16 -l16
[1.207s] Invoking command in '/home/mechax/ylh/sentry_vision/build/btcpp_ros2_interfaces': CMAKE_PREFIX_PATH=/opt/ros/humble /usr/bin/cmake --install /home/mechax/ylh/sentry_vision/build/btcpp_ros2_interfaces
[1.312s] -- Install configuration: ""
[1.312s] -- Up-to-date: /home/mechax/ylh/sentry_vision/install/btcpp_ros2_interfaces/share/ament_index/resource_index/rosidl_interfaces/btcpp_ros2_interfaces
[1.312s] -- Up-to-date: /home/mechax/ylh/sentry_vision/install/btcpp_ros2_interfaces/include/btcpp_ros2_interfaces/btcpp_ros2_interfaces
[1.312s] -- Up-to-date: /home/mechax/ylh/sentry_vision/install/btcpp_ros2_interfaces/include/btcpp_ros2_interfaces/btcpp_ros2_interfaces/msg
[1.313s] -- Up-to-date: /home/mechax/ylh/sentry_vision/install/btcpp_ros2_interfaces/include/btcpp_ros2_interfaces/btcpp_ros2_interfaces/msg/rosidl_generator_c__visibility_control.h
[1.313s] -- Up-to-date: /home/mechax/ylh/sentry_vision/install/btcpp_ros2_interfaces/include/btcpp_ros2_interfaces/btcpp_ros2_interfaces/action
[1.313s] -- Up-to-date: /home/mechax/ylh/sentry_vision/install/btcpp_ros2_interfaces/include/btcpp_ros2_interfaces/btcpp_ros2_interfaces/action/sleep.h
[1.313s] -- Up-to-date: /home/mechax/ylh/sentry_vision/install/btcpp_ros2_interfaces/include/btcpp_ros2_interfaces/btcpp_ros2_interfaces/action/detail
[1.313s] -- Up-to-date: /home/mechax/ylh/sentry_vision/install/btcpp_ros2_interfaces/include/btcpp_ros2_interfaces/btcpp_ros2_interfaces/action/detail/sleep__functions.h
[1.314s] -- Up-to-date: /home/mechax/ylh/sentry_vision/install/btcpp_ros2_interfaces/include/btcpp_ros2_interfaces/btcpp_ros2_interfaces/action/detail/sleep__struct.h
[1.314s] -- Up-to-date: /home/mechax/ylh/sentry_vision/install/btcpp_ros2_interfaces/include/btcpp_ros2_interfaces/btcpp_ros2_interfaces/action/detail/sleep__type_support.h
[1.314s] -- Up-to-date: /home/mechax/ylh/sentry_vision/install/btcpp_ros2_interfaces/include/btcpp_ros2_interfaces/btcpp_ros2_interfaces/action/detail/sleep__functions.c
[1.314s] -- Up-to-date: /home/mechax/ylh/sentry_vision/install/btcpp_ros2_interfaces/share/btcpp_ros2_interfaces/environment/library_path.sh
[1.314s] -- Up-to-date: /home/mechax/ylh/sentry_vision/install/btcpp_ros2_interfaces/share/btcpp_ros2_interfaces/environment/library_path.dsv
[1.315s] -- Up-to-date: /home/mechax/ylh/sentry_vision/install/btcpp_ros2_interfaces/lib/libbtcpp_ros2_interfaces__rosidl_generator_c.so
[1.315s] -- Up-to-date: /home/mechax/ylh/sentry_vision/install/btcpp_ros2_interfaces/include/btcpp_ros2_interfaces/btcpp_ros2_interfaces
[1.316s] -- Up-to-date: /home/mechax/ylh/sentry_vision/install/btcpp_ros2_interfaces/include/btcpp_ros2_interfaces/btcpp_ros2_interfaces/msg
[1.316s] -- Up-to-date: /home/mechax/ylh/sentry_vision/install/btcpp_ros2_interfaces/include/btcpp_ros2_interfaces/btcpp_ros2_interfaces/msg/rosidl_typesupport_fastrtps_c__visibility_control.h
[1.316s] -- Up-to-date: /home/mechax/ylh/sentry_vision/install/btcpp_ros2_interfaces/include/btcpp_ros2_interfaces/btcpp_ros2_interfaces/action
[1.317s] -- Up-to-date: /home/mechax/ylh/sentry_vision/install/btcpp_ros2_interfaces/include/btcpp_ros2_interfaces/btcpp_ros2_interfaces/action/detail
[1.318s] -- Up-to-date: /home/mechax/ylh/sentry_vision/install/btcpp_ros2_interfaces/include/btcpp_ros2_interfaces/btcpp_ros2_interfaces/action/detail/sleep__rosidl_typesupport_fastrtps_c.h
[1.318s] -- Up-to-date: /home/mechax/ylh/sentry_vision/install/btcpp_ros2_interfaces/lib/libbtcpp_ros2_interfaces__rosidl_typesupport_fastrtps_c.so
[1.318s] -- Up-to-date: /home/mechax/ylh/sentry_vision/install/btcpp_ros2_interfaces/include/btcpp_ros2_interfaces/btcpp_ros2_interfaces
[1.318s] -- Up-to-date: /home/mechax/ylh/sentry_vision/install/btcpp_ros2_interfaces/include/btcpp_ros2_interfaces/btcpp_ros2_interfaces/msg
[1.319s] -- Up-to-date: /home/mechax/ylh/sentry_vision/install/btcpp_ros2_interfaces/include/btcpp_ros2_interfaces/btcpp_ros2_interfaces/msg/rosidl_typesupport_introspection_c__visibility_control.h
[1.320s] -- Up-to-date: /home/mechax/ylh/sentry_vision/install/btcpp_ros2_interfaces/include/btcpp_ros2_interfaces/btcpp_ros2_interfaces/action
[1.320s] -- Up-to-date: /home/mechax/ylh/sentry_vision/install/btcpp_ros2_interfaces/include/btcpp_ros2_interfaces/btcpp_ros2_interfaces/action/detail
[1.320s] -- Up-to-date: /home/mechax/ylh/sentry_vision/install/btcpp_ros2_interfaces/include/btcpp_ros2_interfaces/btcpp_ros2_interfaces/action/detail/sleep__type_support.c
[1.322s] -- Up-to-date: /home/mechax/ylh/sentry_vision/install/btcpp_ros2_interfaces/include/btcpp_ros2_interfaces/btcpp_ros2_interfaces/action/detail/sleep__rosidl_typesupport_introspection_c.h
[1.323s] -- Up-to-date: /home/mechax/ylh/sentry_vision/install/btcpp_ros2_interfaces/lib/libbtcpp_ros2_interfaces__rosidl_typesupport_introspection_c.so
[1.323s] -- Up-to-date: /home/mechax/ylh/sentry_vision/install/btcpp_ros2_interfaces/lib/libbtcpp_ros2_interfaces__rosidl_typesupport_c.so
[1.323s] -- Up-to-date: /home/mechax/ylh/sentry_vision/install/btcpp_ros2_interfaces/include/btcpp_ros2_interfaces/btcpp_ros2_interfaces
[1.323s] -- Up-to-date: /home/mechax/ylh/sentry_vision/install/btcpp_ros2_interfaces/include/btcpp_ros2_interfaces/btcpp_ros2_interfaces/action
[1.323s] -- Up-to-date: /home/mechax/ylh/sentry_vision/install/btcpp_ros2_interfaces/include/btcpp_ros2_interfaces/btcpp_ros2_interfaces/action/detail
[1.323s] -- Up-to-date: /home/mechax/ylh/sentry_vision/install/btcpp_ros2_interfaces/include/btcpp_ros2_interfaces/btcpp_ros2_interfaces/action/detail/sleep__traits.hpp
[1.323s] -- Up-to-date: /home/mechax/ylh/sentry_vision/install/btcpp_ros2_interfaces/include/btcpp_ros2_interfaces/btcpp_ros2_interfaces/action/detail/sleep__struct.hpp
[1.323s] -- Up-to-date: /home/mechax/ylh/sentry_vision/install/btcpp_ros2_interfaces/include/btcpp_ros2_interfaces/btcpp_ros2_interfaces/action/detail/sleep__builder.hpp
[1.323s] -- Up-to-date: /home/mechax/ylh/sentry_vision/install/btcpp_ros2_interfaces/include/btcpp_ros2_interfaces/btcpp_ros2_interfaces/action/sleep.hpp
[1.323s] -- Up-to-date: /home/mechax/ylh/sentry_vision/install/btcpp_ros2_interfaces/include/btcpp_ros2_interfaces/btcpp_ros2_interfaces
[1.323s] -- Up-to-date: /home/mechax/ylh/sentry_vision/install/btcpp_ros2_interfaces/include/btcpp_ros2_interfaces/btcpp_ros2_interfaces/msg
[1.323s] -- Up-to-date: /home/mechax/ylh/sentry_vision/install/btcpp_ros2_interfaces/include/btcpp_ros2_interfaces/btcpp_ros2_interfaces/msg/rosidl_typesupport_fastrtps_cpp__visibility_control.h
[1.323s] -- Up-to-date: /home/mechax/ylh/sentry_vision/install/btcpp_ros2_interfaces/include/btcpp_ros2_interfaces/btcpp_ros2_interfaces/action
[1.323s] -- Up-to-date: /home/mechax/ylh/sentry_vision/install/btcpp_ros2_interfaces/include/btcpp_ros2_interfaces/btcpp_ros2_interfaces/action/detail
[1.323s] -- Up-to-date: /home/mechax/ylh/sentry_vision/install/btcpp_ros2_interfaces/include/btcpp_ros2_interfaces/btcpp_ros2_interfaces/action/detail/dds_fastrtps
[1.323s] -- Up-to-date: /home/mechax/ylh/sentry_vision/install/btcpp_ros2_interfaces/include/btcpp_ros2_interfaces/btcpp_ros2_interfaces/action/detail/sleep__rosidl_typesupport_fastrtps_cpp.hpp
[1.323s] -- Up-to-date: /home/mechax/ylh/sentry_vision/install/btcpp_ros2_interfaces/lib/libbtcpp_ros2_interfaces__rosidl_typesupport_fastrtps_cpp.so
[1.324s] -- Up-to-date: /home/mechax/ylh/sentry_vision/install/btcpp_ros2_interfaces/include/btcpp_ros2_interfaces/btcpp_ros2_interfaces
[1.324s] -- Up-to-date: /home/mechax/ylh/sentry_vision/install/btcpp_ros2_interfaces/include/btcpp_ros2_interfaces/btcpp_ros2_interfaces/action
[1.324s] -- Up-to-date: /home/mechax/ylh/sentry_vision/install/btcpp_ros2_interfaces/include/btcpp_ros2_interfaces/btcpp_ros2_interfaces/action/detail
[1.324s] -- Up-to-date: /home/mechax/ylh/sentry_vision/install/btcpp_ros2_interfaces/include/btcpp_ros2_interfaces/btcpp_ros2_interfaces/action/detail/sleep__type_support.cpp
[1.324s] -- Up-to-date: /home/mechax/ylh/sentry_vision/install/btcpp_ros2_interfaces/include/btcpp_ros2_interfaces/btcpp_ros2_interfaces/action/detail/sleep__rosidl_typesupport_introspection_cpp.hpp
[1.324s] -- Up-to-date: /home/mechax/ylh/sentry_vision/install/btcpp_ros2_interfaces/lib/libbtcpp_ros2_interfaces__rosidl_typesupport_introspection_cpp.so
[1.324s] -- Up-to-date: /home/mechax/ylh/sentry_vision/install/btcpp_ros2_interfaces/lib/libbtcpp_ros2_interfaces__rosidl_typesupport_cpp.so
[1.324s] -- Up-to-date: /home/mechax/ylh/sentry_vision/install/btcpp_ros2_interfaces/share/btcpp_ros2_interfaces/environment/pythonpath.sh
[1.324s] -- Up-to-date: /home/mechax/ylh/sentry_vision/install/btcpp_ros2_interfaces/share/btcpp_ros2_interfaces/environment/pythonpath.dsv
[1.335s] -- Up-to-date: /home/mechax/ylh/sentry_vision/install/btcpp_ros2_interfaces/local/lib/python3.10/dist-packages/btcpp_ros2_interfaces-0.2.0-py3.10.egg-info
[1.335s] -- Installing: /home/mechax/ylh/sentry_vision/install/btcpp_ros2_interfaces/local/lib/python3.10/dist-packages/btcpp_ros2_interfaces-0.2.0-py3.10.egg-info/PKG-INFO
[1.335s] -- Installing: /home/mechax/ylh/sentry_vision/install/btcpp_ros2_interfaces/local/lib/python3.10/dist-packages/btcpp_ros2_interfaces-0.2.0-py3.10.egg-info/SOURCES.txt
[1.335s] -- Installing: /home/mechax/ylh/sentry_vision/install/btcpp_ros2_interfaces/local/lib/python3.10/dist-packages/btcpp_ros2_interfaces-0.2.0-py3.10.egg-info/top_level.txt
[1.335s] -- Installing: /home/mechax/ylh/sentry_vision/install/btcpp_ros2_interfaces/local/lib/python3.10/dist-packages/btcpp_ros2_interfaces-0.2.0-py3.10.egg-info/dependency_links.txt
[1.335s] -- Up-to-date: /home/mechax/ylh/sentry_vision/install/btcpp_ros2_interfaces/local/lib/python3.10/dist-packages/btcpp_ros2_interfaces
[1.335s] -- Up-to-date: /home/mechax/ylh/sentry_vision/install/btcpp_ros2_interfaces/local/lib/python3.10/dist-packages/btcpp_ros2_interfaces/_btcpp_ros2_interfaces_s.ep.rosidl_typesupport_introspection_c.c
[1.335s] -- Up-to-date: /home/mechax/ylh/sentry_vision/install/btcpp_ros2_interfaces/local/lib/python3.10/dist-packages/btcpp_ros2_interfaces/btcpp_ros2_interfaces_s__rosidl_typesupport_introspection_c.cpython-310-x86_64-linux-gnu.so
[1.335s] -- Up-to-date: /home/mechax/ylh/sentry_vision/install/btcpp_ros2_interfaces/local/lib/python3.10/dist-packages/btcpp_ros2_interfaces/_btcpp_ros2_interfaces_s.ep.rosidl_typesupport_c.c
[1.335s] -- Up-to-date: /home/mechax/ylh/sentry_vision/install/btcpp_ros2_interfaces/local/lib/python3.10/dist-packages/btcpp_ros2_interfaces/_btcpp_ros2_interfaces_s.ep.rosidl_typesupport_fastrtps_c.c
[1.335s] -- Up-to-date: /home/mechax/ylh/sentry_vision/install/btcpp_ros2_interfaces/local/lib/python3.10/dist-packages/btcpp_ros2_interfaces/btcpp_ros2_interfaces_s__rosidl_typesupport_fastrtps_c.cpython-310-x86_64-linux-gnu.so
[1.335s] -- Up-to-date: /home/mechax/ylh/sentry_vision/install/btcpp_ros2_interfaces/local/lib/python3.10/dist-packages/btcpp_ros2_interfaces/__init__.py
[1.335s] -- Up-to-date: /home/mechax/ylh/sentry_vision/install/btcpp_ros2_interfaces/local/lib/python3.10/dist-packages/btcpp_ros2_interfaces/btcpp_ros2_interfaces_s__rosidl_typesupport_c.cpython-310-x86_64-linux-gnu.so
[1.335s] -- Up-to-date: /home/mechax/ylh/sentry_vision/install/btcpp_ros2_interfaces/local/lib/python3.10/dist-packages/btcpp_ros2_interfaces/action
[1.335s] -- Up-to-date: /home/mechax/ylh/sentry_vision/install/btcpp_ros2_interfaces/local/lib/python3.10/dist-packages/btcpp_ros2_interfaces/action/_sleep.py
[1.335s] -- Up-to-date: /home/mechax/ylh/sentry_vision/install/btcpp_ros2_interfaces/local/lib/python3.10/dist-packages/btcpp_ros2_interfaces/action/_sleep_s.c
[1.335s] -- Up-to-date: /home/mechax/ylh/sentry_vision/install/btcpp_ros2_interfaces/local/lib/python3.10/dist-packages/btcpp_ros2_interfaces/action/__init__.py
[1.335s] -- Up-to-date: /home/mechax/ylh/sentry_vision/install/btcpp_ros2_interfaces/local/lib/python3.10/dist-packages/btcpp_ros2_interfaces/libbtcpp_ros2_interfaces__rosidl_generator_py.so
[1.335s] Listing '/home/mechax/ylh/sentry_vision/install/btcpp_ros2_interfaces/local/lib/python3.10/dist-packages/btcpp_ros2_interfaces'...
[1.335s] Listing '/home/mechax/ylh/sentry_vision/install/btcpp_ros2_interfaces/local/lib/python3.10/dist-packages/btcpp_ros2_interfaces/action'...
[1.335s] -- Up-to-date: /home/mechax/ylh/sentry_vision/install/btcpp_ros2_interfaces/local/lib/python3.10/dist-packages/btcpp_ros2_interfaces/btcpp_ros2_interfaces_s__rosidl_typesupport_fastrtps_c.cpython-310-x86_64-linux-gnu.so
[1.335s] -- Up-to-date: /home/mechax/ylh/sentry_vision/install/btcpp_ros2_interfaces/local/lib/python3.10/dist-packages/btcpp_ros2_interfaces/btcpp_ros2_interfaces_s__rosidl_typesupport_introspection_c.cpython-310-x86_64-linux-gnu.so
[1.336s] -- Up-to-date: /home/mechax/ylh/sentry_vision/install/btcpp_ros2_interfaces/local/lib/python3.10/dist-packages/btcpp_ros2_interfaces/btcpp_ros2_interfaces_s__rosidl_typesupport_c.cpython-310-x86_64-linux-gnu.so
[1.336s] -- Up-to-date: /home/mechax/ylh/sentry_vision/install/btcpp_ros2_interfaces/lib/libbtcpp_ros2_interfaces__rosidl_generator_py.so
[1.336s] -- Up-to-date: /home/mechax/ylh/sentry_vision/install/btcpp_ros2_interfaces/share/btcpp_ros2_interfaces/action/Sleep.idl
[1.336s] -- Up-to-date: /home/mechax/ylh/sentry_vision/install/btcpp_ros2_interfaces/share/btcpp_ros2_interfaces/action/Sleep.action
[1.336s] -- Up-to-date: /home/mechax/ylh/sentry_vision/install/btcpp_ros2_interfaces/share/ament_index/resource_index/package_run_dependencies/btcpp_ros2_interfaces
[1.336s] -- Up-to-date: /home/mechax/ylh/sentry_vision/install/btcpp_ros2_interfaces/share/ament_index/resource_index/parent_prefix_path/btcpp_ros2_interfaces
[1.336s] -- Up-to-date: /home/mechax/ylh/sentry_vision/install/btcpp_ros2_interfaces/share/btcpp_ros2_interfaces/environment/ament_prefix_path.sh
[1.336s] -- Up-to-date: /home/mechax/ylh/sentry_vision/install/btcpp_ros2_interfaces/share/btcpp_ros2_interfaces/environment/ament_prefix_path.dsv
[1.336s] -- Up-to-date: /home/mechax/ylh/sentry_vision/install/btcpp_ros2_interfaces/share/btcpp_ros2_interfaces/environment/path.sh
[1.336s] -- Up-to-date: /home/mechax/ylh/sentry_vision/install/btcpp_ros2_interfaces/share/btcpp_ros2_interfaces/environment/path.dsv
[1.336s] -- Up-to-date: /home/mechax/ylh/sentry_vision/install/btcpp_ros2_interfaces/share/btcpp_ros2_interfaces/local_setup.bash
[1.336s] -- Up-to-date: /home/mechax/ylh/sentry_vision/install/btcpp_ros2_interfaces/share/btcpp_ros2_interfaces/local_setup.sh
[1.336s] -- Up-to-date: /home/mechax/ylh/sentry_vision/install/btcpp_ros2_interfaces/share/btcpp_ros2_interfaces/local_setup.zsh
[1.336s] -- Up-to-date: /home/mechax/ylh/sentry_vision/install/btcpp_ros2_interfaces/share/btcpp_ros2_interfaces/local_setup.dsv
[1.336s] -- Installing: /home/mechax/ylh/sentry_vision/install/btcpp_ros2_interfaces/share/btcpp_ros2_interfaces/package.dsv
[1.336s] -- Up-to-date: /home/mechax/ylh/sentry_vision/install/btcpp_ros2_interfaces/share/ament_index/resource_index/packages/btcpp_ros2_interfaces
[1.336s] -- Up-to-date: /home/mechax/ylh/sentry_vision/install/btcpp_ros2_interfaces/share/btcpp_ros2_interfaces/cmake/export_btcpp_ros2_interfaces__rosidl_generator_cExport.cmake
[1.336s] -- Up-to-date: /home/mechax/ylh/sentry_vision/install/btcpp_ros2_interfaces/share/btcpp_ros2_interfaces/cmake/export_btcpp_ros2_interfaces__rosidl_generator_cExport-noconfig.cmake
[1.336s] -- Up-to-date: /home/mechax/ylh/sentry_vision/install/btcpp_ros2_interfaces/share/btcpp_ros2_interfaces/cmake/export_btcpp_ros2_interfaces__rosidl_typesupport_fastrtps_cExport.cmake
[1.336s] -- Up-to-date: /home/mechax/ylh/sentry_vision/install/btcpp_ros2_interfaces/share/btcpp_ros2_interfaces/cmake/export_btcpp_ros2_interfaces__rosidl_typesupport_fastrtps_cExport-noconfig.cmake
[1.336s] -- Up-to-date: /home/mechax/ylh/sentry_vision/install/btcpp_ros2_interfaces/share/btcpp_ros2_interfaces/cmake/btcpp_ros2_interfaces__rosidl_typesupport_introspection_cExport.cmake
[1.336s] -- Up-to-date: /home/mechax/ylh/sentry_vision/install/btcpp_ros2_interfaces/share/btcpp_ros2_interfaces/cmake/btcpp_ros2_interfaces__rosidl_typesupport_introspection_cExport-noconfig.cmake
[1.336s] -- Up-to-date: /home/mechax/ylh/sentry_vision/install/btcpp_ros2_interfaces/share/btcpp_ros2_interfaces/cmake/btcpp_ros2_interfaces__rosidl_typesupport_cExport.cmake
[1.336s] -- Up-to-date: /home/mechax/ylh/sentry_vision/install/btcpp_ros2_interfaces/share/btcpp_ros2_interfaces/cmake/btcpp_ros2_interfaces__rosidl_typesupport_cExport-noconfig.cmake
[1.336s] -- Up-to-date: /home/mechax/ylh/sentry_vision/install/btcpp_ros2_interfaces/share/btcpp_ros2_interfaces/cmake/export_btcpp_ros2_interfaces__rosidl_generator_cppExport.cmake
[1.336s] -- Up-to-date: /home/mechax/ylh/sentry_vision/install/btcpp_ros2_interfaces/share/btcpp_ros2_interfaces/cmake/export_btcpp_ros2_interfaces__rosidl_typesupport_fastrtps_cppExport.cmake
[1.336s] -- Up-to-date: /home/mechax/ylh/sentry_vision/install/btcpp_ros2_interfaces/share/btcpp_ros2_interfaces/cmake/export_btcpp_ros2_interfaces__rosidl_typesupport_fastrtps_cppExport-noconfig.cmake
[1.336s] -- Up-to-date: /home/mechax/ylh/sentry_vision/install/btcpp_ros2_interfaces/share/btcpp_ros2_interfaces/cmake/btcpp_ros2_interfaces__rosidl_typesupport_introspection_cppExport.cmake
[1.337s] -- Up-to-date: /home/mechax/ylh/sentry_vision/install/btcpp_ros2_interfaces/share/btcpp_ros2_interfaces/cmake/btcpp_ros2_interfaces__rosidl_typesupport_introspection_cppExport-noconfig.cmake
[1.337s] -- Up-to-date: /home/mechax/ylh/sentry_vision/install/btcpp_ros2_interfaces/share/btcpp_ros2_interfaces/cmake/btcpp_ros2_interfaces__rosidl_typesupport_cppExport.cmake
[1.338s] -- Up-to-date: /home/mechax/ylh/sentry_vision/install/btcpp_ros2_interfaces/share/btcpp_ros2_interfaces/cmake/btcpp_ros2_interfaces__rosidl_typesupport_cppExport-noconfig.cmake
[1.338s] -- Up-to-date: /home/mechax/ylh/sentry_vision/install/btcpp_ros2_interfaces/share/btcpp_ros2_interfaces/cmake/export_btcpp_ros2_interfaces__rosidl_generator_pyExport.cmake
[1.338s] -- Up-to-date: /home/mechax/ylh/sentry_vision/install/btcpp_ros2_interfaces/share/btcpp_ros2_interfaces/cmake/export_btcpp_ros2_interfaces__rosidl_generator_pyExport-noconfig.cmake
[1.338s] -- Up-to-date: /home/mechax/ylh/sentry_vision/install/btcpp_ros2_interfaces/share/btcpp_ros2_interfaces/cmake/rosidl_cmake-extras.cmake
[1.338s] -- Up-to-date: /home/mechax/ylh/sentry_vision/install/btcpp_ros2_interfaces/share/btcpp_ros2_interfaces/cmake/ament_cmake_export_dependencies-extras.cmake
[1.338s] -- Up-to-date: /home/mechax/ylh/sentry_vision/install/btcpp_ros2_interfaces/share/btcpp_ros2_interfaces/cmake/ament_cmake_export_include_directories-extras.cmake
[1.338s] -- Up-to-date: /home/mechax/ylh/sentry_vision/install/btcpp_ros2_interfaces/share/btcpp_ros2_interfaces/cmake/ament_cmake_export_libraries-extras.cmake
[1.338s] -- Up-to-date: /home/mechax/ylh/sentry_vision/install/btcpp_ros2_interfaces/share/btcpp_ros2_interfaces/cmake/ament_cmake_export_targets-extras.cmake
[1.338s] -- Up-to-date: /home/mechax/ylh/sentry_vision/install/btcpp_ros2_interfaces/share/btcpp_ros2_interfaces/cmake/rosidl_cmake_export_typesupport_targets-extras.cmake
[1.338s] -- Up-to-date: /home/mechax/ylh/sentry_vision/install/btcpp_ros2_interfaces/share/btcpp_ros2_interfaces/cmake/rosidl_cmake_export_typesupport_libraries-extras.cmake
[1.338s] -- Up-to-date: /home/mechax/ylh/sentry_vision/install/btcpp_ros2_interfaces/share/btcpp_ros2_interfaces/cmake/btcpp_ros2_interfacesConfig.cmake
[1.338s] -- Up-to-date: /home/mechax/ylh/sentry_vision/install/btcpp_ros2_interfaces/share/btcpp_ros2_interfaces/cmake/btcpp_ros2_interfacesConfig-version.cmake
[1.338s] -- Up-to-date: /home/mechax/ylh/sentry_vision/install/btcpp_ros2_interfaces/share/btcpp_ros2_interfaces/package.xml
[1.521s] Invoked command in '/home/mechax/ylh/sentry_vision/build/btcpp_ros2_interfaces' returned '0': CMAKE_PREFIX_PATH=/opt/ros/humble /usr/bin/cmake --install /home/mechax/ylh/sentry_vision/build/btcpp_ros2_interfaces
