[0.709s] Invoking command in '/home/mechax/ylh/sentry_vision/build/auto_aim_interfaces': CMAKE_PREFIX_PATH=/opt/ros/humble /usr/bin/cmake --build /home/mechax/ylh/sentry_vision/build/auto_aim_interfaces -- -j16 -l16
[0.796s] [  0%] Built target auto_aim_interfaces__cpp
[0.836s] [ 12%] Built target auto_aim_interfaces__rosidl_generator_c
[0.863s] [ 12%] Built target ament_cmake_python_copy_auto_aim_interfaces
[0.876s] [ 24%] Built target auto_aim_interfaces__rosidl_typesupport_cpp
[0.918s] [ 36%] Built target auto_aim_interfaces__rosidl_typesupport_introspection_cpp
[0.918s] [ 48%] Built target auto_aim_interfaces__rosidl_typesupport_fastrtps_c
[0.940s] [ 71%] Built target auto_aim_interfaces__rosidl_typesupport_fastrtps_cpp
[0.949s] [ 65%] Built target auto_aim_interfaces__rosidl_typesupport_c
[0.977s] [ 83%] Built target auto_aim_interfaces__rosidl_typesupport_introspection_c
[1.026s] [ 83%] Built target auto_aim_interfaces
[1.036s] [ 84%] Built target auto_aim_interfaces__py
[1.120s] [ 95%] Built target auto_aim_interfaces__rosidl_generator_py
[1.174s] [ 97%] Built target auto_aim_interfaces__rosidl_typesupport_fastrtps_c__pyext
[1.177s] [ 99%] Built target auto_aim_interfaces__rosidl_typesupport_c__pyext
[1.177s] [100%] Built target auto_aim_interfaces__rosidl_typesupport_introspection_c__pyext
[1.207s] running egg_info
[1.224s] writing auto_aim_interfaces.egg-info/PKG-INFO
[1.224s] writing dependency_links to auto_aim_interfaces.egg-info/dependency_links.txt
[1.224s] writing top-level names to auto_aim_interfaces.egg-info/top_level.txt
[1.263s] reading manifest file 'auto_aim_interfaces.egg-info/SOURCES.txt'
[1.263s] writing manifest file 'auto_aim_interfaces.egg-info/SOURCES.txt'
[1.295s] [100%] Built target ament_cmake_python_build_auto_aim_interfaces_egg
[1.780s] Invoked command in '/home/mechax/ylh/sentry_vision/build/auto_aim_interfaces' returned '0': CMAKE_PREFIX_PATH=/opt/ros/humble /usr/bin/cmake --build /home/mechax/ylh/sentry_vision/build/auto_aim_interfaces -- -j16 -l16
[2.387s] Invoking command in '/home/mechax/ylh/sentry_vision/build/auto_aim_interfaces': CMAKE_PREFIX_PATH=/opt/ros/humble /usr/bin/cmake --install /home/mechax/ylh/sentry_vision/build/auto_aim_interfaces
[2.485s] -- Install configuration: ""
[2.485s] -- Up-to-date: /home/mechax/ylh/sentry_vision/install/auto_aim_interfaces/share/ament_index/resource_index/rosidl_interfaces/auto_aim_interfaces
[2.485s] -- Up-to-date: /home/mechax/ylh/sentry_vision/install/auto_aim_interfaces/include/auto_aim_interfaces/auto_aim_interfaces
[2.485s] -- Up-to-date: /home/mechax/ylh/sentry_vision/install/auto_aim_interfaces/include/auto_aim_interfaces/auto_aim_interfaces/msg
[2.485s] -- Up-to-date: /home/mechax/ylh/sentry_vision/install/auto_aim_interfaces/include/auto_aim_interfaces/auto_aim_interfaces/msg/tracker_info.h
[2.486s] -- Up-to-date: /home/mechax/ylh/sentry_vision/install/auto_aim_interfaces/include/auto_aim_interfaces/auto_aim_interfaces/msg/debug_armors.h
[2.486s] -- Up-to-date: /home/mechax/ylh/sentry_vision/install/auto_aim_interfaces/include/auto_aim_interfaces/auto_aim_interfaces/msg/armor.h
[2.486s] -- Up-to-date: /home/mechax/ylh/sentry_vision/install/auto_aim_interfaces/include/auto_aim_interfaces/auto_aim_interfaces/msg/debug_light.h
[2.486s] -- Up-to-date: /home/mechax/ylh/sentry_vision/install/auto_aim_interfaces/include/auto_aim_interfaces/auto_aim_interfaces/msg/send_serial.h
[2.486s] -- Up-to-date: /home/mechax/ylh/sentry_vision/install/auto_aim_interfaces/include/auto_aim_interfaces/auto_aim_interfaces/msg/debug_armor.h
[2.486s] -- Up-to-date: /home/mechax/ylh/sentry_vision/install/auto_aim_interfaces/include/auto_aim_interfaces/auto_aim_interfaces/msg/armors.h
[2.486s] -- Up-to-date: /home/mechax/ylh/sentry_vision/install/auto_aim_interfaces/include/auto_aim_interfaces/auto_aim_interfaces/msg/receive_serial.h
[2.486s] -- Up-to-date: /home/mechax/ylh/sentry_vision/install/auto_aim_interfaces/include/auto_aim_interfaces/auto_aim_interfaces/msg/detail
[2.486s] -- Up-to-date: /home/mechax/ylh/sentry_vision/install/auto_aim_interfaces/include/auto_aim_interfaces/auto_aim_interfaces/msg/detail/debug_lights__type_support.h
[2.486s] -- Up-to-date: /home/mechax/ylh/sentry_vision/install/auto_aim_interfaces/include/auto_aim_interfaces/auto_aim_interfaces/msg/detail/armor__struct.h
[2.487s] -- Up-to-date: /home/mechax/ylh/sentry_vision/install/auto_aim_interfaces/include/auto_aim_interfaces/auto_aim_interfaces/msg/detail/send_serial__struct.h
[2.487s] -- Up-to-date: /home/mechax/ylh/sentry_vision/install/auto_aim_interfaces/include/auto_aim_interfaces/auto_aim_interfaces/msg/detail/receive_serial__functions.h
[2.487s] -- Up-to-date: /home/mechax/ylh/sentry_vision/install/auto_aim_interfaces/include/auto_aim_interfaces/auto_aim_interfaces/msg/detail/target__type_support.h
[2.487s] -- Up-to-date: /home/mechax/ylh/sentry_vision/install/auto_aim_interfaces/include/auto_aim_interfaces/auto_aim_interfaces/msg/detail/bias__functions.h
[2.487s] -- Up-to-date: /home/mechax/ylh/sentry_vision/install/auto_aim_interfaces/include/auto_aim_interfaces/auto_aim_interfaces/msg/detail/bias__struct.h
[2.487s] -- Up-to-date: /home/mechax/ylh/sentry_vision/install/auto_aim_interfaces/include/auto_aim_interfaces/auto_aim_interfaces/msg/detail/debug_armors__functions.c
[2.487s] -- Up-to-date: /home/mechax/ylh/sentry_vision/install/auto_aim_interfaces/include/auto_aim_interfaces/auto_aim_interfaces/msg/detail/receive_serial__struct.h
[2.487s] -- Up-to-date: /home/mechax/ylh/sentry_vision/install/auto_aim_interfaces/include/auto_aim_interfaces/auto_aim_interfaces/msg/detail/debug_armor__type_support.h
[2.487s] -- Up-to-date: /home/mechax/ylh/sentry_vision/install/auto_aim_interfaces/include/auto_aim_interfaces/auto_aim_interfaces/msg/detail/bias__type_support.h
[2.487s] -- Up-to-date: /home/mechax/ylh/sentry_vision/install/auto_aim_interfaces/include/auto_aim_interfaces/auto_aim_interfaces/msg/detail/tracker_info__functions.c
[2.488s] -- Up-to-date: /home/mechax/ylh/sentry_vision/install/auto_aim_interfaces/include/auto_aim_interfaces/auto_aim_interfaces/msg/detail/receive_serial__functions.c
[2.488s] -- Up-to-date: /home/mechax/ylh/sentry_vision/install/auto_aim_interfaces/include/auto_aim_interfaces/auto_aim_interfaces/msg/detail/debug_armor__functions.h
[2.488s] -- Up-to-date: /home/mechax/ylh/sentry_vision/install/auto_aim_interfaces/include/auto_aim_interfaces/auto_aim_interfaces/msg/detail/debug_armors__type_support.h
[2.489s] -- Up-to-date: /home/mechax/ylh/sentry_vision/install/auto_aim_interfaces/include/auto_aim_interfaces/auto_aim_interfaces/msg/detail/tracker_info__type_support.h
[2.489s] -- Up-to-date: /home/mechax/ylh/sentry_vision/install/auto_aim_interfaces/include/auto_aim_interfaces/auto_aim_interfaces/msg/detail/receive_serial__type_support.h
[2.489s] -- Up-to-date: /home/mechax/ylh/sentry_vision/install/auto_aim_interfaces/include/auto_aim_interfaces/auto_aim_interfaces/msg/detail/debug_lights__functions.h
[2.489s] -- Up-to-date: /home/mechax/ylh/sentry_vision/install/auto_aim_interfaces/include/auto_aim_interfaces/auto_aim_interfaces/msg/detail/tracker_info__functions.h
[2.490s] -- Up-to-date: /home/mechax/ylh/sentry_vision/install/auto_aim_interfaces/include/auto_aim_interfaces/auto_aim_interfaces/msg/detail/armor__functions.h
[2.490s] -- Up-to-date: /home/mechax/ylh/sentry_vision/install/auto_aim_interfaces/include/auto_aim_interfaces/auto_aim_interfaces/msg/detail/armor__type_support.h
[2.490s] -- Up-to-date: /home/mechax/ylh/sentry_vision/install/auto_aim_interfaces/include/auto_aim_interfaces/auto_aim_interfaces/msg/detail/debug_armor__functions.c
[2.490s] -- Up-to-date: /home/mechax/ylh/sentry_vision/install/auto_aim_interfaces/include/auto_aim_interfaces/auto_aim_interfaces/msg/detail/debug_armors__struct.h
[2.490s] -- Up-to-date: /home/mechax/ylh/sentry_vision/install/auto_aim_interfaces/include/auto_aim_interfaces/auto_aim_interfaces/msg/detail/debug_lights__functions.c
[2.490s] -- Up-to-date: /home/mechax/ylh/sentry_vision/install/auto_aim_interfaces/include/auto_aim_interfaces/auto_aim_interfaces/msg/detail/armors__struct.h
[2.490s] -- Up-to-date: /home/mechax/ylh/sentry_vision/install/auto_aim_interfaces/include/auto_aim_interfaces/auto_aim_interfaces/msg/detail/send_serial__functions.h
[2.490s] -- Up-to-date: /home/mechax/ylh/sentry_vision/install/auto_aim_interfaces/include/auto_aim_interfaces/auto_aim_interfaces/msg/detail/target__functions.c
[2.490s] -- Up-to-date: /home/mechax/ylh/sentry_vision/install/auto_aim_interfaces/include/auto_aim_interfaces/auto_aim_interfaces/msg/detail/target__functions.h
[2.490s] -- Up-to-date: /home/mechax/ylh/sentry_vision/install/auto_aim_interfaces/include/auto_aim_interfaces/auto_aim_interfaces/msg/detail/debug_light__type_support.h
[2.490s] -- Up-to-date: /home/mechax/ylh/sentry_vision/install/auto_aim_interfaces/include/auto_aim_interfaces/auto_aim_interfaces/msg/detail/debug_lights__struct.h
[2.491s] -- Up-to-date: /home/mechax/ylh/sentry_vision/install/auto_aim_interfaces/include/auto_aim_interfaces/auto_aim_interfaces/msg/detail/debug_armors__functions.h
[2.491s] -- Up-to-date: /home/mechax/ylh/sentry_vision/install/auto_aim_interfaces/include/auto_aim_interfaces/auto_aim_interfaces/msg/detail/debug_light__functions.h
[2.491s] -- Up-to-date: /home/mechax/ylh/sentry_vision/install/auto_aim_interfaces/include/auto_aim_interfaces/auto_aim_interfaces/msg/detail/bias__functions.c
[2.491s] -- Up-to-date: /home/mechax/ylh/sentry_vision/install/auto_aim_interfaces/include/auto_aim_interfaces/auto_aim_interfaces/msg/detail/armors__functions.c
[2.491s] -- Up-to-date: /home/mechax/ylh/sentry_vision/install/auto_aim_interfaces/include/auto_aim_interfaces/auto_aim_interfaces/msg/detail/armor__functions.c
[2.491s] -- Up-to-date: /home/mechax/ylh/sentry_vision/install/auto_aim_interfaces/include/auto_aim_interfaces/auto_aim_interfaces/msg/detail/send_serial__type_support.h
[2.491s] -- Up-to-date: /home/mechax/ylh/sentry_vision/install/auto_aim_interfaces/include/auto_aim_interfaces/auto_aim_interfaces/msg/detail/send_serial__functions.c
[2.491s] -- Up-to-date: /home/mechax/ylh/sentry_vision/install/auto_aim_interfaces/include/auto_aim_interfaces/auto_aim_interfaces/msg/detail/armors__functions.h
[2.491s] -- Up-to-date: /home/mechax/ylh/sentry_vision/install/auto_aim_interfaces/include/auto_aim_interfaces/auto_aim_interfaces/msg/detail/tracker_info__struct.h
[2.492s] -- Up-to-date: /home/mechax/ylh/sentry_vision/install/auto_aim_interfaces/include/auto_aim_interfaces/auto_aim_interfaces/msg/detail/debug_light__functions.c
[2.492s] -- Up-to-date: /home/mechax/ylh/sentry_vision/install/auto_aim_interfaces/include/auto_aim_interfaces/auto_aim_interfaces/msg/detail/debug_light__struct.h
[2.492s] -- Up-to-date: /home/mechax/ylh/sentry_vision/install/auto_aim_interfaces/include/auto_aim_interfaces/auto_aim_interfaces/msg/detail/target__struct.h
[2.492s] -- Up-to-date: /home/mechax/ylh/sentry_vision/install/auto_aim_interfaces/include/auto_aim_interfaces/auto_aim_interfaces/msg/detail/armors__type_support.h
[2.492s] -- Up-to-date: /home/mechax/ylh/sentry_vision/install/auto_aim_interfaces/include/auto_aim_interfaces/auto_aim_interfaces/msg/detail/debug_armor__struct.h
[2.492s] -- Up-to-date: /home/mechax/ylh/sentry_vision/install/auto_aim_interfaces/include/auto_aim_interfaces/auto_aim_interfaces/msg/rosidl_generator_c__visibility_control.h
[2.492s] -- Up-to-date: /home/mechax/ylh/sentry_vision/install/auto_aim_interfaces/include/auto_aim_interfaces/auto_aim_interfaces/msg/bias.h
[2.492s] -- Up-to-date: /home/mechax/ylh/sentry_vision/install/auto_aim_interfaces/include/auto_aim_interfaces/auto_aim_interfaces/msg/target.h
[2.492s] -- Up-to-date: /home/mechax/ylh/sentry_vision/install/auto_aim_interfaces/include/auto_aim_interfaces/auto_aim_interfaces/msg/debug_lights.h
[2.492s] -- Up-to-date: /home/mechax/ylh/sentry_vision/install/auto_aim_interfaces/share/auto_aim_interfaces/environment/library_path.sh
[2.492s] -- Up-to-date: /home/mechax/ylh/sentry_vision/install/auto_aim_interfaces/share/auto_aim_interfaces/environment/library_path.dsv
[2.492s] -- Up-to-date: /home/mechax/ylh/sentry_vision/install/auto_aim_interfaces/lib/libauto_aim_interfaces__rosidl_generator_c.so
[2.493s] -- Up-to-date: /home/mechax/ylh/sentry_vision/install/auto_aim_interfaces/include/auto_aim_interfaces/auto_aim_interfaces
[2.493s] -- Up-to-date: /home/mechax/ylh/sentry_vision/install/auto_aim_interfaces/include/auto_aim_interfaces/auto_aim_interfaces/msg
[2.493s] -- Up-to-date: /home/mechax/ylh/sentry_vision/install/auto_aim_interfaces/include/auto_aim_interfaces/auto_aim_interfaces/msg/detail
[2.493s] -- Up-to-date: /home/mechax/ylh/sentry_vision/install/auto_aim_interfaces/include/auto_aim_interfaces/auto_aim_interfaces/msg/detail/debug_lights__rosidl_typesupport_fastrtps_c.h
[2.493s] -- Up-to-date: /home/mechax/ylh/sentry_vision/install/auto_aim_interfaces/include/auto_aim_interfaces/auto_aim_interfaces/msg/detail/receive_serial__rosidl_typesupport_fastrtps_c.h
[2.493s] -- Up-to-date: /home/mechax/ylh/sentry_vision/install/auto_aim_interfaces/include/auto_aim_interfaces/auto_aim_interfaces/msg/detail/target__rosidl_typesupport_fastrtps_c.h
[2.493s] -- Up-to-date: /home/mechax/ylh/sentry_vision/install/auto_aim_interfaces/include/auto_aim_interfaces/auto_aim_interfaces/msg/detail/debug_armor__rosidl_typesupport_fastrtps_c.h
[2.493s] -- Up-to-date: /home/mechax/ylh/sentry_vision/install/auto_aim_interfaces/include/auto_aim_interfaces/auto_aim_interfaces/msg/detail/bias__rosidl_typesupport_fastrtps_c.h
[2.494s] -- Up-to-date: /home/mechax/ylh/sentry_vision/install/auto_aim_interfaces/include/auto_aim_interfaces/auto_aim_interfaces/msg/detail/debug_armors__rosidl_typesupport_fastrtps_c.h
[2.494s] -- Up-to-date: /home/mechax/ylh/sentry_vision/install/auto_aim_interfaces/include/auto_aim_interfaces/auto_aim_interfaces/msg/detail/tracker_info__rosidl_typesupport_fastrtps_c.h
[2.494s] -- Up-to-date: /home/mechax/ylh/sentry_vision/install/auto_aim_interfaces/include/auto_aim_interfaces/auto_aim_interfaces/msg/detail/send_serial__rosidl_typesupport_fastrtps_c.h
[2.494s] -- Up-to-date: /home/mechax/ylh/sentry_vision/install/auto_aim_interfaces/include/auto_aim_interfaces/auto_aim_interfaces/msg/detail/debug_light__rosidl_typesupport_fastrtps_c.h
[2.494s] -- Up-to-date: /home/mechax/ylh/sentry_vision/install/auto_aim_interfaces/include/auto_aim_interfaces/auto_aim_interfaces/msg/detail/armors__rosidl_typesupport_fastrtps_c.h
[2.494s] -- Up-to-date: /home/mechax/ylh/sentry_vision/install/auto_aim_interfaces/include/auto_aim_interfaces/auto_aim_interfaces/msg/detail/armor__rosidl_typesupport_fastrtps_c.h
[2.494s] -- Up-to-date: /home/mechax/ylh/sentry_vision/install/auto_aim_interfaces/include/auto_aim_interfaces/auto_aim_interfaces/msg/rosidl_typesupport_fastrtps_c__visibility_control.h
[2.494s] -- Up-to-date: /home/mechax/ylh/sentry_vision/install/auto_aim_interfaces/lib/libauto_aim_interfaces__rosidl_typesupport_fastrtps_c.so
[2.498s] -- Up-to-date: /home/mechax/ylh/sentry_vision/install/auto_aim_interfaces/include/auto_aim_interfaces/auto_aim_interfaces
[2.498s] -- Up-to-date: /home/mechax/ylh/sentry_vision/install/auto_aim_interfaces/include/auto_aim_interfaces/auto_aim_interfaces/msg
[2.498s] -- Up-to-date: /home/mechax/ylh/sentry_vision/install/auto_aim_interfaces/include/auto_aim_interfaces/auto_aim_interfaces/msg/rosidl_typesupport_introspection_c__visibility_control.h
[2.498s] -- Up-to-date: /home/mechax/ylh/sentry_vision/install/auto_aim_interfaces/include/auto_aim_interfaces/auto_aim_interfaces/msg/detail
[2.498s] -- Up-to-date: /home/mechax/ylh/sentry_vision/install/auto_aim_interfaces/include/auto_aim_interfaces/auto_aim_interfaces/msg/detail/receive_serial__type_support.c
[2.498s] -- Up-to-date: /home/mechax/ylh/sentry_vision/install/auto_aim_interfaces/include/auto_aim_interfaces/auto_aim_interfaces/msg/detail/debug_lights__type_support.c
[2.498s] -- Up-to-date: /home/mechax/ylh/sentry_vision/install/auto_aim_interfaces/include/auto_aim_interfaces/auto_aim_interfaces/msg/detail/debug_light__rosidl_typesupport_introspection_c.h
[2.498s] -- Up-to-date: /home/mechax/ylh/sentry_vision/install/auto_aim_interfaces/include/auto_aim_interfaces/auto_aim_interfaces/msg/detail/armor__type_support.c
[2.499s] -- Up-to-date: /home/mechax/ylh/sentry_vision/install/auto_aim_interfaces/include/auto_aim_interfaces/auto_aim_interfaces/msg/detail/bias__rosidl_typesupport_introspection_c.h
[2.499s] -- Up-to-date: /home/mechax/ylh/sentry_vision/install/auto_aim_interfaces/include/auto_aim_interfaces/auto_aim_interfaces/msg/detail/armors__type_support.c
[2.499s] -- Up-to-date: /home/mechax/ylh/sentry_vision/install/auto_aim_interfaces/include/auto_aim_interfaces/auto_aim_interfaces/msg/detail/armors__rosidl_typesupport_introspection_c.h
[2.499s] -- Up-to-date: /home/mechax/ylh/sentry_vision/install/auto_aim_interfaces/include/auto_aim_interfaces/auto_aim_interfaces/msg/detail/debug_light__type_support.c
[2.499s] -- Up-to-date: /home/mechax/ylh/sentry_vision/install/auto_aim_interfaces/include/auto_aim_interfaces/auto_aim_interfaces/msg/detail/debug_armors__rosidl_typesupport_introspection_c.h
[2.499s] -- Up-to-date: /home/mechax/ylh/sentry_vision/install/auto_aim_interfaces/include/auto_aim_interfaces/auto_aim_interfaces/msg/detail/armor__rosidl_typesupport_introspection_c.h
[2.499s] -- Up-to-date: /home/mechax/ylh/sentry_vision/install/auto_aim_interfaces/include/auto_aim_interfaces/auto_aim_interfaces/msg/detail/debug_armor__rosidl_typesupport_introspection_c.h
[2.500s] -- Up-to-date: /home/mechax/ylh/sentry_vision/install/auto_aim_interfaces/include/auto_aim_interfaces/auto_aim_interfaces/msg/detail/debug_armors__type_support.c
[2.500s] -- Up-to-date: /home/mechax/ylh/sentry_vision/install/auto_aim_interfaces/include/auto_aim_interfaces/auto_aim_interfaces/msg/detail/tracker_info__type_support.c
[2.500s] -- Up-to-date: /home/mechax/ylh/sentry_vision/install/auto_aim_interfaces/include/auto_aim_interfaces/auto_aim_interfaces/msg/detail/debug_armor__type_support.c
[2.500s] -- Up-to-date: /home/mechax/ylh/sentry_vision/install/auto_aim_interfaces/include/auto_aim_interfaces/auto_aim_interfaces/msg/detail/send_serial__type_support.c
[2.500s] -- Up-to-date: /home/mechax/ylh/sentry_vision/install/auto_aim_interfaces/include/auto_aim_interfaces/auto_aim_interfaces/msg/detail/target__type_support.c
[2.500s] -- Up-to-date: /home/mechax/ylh/sentry_vision/install/auto_aim_interfaces/include/auto_aim_interfaces/auto_aim_interfaces/msg/detail/target__rosidl_typesupport_introspection_c.h
[2.500s] -- Up-to-date: /home/mechax/ylh/sentry_vision/install/auto_aim_interfaces/include/auto_aim_interfaces/auto_aim_interfaces/msg/detail/debug_lights__rosidl_typesupport_introspection_c.h
[2.500s] -- Up-to-date: /home/mechax/ylh/sentry_vision/install/auto_aim_interfaces/include/auto_aim_interfaces/auto_aim_interfaces/msg/detail/receive_serial__rosidl_typesupport_introspection_c.h
[2.500s] -- Up-to-date: /home/mechax/ylh/sentry_vision/install/auto_aim_interfaces/include/auto_aim_interfaces/auto_aim_interfaces/msg/detail/tracker_info__rosidl_typesupport_introspection_c.h
[2.503s] -- Up-to-date: /home/mechax/ylh/sentry_vision/install/auto_aim_interfaces/include/auto_aim_interfaces/auto_aim_interfaces/msg/detail/send_serial__rosidl_typesupport_introspection_c.h
[2.503s] -- Up-to-date: /home/mechax/ylh/sentry_vision/install/auto_aim_interfaces/include/auto_aim_interfaces/auto_aim_interfaces/msg/detail/bias__type_support.c
[2.504s] -- Up-to-date: /home/mechax/ylh/sentry_vision/install/auto_aim_interfaces/lib/libauto_aim_interfaces__rosidl_typesupport_introspection_c.so
[2.504s] -- Up-to-date: /home/mechax/ylh/sentry_vision/install/auto_aim_interfaces/lib/libauto_aim_interfaces__rosidl_typesupport_c.so
[2.504s] -- Up-to-date: /home/mechax/ylh/sentry_vision/install/auto_aim_interfaces/include/auto_aim_interfaces/auto_aim_interfaces
[2.504s] -- Up-to-date: /home/mechax/ylh/sentry_vision/install/auto_aim_interfaces/include/auto_aim_interfaces/auto_aim_interfaces/msg
[2.504s] -- Up-to-date: /home/mechax/ylh/sentry_vision/install/auto_aim_interfaces/include/auto_aim_interfaces/auto_aim_interfaces/msg/armor.hpp
[2.504s] -- Up-to-date: /home/mechax/ylh/sentry_vision/install/auto_aim_interfaces/include/auto_aim_interfaces/auto_aim_interfaces/msg/debug_lights.hpp
[2.504s] -- Up-to-date: /home/mechax/ylh/sentry_vision/install/auto_aim_interfaces/include/auto_aim_interfaces/auto_aim_interfaces/msg/armors.hpp
[2.504s] -- Up-to-date: /home/mechax/ylh/sentry_vision/install/auto_aim_interfaces/include/auto_aim_interfaces/auto_aim_interfaces/msg/target.hpp
[2.505s] -- Up-to-date: /home/mechax/ylh/sentry_vision/install/auto_aim_interfaces/include/auto_aim_interfaces/auto_aim_interfaces/msg/bias.hpp
[2.505s] -- Up-to-date: /home/mechax/ylh/sentry_vision/install/auto_aim_interfaces/include/auto_aim_interfaces/auto_aim_interfaces/msg/send_serial.hpp
[2.505s] -- Up-to-date: /home/mechax/ylh/sentry_vision/install/auto_aim_interfaces/include/auto_aim_interfaces/auto_aim_interfaces/msg/debug_light.hpp
[2.505s] -- Up-to-date: /home/mechax/ylh/sentry_vision/install/auto_aim_interfaces/include/auto_aim_interfaces/auto_aim_interfaces/msg/receive_serial.hpp
[2.505s] -- Up-to-date: /home/mechax/ylh/sentry_vision/install/auto_aim_interfaces/include/auto_aim_interfaces/auto_aim_interfaces/msg/detail
[2.506s] -- Up-to-date: /home/mechax/ylh/sentry_vision/install/auto_aim_interfaces/include/auto_aim_interfaces/auto_aim_interfaces/msg/detail/debug_light__builder.hpp
[2.506s] -- Up-to-date: /home/mechax/ylh/sentry_vision/install/auto_aim_interfaces/include/auto_aim_interfaces/auto_aim_interfaces/msg/detail/debug_armor__traits.hpp
[2.506s] -- Up-to-date: /home/mechax/ylh/sentry_vision/install/auto_aim_interfaces/include/auto_aim_interfaces/auto_aim_interfaces/msg/detail/armor__builder.hpp
[2.506s] -- Up-to-date: /home/mechax/ylh/sentry_vision/install/auto_aim_interfaces/include/auto_aim_interfaces/auto_aim_interfaces/msg/detail/debug_lights__traits.hpp
[2.506s] -- Up-to-date: /home/mechax/ylh/sentry_vision/install/auto_aim_interfaces/include/auto_aim_interfaces/auto_aim_interfaces/msg/detail/armors__builder.hpp
[2.507s] -- Up-to-date: /home/mechax/ylh/sentry_vision/install/auto_aim_interfaces/include/auto_aim_interfaces/auto_aim_interfaces/msg/detail/debug_lights__struct.hpp
[2.507s] -- Up-to-date: /home/mechax/ylh/sentry_vision/install/auto_aim_interfaces/include/auto_aim_interfaces/auto_aim_interfaces/msg/detail/target__traits.hpp
[2.507s] -- Up-to-date: /home/mechax/ylh/sentry_vision/install/auto_aim_interfaces/include/auto_aim_interfaces/auto_aim_interfaces/msg/detail/tracker_info__struct.hpp
[2.507s] -- Up-to-date: /home/mechax/ylh/sentry_vision/install/auto_aim_interfaces/include/auto_aim_interfaces/auto_aim_interfaces/msg/detail/bias__traits.hpp
[2.507s] -- Up-to-date: /home/mechax/ylh/sentry_vision/install/auto_aim_interfaces/include/auto_aim_interfaces/auto_aim_interfaces/msg/detail/target__builder.hpp
[2.507s] -- Up-to-date: /home/mechax/ylh/sentry_vision/install/auto_aim_interfaces/include/auto_aim_interfaces/auto_aim_interfaces/msg/detail/send_serial__builder.hpp
[2.507s] -- Up-to-date: /home/mechax/ylh/sentry_vision/install/auto_aim_interfaces/include/auto_aim_interfaces/auto_aim_interfaces/msg/detail/tracker_info__traits.hpp
[2.507s] -- Up-to-date: /home/mechax/ylh/sentry_vision/install/auto_aim_interfaces/include/auto_aim_interfaces/auto_aim_interfaces/msg/detail/receive_serial__traits.hpp
[2.508s] -- Up-to-date: /home/mechax/ylh/sentry_vision/install/auto_aim_interfaces/include/auto_aim_interfaces/auto_aim_interfaces/msg/detail/send_serial__traits.hpp
[2.508s] -- Up-to-date: /home/mechax/ylh/sentry_vision/install/auto_aim_interfaces/include/auto_aim_interfaces/auto_aim_interfaces/msg/detail/armor__struct.hpp
[2.508s] -- Up-to-date: /home/mechax/ylh/sentry_vision/install/auto_aim_interfaces/include/auto_aim_interfaces/auto_aim_interfaces/msg/detail/bias__builder.hpp
[2.508s] -- Up-to-date: /home/mechax/ylh/sentry_vision/install/auto_aim_interfaces/include/auto_aim_interfaces/auto_aim_interfaces/msg/detail/receive_serial__struct.hpp
[2.508s] -- Up-to-date: /home/mechax/ylh/sentry_vision/install/auto_aim_interfaces/include/auto_aim_interfaces/auto_aim_interfaces/msg/detail/bias__struct.hpp
[2.508s] -- Up-to-date: /home/mechax/ylh/sentry_vision/install/auto_aim_interfaces/include/auto_aim_interfaces/auto_aim_interfaces/msg/detail/armors__struct.hpp
[2.508s] -- Up-to-date: /home/mechax/ylh/sentry_vision/install/auto_aim_interfaces/include/auto_aim_interfaces/auto_aim_interfaces/msg/detail/debug_lights__builder.hpp
[2.508s] -- Up-to-date: /home/mechax/ylh/sentry_vision/install/auto_aim_interfaces/include/auto_aim_interfaces/auto_aim_interfaces/msg/detail/receive_serial__builder.hpp
[2.508s] -- Up-to-date: /home/mechax/ylh/sentry_vision/install/auto_aim_interfaces/include/auto_aim_interfaces/auto_aim_interfaces/msg/detail/armor__traits.hpp
[2.508s] -- Up-to-date: /home/mechax/ylh/sentry_vision/install/auto_aim_interfaces/include/auto_aim_interfaces/auto_aim_interfaces/msg/detail/debug_armors__struct.hpp
[2.509s] -- Up-to-date: /home/mechax/ylh/sentry_vision/install/auto_aim_interfaces/include/auto_aim_interfaces/auto_aim_interfaces/msg/detail/debug_armor__builder.hpp
[2.509s] -- Up-to-date: /home/mechax/ylh/sentry_vision/install/auto_aim_interfaces/include/auto_aim_interfaces/auto_aim_interfaces/msg/detail/armors__traits.hpp
[2.509s] -- Up-to-date: /home/mechax/ylh/sentry_vision/install/auto_aim_interfaces/include/auto_aim_interfaces/auto_aim_interfaces/msg/detail/debug_armors__builder.hpp
[2.509s] -- Up-to-date: /home/mechax/ylh/sentry_vision/install/auto_aim_interfaces/include/auto_aim_interfaces/auto_aim_interfaces/msg/detail/tracker_info__builder.hpp
[2.509s] -- Up-to-date: /home/mechax/ylh/sentry_vision/install/auto_aim_interfaces/include/auto_aim_interfaces/auto_aim_interfaces/msg/detail/target__struct.hpp
[2.510s] -- Up-to-date: /home/mechax/ylh/sentry_vision/install/auto_aim_interfaces/include/auto_aim_interfaces/auto_aim_interfaces/msg/detail/debug_light__struct.hpp
[2.510s] -- Up-to-date: /home/mechax/ylh/sentry_vision/install/auto_aim_interfaces/include/auto_aim_interfaces/auto_aim_interfaces/msg/detail/debug_armor__struct.hpp
[2.510s] -- Up-to-date: /home/mechax/ylh/sentry_vision/install/auto_aim_interfaces/include/auto_aim_interfaces/auto_aim_interfaces/msg/detail/debug_armors__traits.hpp
[2.510s] -- Up-to-date: /home/mechax/ylh/sentry_vision/install/auto_aim_interfaces/include/auto_aim_interfaces/auto_aim_interfaces/msg/detail/debug_light__traits.hpp
[2.510s] -- Up-to-date: /home/mechax/ylh/sentry_vision/install/auto_aim_interfaces/include/auto_aim_interfaces/auto_aim_interfaces/msg/detail/send_serial__struct.hpp
[2.510s] -- Up-to-date: /home/mechax/ylh/sentry_vision/install/auto_aim_interfaces/include/auto_aim_interfaces/auto_aim_interfaces/msg/debug_armors.hpp
[2.511s] -- Up-to-date: /home/mechax/ylh/sentry_vision/install/auto_aim_interfaces/include/auto_aim_interfaces/auto_aim_interfaces/msg/tracker_info.hpp
[2.511s] -- Up-to-date: /home/mechax/ylh/sentry_vision/install/auto_aim_interfaces/include/auto_aim_interfaces/auto_aim_interfaces/msg/debug_armor.hpp
[2.511s] -- Up-to-date: /home/mechax/ylh/sentry_vision/install/auto_aim_interfaces/include/auto_aim_interfaces/auto_aim_interfaces
[2.516s] -- Up-to-date: /home/mechax/ylh/sentry_vision/install/auto_aim_interfaces/include/auto_aim_interfaces/auto_aim_interfaces/msg
[2.516s] -- Up-to-date: /home/mechax/ylh/sentry_vision/install/auto_aim_interfaces/include/auto_aim_interfaces/auto_aim_interfaces/msg/detail
[2.516s] -- Up-to-date: /home/mechax/ylh/sentry_vision/install/auto_aim_interfaces/include/auto_aim_interfaces/auto_aim_interfaces/msg/detail/debug_lights__rosidl_typesupport_fastrtps_cpp.hpp
[2.516s] -- Up-to-date: /home/mechax/ylh/sentry_vision/install/auto_aim_interfaces/include/auto_aim_interfaces/auto_aim_interfaces/msg/detail/armors__rosidl_typesupport_fastrtps_cpp.hpp
[2.516s] -- Up-to-date: /home/mechax/ylh/sentry_vision/install/auto_aim_interfaces/include/auto_aim_interfaces/auto_aim_interfaces/msg/detail/receive_serial__rosidl_typesupport_fastrtps_cpp.hpp
[2.516s] -- Up-to-date: /home/mechax/ylh/sentry_vision/install/auto_aim_interfaces/include/auto_aim_interfaces/auto_aim_interfaces/msg/detail/target__rosidl_typesupport_fastrtps_cpp.hpp
[2.516s] -- Up-to-date: /home/mechax/ylh/sentry_vision/install/auto_aim_interfaces/include/auto_aim_interfaces/auto_aim_interfaces/msg/detail/debug_armor__rosidl_typesupport_fastrtps_cpp.hpp
[2.516s] -- Up-to-date: /home/mechax/ylh/sentry_vision/install/auto_aim_interfaces/include/auto_aim_interfaces/auto_aim_interfaces/msg/detail/debug_armors__rosidl_typesupport_fastrtps_cpp.hpp
[2.517s] -- Up-to-date: /home/mechax/ylh/sentry_vision/install/auto_aim_interfaces/include/auto_aim_interfaces/auto_aim_interfaces/msg/detail/dds_fastrtps
[2.517s] -- Up-to-date: /home/mechax/ylh/sentry_vision/install/auto_aim_interfaces/include/auto_aim_interfaces/auto_aim_interfaces/msg/detail/send_serial__rosidl_typesupport_fastrtps_cpp.hpp
[2.517s] -- Up-to-date: /home/mechax/ylh/sentry_vision/install/auto_aim_interfaces/include/auto_aim_interfaces/auto_aim_interfaces/msg/detail/armor__rosidl_typesupport_fastrtps_cpp.hpp
[2.517s] -- Up-to-date: /home/mechax/ylh/sentry_vision/install/auto_aim_interfaces/include/auto_aim_interfaces/auto_aim_interfaces/msg/detail/tracker_info__rosidl_typesupport_fastrtps_cpp.hpp
[2.517s] -- Up-to-date: /home/mechax/ylh/sentry_vision/install/auto_aim_interfaces/include/auto_aim_interfaces/auto_aim_interfaces/msg/detail/debug_light__rosidl_typesupport_fastrtps_cpp.hpp
[2.517s] -- Up-to-date: /home/mechax/ylh/sentry_vision/install/auto_aim_interfaces/include/auto_aim_interfaces/auto_aim_interfaces/msg/detail/bias__rosidl_typesupport_fastrtps_cpp.hpp
[2.517s] -- Up-to-date: /home/mechax/ylh/sentry_vision/install/auto_aim_interfaces/include/auto_aim_interfaces/auto_aim_interfaces/msg/rosidl_typesupport_fastrtps_cpp__visibility_control.h
[2.538s] -- Up-to-date: /home/mechax/ylh/sentry_vision/install/auto_aim_interfaces/lib/libauto_aim_interfaces__rosidl_typesupport_fastrtps_cpp.so
[2.547s] -- Up-to-date: /home/mechax/ylh/sentry_vision/install/auto_aim_interfaces/include/auto_aim_interfaces/auto_aim_interfaces
[2.547s] -- Up-to-date: /home/mechax/ylh/sentry_vision/install/auto_aim_interfaces/include/auto_aim_interfaces/auto_aim_interfaces/msg
[2.547s] -- Up-to-date: /home/mechax/ylh/sentry_vision/install/auto_aim_interfaces/include/auto_aim_interfaces/auto_aim_interfaces/msg/detail
[2.547s] -- Up-to-date: /home/mechax/ylh/sentry_vision/install/auto_aim_interfaces/include/auto_aim_interfaces/auto_aim_interfaces/msg/detail/debug_light__rosidl_typesupport_introspection_cpp.hpp
[2.547s] -- Up-to-date: /home/mechax/ylh/sentry_vision/install/auto_aim_interfaces/include/auto_aim_interfaces/auto_aim_interfaces/msg/detail/tracker_info__rosidl_typesupport_introspection_cpp.hpp
[2.547s] -- Up-to-date: /home/mechax/ylh/sentry_vision/install/auto_aim_interfaces/include/auto_aim_interfaces/auto_aim_interfaces/msg/detail/tracker_info__type_support.cpp
[2.548s] -- Up-to-date: /home/mechax/ylh/sentry_vision/install/auto_aim_interfaces/include/auto_aim_interfaces/auto_aim_interfaces/msg/detail/bias__type_support.cpp
[2.548s] -- Up-to-date: /home/mechax/ylh/sentry_vision/install/auto_aim_interfaces/include/auto_aim_interfaces/auto_aim_interfaces/msg/detail/debug_armor__rosidl_typesupport_introspection_cpp.hpp
[2.548s] -- Up-to-date: /home/mechax/ylh/sentry_vision/install/auto_aim_interfaces/include/auto_aim_interfaces/auto_aim_interfaces/msg/detail/bias__rosidl_typesupport_introspection_cpp.hpp
[2.548s] -- Up-to-date: /home/mechax/ylh/sentry_vision/install/auto_aim_interfaces/include/auto_aim_interfaces/auto_aim_interfaces/msg/detail/armor__type_support.cpp
[2.548s] -- Up-to-date: /home/mechax/ylh/sentry_vision/install/auto_aim_interfaces/include/auto_aim_interfaces/auto_aim_interfaces/msg/detail/target__rosidl_typesupport_introspection_cpp.hpp
[2.548s] -- Up-to-date: /home/mechax/ylh/sentry_vision/install/auto_aim_interfaces/include/auto_aim_interfaces/auto_aim_interfaces/msg/detail/debug_armors__type_support.cpp
[2.548s] -- Up-to-date: /home/mechax/ylh/sentry_vision/install/auto_aim_interfaces/include/auto_aim_interfaces/auto_aim_interfaces/msg/detail/receive_serial__rosidl_typesupport_introspection_cpp.hpp
[2.548s] -- Up-to-date: /home/mechax/ylh/sentry_vision/install/auto_aim_interfaces/include/auto_aim_interfaces/auto_aim_interfaces/msg/detail/send_serial__rosidl_typesupport_introspection_cpp.hpp
[2.548s] -- Up-to-date: /home/mechax/ylh/sentry_vision/install/auto_aim_interfaces/include/auto_aim_interfaces/auto_aim_interfaces/msg/detail/debug_light__type_support.cpp
[2.548s] -- Up-to-date: /home/mechax/ylh/sentry_vision/install/auto_aim_interfaces/include/auto_aim_interfaces/auto_aim_interfaces/msg/detail/receive_serial__type_support.cpp
[2.548s] -- Up-to-date: /home/mechax/ylh/sentry_vision/install/auto_aim_interfaces/include/auto_aim_interfaces/auto_aim_interfaces/msg/detail/send_serial__type_support.cpp
[2.548s] -- Up-to-date: /home/mechax/ylh/sentry_vision/install/auto_aim_interfaces/include/auto_aim_interfaces/auto_aim_interfaces/msg/detail/debug_armors__rosidl_typesupport_introspection_cpp.hpp
[2.548s] -- Up-to-date: /home/mechax/ylh/sentry_vision/install/auto_aim_interfaces/include/auto_aim_interfaces/auto_aim_interfaces/msg/detail/debug_lights__type_support.cpp
[2.548s] -- Up-to-date: /home/mechax/ylh/sentry_vision/install/auto_aim_interfaces/include/auto_aim_interfaces/auto_aim_interfaces/msg/detail/armors__rosidl_typesupport_introspection_cpp.hpp
[2.548s] -- Up-to-date: /home/mechax/ylh/sentry_vision/install/auto_aim_interfaces/include/auto_aim_interfaces/auto_aim_interfaces/msg/detail/armor__rosidl_typesupport_introspection_cpp.hpp
[2.548s] -- Up-to-date: /home/mechax/ylh/sentry_vision/install/auto_aim_interfaces/include/auto_aim_interfaces/auto_aim_interfaces/msg/detail/debug_armor__type_support.cpp
[2.548s] -- Up-to-date: /home/mechax/ylh/sentry_vision/install/auto_aim_interfaces/include/auto_aim_interfaces/auto_aim_interfaces/msg/detail/armors__type_support.cpp
[2.548s] -- Up-to-date: /home/mechax/ylh/sentry_vision/install/auto_aim_interfaces/include/auto_aim_interfaces/auto_aim_interfaces/msg/detail/debug_lights__rosidl_typesupport_introspection_cpp.hpp
[2.548s] -- Up-to-date: /home/mechax/ylh/sentry_vision/install/auto_aim_interfaces/include/auto_aim_interfaces/auto_aim_interfaces/msg/detail/target__type_support.cpp
[2.548s] -- Up-to-date: /home/mechax/ylh/sentry_vision/install/auto_aim_interfaces/lib/libauto_aim_interfaces__rosidl_typesupport_introspection_cpp.so
[2.554s] -- Up-to-date: /home/mechax/ylh/sentry_vision/install/auto_aim_interfaces/lib/libauto_aim_interfaces__rosidl_typesupport_cpp.so
[2.555s] -- Up-to-date: /home/mechax/ylh/sentry_vision/install/auto_aim_interfaces/share/auto_aim_interfaces/environment/pythonpath.sh
[2.555s] -- Up-to-date: /home/mechax/ylh/sentry_vision/install/auto_aim_interfaces/share/auto_aim_interfaces/environment/pythonpath.dsv
[2.555s] -- Up-to-date: /home/mechax/ylh/sentry_vision/install/auto_aim_interfaces/local/lib/python3.10/dist-packages/auto_aim_interfaces-0.0.0-py3.10.egg-info
[2.555s] -- Installing: /home/mechax/ylh/sentry_vision/install/auto_aim_interfaces/local/lib/python3.10/dist-packages/auto_aim_interfaces-0.0.0-py3.10.egg-info/PKG-INFO
[2.556s] -- Installing: /home/mechax/ylh/sentry_vision/install/auto_aim_interfaces/local/lib/python3.10/dist-packages/auto_aim_interfaces-0.0.0-py3.10.egg-info/SOURCES.txt
[2.557s] -- Installing: /home/mechax/ylh/sentry_vision/install/auto_aim_interfaces/local/lib/python3.10/dist-packages/auto_aim_interfaces-0.0.0-py3.10.egg-info/top_level.txt
[2.557s] -- Installing: /home/mechax/ylh/sentry_vision/install/auto_aim_interfaces/local/lib/python3.10/dist-packages/auto_aim_interfaces-0.0.0-py3.10.egg-info/dependency_links.txt
[2.558s] -- Up-to-date: /home/mechax/ylh/sentry_vision/install/auto_aim_interfaces/local/lib/python3.10/dist-packages/auto_aim_interfaces
[2.558s] -- Up-to-date: /home/mechax/ylh/sentry_vision/install/auto_aim_interfaces/local/lib/python3.10/dist-packages/auto_aim_interfaces/_auto_aim_interfaces_s.ep.rosidl_typesupport_introspection_c.c
[2.558s] -- Up-to-date: /home/mechax/ylh/sentry_vision/install/auto_aim_interfaces/local/lib/python3.10/dist-packages/auto_aim_interfaces/_auto_aim_interfaces_s.ep.rosidl_typesupport_c.c
[2.558s] -- Up-to-date: /home/mechax/ylh/sentry_vision/install/auto_aim_interfaces/local/lib/python3.10/dist-packages/auto_aim_interfaces/auto_aim_interfaces_s__rosidl_typesupport_fastrtps_c.cpython-310-x86_64-linux-gnu.so
[2.558s] -- Up-to-date: /home/mechax/ylh/sentry_vision/install/auto_aim_interfaces/local/lib/python3.10/dist-packages/auto_aim_interfaces/auto_aim_interfaces_s__rosidl_typesupport_c.cpython-310-x86_64-linux-gnu.so
[2.558s] -- Up-to-date: /home/mechax/ylh/sentry_vision/install/auto_aim_interfaces/local/lib/python3.10/dist-packages/auto_aim_interfaces/libauto_aim_interfaces__rosidl_generator_py.so
[2.558s] -- Up-to-date: /home/mechax/ylh/sentry_vision/install/auto_aim_interfaces/local/lib/python3.10/dist-packages/auto_aim_interfaces/auto_aim_interfaces_s__rosidl_typesupport_introspection_c.cpython-310-x86_64-linux-gnu.so
[2.558s] -- Up-to-date: /home/mechax/ylh/sentry_vision/install/auto_aim_interfaces/local/lib/python3.10/dist-packages/auto_aim_interfaces/__init__.py
[2.558s] -- Up-to-date: /home/mechax/ylh/sentry_vision/install/auto_aim_interfaces/local/lib/python3.10/dist-packages/auto_aim_interfaces/msg
[2.558s] -- Up-to-date: /home/mechax/ylh/sentry_vision/install/auto_aim_interfaces/local/lib/python3.10/dist-packages/auto_aim_interfaces/msg/_debug_light.py
[2.558s] -- Up-to-date: /home/mechax/ylh/sentry_vision/install/auto_aim_interfaces/local/lib/python3.10/dist-packages/auto_aim_interfaces/msg/_target_s.c
[2.559s] -- Up-to-date: /home/mechax/ylh/sentry_vision/install/auto_aim_interfaces/local/lib/python3.10/dist-packages/auto_aim_interfaces/msg/_debug_light_s.c
[2.559s] -- Up-to-date: /home/mechax/ylh/sentry_vision/install/auto_aim_interfaces/local/lib/python3.10/dist-packages/auto_aim_interfaces/msg/_debug_armor_s.c
[2.560s] -- Up-to-date: /home/mechax/ylh/sentry_vision/install/auto_aim_interfaces/local/lib/python3.10/dist-packages/auto_aim_interfaces/msg/_target.py
[2.560s] -- Up-to-date: /home/mechax/ylh/sentry_vision/install/auto_aim_interfaces/local/lib/python3.10/dist-packages/auto_aim_interfaces/msg/_receive_serial_s.c
[2.560s] -- Up-to-date: /home/mechax/ylh/sentry_vision/install/auto_aim_interfaces/local/lib/python3.10/dist-packages/auto_aim_interfaces/msg/_bias.py
[2.560s] -- Up-to-date: /home/mechax/ylh/sentry_vision/install/auto_aim_interfaces/local/lib/python3.10/dist-packages/auto_aim_interfaces/msg/_debug_armor.py
[2.560s] -- Up-to-date: /home/mechax/ylh/sentry_vision/install/auto_aim_interfaces/local/lib/python3.10/dist-packages/auto_aim_interfaces/msg/_tracker_info_s.c
[2.561s] -- Up-to-date: /home/mechax/ylh/sentry_vision/install/auto_aim_interfaces/local/lib/python3.10/dist-packages/auto_aim_interfaces/msg/_armors_s.c
[2.561s] -- Up-to-date: /home/mechax/ylh/sentry_vision/install/auto_aim_interfaces/local/lib/python3.10/dist-packages/auto_aim_interfaces/msg/_send_serial_s.c
[2.561s] -- Up-to-date: /home/mechax/ylh/sentry_vision/install/auto_aim_interfaces/local/lib/python3.10/dist-packages/auto_aim_interfaces/msg/_receive_serial.py
[2.561s] -- Up-to-date: /home/mechax/ylh/sentry_vision/install/auto_aim_interfaces/local/lib/python3.10/dist-packages/auto_aim_interfaces/msg/_send_serial.py
[2.561s] -- Up-to-date: /home/mechax/ylh/sentry_vision/install/auto_aim_interfaces/local/lib/python3.10/dist-packages/auto_aim_interfaces/msg/_armor_s.c
[2.561s] -- Up-to-date: /home/mechax/ylh/sentry_vision/install/auto_aim_interfaces/local/lib/python3.10/dist-packages/auto_aim_interfaces/msg/_armors.py
[2.561s] -- Up-to-date: /home/mechax/ylh/sentry_vision/install/auto_aim_interfaces/local/lib/python3.10/dist-packages/auto_aim_interfaces/msg/_armor.py
[2.561s] -- Up-to-date: /home/mechax/ylh/sentry_vision/install/auto_aim_interfaces/local/lib/python3.10/dist-packages/auto_aim_interfaces/msg/__init__.py
[2.561s] -- Up-to-date: /home/mechax/ylh/sentry_vision/install/auto_aim_interfaces/local/lib/python3.10/dist-packages/auto_aim_interfaces/msg/_debug_lights.py
[2.561s] -- Up-to-date: /home/mechax/ylh/sentry_vision/install/auto_aim_interfaces/local/lib/python3.10/dist-packages/auto_aim_interfaces/msg/_debug_armors.py
[2.561s] -- Up-to-date: /home/mechax/ylh/sentry_vision/install/auto_aim_interfaces/local/lib/python3.10/dist-packages/auto_aim_interfaces/msg/_tracker_info.py
[2.561s] -- Up-to-date: /home/mechax/ylh/sentry_vision/install/auto_aim_interfaces/local/lib/python3.10/dist-packages/auto_aim_interfaces/msg/_bias_s.c
[2.561s] -- Up-to-date: /home/mechax/ylh/sentry_vision/install/auto_aim_interfaces/local/lib/python3.10/dist-packages/auto_aim_interfaces/msg/_debug_lights_s.c
[2.561s] -- Up-to-date: /home/mechax/ylh/sentry_vision/install/auto_aim_interfaces/local/lib/python3.10/dist-packages/auto_aim_interfaces/msg/_debug_armors_s.c
[2.561s] -- Up-to-date: /home/mechax/ylh/sentry_vision/install/auto_aim_interfaces/local/lib/python3.10/dist-packages/auto_aim_interfaces/_auto_aim_interfaces_s.ep.rosidl_typesupport_fastrtps_c.c
[2.564s] Listing '/home/mechax/ylh/sentry_vision/install/auto_aim_interfaces/local/lib/python3.10/dist-packages/auto_aim_interfaces'...
[2.564s] Listing '/home/mechax/ylh/sentry_vision/install/auto_aim_interfaces/local/lib/python3.10/dist-packages/auto_aim_interfaces/msg'...
[2.564s] -- Up-to-date: /home/mechax/ylh/sentry_vision/install/auto_aim_interfaces/local/lib/python3.10/dist-packages/auto_aim_interfaces/auto_aim_interfaces_s__rosidl_typesupport_fastrtps_c.cpython-310-x86_64-linux-gnu.so
[2.564s] -- Up-to-date: /home/mechax/ylh/sentry_vision/install/auto_aim_interfaces/local/lib/python3.10/dist-packages/auto_aim_interfaces/auto_aim_interfaces_s__rosidl_typesupport_introspection_c.cpython-310-x86_64-linux-gnu.so
[2.564s] -- Up-to-date: /home/mechax/ylh/sentry_vision/install/auto_aim_interfaces/local/lib/python3.10/dist-packages/auto_aim_interfaces/auto_aim_interfaces_s__rosidl_typesupport_c.cpython-310-x86_64-linux-gnu.so
[2.565s] -- Up-to-date: /home/mechax/ylh/sentry_vision/install/auto_aim_interfaces/lib/libauto_aim_interfaces__rosidl_generator_py.so
[2.565s] -- Up-to-date: /home/mechax/ylh/sentry_vision/install/auto_aim_interfaces/share/auto_aim_interfaces/msg/Armor.idl
[2.565s] -- Up-to-date: /home/mechax/ylh/sentry_vision/install/auto_aim_interfaces/share/auto_aim_interfaces/msg/Armors.idl
[2.565s] -- Up-to-date: /home/mechax/ylh/sentry_vision/install/auto_aim_interfaces/share/auto_aim_interfaces/msg/Target.idl
[2.565s] -- Up-to-date: /home/mechax/ylh/sentry_vision/install/auto_aim_interfaces/share/auto_aim_interfaces/msg/DebugLight.idl
[2.565s] -- Up-to-date: /home/mechax/ylh/sentry_vision/install/auto_aim_interfaces/share/auto_aim_interfaces/msg/DebugLights.idl
[2.565s] -- Up-to-date: /home/mechax/ylh/sentry_vision/install/auto_aim_interfaces/share/auto_aim_interfaces/msg/DebugArmor.idl
[2.565s] -- Up-to-date: /home/mechax/ylh/sentry_vision/install/auto_aim_interfaces/share/auto_aim_interfaces/msg/DebugArmors.idl
[2.566s] -- Up-to-date: /home/mechax/ylh/sentry_vision/install/auto_aim_interfaces/share/auto_aim_interfaces/msg/TrackerInfo.idl
[2.566s] -- Up-to-date: /home/mechax/ylh/sentry_vision/install/auto_aim_interfaces/share/auto_aim_interfaces/msg/SendSerial.idl
[2.566s] -- Up-to-date: /home/mechax/ylh/sentry_vision/install/auto_aim_interfaces/share/auto_aim_interfaces/msg/ReceiveSerial.idl
[2.566s] -- Up-to-date: /home/mechax/ylh/sentry_vision/install/auto_aim_interfaces/share/auto_aim_interfaces/msg/Bias.idl
[2.566s] -- Up-to-date: /home/mechax/ylh/sentry_vision/install/auto_aim_interfaces/share/auto_aim_interfaces/msg/Armor.msg
[2.566s] -- Up-to-date: /home/mechax/ylh/sentry_vision/install/auto_aim_interfaces/share/auto_aim_interfaces/msg/Armors.msg
[2.566s] -- Up-to-date: /home/mechax/ylh/sentry_vision/install/auto_aim_interfaces/share/auto_aim_interfaces/msg/Target.msg
[2.566s] -- Up-to-date: /home/mechax/ylh/sentry_vision/install/auto_aim_interfaces/share/auto_aim_interfaces/msg/DebugLight.msg
[2.566s] -- Up-to-date: /home/mechax/ylh/sentry_vision/install/auto_aim_interfaces/share/auto_aim_interfaces/msg/DebugLights.msg
[2.566s] -- Up-to-date: /home/mechax/ylh/sentry_vision/install/auto_aim_interfaces/share/auto_aim_interfaces/msg/DebugArmor.msg
[2.566s] -- Up-to-date: /home/mechax/ylh/sentry_vision/install/auto_aim_interfaces/share/auto_aim_interfaces/msg/DebugArmors.msg
[2.566s] -- Up-to-date: /home/mechax/ylh/sentry_vision/install/auto_aim_interfaces/share/auto_aim_interfaces/msg/TrackerInfo.msg
[2.566s] -- Up-to-date: /home/mechax/ylh/sentry_vision/install/auto_aim_interfaces/share/auto_aim_interfaces/msg/SendSerial.msg
[2.566s] -- Up-to-date: /home/mechax/ylh/sentry_vision/install/auto_aim_interfaces/share/auto_aim_interfaces/msg/ReceiveSerial.msg
[2.567s] -- Up-to-date: /home/mechax/ylh/sentry_vision/install/auto_aim_interfaces/share/auto_aim_interfaces/msg/Bias.msg
[2.567s] -- Up-to-date: /home/mechax/ylh/sentry_vision/install/auto_aim_interfaces/share/ament_index/resource_index/package_run_dependencies/auto_aim_interfaces
[2.567s] -- Up-to-date: /home/mechax/ylh/sentry_vision/install/auto_aim_interfaces/share/ament_index/resource_index/parent_prefix_path/auto_aim_interfaces
[2.567s] -- Up-to-date: /home/mechax/ylh/sentry_vision/install/auto_aim_interfaces/share/auto_aim_interfaces/environment/ament_prefix_path.sh
[2.567s] -- Up-to-date: /home/mechax/ylh/sentry_vision/install/auto_aim_interfaces/share/auto_aim_interfaces/environment/ament_prefix_path.dsv
[2.567s] -- Up-to-date: /home/mechax/ylh/sentry_vision/install/auto_aim_interfaces/share/auto_aim_interfaces/environment/path.sh
[2.567s] -- Up-to-date: /home/mechax/ylh/sentry_vision/install/auto_aim_interfaces/share/auto_aim_interfaces/environment/path.dsv
[2.567s] -- Up-to-date: /home/mechax/ylh/sentry_vision/install/auto_aim_interfaces/share/auto_aim_interfaces/local_setup.bash
[2.567s] -- Up-to-date: /home/mechax/ylh/sentry_vision/install/auto_aim_interfaces/share/auto_aim_interfaces/local_setup.sh
[2.567s] -- Up-to-date: /home/mechax/ylh/sentry_vision/install/auto_aim_interfaces/share/auto_aim_interfaces/local_setup.zsh
[2.567s] -- Up-to-date: /home/mechax/ylh/sentry_vision/install/auto_aim_interfaces/share/auto_aim_interfaces/local_setup.dsv
[2.567s] -- Installing: /home/mechax/ylh/sentry_vision/install/auto_aim_interfaces/share/auto_aim_interfaces/package.dsv
[2.567s] -- Up-to-date: /home/mechax/ylh/sentry_vision/install/auto_aim_interfaces/share/ament_index/resource_index/packages/auto_aim_interfaces
[2.567s] -- Up-to-date: /home/mechax/ylh/sentry_vision/install/auto_aim_interfaces/share/auto_aim_interfaces/cmake/export_auto_aim_interfaces__rosidl_generator_cExport.cmake
[2.567s] -- Up-to-date: /home/mechax/ylh/sentry_vision/install/auto_aim_interfaces/share/auto_aim_interfaces/cmake/export_auto_aim_interfaces__rosidl_generator_cExport-noconfig.cmake
[2.568s] -- Up-to-date: /home/mechax/ylh/sentry_vision/install/auto_aim_interfaces/share/auto_aim_interfaces/cmake/export_auto_aim_interfaces__rosidl_typesupport_fastrtps_cExport.cmake
[2.568s] -- Up-to-date: /home/mechax/ylh/sentry_vision/install/auto_aim_interfaces/share/auto_aim_interfaces/cmake/export_auto_aim_interfaces__rosidl_typesupport_fastrtps_cExport-noconfig.cmake
[2.568s] -- Up-to-date: /home/mechax/ylh/sentry_vision/install/auto_aim_interfaces/share/auto_aim_interfaces/cmake/auto_aim_interfaces__rosidl_typesupport_introspection_cExport.cmake
[2.568s] -- Up-to-date: /home/mechax/ylh/sentry_vision/install/auto_aim_interfaces/share/auto_aim_interfaces/cmake/auto_aim_interfaces__rosidl_typesupport_introspection_cExport-noconfig.cmake
[2.568s] -- Up-to-date: /home/mechax/ylh/sentry_vision/install/auto_aim_interfaces/share/auto_aim_interfaces/cmake/auto_aim_interfaces__rosidl_typesupport_cExport.cmake
[2.568s] -- Up-to-date: /home/mechax/ylh/sentry_vision/install/auto_aim_interfaces/share/auto_aim_interfaces/cmake/auto_aim_interfaces__rosidl_typesupport_cExport-noconfig.cmake
[2.568s] -- Up-to-date: /home/mechax/ylh/sentry_vision/install/auto_aim_interfaces/share/auto_aim_interfaces/cmake/export_auto_aim_interfaces__rosidl_generator_cppExport.cmake
[2.568s] -- Up-to-date: /home/mechax/ylh/sentry_vision/install/auto_aim_interfaces/share/auto_aim_interfaces/cmake/export_auto_aim_interfaces__rosidl_typesupport_fastrtps_cppExport.cmake
[2.568s] -- Up-to-date: /home/mechax/ylh/sentry_vision/install/auto_aim_interfaces/share/auto_aim_interfaces/cmake/export_auto_aim_interfaces__rosidl_typesupport_fastrtps_cppExport-noconfig.cmake
[2.568s] -- Up-to-date: /home/mechax/ylh/sentry_vision/install/auto_aim_interfaces/share/auto_aim_interfaces/cmake/auto_aim_interfaces__rosidl_typesupport_introspection_cppExport.cmake
[2.568s] -- Up-to-date: /home/mechax/ylh/sentry_vision/install/auto_aim_interfaces/share/auto_aim_interfaces/cmake/auto_aim_interfaces__rosidl_typesupport_introspection_cppExport-noconfig.cmake
[2.568s] -- Up-to-date: /home/mechax/ylh/sentry_vision/install/auto_aim_interfaces/share/auto_aim_interfaces/cmake/auto_aim_interfaces__rosidl_typesupport_cppExport.cmake
[2.568s] -- Up-to-date: /home/mechax/ylh/sentry_vision/install/auto_aim_interfaces/share/auto_aim_interfaces/cmake/auto_aim_interfaces__rosidl_typesupport_cppExport-noconfig.cmake
[2.568s] -- Up-to-date: /home/mechax/ylh/sentry_vision/install/auto_aim_interfaces/share/auto_aim_interfaces/cmake/export_auto_aim_interfaces__rosidl_generator_pyExport.cmake
[2.569s] -- Up-to-date: /home/mechax/ylh/sentry_vision/install/auto_aim_interfaces/share/auto_aim_interfaces/cmake/export_auto_aim_interfaces__rosidl_generator_pyExport-noconfig.cmake
[2.569s] -- Up-to-date: /home/mechax/ylh/sentry_vision/install/auto_aim_interfaces/share/auto_aim_interfaces/cmake/rosidl_cmake-extras.cmake
[2.569s] -- Up-to-date: /home/mechax/ylh/sentry_vision/install/auto_aim_interfaces/share/auto_aim_interfaces/cmake/ament_cmake_export_dependencies-extras.cmake
[2.569s] -- Up-to-date: /home/mechax/ylh/sentry_vision/install/auto_aim_interfaces/share/auto_aim_interfaces/cmake/ament_cmake_export_include_directories-extras.cmake
[2.569s] -- Up-to-date: /home/mechax/ylh/sentry_vision/install/auto_aim_interfaces/share/auto_aim_interfaces/cmake/ament_cmake_export_libraries-extras.cmake
[2.569s] -- Up-to-date: /home/mechax/ylh/sentry_vision/install/auto_aim_interfaces/share/auto_aim_interfaces/cmake/ament_cmake_export_targets-extras.cmake
[2.569s] -- Up-to-date: /home/mechax/ylh/sentry_vision/install/auto_aim_interfaces/share/auto_aim_interfaces/cmake/rosidl_cmake_export_typesupport_targets-extras.cmake
[2.569s] -- Up-to-date: /home/mechax/ylh/sentry_vision/install/auto_aim_interfaces/share/auto_aim_interfaces/cmake/rosidl_cmake_export_typesupport_libraries-extras.cmake
[2.569s] -- Up-to-date: /home/mechax/ylh/sentry_vision/install/auto_aim_interfaces/share/auto_aim_interfaces/cmake/auto_aim_interfacesConfig.cmake
[2.569s] -- Up-to-date: /home/mechax/ylh/sentry_vision/install/auto_aim_interfaces/share/auto_aim_interfaces/cmake/auto_aim_interfacesConfig-version.cmake
[2.569s] -- Up-to-date: /home/mechax/ylh/sentry_vision/install/auto_aim_interfaces/share/auto_aim_interfaces/package.xml
[2.727s] Invoked command in '/home/mechax/ylh/sentry_vision/build/auto_aim_interfaces' returned '0': CMAKE_PREFIX_PATH=/opt/ros/humble /usr/bin/cmake --install /home/mechax/ylh/sentry_vision/build/auto_aim_interfaces
