[0.285s] Invoking command in '/home/mechax/ylh/sentry_vision/build/btcpp_ros2_interfaces': CMAKE_PREFIX_PATH=/opt/ros/humble /usr/bin/cmake /home/mechax/ylh/sentry_vision/src/rm_decision/BehaviorTree.ROS2/btcpp_ros2_interfaces -DCMAKE_EXPORT_COMPILE_COMMANDS=ON -DCMAKE_INSTALL_PREFIX=/home/mechax/ylh/sentry_vision/install/btcpp_ros2_interfaces
[0.391s] -- The C compiler identification is GNU 11.4.0
[0.496s] -- The CXX compiler identification is GNU 11.4.0
[0.505s] -- Detecting C compiler ABI info
[0.595s] -- Detecting C compiler ABI info - done
[0.604s] -- Check for working C compiler: /usr/bin/cc - skipped
[0.604s] -- Detecting C compile features
[0.604s] -- Detecting C compile features - done
[0.608s] -- Detecting CXX compiler ABI info
[0.736s] -- Detecting CXX compiler ABI info - done
[0.745s] -- Check for working CXX compiler: /usr/bin/c++ - skipped
[0.745s] -- Detecting CXX compile features
[0.745s] -- Detecting CXX compile features - done
[0.747s] -- Found ament_cmake: 1.3.6 (/opt/ros/humble/share/ament_cmake/cmake)
[1.423s] -- Found Python3: /usr/bin/python3.10 (found version "3.10.12") found components: Interpreter 
[1.552s] -- Found rosidl_default_generators: 1.2.0 (/opt/ros/humble/share/rosidl_default_generators/cmake)
[1.557s] -- Using all available rosidl_typesupport_c: rosidl_typesupport_fastrtps_c;rosidl_typesupport_introspection_c
[1.564s] -- Found rosidl_adapter: 3.1.5 (/opt/ros/humble/share/rosidl_adapter/cmake)
[1.611s] -- Using all available rosidl_typesupport_cpp: rosidl_typesupport_fastrtps_cpp;rosidl_typesupport_introspection_cpp
[2.242s] -- Found ament_cmake_ros: 0.10.0 (/opt/ros/humble/share/ament_cmake_ros/cmake)
[2.769s] -- Using all available rosidl_typesupport_c: rosidl_typesupport_fastrtps_c;rosidl_typesupport_introspection_c
[4.009s] -- Using all available rosidl_typesupport_cpp: rosidl_typesupport_fastrtps_cpp;rosidl_typesupport_introspection_cpp
[4.112s] -- Found PythonInterp: /usr/bin/python3 (found suitable version "3.10.12", minimum required is "3.6") 
[4.112s] -- Found python_cmake_module: 0.10.0 (/opt/ros/humble/share/python_cmake_module/cmake)
[4.225s] -- Found PythonLibs: /usr/lib/x86_64-linux-gnu/libpython3.10.so (found suitable version "3.10.12", minimum required is "3.5") 
[4.225s] -- Using PYTHON_EXECUTABLE: /usr/bin/python3
[4.225s] -- Using PYTHON_INCLUDE_DIRS: /usr/include/python3.10
[4.225s] -- Using PYTHON_LIBRARIES: /usr/lib/x86_64-linux-gnu/libpython3.10.so
[4.362s] -- Found PythonExtra: .so  
[4.519s] -- Configuring done
[4.658s] -- Generating done
[4.661s] -- Build files have been written to: /home/mechax/ylh/sentry_vision/build/btcpp_ros2_interfaces
[4.799s] Invoked command in '/home/mechax/ylh/sentry_vision/build/btcpp_ros2_interfaces' returned '0': CMAKE_PREFIX_PATH=/opt/ros/humble /usr/bin/cmake /home/mechax/ylh/sentry_vision/src/rm_decision/BehaviorTree.ROS2/btcpp_ros2_interfaces -DCMAKE_EXPORT_COMPILE_COMMANDS=ON -DCMAKE_INSTALL_PREFIX=/home/mechax/ylh/sentry_vision/install/btcpp_ros2_interfaces
[4.799s] Invoking command in '/home/mechax/ylh/sentry_vision/build/btcpp_ros2_interfaces': CMAKE_PREFIX_PATH=/opt/ros/humble /usr/bin/cmake --build /home/mechax/ylh/sentry_vision/build/btcpp_ros2_interfaces -- -j16 -l16
[4.973s] [  3%] [34m[1mGenerating C code for ROS interfaces[0m
[5.017s] [  6%] [34m[1mGenerating C++ code for ROS interfaces[0m
[5.166s] [  6%] Built target ament_cmake_python_copy_btcpp_ros2_interfaces
[6.511s] [  6%] Built target btcpp_ros2_interfaces__cpp
[6.573s] [  9%] [34m[1mGenerating C++ type support dispatch for ROS interfaces[0m
[6.579s] [ 12%] [34m[1mGenerating C++ introspection for ROS interfaces[0m
[6.629s] [ 16%] [34m[1mGenerating C++ type support for eProsima Fast-RTPS[0m
[6.975s] running egg_info
[6.979s] creating btcpp_ros2_interfaces.egg-info
[7.060s] writing btcpp_ros2_interfaces.egg-info/PKG-INFO
[7.062s] writing dependency_links to btcpp_ros2_interfaces.egg-info/dependency_links.txt
[7.066s] writing top-level names to btcpp_ros2_interfaces.egg-info/top_level.txt
[7.067s] writing manifest file 'btcpp_ros2_interfaces.egg-info/SOURCES.txt'
[7.150s] [ 19%] [32mBuilding C object CMakeFiles/btcpp_ros2_interfaces__rosidl_generator_c.dir/rosidl_generator_c/btcpp_ros2_interfaces/action/detail/sleep__functions.c.o[0m
[7.261s] reading manifest file 'btcpp_ros2_interfaces.egg-info/SOURCES.txt'
[7.277s] writing manifest file 'btcpp_ros2_interfaces.egg-info/SOURCES.txt'
[7.457s] [ 22%] [32mBuilding CXX object CMakeFiles/btcpp_ros2_interfaces__rosidl_typesupport_cpp.dir/rosidl_typesupport_cpp/btcpp_ros2_interfaces/action/sleep__type_support.cpp.o[0m
[7.517s] [ 22%] Built target ament_cmake_python_build_btcpp_ros2_interfaces_egg
[7.618s] [ 25%] [32m[1mLinking C shared library libbtcpp_ros2_interfaces__rosidl_generator_c.so[0m
[7.860s] [ 25%] Built target btcpp_ros2_interfaces__rosidl_generator_c
[7.905s] [ 29%] [34m[1mGenerating C type support for eProsima Fast-RTPS[0m
[7.924s] [ 32%] [34m[1mGenerating C type support dispatch for ROS interfaces[0m
[7.970s] [ 35%] [34m[1mGenerating C introspection for ROS interfaces[0m
[8.010s] [ 38%] [32mBuilding CXX object CMakeFiles/btcpp_ros2_interfaces__rosidl_typesupport_introspection_cpp.dir/rosidl_typesupport_introspection_cpp/btcpp_ros2_interfaces/action/detail/sleep__type_support.cpp.o[0m
[8.382s] [ 41%] [32mBuilding CXX object CMakeFiles/btcpp_ros2_interfaces__rosidl_typesupport_fastrtps_cpp.dir/rosidl_typesupport_fastrtps_cpp/btcpp_ros2_interfaces/action/detail/dds_fastrtps/sleep__type_support.cpp.o[0m
[8.668s] [ 45%] [32m[1mLinking CXX shared library libbtcpp_ros2_interfaces__rosidl_typesupport_cpp.so[0m
[8.881s] [ 45%] Built target btcpp_ros2_interfaces__rosidl_typesupport_cpp
[9.222s] [ 48%] [32mBuilding CXX object CMakeFiles/btcpp_ros2_interfaces__rosidl_typesupport_fastrtps_c.dir/rosidl_typesupport_fastrtps_c/btcpp_ros2_interfaces/action/detail/sleep__type_support_c.cpp.o[0m
[9.714s] [ 51%] [32mBuilding CXX object CMakeFiles/btcpp_ros2_interfaces__rosidl_typesupport_c.dir/rosidl_typesupport_c/btcpp_ros2_interfaces/action/sleep__type_support.cpp.o[0m
[9.808s] [ 54%] [32mBuilding C object CMakeFiles/btcpp_ros2_interfaces__rosidl_typesupport_introspection_c.dir/rosidl_typesupport_introspection_c/btcpp_ros2_interfaces/action/detail/sleep__type_support.c.o[0m
[9.987s] [ 58%] [32m[1mLinking CXX shared library libbtcpp_ros2_interfaces__rosidl_typesupport_c.so[0m
[10.066s] [ 61%] [32m[1mLinking C shared library libbtcpp_ros2_interfaces__rosidl_typesupport_introspection_c.so[0m
[10.242s] [ 61%] Built target btcpp_ros2_interfaces__rosidl_typesupport_c
[10.292s] [ 61%] Built target btcpp_ros2_interfaces__rosidl_typesupport_introspection_c
[10.970s] [ 64%] [32m[1mLinking CXX shared library libbtcpp_ros2_interfaces__rosidl_typesupport_introspection_cpp.so[0m
[11.005s] [ 67%] [32m[1mLinking CXX shared library libbtcpp_ros2_interfaces__rosidl_typesupport_fastrtps_c.so[0m
[11.673s] [ 67%] Built target btcpp_ros2_interfaces__rosidl_typesupport_introspection_cpp
[11.766s] [ 67%] Built target btcpp_ros2_interfaces__rosidl_typesupport_fastrtps_c
[11.767s] [ 70%] [32m[1mLinking CXX shared library libbtcpp_ros2_interfaces__rosidl_typesupport_fastrtps_cpp.so[0m
[12.488s] [ 70%] Built target btcpp_ros2_interfaces__rosidl_typesupport_fastrtps_cpp
[12.687s] [ 70%] Built target btcpp_ros2_interfaces
[12.843s] [ 74%] [34m[1mGenerating Python code for ROS interfaces[0m
[17.221s] [ 74%] Built target btcpp_ros2_interfaces__py
[17.261s] [ 77%] [32mBuilding C object CMakeFiles/btcpp_ros2_interfaces__rosidl_generator_py.dir/rosidl_generator_py/btcpp_ros2_interfaces/action/_sleep_s.c.o[0m
[17.756s] [ 80%] [32m[1mLinking C shared library rosidl_generator_py/btcpp_ros2_interfaces/libbtcpp_ros2_interfaces__rosidl_generator_py.so[0m
[18.009s] [ 80%] Built target btcpp_ros2_interfaces__rosidl_generator_py
[18.196s] [ 83%] [32mBuilding C object CMakeFiles/btcpp_ros2_interfaces__rosidl_typesupport_introspection_c__pyext.dir/rosidl_generator_py/btcpp_ros2_interfaces/_btcpp_ros2_interfaces_s.ep.rosidl_typesupport_introspection_c.c.o[0m
[18.218s] [ 87%] [32mBuilding C object CMakeFiles/btcpp_ros2_interfaces__rosidl_typesupport_fastrtps_c__pyext.dir/rosidl_generator_py/btcpp_ros2_interfaces/_btcpp_ros2_interfaces_s.ep.rosidl_typesupport_fastrtps_c.c.o[0m
[18.218s] [ 90%] [32mBuilding C object CMakeFiles/btcpp_ros2_interfaces__rosidl_typesupport_c__pyext.dir/rosidl_generator_py/btcpp_ros2_interfaces/_btcpp_ros2_interfaces_s.ep.rosidl_typesupport_c.c.o[0m
[18.611s] [ 93%] [32m[1mLinking C shared library rosidl_generator_py/btcpp_ros2_interfaces/btcpp_ros2_interfaces_s__rosidl_typesupport_introspection_c.cpython-310-x86_64-linux-gnu.so[0m
[18.670s] [ 96%] [32m[1mLinking C shared library rosidl_generator_py/btcpp_ros2_interfaces/btcpp_ros2_interfaces_s__rosidl_typesupport_c.cpython-310-x86_64-linux-gnu.so[0m
[18.794s] [100%] [32m[1mLinking C shared library rosidl_generator_py/btcpp_ros2_interfaces/btcpp_ros2_interfaces_s__rosidl_typesupport_fastrtps_c.cpython-310-x86_64-linux-gnu.so[0m
[18.841s] [100%] Built target btcpp_ros2_interfaces__rosidl_typesupport_introspection_c__pyext
[18.914s] [100%] Built target btcpp_ros2_interfaces__rosidl_typesupport_c__pyext
[18.992s] [100%] Built target btcpp_ros2_interfaces__rosidl_typesupport_fastrtps_c__pyext
[19.019s] Invoked command in '/home/mechax/ylh/sentry_vision/build/btcpp_ros2_interfaces' returned '0': CMAKE_PREFIX_PATH=/opt/ros/humble /usr/bin/cmake --build /home/mechax/ylh/sentry_vision/build/btcpp_ros2_interfaces -- -j16 -l16
[19.517s] Invoking command in '/home/mechax/ylh/sentry_vision/build/btcpp_ros2_interfaces': CMAKE_PREFIX_PATH=/opt/ros/humble /usr/bin/cmake --install /home/mechax/ylh/sentry_vision/build/btcpp_ros2_interfaces
[19.534s] -- Install configuration: ""
[19.534s] -- Installing: /home/mechax/ylh/sentry_vision/install/btcpp_ros2_interfaces/share/ament_index/resource_index/rosidl_interfaces/btcpp_ros2_interfaces
[19.534s] -- Installing: /home/mechax/ylh/sentry_vision/install/btcpp_ros2_interfaces/include/btcpp_ros2_interfaces/btcpp_ros2_interfaces
[19.534s] -- Installing: /home/mechax/ylh/sentry_vision/install/btcpp_ros2_interfaces/include/btcpp_ros2_interfaces/btcpp_ros2_interfaces/msg
[19.534s] -- Installing: /home/mechax/ylh/sentry_vision/install/btcpp_ros2_interfaces/include/btcpp_ros2_interfaces/btcpp_ros2_interfaces/msg/rosidl_generator_c__visibility_control.h
[19.535s] -- Installing: /home/mechax/ylh/sentry_vision/install/btcpp_ros2_interfaces/include/btcpp_ros2_interfaces/btcpp_ros2_interfaces/action
[19.535s] -- Installing: /home/mechax/ylh/sentry_vision/install/btcpp_ros2_interfaces/include/btcpp_ros2_interfaces/btcpp_ros2_interfaces/action/sleep.h
[19.535s] -- Installing: /home/mechax/ylh/sentry_vision/install/btcpp_ros2_interfaces/include/btcpp_ros2_interfaces/btcpp_ros2_interfaces/action/detail
[19.535s] -- Installing: /home/mechax/ylh/sentry_vision/install/btcpp_ros2_interfaces/include/btcpp_ros2_interfaces/btcpp_ros2_interfaces/action/detail/sleep__functions.h
[19.535s] -- Installing: /home/mechax/ylh/sentry_vision/install/btcpp_ros2_interfaces/include/btcpp_ros2_interfaces/btcpp_ros2_interfaces/action/detail/sleep__struct.h
[19.535s] -- Installing: /home/mechax/ylh/sentry_vision/install/btcpp_ros2_interfaces/include/btcpp_ros2_interfaces/btcpp_ros2_interfaces/action/detail/sleep__type_support.h
[19.535s] -- Installing: /home/mechax/ylh/sentry_vision/install/btcpp_ros2_interfaces/include/btcpp_ros2_interfaces/btcpp_ros2_interfaces/action/detail/sleep__functions.c
[19.535s] -- Installing: /home/mechax/ylh/sentry_vision/install/btcpp_ros2_interfaces/share/btcpp_ros2_interfaces/environment/library_path.sh
[19.535s] -- Installing: /home/mechax/ylh/sentry_vision/install/btcpp_ros2_interfaces/share/btcpp_ros2_interfaces/environment/library_path.dsv
[19.535s] -- Installing: /home/mechax/ylh/sentry_vision/install/btcpp_ros2_interfaces/lib/libbtcpp_ros2_interfaces__rosidl_generator_c.so
[19.535s] -- Set runtime path of "/home/mechax/ylh/sentry_vision/install/btcpp_ros2_interfaces/lib/libbtcpp_ros2_interfaces__rosidl_generator_c.so" to ""
[19.535s] -- Up-to-date: /home/mechax/ylh/sentry_vision/install/btcpp_ros2_interfaces/include/btcpp_ros2_interfaces/btcpp_ros2_interfaces
[19.535s] -- Up-to-date: /home/mechax/ylh/sentry_vision/install/btcpp_ros2_interfaces/include/btcpp_ros2_interfaces/btcpp_ros2_interfaces/msg
[19.535s] -- Installing: /home/mechax/ylh/sentry_vision/install/btcpp_ros2_interfaces/include/btcpp_ros2_interfaces/btcpp_ros2_interfaces/msg/rosidl_typesupport_fastrtps_c__visibility_control.h
[19.536s] -- Up-to-date: /home/mechax/ylh/sentry_vision/install/btcpp_ros2_interfaces/include/btcpp_ros2_interfaces/btcpp_ros2_interfaces/action
[19.536s] -- Up-to-date: /home/mechax/ylh/sentry_vision/install/btcpp_ros2_interfaces/include/btcpp_ros2_interfaces/btcpp_ros2_interfaces/action/detail
[19.536s] -- Installing: /home/mechax/ylh/sentry_vision/install/btcpp_ros2_interfaces/include/btcpp_ros2_interfaces/btcpp_ros2_interfaces/action/detail/sleep__rosidl_typesupport_fastrtps_c.h
[19.536s] -- Installing: /home/mechax/ylh/sentry_vision/install/btcpp_ros2_interfaces/lib/libbtcpp_ros2_interfaces__rosidl_typesupport_fastrtps_c.so
[19.537s] -- Set runtime path of "/home/mechax/ylh/sentry_vision/install/btcpp_ros2_interfaces/lib/libbtcpp_ros2_interfaces__rosidl_typesupport_fastrtps_c.so" to ""
[19.537s] -- Up-to-date: /home/mechax/ylh/sentry_vision/install/btcpp_ros2_interfaces/include/btcpp_ros2_interfaces/btcpp_ros2_interfaces
[19.537s] -- Up-to-date: /home/mechax/ylh/sentry_vision/install/btcpp_ros2_interfaces/include/btcpp_ros2_interfaces/btcpp_ros2_interfaces/msg
[19.538s] -- Installing: /home/mechax/ylh/sentry_vision/install/btcpp_ros2_interfaces/include/btcpp_ros2_interfaces/btcpp_ros2_interfaces/msg/rosidl_typesupport_introspection_c__visibility_control.h
[19.538s] -- Up-to-date: /home/mechax/ylh/sentry_vision/install/btcpp_ros2_interfaces/include/btcpp_ros2_interfaces/btcpp_ros2_interfaces/action
[19.538s] -- Up-to-date: /home/mechax/ylh/sentry_vision/install/btcpp_ros2_interfaces/include/btcpp_ros2_interfaces/btcpp_ros2_interfaces/action/detail
[19.538s] -- Installing: /home/mechax/ylh/sentry_vision/install/btcpp_ros2_interfaces/include/btcpp_ros2_interfaces/btcpp_ros2_interfaces/action/detail/sleep__type_support.c
[19.539s] -- Installing: /home/mechax/ylh/sentry_vision/install/btcpp_ros2_interfaces/include/btcpp_ros2_interfaces/btcpp_ros2_interfaces/action/detail/sleep__rosidl_typesupport_introspection_c.h
[19.539s] -- Installing: /home/mechax/ylh/sentry_vision/install/btcpp_ros2_interfaces/lib/libbtcpp_ros2_interfaces__rosidl_typesupport_introspection_c.so
[19.540s] -- Set runtime path of "/home/mechax/ylh/sentry_vision/install/btcpp_ros2_interfaces/lib/libbtcpp_ros2_interfaces__rosidl_typesupport_introspection_c.so" to ""
[19.540s] -- Installing: /home/mechax/ylh/sentry_vision/install/btcpp_ros2_interfaces/lib/libbtcpp_ros2_interfaces__rosidl_typesupport_c.so
[19.541s] -- Set runtime path of "/home/mechax/ylh/sentry_vision/install/btcpp_ros2_interfaces/lib/libbtcpp_ros2_interfaces__rosidl_typesupport_c.so" to ""
[19.541s] -- Up-to-date: /home/mechax/ylh/sentry_vision/install/btcpp_ros2_interfaces/include/btcpp_ros2_interfaces/btcpp_ros2_interfaces
[19.542s] -- Up-to-date: /home/mechax/ylh/sentry_vision/install/btcpp_ros2_interfaces/include/btcpp_ros2_interfaces/btcpp_ros2_interfaces/action
[19.542s] -- Up-to-date: /home/mechax/ylh/sentry_vision/install/btcpp_ros2_interfaces/include/btcpp_ros2_interfaces/btcpp_ros2_interfaces/action/detail
[19.542s] -- Installing: /home/mechax/ylh/sentry_vision/install/btcpp_ros2_interfaces/include/btcpp_ros2_interfaces/btcpp_ros2_interfaces/action/detail/sleep__traits.hpp
[19.543s] -- Installing: /home/mechax/ylh/sentry_vision/install/btcpp_ros2_interfaces/include/btcpp_ros2_interfaces/btcpp_ros2_interfaces/action/detail/sleep__struct.hpp
[19.543s] -- Installing: /home/mechax/ylh/sentry_vision/install/btcpp_ros2_interfaces/include/btcpp_ros2_interfaces/btcpp_ros2_interfaces/action/detail/sleep__builder.hpp
[19.543s] -- Installing: /home/mechax/ylh/sentry_vision/install/btcpp_ros2_interfaces/include/btcpp_ros2_interfaces/btcpp_ros2_interfaces/action/sleep.hpp
[19.544s] -- Up-to-date: /home/mechax/ylh/sentry_vision/install/btcpp_ros2_interfaces/include/btcpp_ros2_interfaces/btcpp_ros2_interfaces
[19.544s] -- Up-to-date: /home/mechax/ylh/sentry_vision/install/btcpp_ros2_interfaces/include/btcpp_ros2_interfaces/btcpp_ros2_interfaces/msg
[19.544s] -- Installing: /home/mechax/ylh/sentry_vision/install/btcpp_ros2_interfaces/include/btcpp_ros2_interfaces/btcpp_ros2_interfaces/msg/rosidl_typesupport_fastrtps_cpp__visibility_control.h
[19.544s] -- Up-to-date: /home/mechax/ylh/sentry_vision/install/btcpp_ros2_interfaces/include/btcpp_ros2_interfaces/btcpp_ros2_interfaces/action
[19.545s] -- Up-to-date: /home/mechax/ylh/sentry_vision/install/btcpp_ros2_interfaces/include/btcpp_ros2_interfaces/btcpp_ros2_interfaces/action/detail
[19.545s] -- Installing: /home/mechax/ylh/sentry_vision/install/btcpp_ros2_interfaces/include/btcpp_ros2_interfaces/btcpp_ros2_interfaces/action/detail/dds_fastrtps
[19.545s] -- Installing: /home/mechax/ylh/sentry_vision/install/btcpp_ros2_interfaces/include/btcpp_ros2_interfaces/btcpp_ros2_interfaces/action/detail/sleep__rosidl_typesupport_fastrtps_cpp.hpp
[19.546s] -- Installing: /home/mechax/ylh/sentry_vision/install/btcpp_ros2_interfaces/lib/libbtcpp_ros2_interfaces__rosidl_typesupport_fastrtps_cpp.so
[19.546s] -- Set runtime path of "/home/mechax/ylh/sentry_vision/install/btcpp_ros2_interfaces/lib/libbtcpp_ros2_interfaces__rosidl_typesupport_fastrtps_cpp.so" to ""
[19.546s] -- Up-to-date: /home/mechax/ylh/sentry_vision/install/btcpp_ros2_interfaces/include/btcpp_ros2_interfaces/btcpp_ros2_interfaces
[19.547s] -- Up-to-date: /home/mechax/ylh/sentry_vision/install/btcpp_ros2_interfaces/include/btcpp_ros2_interfaces/btcpp_ros2_interfaces/action
[19.547s] -- Up-to-date: /home/mechax/ylh/sentry_vision/install/btcpp_ros2_interfaces/include/btcpp_ros2_interfaces/btcpp_ros2_interfaces/action/detail
[19.547s] -- Installing: /home/mechax/ylh/sentry_vision/install/btcpp_ros2_interfaces/include/btcpp_ros2_interfaces/btcpp_ros2_interfaces/action/detail/sleep__type_support.cpp
[19.547s] -- Installing: /home/mechax/ylh/sentry_vision/install/btcpp_ros2_interfaces/include/btcpp_ros2_interfaces/btcpp_ros2_interfaces/action/detail/sleep__rosidl_typesupport_introspection_cpp.hpp
[19.548s] -- Installing: /home/mechax/ylh/sentry_vision/install/btcpp_ros2_interfaces/lib/libbtcpp_ros2_interfaces__rosidl_typesupport_introspection_cpp.so
[19.548s] -- Set runtime path of "/home/mechax/ylh/sentry_vision/install/btcpp_ros2_interfaces/lib/libbtcpp_ros2_interfaces__rosidl_typesupport_introspection_cpp.so" to ""
[19.548s] -- Installing: /home/mechax/ylh/sentry_vision/install/btcpp_ros2_interfaces/lib/libbtcpp_ros2_interfaces__rosidl_typesupport_cpp.so
[19.549s] -- Set runtime path of "/home/mechax/ylh/sentry_vision/install/btcpp_ros2_interfaces/lib/libbtcpp_ros2_interfaces__rosidl_typesupport_cpp.so" to ""
[19.549s] -- Installing: /home/mechax/ylh/sentry_vision/install/btcpp_ros2_interfaces/share/btcpp_ros2_interfaces/environment/pythonpath.sh
[19.550s] -- Installing: /home/mechax/ylh/sentry_vision/install/btcpp_ros2_interfaces/share/btcpp_ros2_interfaces/environment/pythonpath.dsv
[19.550s] -- Installing: /home/mechax/ylh/sentry_vision/install/btcpp_ros2_interfaces/local/lib/python3.10/dist-packages/btcpp_ros2_interfaces-0.2.0-py3.10.egg-info
[19.552s] -- Installing: /home/mechax/ylh/sentry_vision/install/btcpp_ros2_interfaces/local/lib/python3.10/dist-packages/btcpp_ros2_interfaces-0.2.0-py3.10.egg-info/PKG-INFO
[19.553s] -- Installing: /home/mechax/ylh/sentry_vision/install/btcpp_ros2_interfaces/local/lib/python3.10/dist-packages/btcpp_ros2_interfaces-0.2.0-py3.10.egg-info/SOURCES.txt
[19.553s] -- Installing: /home/mechax/ylh/sentry_vision/install/btcpp_ros2_interfaces/local/lib/python3.10/dist-packages/btcpp_ros2_interfaces-0.2.0-py3.10.egg-info/top_level.txt
[19.553s] -- Installing: /home/mechax/ylh/sentry_vision/install/btcpp_ros2_interfaces/local/lib/python3.10/dist-packages/btcpp_ros2_interfaces-0.2.0-py3.10.egg-info/dependency_links.txt
[19.554s] -- Installing: /home/mechax/ylh/sentry_vision/install/btcpp_ros2_interfaces/local/lib/python3.10/dist-packages/btcpp_ros2_interfaces
[19.554s] -- Installing: /home/mechax/ylh/sentry_vision/install/btcpp_ros2_interfaces/local/lib/python3.10/dist-packages/btcpp_ros2_interfaces/_btcpp_ros2_interfaces_s.ep.rosidl_typesupport_introspection_c.c
[19.555s] -- Installing: /home/mechax/ylh/sentry_vision/install/btcpp_ros2_interfaces/local/lib/python3.10/dist-packages/btcpp_ros2_interfaces/btcpp_ros2_interfaces_s__rosidl_typesupport_introspection_c.cpython-310-x86_64-linux-gnu.so
[19.555s] -- Installing: /home/mechax/ylh/sentry_vision/install/btcpp_ros2_interfaces/local/lib/python3.10/dist-packages/btcpp_ros2_interfaces/_btcpp_ros2_interfaces_s.ep.rosidl_typesupport_c.c
[19.555s] -- Installing: /home/mechax/ylh/sentry_vision/install/btcpp_ros2_interfaces/local/lib/python3.10/dist-packages/btcpp_ros2_interfaces/_btcpp_ros2_interfaces_s.ep.rosidl_typesupport_fastrtps_c.c
[19.556s] -- Installing: /home/mechax/ylh/sentry_vision/install/btcpp_ros2_interfaces/local/lib/python3.10/dist-packages/btcpp_ros2_interfaces/btcpp_ros2_interfaces_s__rosidl_typesupport_fastrtps_c.cpython-310-x86_64-linux-gnu.so
[19.556s] -- Installing: /home/mechax/ylh/sentry_vision/install/btcpp_ros2_interfaces/local/lib/python3.10/dist-packages/btcpp_ros2_interfaces/__init__.py
[19.556s] -- Installing: /home/mechax/ylh/sentry_vision/install/btcpp_ros2_interfaces/local/lib/python3.10/dist-packages/btcpp_ros2_interfaces/btcpp_ros2_interfaces_s__rosidl_typesupport_c.cpython-310-x86_64-linux-gnu.so
[19.556s] -- Installing: /home/mechax/ylh/sentry_vision/install/btcpp_ros2_interfaces/local/lib/python3.10/dist-packages/btcpp_ros2_interfaces/action
[19.557s] -- Installing: /home/mechax/ylh/sentry_vision/install/btcpp_ros2_interfaces/local/lib/python3.10/dist-packages/btcpp_ros2_interfaces/action/_sleep.py
[19.557s] -- Installing: /home/mechax/ylh/sentry_vision/install/btcpp_ros2_interfaces/local/lib/python3.10/dist-packages/btcpp_ros2_interfaces/action/_sleep_s.c
[19.557s] -- Installing: /home/mechax/ylh/sentry_vision/install/btcpp_ros2_interfaces/local/lib/python3.10/dist-packages/btcpp_ros2_interfaces/action/__init__.py
[19.558s] -- Installing: /home/mechax/ylh/sentry_vision/install/btcpp_ros2_interfaces/local/lib/python3.10/dist-packages/btcpp_ros2_interfaces/libbtcpp_ros2_interfaces__rosidl_generator_py.so
[19.696s] Listing '/home/mechax/ylh/sentry_vision/install/btcpp_ros2_interfaces/local/lib/python3.10/dist-packages/btcpp_ros2_interfaces'...
[19.697s] Compiling '/home/mechax/ylh/sentry_vision/install/btcpp_ros2_interfaces/local/lib/python3.10/dist-packages/btcpp_ros2_interfaces/__init__.py'...
[19.697s] Listing '/home/mechax/ylh/sentry_vision/install/btcpp_ros2_interfaces/local/lib/python3.10/dist-packages/btcpp_ros2_interfaces/action'...
[19.697s] Compiling '/home/mechax/ylh/sentry_vision/install/btcpp_ros2_interfaces/local/lib/python3.10/dist-packages/btcpp_ros2_interfaces/action/__init__.py'...
[19.697s] Compiling '/home/mechax/ylh/sentry_vision/install/btcpp_ros2_interfaces/local/lib/python3.10/dist-packages/btcpp_ros2_interfaces/action/_sleep.py'...
[19.726s] -- Installing: /home/mechax/ylh/sentry_vision/install/btcpp_ros2_interfaces/local/lib/python3.10/dist-packages/btcpp_ros2_interfaces/btcpp_ros2_interfaces_s__rosidl_typesupport_fastrtps_c.cpython-310-x86_64-linux-gnu.so
[19.726s] -- Set runtime path of "/home/mechax/ylh/sentry_vision/install/btcpp_ros2_interfaces/local/lib/python3.10/dist-packages/btcpp_ros2_interfaces/btcpp_ros2_interfaces_s__rosidl_typesupport_fastrtps_c.cpython-310-x86_64-linux-gnu.so" to ""
[19.727s] -- Installing: /home/mechax/ylh/sentry_vision/install/btcpp_ros2_interfaces/local/lib/python3.10/dist-packages/btcpp_ros2_interfaces/btcpp_ros2_interfaces_s__rosidl_typesupport_introspection_c.cpython-310-x86_64-linux-gnu.so
[19.728s] -- Set runtime path of "/home/mechax/ylh/sentry_vision/install/btcpp_ros2_interfaces/local/lib/python3.10/dist-packages/btcpp_ros2_interfaces/btcpp_ros2_interfaces_s__rosidl_typesupport_introspection_c.cpython-310-x86_64-linux-gnu.so" to ""
[19.728s] -- Installing: /home/mechax/ylh/sentry_vision/install/btcpp_ros2_interfaces/local/lib/python3.10/dist-packages/btcpp_ros2_interfaces/btcpp_ros2_interfaces_s__rosidl_typesupport_c.cpython-310-x86_64-linux-gnu.so
[19.729s] -- Set runtime path of "/home/mechax/ylh/sentry_vision/install/btcpp_ros2_interfaces/local/lib/python3.10/dist-packages/btcpp_ros2_interfaces/btcpp_ros2_interfaces_s__rosidl_typesupport_c.cpython-310-x86_64-linux-gnu.so" to ""
[19.729s] -- Installing: /home/mechax/ylh/sentry_vision/install/btcpp_ros2_interfaces/lib/libbtcpp_ros2_interfaces__rosidl_generator_py.so
[19.730s] -- Set runtime path of "/home/mechax/ylh/sentry_vision/install/btcpp_ros2_interfaces/lib/libbtcpp_ros2_interfaces__rosidl_generator_py.so" to ""
[19.730s] -- Installing: /home/mechax/ylh/sentry_vision/install/btcpp_ros2_interfaces/share/btcpp_ros2_interfaces/action/Sleep.idl
[19.730s] -- Installing: /home/mechax/ylh/sentry_vision/install/btcpp_ros2_interfaces/share/btcpp_ros2_interfaces/action/Sleep.action
[19.731s] -- Installing: /home/mechax/ylh/sentry_vision/install/btcpp_ros2_interfaces/share/ament_index/resource_index/package_run_dependencies/btcpp_ros2_interfaces
[19.731s] -- Installing: /home/mechax/ylh/sentry_vision/install/btcpp_ros2_interfaces/share/ament_index/resource_index/parent_prefix_path/btcpp_ros2_interfaces
[19.731s] -- Installing: /home/mechax/ylh/sentry_vision/install/btcpp_ros2_interfaces/share/btcpp_ros2_interfaces/environment/ament_prefix_path.sh
[19.731s] -- Installing: /home/mechax/ylh/sentry_vision/install/btcpp_ros2_interfaces/share/btcpp_ros2_interfaces/environment/ament_prefix_path.dsv
[19.731s] -- Installing: /home/mechax/ylh/sentry_vision/install/btcpp_ros2_interfaces/share/btcpp_ros2_interfaces/environment/path.sh
[19.731s] -- Installing: /home/mechax/ylh/sentry_vision/install/btcpp_ros2_interfaces/share/btcpp_ros2_interfaces/environment/path.dsv
[19.731s] -- Installing: /home/mechax/ylh/sentry_vision/install/btcpp_ros2_interfaces/share/btcpp_ros2_interfaces/local_setup.bash
[19.732s] -- Installing: /home/mechax/ylh/sentry_vision/install/btcpp_ros2_interfaces/share/btcpp_ros2_interfaces/local_setup.sh
[19.732s] -- Installing: /home/mechax/ylh/sentry_vision/install/btcpp_ros2_interfaces/share/btcpp_ros2_interfaces/local_setup.zsh
[19.732s] -- Installing: /home/mechax/ylh/sentry_vision/install/btcpp_ros2_interfaces/share/btcpp_ros2_interfaces/local_setup.dsv
[19.732s] -- Installing: /home/mechax/ylh/sentry_vision/install/btcpp_ros2_interfaces/share/btcpp_ros2_interfaces/package.dsv
[19.732s] -- Installing: /home/mechax/ylh/sentry_vision/install/btcpp_ros2_interfaces/share/ament_index/resource_index/packages/btcpp_ros2_interfaces
[19.732s] -- Installing: /home/mechax/ylh/sentry_vision/install/btcpp_ros2_interfaces/share/btcpp_ros2_interfaces/cmake/export_btcpp_ros2_interfaces__rosidl_generator_cExport.cmake
[19.733s] -- Installing: /home/mechax/ylh/sentry_vision/install/btcpp_ros2_interfaces/share/btcpp_ros2_interfaces/cmake/export_btcpp_ros2_interfaces__rosidl_generator_cExport-noconfig.cmake
[19.733s] -- Installing: /home/mechax/ylh/sentry_vision/install/btcpp_ros2_interfaces/share/btcpp_ros2_interfaces/cmake/export_btcpp_ros2_interfaces__rosidl_typesupport_fastrtps_cExport.cmake
[19.733s] -- Installing: /home/mechax/ylh/sentry_vision/install/btcpp_ros2_interfaces/share/btcpp_ros2_interfaces/cmake/export_btcpp_ros2_interfaces__rosidl_typesupport_fastrtps_cExport-noconfig.cmake
[19.733s] -- Installing: /home/mechax/ylh/sentry_vision/install/btcpp_ros2_interfaces/share/btcpp_ros2_interfaces/cmake/btcpp_ros2_interfaces__rosidl_typesupport_introspection_cExport.cmake
[19.733s] -- Installing: /home/mechax/ylh/sentry_vision/install/btcpp_ros2_interfaces/share/btcpp_ros2_interfaces/cmake/btcpp_ros2_interfaces__rosidl_typesupport_introspection_cExport-noconfig.cmake
[19.733s] -- Installing: /home/mechax/ylh/sentry_vision/install/btcpp_ros2_interfaces/share/btcpp_ros2_interfaces/cmake/btcpp_ros2_interfaces__rosidl_typesupport_cExport.cmake
[19.734s] -- Installing: /home/mechax/ylh/sentry_vision/install/btcpp_ros2_interfaces/share/btcpp_ros2_interfaces/cmake/btcpp_ros2_interfaces__rosidl_typesupport_cExport-noconfig.cmake
[19.734s] -- Installing: /home/mechax/ylh/sentry_vision/install/btcpp_ros2_interfaces/share/btcpp_ros2_interfaces/cmake/export_btcpp_ros2_interfaces__rosidl_generator_cppExport.cmake
[19.734s] -- Installing: /home/mechax/ylh/sentry_vision/install/btcpp_ros2_interfaces/share/btcpp_ros2_interfaces/cmake/export_btcpp_ros2_interfaces__rosidl_typesupport_fastrtps_cppExport.cmake
[19.734s] -- Installing: /home/mechax/ylh/sentry_vision/install/btcpp_ros2_interfaces/share/btcpp_ros2_interfaces/cmake/export_btcpp_ros2_interfaces__rosidl_typesupport_fastrtps_cppExport-noconfig.cmake
[19.734s] -- Installing: /home/mechax/ylh/sentry_vision/install/btcpp_ros2_interfaces/share/btcpp_ros2_interfaces/cmake/btcpp_ros2_interfaces__rosidl_typesupport_introspection_cppExport.cmake
[19.734s] -- Installing: /home/mechax/ylh/sentry_vision/install/btcpp_ros2_interfaces/share/btcpp_ros2_interfaces/cmake/btcpp_ros2_interfaces__rosidl_typesupport_introspection_cppExport-noconfig.cmake
[19.735s] -- Installing: /home/mechax/ylh/sentry_vision/install/btcpp_ros2_interfaces/share/btcpp_ros2_interfaces/cmake/btcpp_ros2_interfaces__rosidl_typesupport_cppExport.cmake
[19.735s] -- Installing: /home/mechax/ylh/sentry_vision/install/btcpp_ros2_interfaces/share/btcpp_ros2_interfaces/cmake/btcpp_ros2_interfaces__rosidl_typesupport_cppExport-noconfig.cmake
[19.735s] -- Installing: /home/mechax/ylh/sentry_vision/install/btcpp_ros2_interfaces/share/btcpp_ros2_interfaces/cmake/export_btcpp_ros2_interfaces__rosidl_generator_pyExport.cmake
[19.735s] -- Installing: /home/mechax/ylh/sentry_vision/install/btcpp_ros2_interfaces/share/btcpp_ros2_interfaces/cmake/export_btcpp_ros2_interfaces__rosidl_generator_pyExport-noconfig.cmake
[19.736s] -- Installing: /home/mechax/ylh/sentry_vision/install/btcpp_ros2_interfaces/share/btcpp_ros2_interfaces/cmake/rosidl_cmake-extras.cmake
[19.736s] -- Installing: /home/mechax/ylh/sentry_vision/install/btcpp_ros2_interfaces/share/btcpp_ros2_interfaces/cmake/ament_cmake_export_dependencies-extras.cmake
[19.736s] -- Installing: /home/mechax/ylh/sentry_vision/install/btcpp_ros2_interfaces/share/btcpp_ros2_interfaces/cmake/ament_cmake_export_include_directories-extras.cmake
[19.737s] -- Installing: /home/mechax/ylh/sentry_vision/install/btcpp_ros2_interfaces/share/btcpp_ros2_interfaces/cmake/ament_cmake_export_libraries-extras.cmake
[19.737s] -- Installing: /home/mechax/ylh/sentry_vision/install/btcpp_ros2_interfaces/share/btcpp_ros2_interfaces/cmake/ament_cmake_export_targets-extras.cmake
[19.737s] -- Installing: /home/mechax/ylh/sentry_vision/install/btcpp_ros2_interfaces/share/btcpp_ros2_interfaces/cmake/rosidl_cmake_export_typesupport_targets-extras.cmake
[19.737s] -- Installing: /home/mechax/ylh/sentry_vision/install/btcpp_ros2_interfaces/share/btcpp_ros2_interfaces/cmake/rosidl_cmake_export_typesupport_libraries-extras.cmake
[19.737s] -- Installing: /home/mechax/ylh/sentry_vision/install/btcpp_ros2_interfaces/share/btcpp_ros2_interfaces/cmake/btcpp_ros2_interfacesConfig.cmake
[19.738s] -- Installing: /home/mechax/ylh/sentry_vision/install/btcpp_ros2_interfaces/share/btcpp_ros2_interfaces/cmake/btcpp_ros2_interfacesConfig-version.cmake
[19.738s] -- Installing: /home/mechax/ylh/sentry_vision/install/btcpp_ros2_interfaces/share/btcpp_ros2_interfaces/package.xml
[19.750s] Invoked command in '/home/mechax/ylh/sentry_vision/build/btcpp_ros2_interfaces' returned '0': CMAKE_PREFIX_PATH=/opt/ros/humble /usr/bin/cmake --install /home/mechax/ylh/sentry_vision/build/btcpp_ros2_interfaces
