[0.331s] Invoking command in '/home/mechax/ylh/sentry_vision/build/behaviortree_cpp': CMAKE_PREFIX_PATH=/opt/ros/humble /usr/bin/cmake /home/mechax/ylh/sentry_vision/src/rm_decision/BehaviorTree.CPP -DCMAKE_EXPORT_COMPILE_COMMANDS=ON -DCMAKE_INSTALL_PREFIX=/home/mechax/ylh/sentry_vision/install/behaviortree_cpp
[0.444s] -- The C compiler identification is GNU 11.4.0
[0.537s] -- The CXX compiler identification is GNU 11.4.0
[0.544s] -- Detecting C compiler ABI info
[0.634s] -- Detecting C compiler ABI info - done
[0.644s] -- Check for working C compiler: /usr/bin/cc - skipped
[0.645s] -- Detecting C compile features
[0.645s] -- Detecting C compile features - done
[0.650s] -- Detecting CXX compiler ABI info
[0.786s] -- Detecting CXX compiler ABI info - done
[0.792s] -- Check for working CXX compiler: /usr/bin/c++ - skipped
[0.792s] -- Detecting CXX compile features
[0.793s] -- Detecting CXX compile features - done
[0.794s] -- Setting build type to 'Release' as none was specified.
[0.796s] -- Looking for pthread.h
[0.930s] -- Looking for pthread.h - found
[0.930s] -- Performing Test CMAKE_HAVE_LIBC_PTHREAD
[1.077s] -- Performing Test CMAKE_HAVE_LIBC_PTHREAD - Success
[1.079s] -- Found Threads: TRUE  
[1.564s] -- Found Python3: /usr/bin/python3.10 (found version "3.10.12") found components: Interpreter 
[1.693s] -- ------------------------------------------
[1.693s] -- BehaviourTree is being built using AMENT.
[1.693s] -- ------------------------------------------
[1.706s] -- Found ZeroMQ: /usr/lib/x86_64-linux-gnu/libzmq.so  
[1.716s] -- Found SQLite3: /usr/include (found version "3.37.2") 
[1.721s] -- Found ament_index_cpp: 1.4.0 (/opt/ros/humble/share/ament_index_cpp/cmake)
[1.731s] -- BTCPP_EXTRA_LIBRARIES: $<BUILD_INTERFACE:ament_index_cpp::ament_index_cpp>;$<BUILD_INTERFACE:/usr/lib/x86_64-linux-gnu/libzmq.so>;$<BUILD_INTERFACE:/usr/lib/x86_64-linux-gnu/libsqlite3.so>
[1.731s] -- BTCPP_LIB_DESTINATION:   lib 
[1.731s] -- BTCPP_INCLUDE_DESTINATION: include 
[1.731s] -- BTCPP_UNIT_TESTS:   ON 
[1.751s] -- Found ament_cmake_gtest: 1.3.6 (/opt/ros/humble/share/ament_cmake_gtest/cmake)
[1.757s] -- Found gtest sources under '/opt/ros/humble/src/gtest_vendor': C++ tests using 'Google Test' will be built
[1.885s] -- Configuring done
[1.954s] -- Generating done
[1.959s] -- Build files have been written to: /home/mechax/ylh/sentry_vision/build/behaviortree_cpp
[1.974s] Invoked command in '/home/mechax/ylh/sentry_vision/build/behaviortree_cpp' returned '0': CMAKE_PREFIX_PATH=/opt/ros/humble /usr/bin/cmake /home/mechax/ylh/sentry_vision/src/rm_decision/BehaviorTree.CPP -DCMAKE_EXPORT_COMPILE_COMMANDS=ON -DCMAKE_INSTALL_PREFIX=/home/mechax/ylh/sentry_vision/install/behaviortree_cpp
[1.979s] Invoking command in '/home/mechax/ylh/sentry_vision/build/behaviortree_cpp': CMAKE_PREFIX_PATH=/opt/ros/humble /usr/bin/cmake --build /home/mechax/ylh/sentry_vision/build/behaviortree_cpp -- -j16 -l16
[2.037s] [  0%] [32mBuilding CXX object 3rdparty/lexy/src/CMakeFiles/lexy_file.dir/input/file.cpp.o[0m
[2.037s] [  1%] [32mBuilding CXX object gtest/CMakeFiles/gtest.dir/src/gtest-all.cc.o[0m
[2.043s] [  2%] [32mBuilding CXX object gtest/CMakeFiles/gtest_main.dir/src/gtest_main.cc.o[0m
[2.269s] [  3%] [32m[1mLinking CXX static library liblexy_file.a[0m
[2.321s] [  3%] Built target lexy_file
[2.377s] [  4%] [32mBuilding CXX object CMakeFiles/behaviortree_cpp.dir/src/behavior_tree.cpp.o[0m
[2.378s] [  4%] [32mBuilding CXX object CMakeFiles/behaviortree_cpp.dir/src/action_node.cpp.o[0m
[2.380s] [  5%] [32mBuilding CXX object CMakeFiles/behaviortree_cpp.dir/src/blackboard.cpp.o[0m
[2.390s] [  6%] [32mBuilding CXX object CMakeFiles/behaviortree_cpp.dir/src/basic_types.cpp.o[0m
[2.400s] [  7%] [32mBuilding CXX object CMakeFiles/behaviortree_cpp.dir/src/decorator_node.cpp.o[0m
[2.405s] [  7%] [32mBuilding CXX object CMakeFiles/behaviortree_cpp.dir/src/bt_factory.cpp.o[0m
[2.438s] [  8%] [32mBuilding CXX object CMakeFiles/behaviortree_cpp.dir/src/condition_node.cpp.o[0m
[2.442s] [  9%] [32mBuilding CXX object CMakeFiles/behaviortree_cpp.dir/src/control_node.cpp.o[0m
[2.483s] [  9%] [32mBuilding CXX object CMakeFiles/behaviortree_cpp.dir/src/shared_library.cpp.o[0m
[2.529s] [ 10%] [32mBuilding CXX object CMakeFiles/behaviortree_cpp.dir/src/tree_node.cpp.o[0m
[2.531s] [ 11%] [32mBuilding CXX object CMakeFiles/behaviortree_cpp.dir/src/script_parser.cpp.o[0m
[2.563s] [ 12%] [32mBuilding CXX object CMakeFiles/behaviortree_cpp.dir/src/json_export.cpp.o[0m
[2.568s] [ 12%] [32mBuilding CXX object CMakeFiles/behaviortree_cpp.dir/src/xml_parsing.cpp.o[0m
[2.572s] [ 13%] [32mBuilding CXX object CMakeFiles/behaviortree_cpp.dir/src/actions/test_node.cpp.o[0m
[4.694s] [ 14%] [32m[1mLinking CXX static library libgtest_main.a[0m
[4.833s] [ 15%] [32mBuilding CXX object CMakeFiles/behaviortree_cpp.dir/src/actions/sleep_node.cpp.o[0m
[4.886s] [ 15%] Built target gtest_main
[4.915s] [ 16%] [32mBuilding CXX object CMakeFiles/behaviortree_cpp.dir/src/decorators/delay_node.cpp.o[0m
[9.608s] [ 16%] [32mBuilding CXX object CMakeFiles/behaviortree_cpp.dir/src/decorators/inverter_node.cpp.o[0m
[11.644s] [ 17%] [32mBuilding CXX object CMakeFiles/behaviortree_cpp.dir/src/decorators/repeat_node.cpp.o[0m
[11.903s] [ 18%] [32mBuilding CXX object CMakeFiles/behaviortree_cpp.dir/src/decorators/retry_node.cpp.o[0m
[14.160s] [ 19%] [32mBuilding CXX object CMakeFiles/behaviortree_cpp.dir/src/decorators/timeout_node.cpp.o[0m
[15.512s] [ 20%] [32mBuilding CXX object CMakeFiles/behaviortree_cpp.dir/src/decorators/subtree_node.cpp.o[0m
[16.019s] [ 20%] [32mBuilding CXX object CMakeFiles/behaviortree_cpp.dir/src/controls/if_then_else_node.cpp.o[0m
[16.865s] [ 21%] [32mBuilding CXX object CMakeFiles/behaviortree_cpp.dir/src/controls/fallback_node.cpp.o[0m
[17.529s] [ 22%] [32mBuilding CXX object CMakeFiles/behaviortree_cpp.dir/src/controls/parallel_node.cpp.o[0m
[18.675s] [ 23%] [32mBuilding CXX object CMakeFiles/behaviortree_cpp.dir/src/controls/parallel_all_node.cpp.o[0m
[32.552s] [ 24%] [32m[1mLinking CXX static library libgtest.a[0m
[32.638s] [ 24%] Built target gtest
[41.783s] [ 25%] [32mBuilding CXX object CMakeFiles/behaviortree_cpp.dir/src/shared_library_UNIX.cpp.o[0m
[42.523s] [ 25%] [32mBuilding CXX object CMakeFiles/behaviortree_cpp.dir/src/loggers/bt_sqlite_logger.cpp.o[0m
[49.746s] [ 26%] [32mBuilding CXX object CMakeFiles/behaviortree_cpp.dir/src/loggers/groot2_publisher.cpp.o[0m
[62.940s] [ 27%] [32mBuilding CXX object CMakeFiles/behaviortree_cpp.dir/3rdparty/minitrace/minitrace.cpp.o[0m
[63.236s] [ 28%] [32mBuilding CXX object CMakeFiles/behaviortree_cpp.dir/3rdparty/tinyxml2/tinyxml2.cpp.o[0m
[64.200s] [ 29%] [32mBuilding CXX object CMakeFiles/behaviortree_cpp.dir/src/loggers/bt_observer.cpp.o[0m
[67.583s] [ 29%] [32mBuilding CXX object CMakeFiles/behaviortree_cpp.dir/src/loggers/bt_minitrace_logger.cpp.o[0m
[67.588s] [ 30%] [32mBuilding CXX object CMakeFiles/behaviortree_cpp.dir/src/loggers/bt_file_logger_v2.cpp.o[0m
[71.282s] [ 31%] [32mBuilding CXX object CMakeFiles/behaviortree_cpp.dir/src/loggers/bt_cout_logger.cpp.o[0m
[71.287s] [ 32%] [32mBuilding CXX object CMakeFiles/behaviortree_cpp.dir/src/controls/switch_node.cpp.o[0m
[71.288s] [ 32%] [32mBuilding CXX object CMakeFiles/behaviortree_cpp.dir/src/controls/while_do_else_node.cpp.o[0m
[73.664s] [ 35%] [32mBuilding CXX object CMakeFiles/behaviortree_cpp.dir/src/controls/sequence_with_memory_node.cpp.o[0m
[73.664s] [ 35%] [32mBuilding CXX object CMakeFiles/behaviortree_cpp.dir/src/controls/reactive_fallback.cpp.o[0m
[73.664s] [ 35%] [32mBuilding CXX object CMakeFiles/behaviortree_cpp.dir/src/controls/sequence_node.cpp.o[0m
[74.872s] [ 35%] [32mBuilding CXX object CMakeFiles/behaviortree_cpp.dir/src/controls/reactive_sequence.cpp.o[0m
[78.614s] [ 36%] [32m[1mLinking CXX shared library libbehaviortree_cpp.so[0m
[78.910s] [ 36%] Built target behaviortree_cpp
[78.942s] [ 38%] [32mBuilding CXX object sample_nodes/CMakeFiles/bt_sample_nodes.dir/movebase_node.cpp.o[0m
[78.942s] [ 38%] [32mBuilding CXX object sample_nodes/CMakeFiles/bt_sample_nodes.dir/dummy_nodes.cpp.o[0m
[78.942s] [ 39%] [32mBuilding CXX object sample_nodes/CMakeFiles/movebase_node_dyn.dir/movebase_node.cpp.o[0m
[78.944s] [ 39%] [32mBuilding CXX object tools/CMakeFiles/bt4_log_cat.dir/bt_log_cat.cpp.o[0m
[78.945s] [ 40%] [32mBuilding CXX object sample_nodes/CMakeFiles/dummy_nodes_dyn.dir/dummy_nodes.cpp.o[0m
[78.945s] [ 40%] [32mBuilding CXX object sample_nodes/CMakeFiles/bt_sample_nodes.dir/crossdoor_nodes.cpp.o[0m
[78.952s] [ 41%] [32mBuilding CXX object sample_nodes/CMakeFiles/crossdoor_nodes_dyn.dir/crossdoor_nodes.cpp.o[0m
[80.602s] [ 42%] [32m[1mLinking CXX executable bt4_log_cat[0m
[80.878s] [ 42%] Built target bt4_log_cat
[80.925s] [ 43%] [32mBuilding CXX object examples/CMakeFiles/t13_plugin_action.dir/t13_plugin_action.cpp.o[0m
[80.934s] [ 43%] [32mBuilding CXX object examples/CMakeFiles/t01_first_tree_dynamic.dir/t01_build_your_first_tree.cpp.o[0m
[80.937s] [ 44%] [32mBuilding CXX object tools/CMakeFiles/bt4_plugin_manifest.dir/bt_plugin_manifest.cpp.o[0m
[85.286s] [ 44%] [32m[1mLinking CXX shared library bin/libcrossdoor_nodes_dyn.so[0m
[85.371s] [ 45%] [32m[1mLinking CXX static library lib/libbt_sample_nodes.a[0m
[85.438s] [ 45%] Built target bt_sample_nodes
[85.442s] [ 45%] Built target crossdoor_nodes_dyn
[85.472s] [ 46%] [32mBuilding CXX object tests/CMakeFiles/behaviortree_cpp_test.dir/src/action_test_node.cpp.o[0m
[85.483s] [ 46%] [32mBuilding CXX object examples/CMakeFiles/t02_basic_ports.dir/t02_basic_ports.cpp.o[0m
[85.489s] [ 47%] [32mBuilding CXX object examples/CMakeFiles/t03_generic_ports.dir/t03_generic_ports.cpp.o[0m
[85.505s] [ 48%] [32mBuilding CXX object examples/CMakeFiles/t01_first_tree_static.dir/t01_build_your_first_tree.cpp.o[0m
[86.145s] [ 49%] [32m[1mLinking CXX executable bt4_plugin_manifest[0m
[86.241s] [ 50%] [32m[1mLinking CXX shared library bin/libdummy_nodes_dyn.so[0m
[86.354s] [ 51%] [32m[1mLinking CXX shared library bin/libmovebase_node_dyn.so[0m
[86.391s] [ 51%] Built target bt4_plugin_manifest
[86.412s] [ 51%] [32mBuilding CXX object tests/CMakeFiles/behaviortree_cpp_test.dir/src/condition_test_node.cpp.o[0m
[86.489s] [ 52%] [32mBuilding CXX object examples/CMakeFiles/t10_observer.dir/t10_observer.cpp.o[0m
[86.511s] [ 52%] Built target dummy_nodes_dyn
[86.547s] [ 52%] Built target movebase_node_dyn
[86.562s] [ 53%] [32mBuilding CXX object examples/CMakeFiles/t09_scripting.dir/t09_scripting.cpp.o[0m
[86.646s] [ 54%] [32mBuilding CXX object examples/CMakeFiles/t08_additional_node_args.dir/t08_additional_node_args.cpp.o[0m
[87.178s] [ 55%] [32m[1mLinking CXX executable t01_first_tree_dynamic[0m
[87.409s] [ 55%] Built target t01_first_tree_dynamic
[87.432s] [ 56%] [32mBuilding CXX object tests/CMakeFiles/behaviortree_cpp_test.dir/gtest_coroutines.cpp.o[0m
[87.472s] [ 57%] [32mBuilding CXX object examples/CMakeFiles/t07_load_multiple_xml.dir/t07_load_multiple_xml.cpp.o[0m
[87.498s] [ 58%] [32mBuilding CXX object examples/CMakeFiles/t06_subtree_port_remapping.dir/t06_subtree_port_remapping.cpp.o[0m
[87.858s] [ 59%] [32m[1mLinking CXX shared library t13_plugin_action.so[0m
[88.160s] [ 59%] Built target t13_plugin_action
[88.296s] [ 60%] [32mBuilding CXX object examples/CMakeFiles/t05_crossdoor.dir/t05_crossdoor.cpp.o[0m
[89.207s] [ 60%] [32mBuilding CXX object tests/CMakeFiles/behaviortree_cpp_test.dir/gtest_decorator.cpp.o[0m
[89.392s] [ 60%] [32mBuilding CXX object examples/CMakeFiles/t04_reactive_sequence.dir/t04_reactive_sequence.cpp.o[0m
[90.261s] [ 61%] [32mBuilding CXX object tests/CMakeFiles/behaviortree_cpp_test.dir/gtest_blackboard.cpp.o[0m
[90.852s] [ 62%] [32mBuilding CXX object tests/CMakeFiles/behaviortree_cpp_test.dir/gtest_any.cpp.o[0m
[90.908s] [ 63%] [32mBuilding CXX object examples/CMakeFiles/t11_replace_rules.dir/t11_replace_rules.cpp.o[0m
[91.420s] [ 64%] [32m[1mLinking CXX executable t02_basic_ports[0m
[91.827s] [ 64%] Built target t02_basic_ports
[92.415s] [ 65%] [32m[1mLinking CXX executable t01_first_tree_static[0m
[92.440s] [ 66%] [32m[1mLinking CXX executable t09_scripting[0m
[92.648s] [ 66%] Built target t01_first_tree_static
[92.821s] [ 66%] Built target t09_scripting
[93.168s] [ 67%] [32m[1mLinking CXX executable t07_load_multiple_xml[0m
[93.173s] [ 67%] [32m[1mLinking CXX executable t08_additional_node_args[0m
[93.242s] [ 67%] [32m[1mLinking CXX executable t10_observer[0m
[93.432s] [ 67%] Built target t07_load_multiple_xml
[93.438s] [ 67%] Built target t08_additional_node_args
[93.503s] [ 67%] Built target t10_observer
[93.987s] [ 68%] [32m[1mLinking CXX executable t05_crossdoor[0m
[94.205s] [ 68%] Built target t05_crossdoor
[94.209s] [ 69%] [32m[1mLinking CXX executable t03_generic_ports[0m
[94.449s] [ 69%] Built target t03_generic_ports
[95.104s] [ 69%] [32m[1mLinking CXX executable t06_subtree_port_remapping[0m
[95.291s] [ 69%] Built target t06_subtree_port_remapping
[96.031s] [ 70%] [32m[1mLinking CXX executable t11_replace_rules[0m
[96.140s] [ 70%] Built target t11_replace_rules
[96.146s] [ 71%] [32mBuilding CXX object examples/CMakeFiles/ex04_waypoints.dir/ex04_waypoints.cpp.o[0m
[96.152s] [ 72%] [32mBuilding CXX object tests/CMakeFiles/behaviortree_cpp_test.dir/gtest_ports.cpp.o[0m
[96.164s] [ 73%] [32mBuilding CXX object examples/CMakeFiles/ex02_runtime_ports.dir/ex02_runtime_ports.cpp.o[0m
[96.938s] [ 74%] [32m[1mLinking CXX executable t04_reactive_sequence[0m
[97.081s] [ 74%] Built target t04_reactive_sequence
[97.093s] [ 75%] [32mBuilding CXX object tests/CMakeFiles/behaviortree_cpp_test.dir/gtest_postconditions.cpp.o[0m
[97.100s] [ 76%] [32mBuilding CXX object examples/CMakeFiles/ex01_wrap_legacy.dir/ex01_wrap_legacy.cpp.o[0m
[97.106s] [ 77%] [32mBuilding CXX object examples/CMakeFiles/generate_log.dir/generate_log.cpp.o[0m
[97.375s] [ 78%] [32mBuilding CXX object tests/CMakeFiles/behaviortree_cpp_test.dir/gtest_preconditions.cpp.o[0m
[98.393s] [ 78%] [32mBuilding CXX object tests/CMakeFiles/behaviortree_cpp_test.dir/gtest_parallel.cpp.o[0m
[98.393s] [ 79%] [32mBuilding CXX object tests/CMakeFiles/behaviortree_cpp_test.dir/gtest_fallback.cpp.o[0m
[98.432s] [ 80%] [32mBuilding CXX object examples/CMakeFiles/ex05_subtree_model.dir/ex05_subtree_model.cpp.o[0m
[98.501s] [ 81%] [32mBuilding CXX object examples/CMakeFiles/t12_groot_howto.dir/t12_groot_howto.cpp.o[0m
[98.749s] [ 82%] [32mBuilding CXX object tests/CMakeFiles/behaviortree_cpp_test.dir/gtest_factory.cpp.o[0m
[99.672s] [ 83%] [32mBuilding CXX object tests/CMakeFiles/behaviortree_cpp_test.dir/gtest_enums.cpp.o[0m
[99.700s] [ 84%] [32mBuilding CXX object examples/CMakeFiles/ex07_blackboard_backup.dir/ex07_blackboard_backup.cpp.o[0m
[100.828s] [ 85%] [32mBuilding CXX object examples/CMakeFiles/ex06_access_by_ptr.dir/ex06_access_by_ptr.cpp.o[0m
[104.756s] [ 85%] [32m[1mLinking CXX executable ex04_waypoints[0m
[104.761s] [ 86%] [32m[1mLinking CXX executable ex02_runtime_ports[0m
[104.814s] [ 87%] [32m[1mLinking CXX executable ex05_subtree_model[0m
[105.036s] [ 87%] Built target ex04_waypoints
[105.146s] [ 87%] Built target ex02_runtime_ports
[105.382s] [ 87%] Built target ex05_subtree_model
[105.411s] [ 87%] [32m[1mLinking CXX executable ex01_wrap_legacy[0m
[105.847s] [ 87%] Built target ex01_wrap_legacy
[105.988s] [ 87%] [32m[1mLinking CXX executable generate_log[0m
[106.308s] [ 87%] Built target generate_log
[107.656s] [ 88%] [32m[1mLinking CXX executable ex07_blackboard_backup[0m
[107.815s] [ 88%] Built target ex07_blackboard_backup
[108.269s] [ 88%] [32m[1mLinking CXX executable ex06_access_by_ptr[0m
[108.379s] [ 88%] Built target ex06_access_by_ptr
[108.790s] [ 88%] [32m[1mLinking CXX executable t12_groot_howto[0m
[108.992s] [ 88%] Built target t12_groot_howto
[111.847s] [ 90%] [32mBuilding CXX object tests/CMakeFiles/behaviortree_cpp_test.dir/gtest_wakeup.cpp.o[0m
[111.847s] [ 90%] [32mBuilding CXX object tests/CMakeFiles/behaviortree_cpp_test.dir/script_parser_test.cpp.o[0m
[111.851s] [ 91%] [32mBuilding CXX object tests/CMakeFiles/behaviortree_cpp_test.dir/gtest_tree.cpp.o[0m
[111.851s] [ 91%] [32mBuilding CXX object tests/CMakeFiles/behaviortree_cpp_test.dir/gtest_switch.cpp.o[0m
[115.518s] [ 92%] [32mBuilding CXX object tests/CMakeFiles/behaviortree_cpp_test.dir/gtest_subtree.cpp.o[0m
[115.523s] [ 93%] [32mBuilding CXX object tests/CMakeFiles/behaviortree_cpp_test.dir/gtest_substitution.cpp.o[0m
[115.523s] [ 93%] [32mBuilding CXX object tests/CMakeFiles/behaviortree_cpp_test.dir/gtest_skipping.cpp.o[0m
[116.688s] [ 97%] [32mBuilding CXX object tests/CMakeFiles/behaviortree_cpp_test.dir/gtest_json.cpp.o[0m
[116.688s] [ 97%] [32mBuilding CXX object tests/CMakeFiles/behaviortree_cpp_test.dir/gtest_reactive.cpp.o[0m
[116.688s] [ 97%] [32mBuilding CXX object tests/CMakeFiles/behaviortree_cpp_test.dir/gtest_sequence.cpp.o[0m
[116.688s] [ 97%] [32mBuilding CXX object tests/CMakeFiles/behaviortree_cpp_test.dir/gtest_reactive_backchaining.cpp.o[0m
[116.688s] [ 97%] [32mBuilding CXX object tests/CMakeFiles/behaviortree_cpp_test.dir/gtest_match.cpp.o[0m
[125.170s] [ 98%] [32m[1mLinking CXX executable behaviortree_cpp_test[0m
[125.361s] [ 98%] Built target behaviortree_cpp_test
[125.377s] [ 99%] [32mBuilding CXX object examples/CMakeFiles/t13_plugin_executor.dir/t13_plugin_executor.cpp.o[0m
[127.164s] [100%] [32m[1mLinking CXX executable t13_plugin_executor[0m
[127.235s] [100%] Built target t13_plugin_executor
[127.246s] Invoked command in '/home/mechax/ylh/sentry_vision/build/behaviortree_cpp' returned '0': CMAKE_PREFIX_PATH=/opt/ros/humble /usr/bin/cmake --build /home/mechax/ylh/sentry_vision/build/behaviortree_cpp -- -j16 -l16
[127.336s] Invoking command in '/home/mechax/ylh/sentry_vision/build/behaviortree_cpp': CMAKE_PREFIX_PATH=/opt/ros/humble /usr/bin/cmake --install /home/mechax/ylh/sentry_vision/build/behaviortree_cpp
[127.343s] -- Install configuration: "Release"
[127.343s] -- Installing: /home/mechax/ylh/sentry_vision/install/behaviortree_cpp/bin/bt4_log_cat
[127.343s] -- Set runtime path of "/home/mechax/ylh/sentry_vision/install/behaviortree_cpp/bin/bt4_log_cat" to ""
[127.343s] -- Installing: /home/mechax/ylh/sentry_vision/install/behaviortree_cpp/bin/bt4_plugin_manifest
[127.343s] -- Set runtime path of "/home/mechax/ylh/sentry_vision/install/behaviortree_cpp/bin/bt4_plugin_manifest" to ""
[127.343s] -- Installing: /home/mechax/ylh/sentry_vision/install/behaviortree_cpp/lib/libbehaviortree_cpp.so
[127.345s] -- Set runtime path of "/home/mechax/ylh/sentry_vision/install/behaviortree_cpp/lib/libbehaviortree_cpp.so" to ""
[127.345s] -- Installing: /home/mechax/ylh/sentry_vision/install/behaviortree_cpp/include
[127.345s] -- Installing: /home/mechax/ylh/sentry_vision/install/behaviortree_cpp/include/behaviortree_cpp
[127.345s] -- Installing: /home/mechax/ylh/sentry_vision/install/behaviortree_cpp/include/behaviortree_cpp/blackboard.h
[127.346s] -- Installing: /home/mechax/ylh/sentry_vision/install/behaviortree_cpp/include/behaviortree_cpp/utils
[127.346s] -- Installing: /home/mechax/ylh/sentry_vision/install/behaviortree_cpp/include/behaviortree_cpp/utils/strcat.hpp
[127.346s] -- Installing: /home/mechax/ylh/sentry_vision/install/behaviortree_cpp/include/behaviortree_cpp/utils/convert_impl.hpp
[127.346s] -- Installing: /home/mechax/ylh/sentry_vision/install/behaviortree_cpp/include/behaviortree_cpp/utils/locked_reference.hpp
[127.346s] -- Installing: /home/mechax/ylh/sentry_vision/install/behaviortree_cpp/include/behaviortree_cpp/utils/safe_any.hpp
[127.346s] -- Installing: /home/mechax/ylh/sentry_vision/install/behaviortree_cpp/include/behaviortree_cpp/utils/platform.hpp
[127.346s] -- Installing: /home/mechax/ylh/sentry_vision/install/behaviortree_cpp/include/behaviortree_cpp/utils/signal.h
[127.346s] -- Installing: /home/mechax/ylh/sentry_vision/install/behaviortree_cpp/include/behaviortree_cpp/utils/demangle_util.h
[127.347s] -- Installing: /home/mechax/ylh/sentry_vision/install/behaviortree_cpp/include/behaviortree_cpp/utils/simple_string.hpp
[127.347s] -- Installing: /home/mechax/ylh/sentry_vision/install/behaviortree_cpp/include/behaviortree_cpp/utils/shared_library.h
[127.347s] -- Installing: /home/mechax/ylh/sentry_vision/install/behaviortree_cpp/include/behaviortree_cpp/utils/wakeup_signal.hpp
[127.347s] -- Installing: /home/mechax/ylh/sentry_vision/install/behaviortree_cpp/include/behaviortree_cpp/utils/timer_queue.h
[127.347s] -- Installing: /home/mechax/ylh/sentry_vision/install/behaviortree_cpp/include/behaviortree_cpp/leaf_node.h
[127.347s] -- Installing: /home/mechax/ylh/sentry_vision/install/behaviortree_cpp/include/behaviortree_cpp/actions
[127.347s] -- Installing: /home/mechax/ylh/sentry_vision/install/behaviortree_cpp/include/behaviortree_cpp/actions/always_failure_node.h
[127.347s] -- Installing: /home/mechax/ylh/sentry_vision/install/behaviortree_cpp/include/behaviortree_cpp/actions/script_node.h
[127.347s] -- Installing: /home/mechax/ylh/sentry_vision/install/behaviortree_cpp/include/behaviortree_cpp/actions/script_condition.h
[127.347s] -- Installing: /home/mechax/ylh/sentry_vision/install/behaviortree_cpp/include/behaviortree_cpp/actions/always_success_node.h
[127.347s] -- Installing: /home/mechax/ylh/sentry_vision/install/behaviortree_cpp/include/behaviortree_cpp/actions/pop_from_queue.hpp
[127.347s] -- Installing: /home/mechax/ylh/sentry_vision/install/behaviortree_cpp/include/behaviortree_cpp/actions/test_node.h
[127.347s] -- Installing: /home/mechax/ylh/sentry_vision/install/behaviortree_cpp/include/behaviortree_cpp/actions/sleep_node.h
[127.347s] -- Installing: /home/mechax/ylh/sentry_vision/install/behaviortree_cpp/include/behaviortree_cpp/actions/set_blackboard_node.h
[127.347s] -- Installing: /home/mechax/ylh/sentry_vision/install/behaviortree_cpp/include/behaviortree_cpp/actions/unset_blackboard_node.h
[127.347s] -- Installing: /home/mechax/ylh/sentry_vision/install/behaviortree_cpp/include/behaviortree_cpp/decorator_node.h
[127.347s] -- Installing: /home/mechax/ylh/sentry_vision/install/behaviortree_cpp/include/behaviortree_cpp/decorators
[127.347s] -- Installing: /home/mechax/ylh/sentry_vision/install/behaviortree_cpp/include/behaviortree_cpp/decorators/repeat_node.h
[127.347s] -- Installing: /home/mechax/ylh/sentry_vision/install/behaviortree_cpp/include/behaviortree_cpp/decorators/timeout_node.h
[127.347s] -- Installing: /home/mechax/ylh/sentry_vision/install/behaviortree_cpp/include/behaviortree_cpp/decorators/keep_running_until_failure_node.h
[127.347s] -- Installing: /home/mechax/ylh/sentry_vision/install/behaviortree_cpp/include/behaviortree_cpp/decorators/retry_node.h
[127.347s] -- Installing: /home/mechax/ylh/sentry_vision/install/behaviortree_cpp/include/behaviortree_cpp/decorators/force_failure_node.h
[127.347s] -- Installing: /home/mechax/ylh/sentry_vision/install/behaviortree_cpp/include/behaviortree_cpp/decorators/delay_node.h
[127.347s] -- Installing: /home/mechax/ylh/sentry_vision/install/behaviortree_cpp/include/behaviortree_cpp/decorators/subtree_node.h
[127.347s] -- Installing: /home/mechax/ylh/sentry_vision/install/behaviortree_cpp/include/behaviortree_cpp/decorators/script_precondition.h
[127.348s] -- Installing: /home/mechax/ylh/sentry_vision/install/behaviortree_cpp/include/behaviortree_cpp/decorators/loop_node.h
[127.348s] -- Installing: /home/mechax/ylh/sentry_vision/install/behaviortree_cpp/include/behaviortree_cpp/decorators/run_once_node.h
[127.348s] -- Installing: /home/mechax/ylh/sentry_vision/install/behaviortree_cpp/include/behaviortree_cpp/decorators/consume_queue.h
[127.348s] -- Installing: /home/mechax/ylh/sentry_vision/install/behaviortree_cpp/include/behaviortree_cpp/decorators/force_success_node.h
[127.348s] -- Installing: /home/mechax/ylh/sentry_vision/install/behaviortree_cpp/include/behaviortree_cpp/decorators/inverter_node.h
[127.348s] -- Installing: /home/mechax/ylh/sentry_vision/install/behaviortree_cpp/include/behaviortree_cpp/basic_types.h.orig
[127.348s] -- Installing: /home/mechax/ylh/sentry_vision/install/behaviortree_cpp/include/behaviortree_cpp/bt_factory.h
[127.348s] -- Installing: /home/mechax/ylh/sentry_vision/install/behaviortree_cpp/include/behaviortree_cpp/control_node.h
[127.348s] -- Installing: /home/mechax/ylh/sentry_vision/install/behaviortree_cpp/include/behaviortree_cpp/xml_parsing.h
[127.348s] -- Installing: /home/mechax/ylh/sentry_vision/install/behaviortree_cpp/include/behaviortree_cpp/action_node.h
[127.348s] -- Installing: /home/mechax/ylh/sentry_vision/install/behaviortree_cpp/include/behaviortree_cpp/condition_node.h
[127.348s] -- Installing: /home/mechax/ylh/sentry_vision/install/behaviortree_cpp/include/behaviortree_cpp/json_export.h
[127.348s] -- Installing: /home/mechax/ylh/sentry_vision/install/behaviortree_cpp/include/behaviortree_cpp/loggers
[127.348s] -- Installing: /home/mechax/ylh/sentry_vision/install/behaviortree_cpp/include/behaviortree_cpp/loggers/bt_minitrace_logger.h
[127.348s] -- Installing: /home/mechax/ylh/sentry_vision/install/behaviortree_cpp/include/behaviortree_cpp/loggers/bt_file_logger_v2.h
[127.348s] -- Installing: /home/mechax/ylh/sentry_vision/install/behaviortree_cpp/include/behaviortree_cpp/loggers/bt_observer.h
[127.348s] -- Installing: /home/mechax/ylh/sentry_vision/install/behaviortree_cpp/include/behaviortree_cpp/loggers/groot2_protocol.h
[127.348s] -- Installing: /home/mechax/ylh/sentry_vision/install/behaviortree_cpp/include/behaviortree_cpp/loggers/bt_sqlite_logger.h
[127.348s] -- Installing: /home/mechax/ylh/sentry_vision/install/behaviortree_cpp/include/behaviortree_cpp/loggers/bt_cout_logger.h
[127.348s] -- Installing: /home/mechax/ylh/sentry_vision/install/behaviortree_cpp/include/behaviortree_cpp/loggers/groot2_publisher.h
[127.349s] -- Installing: /home/mechax/ylh/sentry_vision/install/behaviortree_cpp/include/behaviortree_cpp/loggers/bt_file_logger.h
[127.349s] -- Installing: /home/mechax/ylh/sentry_vision/install/behaviortree_cpp/include/behaviortree_cpp/loggers/abstract_logger.h
[127.349s] -- Installing: /home/mechax/ylh/sentry_vision/install/behaviortree_cpp/include/behaviortree_cpp/controls
[127.349s] -- Installing: /home/mechax/ylh/sentry_vision/install/behaviortree_cpp/include/behaviortree_cpp/controls/switch_node.h
[127.349s] -- Installing: /home/mechax/ylh/sentry_vision/install/behaviortree_cpp/include/behaviortree_cpp/controls/fallback_node.h
[127.349s] -- Installing: /home/mechax/ylh/sentry_vision/install/behaviortree_cpp/include/behaviortree_cpp/controls/if_then_else_node.h
[127.349s] -- Installing: /home/mechax/ylh/sentry_vision/install/behaviortree_cpp/include/behaviortree_cpp/controls/manual_node.h
[127.349s] -- Installing: /home/mechax/ylh/sentry_vision/install/behaviortree_cpp/include/behaviortree_cpp/controls/parallel_all_node.h
[127.349s] -- Installing: /home/mechax/ylh/sentry_vision/install/behaviortree_cpp/include/behaviortree_cpp/controls/sequence_node.h
[127.349s] -- Installing: /home/mechax/ylh/sentry_vision/install/behaviortree_cpp/include/behaviortree_cpp/controls/parallel_node.h
[127.349s] -- Installing: /home/mechax/ylh/sentry_vision/install/behaviortree_cpp/include/behaviortree_cpp/controls/while_do_else_node.h
[127.349s] -- Installing: /home/mechax/ylh/sentry_vision/install/behaviortree_cpp/include/behaviortree_cpp/controls/sequence_with_memory_node.h
[127.349s] -- Installing: /home/mechax/ylh/sentry_vision/install/behaviortree_cpp/include/behaviortree_cpp/controls/reactive_fallback.h
[127.349s] -- Installing: /home/mechax/ylh/sentry_vision/install/behaviortree_cpp/include/behaviortree_cpp/controls/reactive_sequence.h
[127.349s] -- Installing: /home/mechax/ylh/sentry_vision/install/behaviortree_cpp/include/behaviortree_cpp/scripting
[127.349s] -- Installing: /home/mechax/ylh/sentry_vision/install/behaviortree_cpp/include/behaviortree_cpp/scripting/any_types.hpp
[127.350s] -- Installing: /home/mechax/ylh/sentry_vision/install/behaviortree_cpp/include/behaviortree_cpp/scripting/script_parser.hpp
[127.350s] -- Installing: /home/mechax/ylh/sentry_vision/install/behaviortree_cpp/include/behaviortree_cpp/scripting/operators.hpp
[127.350s] -- Installing: /home/mechax/ylh/sentry_vision/install/behaviortree_cpp/include/behaviortree_cpp/bt_parser.h
[127.350s] -- Installing: /home/mechax/ylh/sentry_vision/install/behaviortree_cpp/include/behaviortree_cpp/basic_types.h
[127.350s] -- Installing: /home/mechax/ylh/sentry_vision/install/behaviortree_cpp/include/behaviortree_cpp/tree_node.h
[127.350s] -- Installing: /home/mechax/ylh/sentry_vision/install/behaviortree_cpp/include/behaviortree_cpp/flatbuffers
[127.350s] -- Installing: /home/mechax/ylh/sentry_vision/install/behaviortree_cpp/include/behaviortree_cpp/flatbuffers/stl_emulation.h
[127.350s] -- Installing: /home/mechax/ylh/sentry_vision/install/behaviortree_cpp/include/behaviortree_cpp/flatbuffers/BT_logger_generated.h
[127.350s] -- Installing: /home/mechax/ylh/sentry_vision/install/behaviortree_cpp/include/behaviortree_cpp/flatbuffers/flatbuffers.h
[127.350s] -- Installing: /home/mechax/ylh/sentry_vision/install/behaviortree_cpp/include/behaviortree_cpp/flatbuffers/bt_flatbuffer_helper.h
[127.350s] -- Installing: /home/mechax/ylh/sentry_vision/install/behaviortree_cpp/include/behaviortree_cpp/flatbuffers/base.h
[127.350s] -- Installing: /home/mechax/ylh/sentry_vision/install/behaviortree_cpp/include/behaviortree_cpp/contrib
[127.350s] -- Installing: /home/mechax/ylh/sentry_vision/install/behaviortree_cpp/include/behaviortree_cpp/contrib/any.hpp
[127.350s] -- Installing: /home/mechax/ylh/sentry_vision/install/behaviortree_cpp/include/behaviortree_cpp/contrib/json.hpp
[127.351s] -- Installing: /home/mechax/ylh/sentry_vision/install/behaviortree_cpp/include/behaviortree_cpp/contrib/expected.hpp
[127.351s] -- Installing: /home/mechax/ylh/sentry_vision/install/behaviortree_cpp/include/behaviortree_cpp/contrib/magic_enum.hpp
[127.351s] -- Installing: /home/mechax/ylh/sentry_vision/install/behaviortree_cpp/include/behaviortree_cpp/behavior_tree.h
[127.351s] -- Installing: /home/mechax/ylh/sentry_vision/install/behaviortree_cpp/include/behaviortree_cpp/exceptions.h
[127.352s] -- Installing: /home/mechax/ylh/sentry_vision/install/behaviortree_cpp/share/behaviortree_cpp/environment/library_path.sh
[127.352s] -- Installing: /home/mechax/ylh/sentry_vision/install/behaviortree_cpp/share/behaviortree_cpp/environment/library_path.dsv
[127.352s] -- Installing: /home/mechax/ylh/sentry_vision/install/behaviortree_cpp/share/ament_index/resource_index/package_run_dependencies/behaviortree_cpp
[127.352s] -- Installing: /home/mechax/ylh/sentry_vision/install/behaviortree_cpp/share/ament_index/resource_index/parent_prefix_path/behaviortree_cpp
[127.352s] -- Installing: /home/mechax/ylh/sentry_vision/install/behaviortree_cpp/share/behaviortree_cpp/environment/ament_prefix_path.sh
[127.352s] -- Installing: /home/mechax/ylh/sentry_vision/install/behaviortree_cpp/share/behaviortree_cpp/environment/ament_prefix_path.dsv
[127.352s] -- Installing: /home/mechax/ylh/sentry_vision/install/behaviortree_cpp/share/behaviortree_cpp/environment/path.sh
[127.352s] -- Installing: /home/mechax/ylh/sentry_vision/install/behaviortree_cpp/share/behaviortree_cpp/environment/path.dsv
[127.352s] -- Installing: /home/mechax/ylh/sentry_vision/install/behaviortree_cpp/share/behaviortree_cpp/local_setup.bash
[127.352s] -- Installing: /home/mechax/ylh/sentry_vision/install/behaviortree_cpp/share/behaviortree_cpp/local_setup.sh
[127.353s] -- Installing: /home/mechax/ylh/sentry_vision/install/behaviortree_cpp/share/behaviortree_cpp/local_setup.zsh
[127.353s] -- Installing: /home/mechax/ylh/sentry_vision/install/behaviortree_cpp/share/behaviortree_cpp/local_setup.dsv
[127.353s] -- Installing: /home/mechax/ylh/sentry_vision/install/behaviortree_cpp/share/behaviortree_cpp/package.dsv
[127.353s] -- Installing: /home/mechax/ylh/sentry_vision/install/behaviortree_cpp/share/ament_index/resource_index/packages/behaviortree_cpp
[127.353s] -- Installing: /home/mechax/ylh/sentry_vision/install/behaviortree_cpp/share/behaviortree_cpp/cmake/ament_cmake_export_dependencies-extras.cmake
[127.353s] -- Installing: /home/mechax/ylh/sentry_vision/install/behaviortree_cpp/share/behaviortree_cpp/cmake/ament_cmake_export_include_directories-extras.cmake
[127.353s] -- Installing: /home/mechax/ylh/sentry_vision/install/behaviortree_cpp/share/behaviortree_cpp/cmake/ament_cmake_export_libraries-extras.cmake
[127.353s] -- Installing: /home/mechax/ylh/sentry_vision/install/behaviortree_cpp/share/behaviortree_cpp/cmake/behaviortree_cppConfig.cmake
[127.353s] -- Installing: /home/mechax/ylh/sentry_vision/install/behaviortree_cpp/share/behaviortree_cpp/cmake/behaviortree_cppConfig-version.cmake
[127.353s] -- Installing: /home/mechax/ylh/sentry_vision/install/behaviortree_cpp/share/behaviortree_cpp/package.xml
[127.355s] Invoked command in '/home/mechax/ylh/sentry_vision/build/behaviortree_cpp' returned '0': CMAKE_PREFIX_PATH=/opt/ros/humble /usr/bin/cmake --install /home/mechax/ylh/sentry_vision/build/behaviortree_cpp
