[0.168s] Invoking command in '/home/mechax/ylh/sentry_vision/build/armor_tracker': AMENT_PREFIX_PATH=/home/mechax/ylh/sentry_vision/install/auto_aim_interfaces:${AMENT_PREFIX_PATH} CMAKE_PREFIX_PATH=/home/mechax/ylh/sentry_vision/install/auto_aim_interfaces:/opt/ros/humble LD_LIBRARY_PATH=/home/mechax/ylh/sentry_vision/install/auto_aim_interfaces/lib:${LD_LIBRARY_PATH} PYTHONPATH=/home/mechax/ylh/sentry_vision/install/auto_aim_interfaces/local/lib/python3.10/dist-packages:${PYTHONPATH} /usr/bin/cmake --build /home/mechax/ylh/sentry_vision/build/armor_tracker -- -j16 -l16
[0.193s] [35m[1mConsolidate compiler generated dependencies of target armor_tracker[0m
[0.195s] [35m[1mConsolidate compiler generated dependencies of target armor_tracker_node[0m
[0.212s] [ 33%] Built target armor_tracker_node
[0.221s] [100%] Built target armor_tracker
[0.232s] Invoked command in '/home/mechax/ylh/sentry_vision/build/armor_tracker' returned '0': AMENT_PREFIX_PATH=/home/mechax/ylh/sentry_vision/install/auto_aim_interfaces:${AMENT_PREFIX_PATH} CMAKE_PREFIX_PATH=/home/mechax/ylh/sentry_vision/install/auto_aim_interfaces:/opt/ros/humble LD_LIBRARY_PATH=/home/mechax/ylh/sentry_vision/install/auto_aim_interfaces/lib:${LD_LIBRARY_PATH} PYTHONPATH=/home/mechax/ylh/sentry_vision/install/auto_aim_interfaces/local/lib/python3.10/dist-packages:${PYTHONPATH} /usr/bin/cmake --build /home/mechax/ylh/sentry_vision/build/armor_tracker -- -j16 -l16
[0.312s] Invoking command in '/home/mechax/ylh/sentry_vision/build/armor_tracker': AMENT_PREFIX_PATH=/home/mechax/ylh/sentry_vision/install/auto_aim_interfaces:${AMENT_PREFIX_PATH} CMAKE_PREFIX_PATH=/home/mechax/ylh/sentry_vision/install/auto_aim_interfaces:/opt/ros/humble LD_LIBRARY_PATH=/home/mechax/ylh/sentry_vision/install/auto_aim_interfaces/lib:${LD_LIBRARY_PATH} PYTHONPATH=/home/mechax/ylh/sentry_vision/install/auto_aim_interfaces/local/lib/python3.10/dist-packages:${PYTHONPATH} /usr/bin/cmake --install /home/mechax/ylh/sentry_vision/build/armor_tracker
[0.323s] -- Install configuration: ""
[0.323s] -- Up-to-date: /home/mechax/ylh/sentry_vision/install/armor_tracker/lib/armor_tracker/armor_tracker_node
[0.323s] -- Up-to-date: /home/mechax/ylh/sentry_vision/install/armor_tracker/include
[0.323s] -- Up-to-date: /home/mechax/ylh/sentry_vision/install/armor_tracker/include/armor_tracker
[0.323s] -- Up-to-date: /home/mechax/ylh/sentry_vision/install/armor_tracker/include/armor_tracker/tracker.hpp
[0.323s] -- Up-to-date: /home/mechax/ylh/sentry_vision/install/armor_tracker/include/armor_tracker/tracker_node.hpp
[0.323s] -- Up-to-date: /home/mechax/ylh/sentry_vision/install/armor_tracker/include/armor_tracker/extended_kalman_filter.hpp
[0.323s] -- Up-to-date: /home/mechax/ylh/sentry_vision/install/armor_tracker/share/armor_tracker/environment/library_path.sh
[0.324s] -- Up-to-date: /home/mechax/ylh/sentry_vision/install/armor_tracker/share/armor_tracker/environment/library_path.dsv
[0.324s] -- Up-to-date: /home/mechax/ylh/sentry_vision/install/armor_tracker/lib/libarmor_tracker.so
[0.324s] -- Up-to-date: /home/mechax/ylh/sentry_vision/install/armor_tracker/share/ament_index/resource_index/package_run_dependencies/armor_tracker
[0.324s] -- Up-to-date: /home/mechax/ylh/sentry_vision/install/armor_tracker/share/ament_index/resource_index/parent_prefix_path/armor_tracker
[0.324s] -- Up-to-date: /home/mechax/ylh/sentry_vision/install/armor_tracker/share/armor_tracker/environment/ament_prefix_path.sh
[0.324s] -- Up-to-date: /home/mechax/ylh/sentry_vision/install/armor_tracker/share/armor_tracker/environment/ament_prefix_path.dsv
[0.324s] -- Up-to-date: /home/mechax/ylh/sentry_vision/install/armor_tracker/share/armor_tracker/environment/path.sh
[0.324s] -- Up-to-date: /home/mechax/ylh/sentry_vision/install/armor_tracker/share/armor_tracker/environment/path.dsv
[0.324s] -- Up-to-date: /home/mechax/ylh/sentry_vision/install/armor_tracker/share/armor_tracker/local_setup.bash
[0.324s] -- Up-to-date: /home/mechax/ylh/sentry_vision/install/armor_tracker/share/armor_tracker/local_setup.sh
[0.325s] -- Up-to-date: /home/mechax/ylh/sentry_vision/install/armor_tracker/share/armor_tracker/local_setup.zsh
[0.325s] -- Up-to-date: /home/mechax/ylh/sentry_vision/install/armor_tracker/share/armor_tracker/local_setup.dsv
[0.325s] -- Installing: /home/mechax/ylh/sentry_vision/install/armor_tracker/share/armor_tracker/package.dsv
[0.325s] -- Up-to-date: /home/mechax/ylh/sentry_vision/install/armor_tracker/share/ament_index/resource_index/packages/armor_tracker
[0.326s] -- Up-to-date: /home/mechax/ylh/sentry_vision/install/armor_tracker/share/ament_index/resource_index/rclcpp_components/armor_tracker
[0.327s] -- Up-to-date: /home/mechax/ylh/sentry_vision/install/armor_tracker/share/armor_tracker/cmake/ament_cmake_export_dependencies-extras.cmake
[0.327s] -- Up-to-date: /home/mechax/ylh/sentry_vision/install/armor_tracker/share/armor_tracker/cmake/ament_cmake_export_include_directories-extras.cmake
[0.327s] -- Up-to-date: /home/mechax/ylh/sentry_vision/install/armor_tracker/share/armor_tracker/cmake/ament_cmake_export_libraries-extras.cmake
[0.328s] -- Up-to-date: /home/mechax/ylh/sentry_vision/install/armor_tracker/share/armor_tracker/cmake/armor_trackerConfig.cmake
[0.328s] -- Up-to-date: /home/mechax/ylh/sentry_vision/install/armor_tracker/share/armor_tracker/cmake/armor_trackerConfig-version.cmake
[0.328s] -- Up-to-date: /home/mechax/ylh/sentry_vision/install/armor_tracker/share/armor_tracker/package.xml
[0.332s] Invoked command in '/home/mechax/ylh/sentry_vision/build/armor_tracker' returned '0': AMENT_PREFIX_PATH=/home/mechax/ylh/sentry_vision/install/auto_aim_interfaces:${AMENT_PREFIX_PATH} CMAKE_PREFIX_PATH=/home/mechax/ylh/sentry_vision/install/auto_aim_interfaces:/opt/ros/humble LD_LIBRARY_PATH=/home/mechax/ylh/sentry_vision/install/auto_aim_interfaces/lib:${LD_LIBRARY_PATH} PYTHONPATH=/home/mechax/ylh/sentry_vision/install/auto_aim_interfaces/local/lib/python3.10/dist-packages:${PYTHONPATH} /usr/bin/cmake --install /home/mechax/ylh/sentry_vision/build/armor_tracker
