[0.063s] Invoking command in '/home/mechax/ylh/sentry_vision/build/btcpp_ros2_samples': AMENT_PREFIX_PATH=/home/mechax/ylh/sentry_vision/install/behaviortree_ros2:/home/mechax/ylh/sentry_vision/install/btcpp_ros2_interfaces:/home/mechax/ylh/sentry_vision/install/behaviortree_cpp:${AMENT_PREFIX_PATH} CMAKE_PREFIX_PATH=/home/mechax/ylh/sentry_vision/install/behaviortree_ros2:/home/mechax/ylh/sentry_vision/install/btcpp_ros2_interfaces:/home/mechax/ylh/sentry_vision/install/behaviortree_cpp:/opt/ros/humble LD_LIBRARY_PATH=/home/mechax/ylh/sentry_vision/install/btcpp_ros2_interfaces/lib:/home/mechax/ylh/sentry_vision/install/behaviortree_cpp/lib:${LD_LIBRARY_PATH} PATH=/home/mechax/ylh/sentry_vision/install/behaviortree_cpp/bin:${PATH} PYTHONPATH=/home/mechax/ylh/sentry_vision/install/btcpp_ros2_interfaces/local/lib/python3.10/dist-packages:${PYTHONPATH} /usr/bin/cmake --build /home/mechax/ylh/sentry_vision/build/btcpp_ros2_samples -- -j16 -l16
[0.089s] [35m[1mConsolidate compiler generated dependencies of target sleep_plugin[0m
[0.090s] [35m[1mConsolidate compiler generated dependencies of target subscriber_test[0m
[0.093s] [35m[1mConsolidate compiler generated dependencies of target sleep_server[0m
[0.094s] [35m[1mConsolidate compiler generated dependencies of target sleep_client[0m
[0.114s] [ 18%] Built target sleep_plugin
[0.115s] [ 36%] Built target sleep_server
[0.118s] [ 63%] Built target sleep_client
[0.119s] [35m[1mConsolidate compiler generated dependencies of target sleep_client_dyn[0m
[0.121s] [ 81%] Built target subscriber_test
[0.134s] [100%] Built target sleep_client_dyn
[0.188s] Invoked command in '/home/mechax/ylh/sentry_vision/build/btcpp_ros2_samples' returned '0': AMENT_PREFIX_PATH=/home/mechax/ylh/sentry_vision/install/behaviortree_ros2:/home/mechax/ylh/sentry_vision/install/btcpp_ros2_interfaces:/home/mechax/ylh/sentry_vision/install/behaviortree_cpp:${AMENT_PREFIX_PATH} CMAKE_PREFIX_PATH=/home/mechax/ylh/sentry_vision/install/behaviortree_ros2:/home/mechax/ylh/sentry_vision/install/btcpp_ros2_interfaces:/home/mechax/ylh/sentry_vision/install/behaviortree_cpp:/opt/ros/humble LD_LIBRARY_PATH=/home/mechax/ylh/sentry_vision/install/btcpp_ros2_interfaces/lib:/home/mechax/ylh/sentry_vision/install/behaviortree_cpp/lib:${LD_LIBRARY_PATH} PATH=/home/mechax/ylh/sentry_vision/install/behaviortree_cpp/bin:${PATH} PYTHONPATH=/home/mechax/ylh/sentry_vision/install/btcpp_ros2_interfaces/local/lib/python3.10/dist-packages:${PYTHONPATH} /usr/bin/cmake --build /home/mechax/ylh/sentry_vision/build/btcpp_ros2_samples -- -j16 -l16
[0.257s] Invoking command in '/home/mechax/ylh/sentry_vision/build/btcpp_ros2_samples': AMENT_PREFIX_PATH=/home/mechax/ylh/sentry_vision/install/behaviortree_ros2:/home/mechax/ylh/sentry_vision/install/btcpp_ros2_interfaces:/home/mechax/ylh/sentry_vision/install/behaviortree_cpp:${AMENT_PREFIX_PATH} CMAKE_PREFIX_PATH=/home/mechax/ylh/sentry_vision/install/behaviortree_ros2:/home/mechax/ylh/sentry_vision/install/btcpp_ros2_interfaces:/home/mechax/ylh/sentry_vision/install/behaviortree_cpp:/opt/ros/humble LD_LIBRARY_PATH=/home/mechax/ylh/sentry_vision/install/btcpp_ros2_interfaces/lib:/home/mechax/ylh/sentry_vision/install/behaviortree_cpp/lib:${LD_LIBRARY_PATH} PATH=/home/mechax/ylh/sentry_vision/install/behaviortree_cpp/bin:${PATH} PYTHONPATH=/home/mechax/ylh/sentry_vision/install/btcpp_ros2_interfaces/local/lib/python3.10/dist-packages:${PYTHONPATH} /usr/bin/cmake --install /home/mechax/ylh/sentry_vision/build/btcpp_ros2_samples
[0.315s] -- Install configuration: ""
[0.315s] -- Up-to-date: /home/mechax/ylh/sentry_vision/install/btcpp_ros2_samples/lib/btcpp_ros2_samples/sleep_client
[0.315s] -- Up-to-date: /home/mechax/ylh/sentry_vision/install/btcpp_ros2_samples/lib/btcpp_ros2_samples/sleep_client_dyn
[0.316s] -- Up-to-date: /home/mechax/ylh/sentry_vision/install/btcpp_ros2_samples/lib/btcpp_ros2_samples/sleep_server
[0.316s] -- Up-to-date: /home/mechax/ylh/sentry_vision/install/btcpp_ros2_samples/lib/btcpp_ros2_samples/libsleep_plugin.so
[0.317s] -- Up-to-date: /home/mechax/ylh/sentry_vision/install/btcpp_ros2_samples/lib/btcpp_ros2_samples/subscriber_test
[0.317s] -- Up-to-date: /home/mechax/ylh/sentry_vision/install/btcpp_ros2_samples/share/ament_index/resource_index/package_run_dependencies/btcpp_ros2_samples
[0.317s] -- Up-to-date: /home/mechax/ylh/sentry_vision/install/btcpp_ros2_samples/share/ament_index/resource_index/parent_prefix_path/btcpp_ros2_samples
[0.317s] -- Up-to-date: /home/mechax/ylh/sentry_vision/install/btcpp_ros2_samples/share/btcpp_ros2_samples/environment/ament_prefix_path.sh
[0.317s] -- Up-to-date: /home/mechax/ylh/sentry_vision/install/btcpp_ros2_samples/share/btcpp_ros2_samples/environment/ament_prefix_path.dsv
[0.318s] -- Up-to-date: /home/mechax/ylh/sentry_vision/install/btcpp_ros2_samples/share/btcpp_ros2_samples/environment/path.sh
[0.318s] -- Up-to-date: /home/mechax/ylh/sentry_vision/install/btcpp_ros2_samples/share/btcpp_ros2_samples/environment/path.dsv
[0.318s] -- Up-to-date: /home/mechax/ylh/sentry_vision/install/btcpp_ros2_samples/share/btcpp_ros2_samples/local_setup.bash
[0.319s] -- Up-to-date: /home/mechax/ylh/sentry_vision/install/btcpp_ros2_samples/share/btcpp_ros2_samples/local_setup.sh
[0.319s] -- Up-to-date: /home/mechax/ylh/sentry_vision/install/btcpp_ros2_samples/share/btcpp_ros2_samples/local_setup.zsh
[0.319s] -- Up-to-date: /home/mechax/ylh/sentry_vision/install/btcpp_ros2_samples/share/btcpp_ros2_samples/local_setup.dsv
[0.319s] -- Installing: /home/mechax/ylh/sentry_vision/install/btcpp_ros2_samples/share/btcpp_ros2_samples/package.dsv
[0.319s] -- Up-to-date: /home/mechax/ylh/sentry_vision/install/btcpp_ros2_samples/share/ament_index/resource_index/packages/btcpp_ros2_samples
[0.320s] -- Up-to-date: /home/mechax/ylh/sentry_vision/install/btcpp_ros2_samples/share/btcpp_ros2_samples/cmake/ament_cmake_export_dependencies-extras.cmake
[0.320s] -- Up-to-date: /home/mechax/ylh/sentry_vision/install/btcpp_ros2_samples/share/btcpp_ros2_samples/cmake/btcpp_ros2_samplesConfig.cmake
[0.320s] -- Up-to-date: /home/mechax/ylh/sentry_vision/install/btcpp_ros2_samples/share/btcpp_ros2_samples/cmake/btcpp_ros2_samplesConfig-version.cmake
[0.320s] -- Up-to-date: /home/mechax/ylh/sentry_vision/install/btcpp_ros2_samples/share/btcpp_ros2_samples/package.xml
[0.334s] Invoked command in '/home/mechax/ylh/sentry_vision/build/btcpp_ros2_samples' returned '0': AMENT_PREFIX_PATH=/home/mechax/ylh/sentry_vision/install/behaviortree_ros2:/home/mechax/ylh/sentry_vision/install/btcpp_ros2_interfaces:/home/mechax/ylh/sentry_vision/install/behaviortree_cpp:${AMENT_PREFIX_PATH} CMAKE_PREFIX_PATH=/home/mechax/ylh/sentry_vision/install/behaviortree_ros2:/home/mechax/ylh/sentry_vision/install/btcpp_ros2_interfaces:/home/mechax/ylh/sentry_vision/install/behaviortree_cpp:/opt/ros/humble LD_LIBRARY_PATH=/home/mechax/ylh/sentry_vision/install/btcpp_ros2_interfaces/lib:/home/mechax/ylh/sentry_vision/install/behaviortree_cpp/lib:${LD_LIBRARY_PATH} PATH=/home/mechax/ylh/sentry_vision/install/behaviortree_cpp/bin:${PATH} PYTHONPATH=/home/mechax/ylh/sentry_vision/install/btcpp_ros2_interfaces/local/lib/python3.10/dist-packages:${PYTHONPATH} /usr/bin/cmake --install /home/mechax/ylh/sentry_vision/build/btcpp_ros2_samples
