[0.631s] Invoking command in '/home/mechax/ylh/sentry_vision/build/btcpp_ros2_interfaces': CMAKE_PREFIX_PATH=/opt/ros/humble /usr/bin/cmake --build /home/mechax/ylh/sentry_vision/build/btcpp_ros2_interfaces -- -j16 -l16
[0.731s] [  9%] Built target btcpp_ros2_interfaces__rosidl_generator_c
[0.736s] [ 12%] Built target btcpp_ros2_interfaces__cpp
[0.772s] [ 12%] Built target ament_cmake_python_copy_btcpp_ros2_interfaces
[0.793s] [ 22%] Built target btcpp_ros2_interfaces__rosidl_typesupport_fastrtps_cpp
[0.826s] [ 32%] Built target btcpp_ros2_interfaces__rosidl_typesupport_c
[0.827s] [ 41%] Built target btcpp_ros2_interfaces__rosidl_typesupport_introspection_c
[0.851s] [ 51%] Built target btcpp_ros2_interfaces__rosidl_typesupport_fastrtps_c
[0.860s] [ 61%] Built target btcpp_ros2_interfaces__rosidl_typesupport_introspection_cpp
[0.863s] [ 70%] Built target btcpp_ros2_interfaces__rosidl_typesupport_cpp
[0.891s] [ 70%] Built target btcpp_ros2_interfaces
[0.947s] [ 74%] Built target btcpp_ros2_interfaces__py
[1.013s] [ 80%] Built target btcpp_ros2_interfaces__rosidl_generator_py
[1.066s] [ 87%] Built target btcpp_ros2_interfaces__rosidl_typesupport_fastrtps_c__pyext
[1.074s] [ 93%] Built target btcpp_ros2_interfaces__rosidl_typesupport_introspection_c__pyext
[1.081s] [100%] Built target btcpp_ros2_interfaces__rosidl_typesupport_c__pyext
[1.096s] running egg_info
[1.118s] writing btcpp_ros2_interfaces.egg-info/PKG-INFO
[1.119s] writing dependency_links to btcpp_ros2_interfaces.egg-info/dependency_links.txt
[1.119s] writing top-level names to btcpp_ros2_interfaces.egg-info/top_level.txt
[1.174s] reading manifest file 'btcpp_ros2_interfaces.egg-info/SOURCES.txt'
[1.174s] writing manifest file 'btcpp_ros2_interfaces.egg-info/SOURCES.txt'
[1.198s] [100%] Built target ament_cmake_python_build_btcpp_ros2_interfaces_egg
[1.682s] Invoked command in '/home/mechax/ylh/sentry_vision/build/btcpp_ros2_interfaces' returned '0': CMAKE_PREFIX_PATH=/opt/ros/humble /usr/bin/cmake --build /home/mechax/ylh/sentry_vision/build/btcpp_ros2_interfaces -- -j16 -l16
[2.304s] Invoking command in '/home/mechax/ylh/sentry_vision/build/btcpp_ros2_interfaces': CMAKE_PREFIX_PATH=/opt/ros/humble /usr/bin/cmake --install /home/mechax/ylh/sentry_vision/build/btcpp_ros2_interfaces
[2.438s] -- Install configuration: ""
[2.438s] -- Up-to-date: /home/mechax/ylh/sentry_vision/install/btcpp_ros2_interfaces/share/ament_index/resource_index/rosidl_interfaces/btcpp_ros2_interfaces
[2.438s] -- Up-to-date: /home/mechax/ylh/sentry_vision/install/btcpp_ros2_interfaces/include/btcpp_ros2_interfaces/btcpp_ros2_interfaces
[2.438s] -- Up-to-date: /home/mechax/ylh/sentry_vision/install/btcpp_ros2_interfaces/include/btcpp_ros2_interfaces/btcpp_ros2_interfaces/msg
[2.438s] -- Up-to-date: /home/mechax/ylh/sentry_vision/install/btcpp_ros2_interfaces/include/btcpp_ros2_interfaces/btcpp_ros2_interfaces/msg/rosidl_generator_c__visibility_control.h
[2.439s] -- Up-to-date: /home/mechax/ylh/sentry_vision/install/btcpp_ros2_interfaces/include/btcpp_ros2_interfaces/btcpp_ros2_interfaces/action
[2.439s] -- Up-to-date: /home/mechax/ylh/sentry_vision/install/btcpp_ros2_interfaces/include/btcpp_ros2_interfaces/btcpp_ros2_interfaces/action/sleep.h
[2.439s] -- Up-to-date: /home/mechax/ylh/sentry_vision/install/btcpp_ros2_interfaces/include/btcpp_ros2_interfaces/btcpp_ros2_interfaces/action/detail
[2.439s] -- Up-to-date: /home/mechax/ylh/sentry_vision/install/btcpp_ros2_interfaces/include/btcpp_ros2_interfaces/btcpp_ros2_interfaces/action/detail/sleep__functions.h
[2.439s] -- Up-to-date: /home/mechax/ylh/sentry_vision/install/btcpp_ros2_interfaces/include/btcpp_ros2_interfaces/btcpp_ros2_interfaces/action/detail/sleep__struct.h
[2.440s] -- Up-to-date: /home/mechax/ylh/sentry_vision/install/btcpp_ros2_interfaces/include/btcpp_ros2_interfaces/btcpp_ros2_interfaces/action/detail/sleep__type_support.h
[2.440s] -- Up-to-date: /home/mechax/ylh/sentry_vision/install/btcpp_ros2_interfaces/include/btcpp_ros2_interfaces/btcpp_ros2_interfaces/action/detail/sleep__functions.c
[2.440s] -- Up-to-date: /home/mechax/ylh/sentry_vision/install/btcpp_ros2_interfaces/share/btcpp_ros2_interfaces/environment/library_path.sh
[2.440s] -- Up-to-date: /home/mechax/ylh/sentry_vision/install/btcpp_ros2_interfaces/share/btcpp_ros2_interfaces/environment/library_path.dsv
[2.440s] -- Up-to-date: /home/mechax/ylh/sentry_vision/install/btcpp_ros2_interfaces/lib/libbtcpp_ros2_interfaces__rosidl_generator_c.so
[2.440s] -- Up-to-date: /home/mechax/ylh/sentry_vision/install/btcpp_ros2_interfaces/include/btcpp_ros2_interfaces/btcpp_ros2_interfaces
[2.441s] -- Up-to-date: /home/mechax/ylh/sentry_vision/install/btcpp_ros2_interfaces/include/btcpp_ros2_interfaces/btcpp_ros2_interfaces/msg
[2.441s] -- Up-to-date: /home/mechax/ylh/sentry_vision/install/btcpp_ros2_interfaces/include/btcpp_ros2_interfaces/btcpp_ros2_interfaces/msg/rosidl_typesupport_fastrtps_c__visibility_control.h
[2.441s] -- Up-to-date: /home/mechax/ylh/sentry_vision/install/btcpp_ros2_interfaces/include/btcpp_ros2_interfaces/btcpp_ros2_interfaces/action
[2.441s] -- Up-to-date: /home/mechax/ylh/sentry_vision/install/btcpp_ros2_interfaces/include/btcpp_ros2_interfaces/btcpp_ros2_interfaces/action/detail
[2.441s] -- Up-to-date: /home/mechax/ylh/sentry_vision/install/btcpp_ros2_interfaces/include/btcpp_ros2_interfaces/btcpp_ros2_interfaces/action/detail/sleep__rosidl_typesupport_fastrtps_c.h
[2.441s] -- Up-to-date: /home/mechax/ylh/sentry_vision/install/btcpp_ros2_interfaces/lib/libbtcpp_ros2_interfaces__rosidl_typesupport_fastrtps_c.so
[2.442s] -- Up-to-date: /home/mechax/ylh/sentry_vision/install/btcpp_ros2_interfaces/include/btcpp_ros2_interfaces/btcpp_ros2_interfaces
[2.442s] -- Up-to-date: /home/mechax/ylh/sentry_vision/install/btcpp_ros2_interfaces/include/btcpp_ros2_interfaces/btcpp_ros2_interfaces/msg
[2.442s] -- Up-to-date: /home/mechax/ylh/sentry_vision/install/btcpp_ros2_interfaces/include/btcpp_ros2_interfaces/btcpp_ros2_interfaces/msg/rosidl_typesupport_introspection_c__visibility_control.h
[2.442s] -- Up-to-date: /home/mechax/ylh/sentry_vision/install/btcpp_ros2_interfaces/include/btcpp_ros2_interfaces/btcpp_ros2_interfaces/action
[2.442s] -- Up-to-date: /home/mechax/ylh/sentry_vision/install/btcpp_ros2_interfaces/include/btcpp_ros2_interfaces/btcpp_ros2_interfaces/action/detail
[2.442s] -- Up-to-date: /home/mechax/ylh/sentry_vision/install/btcpp_ros2_interfaces/include/btcpp_ros2_interfaces/btcpp_ros2_interfaces/action/detail/sleep__type_support.c
[2.454s] -- Up-to-date: /home/mechax/ylh/sentry_vision/install/btcpp_ros2_interfaces/include/btcpp_ros2_interfaces/btcpp_ros2_interfaces/action/detail/sleep__rosidl_typesupport_introspection_c.h
[2.454s] -- Up-to-date: /home/mechax/ylh/sentry_vision/install/btcpp_ros2_interfaces/lib/libbtcpp_ros2_interfaces__rosidl_typesupport_introspection_c.so
[2.454s] -- Up-to-date: /home/mechax/ylh/sentry_vision/install/btcpp_ros2_interfaces/lib/libbtcpp_ros2_interfaces__rosidl_typesupport_c.so
[2.454s] -- Up-to-date: /home/mechax/ylh/sentry_vision/install/btcpp_ros2_interfaces/include/btcpp_ros2_interfaces/btcpp_ros2_interfaces
[2.454s] -- Up-to-date: /home/mechax/ylh/sentry_vision/install/btcpp_ros2_interfaces/include/btcpp_ros2_interfaces/btcpp_ros2_interfaces/action
[2.455s] -- Up-to-date: /home/mechax/ylh/sentry_vision/install/btcpp_ros2_interfaces/include/btcpp_ros2_interfaces/btcpp_ros2_interfaces/action/detail
[2.455s] -- Up-to-date: /home/mechax/ylh/sentry_vision/install/btcpp_ros2_interfaces/include/btcpp_ros2_interfaces/btcpp_ros2_interfaces/action/detail/sleep__traits.hpp
[2.455s] -- Up-to-date: /home/mechax/ylh/sentry_vision/install/btcpp_ros2_interfaces/include/btcpp_ros2_interfaces/btcpp_ros2_interfaces/action/detail/sleep__struct.hpp
[2.455s] -- Up-to-date: /home/mechax/ylh/sentry_vision/install/btcpp_ros2_interfaces/include/btcpp_ros2_interfaces/btcpp_ros2_interfaces/action/detail/sleep__builder.hpp
[2.455s] -- Up-to-date: /home/mechax/ylh/sentry_vision/install/btcpp_ros2_interfaces/include/btcpp_ros2_interfaces/btcpp_ros2_interfaces/action/sleep.hpp
[2.455s] -- Up-to-date: /home/mechax/ylh/sentry_vision/install/btcpp_ros2_interfaces/include/btcpp_ros2_interfaces/btcpp_ros2_interfaces
[2.456s] -- Up-to-date: /home/mechax/ylh/sentry_vision/install/btcpp_ros2_interfaces/include/btcpp_ros2_interfaces/btcpp_ros2_interfaces/msg
[2.456s] -- Up-to-date: /home/mechax/ylh/sentry_vision/install/btcpp_ros2_interfaces/include/btcpp_ros2_interfaces/btcpp_ros2_interfaces/msg/rosidl_typesupport_fastrtps_cpp__visibility_control.h
[2.456s] -- Up-to-date: /home/mechax/ylh/sentry_vision/install/btcpp_ros2_interfaces/include/btcpp_ros2_interfaces/btcpp_ros2_interfaces/action
[2.456s] -- Up-to-date: /home/mechax/ylh/sentry_vision/install/btcpp_ros2_interfaces/include/btcpp_ros2_interfaces/btcpp_ros2_interfaces/action/detail
[2.456s] -- Up-to-date: /home/mechax/ylh/sentry_vision/install/btcpp_ros2_interfaces/include/btcpp_ros2_interfaces/btcpp_ros2_interfaces/action/detail/dds_fastrtps
[2.456s] -- Up-to-date: /home/mechax/ylh/sentry_vision/install/btcpp_ros2_interfaces/include/btcpp_ros2_interfaces/btcpp_ros2_interfaces/action/detail/sleep__rosidl_typesupport_fastrtps_cpp.hpp
[2.456s] -- Up-to-date: /home/mechax/ylh/sentry_vision/install/btcpp_ros2_interfaces/lib/libbtcpp_ros2_interfaces__rosidl_typesupport_fastrtps_cpp.so
[2.456s] -- Up-to-date: /home/mechax/ylh/sentry_vision/install/btcpp_ros2_interfaces/include/btcpp_ros2_interfaces/btcpp_ros2_interfaces
[2.456s] -- Up-to-date: /home/mechax/ylh/sentry_vision/install/btcpp_ros2_interfaces/include/btcpp_ros2_interfaces/btcpp_ros2_interfaces/action
[2.457s] -- Up-to-date: /home/mechax/ylh/sentry_vision/install/btcpp_ros2_interfaces/include/btcpp_ros2_interfaces/btcpp_ros2_interfaces/action/detail
[2.457s] -- Up-to-date: /home/mechax/ylh/sentry_vision/install/btcpp_ros2_interfaces/include/btcpp_ros2_interfaces/btcpp_ros2_interfaces/action/detail/sleep__type_support.cpp
[2.457s] -- Up-to-date: /home/mechax/ylh/sentry_vision/install/btcpp_ros2_interfaces/include/btcpp_ros2_interfaces/btcpp_ros2_interfaces/action/detail/sleep__rosidl_typesupport_introspection_cpp.hpp
[2.457s] -- Up-to-date: /home/mechax/ylh/sentry_vision/install/btcpp_ros2_interfaces/lib/libbtcpp_ros2_interfaces__rosidl_typesupport_introspection_cpp.so
[2.457s] -- Up-to-date: /home/mechax/ylh/sentry_vision/install/btcpp_ros2_interfaces/lib/libbtcpp_ros2_interfaces__rosidl_typesupport_cpp.so
[2.457s] -- Up-to-date: /home/mechax/ylh/sentry_vision/install/btcpp_ros2_interfaces/share/btcpp_ros2_interfaces/environment/pythonpath.sh
[2.458s] -- Up-to-date: /home/mechax/ylh/sentry_vision/install/btcpp_ros2_interfaces/share/btcpp_ros2_interfaces/environment/pythonpath.dsv
[2.460s] -- Up-to-date: /home/mechax/ylh/sentry_vision/install/btcpp_ros2_interfaces/local/lib/python3.10/dist-packages/btcpp_ros2_interfaces-0.2.0-py3.10.egg-info
[2.460s] -- Installing: /home/mechax/ylh/sentry_vision/install/btcpp_ros2_interfaces/local/lib/python3.10/dist-packages/btcpp_ros2_interfaces-0.2.0-py3.10.egg-info/PKG-INFO
[2.460s] -- Installing: /home/mechax/ylh/sentry_vision/install/btcpp_ros2_interfaces/local/lib/python3.10/dist-packages/btcpp_ros2_interfaces-0.2.0-py3.10.egg-info/SOURCES.txt
[2.461s] -- Installing: /home/mechax/ylh/sentry_vision/install/btcpp_ros2_interfaces/local/lib/python3.10/dist-packages/btcpp_ros2_interfaces-0.2.0-py3.10.egg-info/top_level.txt
[2.461s] -- Installing: /home/mechax/ylh/sentry_vision/install/btcpp_ros2_interfaces/local/lib/python3.10/dist-packages/btcpp_ros2_interfaces-0.2.0-py3.10.egg-info/dependency_links.txt
[2.461s] -- Up-to-date: /home/mechax/ylh/sentry_vision/install/btcpp_ros2_interfaces/local/lib/python3.10/dist-packages/btcpp_ros2_interfaces
[2.461s] -- Up-to-date: /home/mechax/ylh/sentry_vision/install/btcpp_ros2_interfaces/local/lib/python3.10/dist-packages/btcpp_ros2_interfaces/_btcpp_ros2_interfaces_s.ep.rosidl_typesupport_introspection_c.c
[2.461s] -- Up-to-date: /home/mechax/ylh/sentry_vision/install/btcpp_ros2_interfaces/local/lib/python3.10/dist-packages/btcpp_ros2_interfaces/btcpp_ros2_interfaces_s__rosidl_typesupport_introspection_c.cpython-310-x86_64-linux-gnu.so
[2.461s] -- Up-to-date: /home/mechax/ylh/sentry_vision/install/btcpp_ros2_interfaces/local/lib/python3.10/dist-packages/btcpp_ros2_interfaces/_btcpp_ros2_interfaces_s.ep.rosidl_typesupport_c.c
[2.461s] -- Up-to-date: /home/mechax/ylh/sentry_vision/install/btcpp_ros2_interfaces/local/lib/python3.10/dist-packages/btcpp_ros2_interfaces/_btcpp_ros2_interfaces_s.ep.rosidl_typesupport_fastrtps_c.c
[2.461s] -- Up-to-date: /home/mechax/ylh/sentry_vision/install/btcpp_ros2_interfaces/local/lib/python3.10/dist-packages/btcpp_ros2_interfaces/btcpp_ros2_interfaces_s__rosidl_typesupport_fastrtps_c.cpython-310-x86_64-linux-gnu.so
[2.462s] -- Up-to-date: /home/mechax/ylh/sentry_vision/install/btcpp_ros2_interfaces/local/lib/python3.10/dist-packages/btcpp_ros2_interfaces/__init__.py
[2.462s] -- Up-to-date: /home/mechax/ylh/sentry_vision/install/btcpp_ros2_interfaces/local/lib/python3.10/dist-packages/btcpp_ros2_interfaces/btcpp_ros2_interfaces_s__rosidl_typesupport_c.cpython-310-x86_64-linux-gnu.so
[2.462s] -- Up-to-date: /home/mechax/ylh/sentry_vision/install/btcpp_ros2_interfaces/local/lib/python3.10/dist-packages/btcpp_ros2_interfaces/action
[2.462s] -- Up-to-date: /home/mechax/ylh/sentry_vision/install/btcpp_ros2_interfaces/local/lib/python3.10/dist-packages/btcpp_ros2_interfaces/action/_sleep.py
[2.462s] -- Up-to-date: /home/mechax/ylh/sentry_vision/install/btcpp_ros2_interfaces/local/lib/python3.10/dist-packages/btcpp_ros2_interfaces/action/_sleep_s.c
[2.462s] -- Up-to-date: /home/mechax/ylh/sentry_vision/install/btcpp_ros2_interfaces/local/lib/python3.10/dist-packages/btcpp_ros2_interfaces/action/__init__.py
[2.462s] -- Up-to-date: /home/mechax/ylh/sentry_vision/install/btcpp_ros2_interfaces/local/lib/python3.10/dist-packages/btcpp_ros2_interfaces/libbtcpp_ros2_interfaces__rosidl_generator_py.so
[2.462s] Listing '/home/mechax/ylh/sentry_vision/install/btcpp_ros2_interfaces/local/lib/python3.10/dist-packages/btcpp_ros2_interfaces'...
[2.462s] Listing '/home/mechax/ylh/sentry_vision/install/btcpp_ros2_interfaces/local/lib/python3.10/dist-packages/btcpp_ros2_interfaces/action'...
[2.473s] -- Up-to-date: /home/mechax/ylh/sentry_vision/install/btcpp_ros2_interfaces/local/lib/python3.10/dist-packages/btcpp_ros2_interfaces/btcpp_ros2_interfaces_s__rosidl_typesupport_fastrtps_c.cpython-310-x86_64-linux-gnu.so
[2.473s] -- Up-to-date: /home/mechax/ylh/sentry_vision/install/btcpp_ros2_interfaces/local/lib/python3.10/dist-packages/btcpp_ros2_interfaces/btcpp_ros2_interfaces_s__rosidl_typesupport_introspection_c.cpython-310-x86_64-linux-gnu.so
[2.473s] -- Up-to-date: /home/mechax/ylh/sentry_vision/install/btcpp_ros2_interfaces/local/lib/python3.10/dist-packages/btcpp_ros2_interfaces/btcpp_ros2_interfaces_s__rosidl_typesupport_c.cpython-310-x86_64-linux-gnu.so
[2.473s] -- Up-to-date: /home/mechax/ylh/sentry_vision/install/btcpp_ros2_interfaces/lib/libbtcpp_ros2_interfaces__rosidl_generator_py.so
[2.473s] -- Up-to-date: /home/mechax/ylh/sentry_vision/install/btcpp_ros2_interfaces/share/btcpp_ros2_interfaces/action/Sleep.idl
[2.473s] -- Up-to-date: /home/mechax/ylh/sentry_vision/install/btcpp_ros2_interfaces/share/btcpp_ros2_interfaces/action/Sleep.action
[2.473s] -- Up-to-date: /home/mechax/ylh/sentry_vision/install/btcpp_ros2_interfaces/share/ament_index/resource_index/package_run_dependencies/btcpp_ros2_interfaces
[2.473s] -- Up-to-date: /home/mechax/ylh/sentry_vision/install/btcpp_ros2_interfaces/share/ament_index/resource_index/parent_prefix_path/btcpp_ros2_interfaces
[2.473s] -- Up-to-date: /home/mechax/ylh/sentry_vision/install/btcpp_ros2_interfaces/share/btcpp_ros2_interfaces/environment/ament_prefix_path.sh
[2.473s] -- Up-to-date: /home/mechax/ylh/sentry_vision/install/btcpp_ros2_interfaces/share/btcpp_ros2_interfaces/environment/ament_prefix_path.dsv
[2.473s] -- Up-to-date: /home/mechax/ylh/sentry_vision/install/btcpp_ros2_interfaces/share/btcpp_ros2_interfaces/environment/path.sh
[2.473s] -- Up-to-date: /home/mechax/ylh/sentry_vision/install/btcpp_ros2_interfaces/share/btcpp_ros2_interfaces/environment/path.dsv
[2.473s] -- Up-to-date: /home/mechax/ylh/sentry_vision/install/btcpp_ros2_interfaces/share/btcpp_ros2_interfaces/local_setup.bash
[2.473s] -- Up-to-date: /home/mechax/ylh/sentry_vision/install/btcpp_ros2_interfaces/share/btcpp_ros2_interfaces/local_setup.sh
[2.473s] -- Up-to-date: /home/mechax/ylh/sentry_vision/install/btcpp_ros2_interfaces/share/btcpp_ros2_interfaces/local_setup.zsh
[2.473s] -- Up-to-date: /home/mechax/ylh/sentry_vision/install/btcpp_ros2_interfaces/share/btcpp_ros2_interfaces/local_setup.dsv
[2.473s] -- Installing: /home/mechax/ylh/sentry_vision/install/btcpp_ros2_interfaces/share/btcpp_ros2_interfaces/package.dsv
[2.473s] -- Up-to-date: /home/mechax/ylh/sentry_vision/install/btcpp_ros2_interfaces/share/ament_index/resource_index/packages/btcpp_ros2_interfaces
[2.473s] -- Up-to-date: /home/mechax/ylh/sentry_vision/install/btcpp_ros2_interfaces/share/btcpp_ros2_interfaces/cmake/export_btcpp_ros2_interfaces__rosidl_generator_cExport.cmake
[2.473s] -- Up-to-date: /home/mechax/ylh/sentry_vision/install/btcpp_ros2_interfaces/share/btcpp_ros2_interfaces/cmake/export_btcpp_ros2_interfaces__rosidl_generator_cExport-noconfig.cmake
[2.473s] -- Up-to-date: /home/mechax/ylh/sentry_vision/install/btcpp_ros2_interfaces/share/btcpp_ros2_interfaces/cmake/export_btcpp_ros2_interfaces__rosidl_typesupport_fastrtps_cExport.cmake
[2.474s] -- Up-to-date: /home/mechax/ylh/sentry_vision/install/btcpp_ros2_interfaces/share/btcpp_ros2_interfaces/cmake/export_btcpp_ros2_interfaces__rosidl_typesupport_fastrtps_cExport-noconfig.cmake
[2.474s] -- Up-to-date: /home/mechax/ylh/sentry_vision/install/btcpp_ros2_interfaces/share/btcpp_ros2_interfaces/cmake/btcpp_ros2_interfaces__rosidl_typesupport_introspection_cExport.cmake
[2.474s] -- Up-to-date: /home/mechax/ylh/sentry_vision/install/btcpp_ros2_interfaces/share/btcpp_ros2_interfaces/cmake/btcpp_ros2_interfaces__rosidl_typesupport_introspection_cExport-noconfig.cmake
[2.474s] -- Up-to-date: /home/mechax/ylh/sentry_vision/install/btcpp_ros2_interfaces/share/btcpp_ros2_interfaces/cmake/btcpp_ros2_interfaces__rosidl_typesupport_cExport.cmake
[2.474s] -- Up-to-date: /home/mechax/ylh/sentry_vision/install/btcpp_ros2_interfaces/share/btcpp_ros2_interfaces/cmake/btcpp_ros2_interfaces__rosidl_typesupport_cExport-noconfig.cmake
[2.474s] -- Up-to-date: /home/mechax/ylh/sentry_vision/install/btcpp_ros2_interfaces/share/btcpp_ros2_interfaces/cmake/export_btcpp_ros2_interfaces__rosidl_generator_cppExport.cmake
[2.474s] -- Up-to-date: /home/mechax/ylh/sentry_vision/install/btcpp_ros2_interfaces/share/btcpp_ros2_interfaces/cmake/export_btcpp_ros2_interfaces__rosidl_typesupport_fastrtps_cppExport.cmake
[2.474s] -- Up-to-date: /home/mechax/ylh/sentry_vision/install/btcpp_ros2_interfaces/share/btcpp_ros2_interfaces/cmake/export_btcpp_ros2_interfaces__rosidl_typesupport_fastrtps_cppExport-noconfig.cmake
[2.474s] -- Up-to-date: /home/mechax/ylh/sentry_vision/install/btcpp_ros2_interfaces/share/btcpp_ros2_interfaces/cmake/btcpp_ros2_interfaces__rosidl_typesupport_introspection_cppExport.cmake
[2.474s] -- Up-to-date: /home/mechax/ylh/sentry_vision/install/btcpp_ros2_interfaces/share/btcpp_ros2_interfaces/cmake/btcpp_ros2_interfaces__rosidl_typesupport_introspection_cppExport-noconfig.cmake
[2.474s] -- Up-to-date: /home/mechax/ylh/sentry_vision/install/btcpp_ros2_interfaces/share/btcpp_ros2_interfaces/cmake/btcpp_ros2_interfaces__rosidl_typesupport_cppExport.cmake
[2.474s] -- Up-to-date: /home/mechax/ylh/sentry_vision/install/btcpp_ros2_interfaces/share/btcpp_ros2_interfaces/cmake/btcpp_ros2_interfaces__rosidl_typesupport_cppExport-noconfig.cmake
[2.474s] -- Up-to-date: /home/mechax/ylh/sentry_vision/install/btcpp_ros2_interfaces/share/btcpp_ros2_interfaces/cmake/export_btcpp_ros2_interfaces__rosidl_generator_pyExport.cmake
[2.474s] -- Up-to-date: /home/mechax/ylh/sentry_vision/install/btcpp_ros2_interfaces/share/btcpp_ros2_interfaces/cmake/export_btcpp_ros2_interfaces__rosidl_generator_pyExport-noconfig.cmake
[2.474s] -- Up-to-date: /home/mechax/ylh/sentry_vision/install/btcpp_ros2_interfaces/share/btcpp_ros2_interfaces/cmake/rosidl_cmake-extras.cmake
[2.474s] -- Up-to-date: /home/mechax/ylh/sentry_vision/install/btcpp_ros2_interfaces/share/btcpp_ros2_interfaces/cmake/ament_cmake_export_dependencies-extras.cmake
[2.474s] -- Up-to-date: /home/mechax/ylh/sentry_vision/install/btcpp_ros2_interfaces/share/btcpp_ros2_interfaces/cmake/ament_cmake_export_include_directories-extras.cmake
[2.474s] -- Up-to-date: /home/mechax/ylh/sentry_vision/install/btcpp_ros2_interfaces/share/btcpp_ros2_interfaces/cmake/ament_cmake_export_libraries-extras.cmake
[2.474s] -- Up-to-date: /home/mechax/ylh/sentry_vision/install/btcpp_ros2_interfaces/share/btcpp_ros2_interfaces/cmake/ament_cmake_export_targets-extras.cmake
[2.474s] -- Up-to-date: /home/mechax/ylh/sentry_vision/install/btcpp_ros2_interfaces/share/btcpp_ros2_interfaces/cmake/rosidl_cmake_export_typesupport_targets-extras.cmake
[2.475s] -- Up-to-date: /home/mechax/ylh/sentry_vision/install/btcpp_ros2_interfaces/share/btcpp_ros2_interfaces/cmake/rosidl_cmake_export_typesupport_libraries-extras.cmake
[2.475s] -- Up-to-date: /home/mechax/ylh/sentry_vision/install/btcpp_ros2_interfaces/share/btcpp_ros2_interfaces/cmake/btcpp_ros2_interfacesConfig.cmake
[2.475s] -- Up-to-date: /home/mechax/ylh/sentry_vision/install/btcpp_ros2_interfaces/share/btcpp_ros2_interfaces/cmake/btcpp_ros2_interfacesConfig-version.cmake
[2.475s] -- Up-to-date: /home/mechax/ylh/sentry_vision/install/btcpp_ros2_interfaces/share/btcpp_ros2_interfaces/package.xml
[2.580s] Invoked command in '/home/mechax/ylh/sentry_vision/build/btcpp_ros2_interfaces' returned '0': CMAKE_PREFIX_PATH=/opt/ros/humble /usr/bin/cmake --install /home/mechax/ylh/sentry_vision/build/btcpp_ros2_interfaces
