[0.114s] Invoking command in '/home/mechax/ylh/sentry_vision/build/rm_navigation': CMAKE_PREFIX_PATH=/opt/ros/humble /usr/bin/cmake --build /home/mechax/ylh/sentry_vision/build/rm_navigation -- -j16 -l16
[0.271s] Invoked command in '/home/mechax/ylh/sentry_vision/build/rm_navigation' returned '0': CMAKE_PREFIX_PATH=/opt/ros/humble /usr/bin/cmake --build /home/mechax/ylh/sentry_vision/build/rm_navigation -- -j16 -l16
[0.341s] Invoking command in '/home/mechax/ylh/sentry_vision/build/rm_navigation': CMAKE_PREFIX_PATH=/opt/ros/humble /usr/bin/cmake --install /home/mechax/ylh/sentry_vision/build/rm_navigation
[0.408s] -- Install configuration: ""
[0.408s] -- Up-to-date: /home/mechax/ylh/sentry_vision/install/rm_navigation/share/rm_navigation/params
[0.408s] -- Up-to-date: /home/mechax/ylh/sentry_vision/install/rm_navigation/share/rm_navigation/params/nav2_params.yaml
[0.408s] -- Up-to-date: /home/mechax/ylh/sentry_vision/install/rm_navigation/share/rm_navigation/params/mapper_params_online_async.yaml
[0.408s] -- Up-to-date: /home/mechax/ylh/sentry_vision/install/rm_navigation/share/rm_navigation/launch
[0.408s] -- Up-to-date: /home/mechax/ylh/sentry_vision/install/rm_navigation/share/rm_navigation/launch/localization_launch.py
[0.408s] -- Up-to-date: /home/mechax/ylh/sentry_vision/install/rm_navigation/share/rm_navigation/launch/navigation_launch.py
[0.408s] -- Up-to-date: /home/mechax/ylh/sentry_vision/install/rm_navigation/share/rm_navigation/launch/online_async_launch.py
[0.409s] -- Up-to-date: /home/mechax/ylh/sentry_vision/install/rm_navigation/share/rm_navigation/launch/rviz_launch.py
[0.409s] -- Up-to-date: /home/mechax/ylh/sentry_vision/install/rm_navigation/share/rm_navigation/launch/slam_launch.py
[0.409s] -- Up-to-date: /home/mechax/ylh/sentry_vision/install/rm_navigation/share/rm_navigation/launch/bringup_no_amcl_launch.py
[0.409s] -- Up-to-date: /home/mechax/ylh/sentry_vision/install/rm_navigation/share/rm_navigation/launch/bringup_launch.py
[0.409s] -- Up-to-date: /home/mechax/ylh/sentry_vision/install/rm_navigation/share/rm_navigation/map
[0.409s] -- Up-to-date: /home/mechax/ylh/sentry_vision/install/rm_navigation/share/rm_navigation/map/map_1710751221.yaml
[0.409s] -- Up-to-date: /home/mechax/ylh/sentry_vision/install/rm_navigation/share/rm_navigation/map/map_1709367541.pgm
[0.409s] -- Up-to-date: /home/mechax/ylh/sentry_vision/install/rm_navigation/share/rm_navigation/map/map_1711159857.yaml
[0.409s] -- Up-to-date: /home/mechax/ylh/sentry_vision/install/rm_navigation/share/rm_navigation/map/map_1705367110.yaml
[0.409s] -- Up-to-date: /home/mechax/ylh/sentry_vision/install/rm_navigation/share/rm_navigation/map/map_1710420572.pgm
[0.409s] -- Up-to-date: /home/mechax/ylh/sentry_vision/install/rm_navigation/share/rm_navigation/map/map_1709999627.pgm
[0.409s] -- Up-to-date: /home/mechax/ylh/sentry_vision/install/rm_navigation/share/rm_navigation/map/map_1709367541.yaml
[0.416s] -- Up-to-date: /home/mechax/ylh/sentry_vision/install/rm_navigation/share/rm_navigation/map/RMUL.yaml
[0.417s] -- Up-to-date: /home/mechax/ylh/sentry_vision/install/rm_navigation/share/rm_navigation/map/map_1709999627.yaml
[0.417s] -- Up-to-date: /home/mechax/ylh/sentry_vision/install/rm_navigation/share/rm_navigation/map/RMUL.pgm
[0.417s] -- Up-to-date: /home/mechax/ylh/sentry_vision/install/rm_navigation/share/rm_navigation/map/map_1705367110.pgm
[0.417s] -- Up-to-date: /home/mechax/ylh/sentry_vision/install/rm_navigation/share/rm_navigation/map/map_1710420572.yaml
[0.417s] -- Up-to-date: /home/mechax/ylh/sentry_vision/install/rm_navigation/share/rm_navigation/map/map_1710751221.pgm
[0.417s] -- Up-to-date: /home/mechax/ylh/sentry_vision/install/rm_navigation/share/rm_navigation/map/map_1711159857.pgm
[0.417s] -- Up-to-date: /home/mechax/ylh/sentry_vision/install/rm_navigation/share/ament_index/resource_index/package_run_dependencies/rm_navigation
[0.418s] -- Up-to-date: /home/mechax/ylh/sentry_vision/install/rm_navigation/share/ament_index/resource_index/parent_prefix_path/rm_navigation
[0.418s] -- Up-to-date: /home/mechax/ylh/sentry_vision/install/rm_navigation/share/rm_navigation/environment/ament_prefix_path.sh
[0.418s] -- Up-to-date: /home/mechax/ylh/sentry_vision/install/rm_navigation/share/rm_navigation/environment/ament_prefix_path.dsv
[0.418s] -- Up-to-date: /home/mechax/ylh/sentry_vision/install/rm_navigation/share/rm_navigation/environment/path.sh
[0.418s] -- Up-to-date: /home/mechax/ylh/sentry_vision/install/rm_navigation/share/rm_navigation/environment/path.dsv
[0.418s] -- Up-to-date: /home/mechax/ylh/sentry_vision/install/rm_navigation/share/rm_navigation/local_setup.bash
[0.418s] -- Up-to-date: /home/mechax/ylh/sentry_vision/install/rm_navigation/share/rm_navigation/local_setup.sh
[0.419s] -- Up-to-date: /home/mechax/ylh/sentry_vision/install/rm_navigation/share/rm_navigation/local_setup.zsh
[0.419s] -- Up-to-date: /home/mechax/ylh/sentry_vision/install/rm_navigation/share/rm_navigation/local_setup.dsv
[0.419s] -- Installing: /home/mechax/ylh/sentry_vision/install/rm_navigation/share/rm_navigation/package.dsv
[0.419s] -- Up-to-date: /home/mechax/ylh/sentry_vision/install/rm_navigation/share/ament_index/resource_index/packages/rm_navigation
[0.419s] -- Up-to-date: /home/mechax/ylh/sentry_vision/install/rm_navigation/share/rm_navigation/cmake/rm_navigationConfig.cmake
[0.419s] -- Up-to-date: /home/mechax/ylh/sentry_vision/install/rm_navigation/share/rm_navigation/cmake/rm_navigationConfig-version.cmake
[0.419s] -- Up-to-date: /home/mechax/ylh/sentry_vision/install/rm_navigation/share/rm_navigation/package.xml
[0.479s] Invoked command in '/home/mechax/ylh/sentry_vision/build/rm_navigation' returned '0': CMAKE_PREFIX_PATH=/opt/ros/humble /usr/bin/cmake --install /home/mechax/ylh/sentry_vision/build/rm_navigation
