[35m[1mConsolidate compiler generated dependencies of target rm_decision[0m
[ 50%] Built target rm_decision_node
[ 75%] [32mBuilding CXX object CMakeFiles/rm_decision.dir/src/commander.cpp.o[0m
[100%] [32m[1mLinking CXX shared library librm_decision.so[0m
[100%] Built target rm_decision
-- Install configuration: ""
-- Up-to-date: /home/mechax/ylh/sentry_vision/install/rm_decision/lib/rm_decision/rm_decision_node
-- Up-to-date: /home/mechax/ylh/sentry_vision/install/rm_decision/include
-- Up-to-date: /home/mechax/ylh/sentry_vision/install/rm_decision/include/rm_decision
-- Installing: /home/mechax/ylh/sentry_vision/install/rm_decision/include/rm_decision/commander.hpp
-- Up-to-date: /home/mechax/ylh/sentry_vision/install/rm_decision/share/rm_decision/environment/library_path.sh
-- Up-to-date: /home/mechax/ylh/sentry_vision/install/rm_decision/share/rm_decision/environment/library_path.dsv
-- Installing: /home/mechax/ylh/sentry_vision/install/rm_decision/lib/librm_decision.so
-- Set runtime path of "/home/mechax/ylh/sentry_vision/install/rm_decision/lib/librm_decision.so" to ""
-- Up-to-date: /home/mechax/ylh/sentry_vision/install/rm_decision/share/rm_decision/launch
-- Up-to-date: /home/mechax/ylh/sentry_vision/install/rm_decision/share/rm_decision/launch/my_launch.py
-- Up-to-date: /home/mechax/ylh/sentry_vision/install/rm_decision/share/rm_decision/config
-- Up-to-date: /home/mechax/ylh/sentry_vision/install/rm_decision/share/rm_decision/config/sentry_bt.btproj
-- Up-to-date: /home/mechax/ylh/sentry_vision/install/rm_decision/share/rm_decision/config/node_params.yaml
-- Up-to-date: /home/mechax/ylh/sentry_vision/install/rm_decision/share/rm_decision/config/sentry_bt.xml
-- Up-to-date: /home/mechax/ylh/sentry_vision/install/rm_decision/share/ament_index/resource_index/package_run_dependencies/rm_decision
-- Up-to-date: /home/mechax/ylh/sentry_vision/install/rm_decision/share/ament_index/resource_index/parent_prefix_path/rm_decision
-- Up-to-date: /home/mechax/ylh/sentry_vision/install/rm_decision/share/rm_decision/environment/ament_prefix_path.sh
-- Up-to-date: /home/mechax/ylh/sentry_vision/install/rm_decision/share/rm_decision/environment/ament_prefix_path.dsv
-- Up-to-date: /home/mechax/ylh/sentry_vision/install/rm_decision/share/rm_decision/environment/path.sh
-- Up-to-date: /home/mechax/ylh/sentry_vision/install/rm_decision/share/rm_decision/environment/path.dsv
-- Up-to-date: /home/mechax/ylh/sentry_vision/install/rm_decision/share/rm_decision/local_setup.bash
-- Up-to-date: /home/mechax/ylh/sentry_vision/install/rm_decision/share/rm_decision/local_setup.sh
-- Up-to-date: /home/mechax/ylh/sentry_vision/install/rm_decision/share/rm_decision/local_setup.zsh
-- Up-to-date: /home/mechax/ylh/sentry_vision/install/rm_decision/share/rm_decision/local_setup.dsv
-- Installing: /home/mechax/ylh/sentry_vision/install/rm_decision/share/rm_decision/package.dsv
-- Up-to-date: /home/mechax/ylh/sentry_vision/install/rm_decision/share/ament_index/resource_index/packages/rm_decision
-- Up-to-date: /home/mechax/ylh/sentry_vision/install/rm_decision/share/ament_index/resource_index/rclcpp_components/rm_decision
-- Up-to-date: /home/mechax/ylh/sentry_vision/install/rm_decision/share/rm_decision/cmake/ament_cmake_export_dependencies-extras.cmake
-- Up-to-date: /home/mechax/ylh/sentry_vision/install/rm_decision/share/rm_decision/cmake/ament_cmake_export_include_directories-extras.cmake
-- Up-to-date: /home/mechax/ylh/sentry_vision/install/rm_decision/share/rm_decision/cmake/ament_cmake_export_libraries-extras.cmake
-- Up-to-date: /home/mechax/ylh/sentry_vision/install/rm_decision/share/rm_decision/cmake/rm_decisionConfig.cmake
-- Up-to-date: /home/mechax/ylh/sentry_vision/install/rm_decision/share/rm_decision/cmake/rm_decisionConfig-version.cmake
-- Up-to-date: /home/mechax/ylh/sentry_vision/install/rm_decision/share/rm_decision/package.xml
-- Up-to-date: /home/mechax/ylh/sentry_vision/install/rm_decision/share/rm_decision/launch
-- Up-to-date: /home/mechax/ylh/sentry_vision/install/rm_decision/share/rm_decision/launch/my_launch.py
-- Up-to-date: /home/mechax/ylh/sentry_vision/install/rm_decision/share/rm_decision/config
-- Up-to-date: /home/mechax/ylh/sentry_vision/install/rm_decision/share/rm_decision/config/sentry_bt.btproj
-- Up-to-date: /home/mechax/ylh/sentry_vision/install/rm_decision/share/rm_decision/config/node_params.yaml
-- Up-to-date: /home/mechax/ylh/sentry_vision/install/rm_decision/share/rm_decision/config/sentry_bt.xml
