-- The C compiler identification is GNU 11.4.0
-- The CXX compiler identification is GNU 11.4.0
-- Detecting C compiler ABI info
-- Detecting C compiler ABI info - done
-- Check for working C compiler: /usr/bin/cc - skipped
-- Detecting C compile features
-- Detecting C compile features - done
-- Detecting CXX compiler ABI info
-- Detecting CXX compiler ABI info - done
-- Check for working CXX compiler: /usr/bin/c++ - skipped
-- Detecting CXX compile features
-- Detecting CXX compile features - done
-- Found ament_cmake_auto: 1.3.6 (/opt/ros/humble/share/ament_cmake_auto/cmake)
-- Found Python3: /usr/bin/python3.10 (found version "3.10.12") found components: Interpreter 
-- Found rosidl_generator_c: 3.1.5 (/opt/ros/humble/share/rosidl_generator_c/cmake)
-- Found rosidl_adapter: 3.1.5 (/opt/ros/humble/share/rosidl_adapter/cmake)
-- Found rosidl_generator_cpp: 3.1.5 (/opt/ros/humble/share/rosidl_generator_cpp/cmake)
-- Using all available rosidl_typesupport_c: rosidl_typesupport_fastrtps_c;rosidl_typesupport_introspection_c
-- Using all available rosidl_typesupport_cpp: rosidl_typesupport_fastrtps_cpp;rosidl_typesupport_introspection_cpp
-- Found rmw_implementation_cmake: 6.1.1 (/opt/ros/humble/share/rmw_implementation_cmake/cmake)
-- Found rmw_fastrtps_cpp: 6.2.5 (/opt/ros/humble/share/rmw_fastrtps_cpp/cmake)
-- Found OpenSSL: /usr/lib/x86_64-linux-gnu/libcrypto.so (found version "3.0.2")  
-- Found FastRTPS: /opt/ros/humble/include  
-- Using RMW implementation 'rmw_fastrtps_cpp' as default
-- Looking for pthread.h
-- Looking for pthread.h - found
-- Performing Test CMAKE_HAVE_LIBC_PTHREAD
-- Performing Test CMAKE_HAVE_LIBC_PTHREAD - Success
-- Found Threads: TRUE  
-- Found eigen3_cmake_module: 0.1.1 (/opt/ros/humble/share/eigen3_cmake_module/cmake)
-- Found Eigen3: TRUE (found version "3.4.0") 
-- Ensuring Eigen3 include directory is part of orocos-kdl CMake target
-- Found ament_lint_auto: 0.12.9 (/opt/ros/humble/share/ament_lint_auto/cmake)
-- Added test 'cppcheck' to perform static code analysis on C / C++ code
-- Configured cppcheck include dirs: /home/mechax/ylh/sentry_vision/src/rm_decision/rm_decision/include
-- Configured cppcheck exclude dirs and/or files: 
-- Added test 'cpplint' to check C / C++ code against the Google style
-- Configured cpplint exclude dirs and/or files: 
-- Added test 'flake8' to check Python code syntax and style conventions
-- Added test 'lint_cmake' to check CMake code style
-- Added test 'pep257' to check Python code against some of the docstring style conventions in PEP 257
-- Added test 'xmllint' to check XML markup files
-- Added test 'clang_format' to check C / C++ code style
-- Configuring done
-- Generating done
-- Build files have been written to: /home/mechax/ylh/sentry_vision/build/rm_decision
[ 50%] [32mBuilding CXX object CMakeFiles/rm_decision_node.dir/rclcpp_components/node_main_rm_decision_node.cpp.o[0m
[ 50%] [32mBuilding CXX object CMakeFiles/rm_decision.dir/src/commander.cpp.o[0m
[ 75%] [32m[1mLinking CXX executable rm_decision_node[0m
[ 75%] Built target rm_decision_node
[100%] [32m[1mLinking CXX shared library librm_decision.so[0m
[100%] Built target rm_decision
-- Install configuration: ""
-- Installing: /home/mechax/ylh/sentry_vision/install/rm_decision/lib/rm_decision/rm_decision_node
-- Set runtime path of "/home/mechax/ylh/sentry_vision/install/rm_decision/lib/rm_decision/rm_decision_node" to ""
-- Installing: /home/mechax/ylh/sentry_vision/install/rm_decision/include
-- Installing: /home/mechax/ylh/sentry_vision/install/rm_decision/include/rm_decision
-- Installing: /home/mechax/ylh/sentry_vision/install/rm_decision/include/rm_decision/commander.hpp
-- Installing: /home/mechax/ylh/sentry_vision/install/rm_decision/share/rm_decision/environment/library_path.sh
-- Installing: /home/mechax/ylh/sentry_vision/install/rm_decision/share/rm_decision/environment/library_path.dsv
-- Installing: /home/mechax/ylh/sentry_vision/install/rm_decision/lib/librm_decision.so
-- Set runtime path of "/home/mechax/ylh/sentry_vision/install/rm_decision/lib/librm_decision.so" to ""
-- Installing: /home/mechax/ylh/sentry_vision/install/rm_decision/share/rm_decision/launch
-- Installing: /home/mechax/ylh/sentry_vision/install/rm_decision/share/rm_decision/launch/my_launch.py
-- Installing: /home/mechax/ylh/sentry_vision/install/rm_decision/share/rm_decision/config
-- Installing: /home/mechax/ylh/sentry_vision/install/rm_decision/share/rm_decision/config/sentry_bt.btproj
-- Installing: /home/mechax/ylh/sentry_vision/install/rm_decision/share/rm_decision/config/node_params.yaml
-- Installing: /home/mechax/ylh/sentry_vision/install/rm_decision/share/rm_decision/config/sentry_bt.xml
-- Installing: /home/mechax/ylh/sentry_vision/install/rm_decision/share/ament_index/resource_index/package_run_dependencies/rm_decision
-- Installing: /home/mechax/ylh/sentry_vision/install/rm_decision/share/ament_index/resource_index/parent_prefix_path/rm_decision
-- Installing: /home/mechax/ylh/sentry_vision/install/rm_decision/share/rm_decision/environment/ament_prefix_path.sh
-- Installing: /home/mechax/ylh/sentry_vision/install/rm_decision/share/rm_decision/environment/ament_prefix_path.dsv
-- Installing: /home/mechax/ylh/sentry_vision/install/rm_decision/share/rm_decision/environment/path.sh
-- Installing: /home/mechax/ylh/sentry_vision/install/rm_decision/share/rm_decision/environment/path.dsv
-- Installing: /home/mechax/ylh/sentry_vision/install/rm_decision/share/rm_decision/local_setup.bash
-- Installing: /home/mechax/ylh/sentry_vision/install/rm_decision/share/rm_decision/local_setup.sh
-- Installing: /home/mechax/ylh/sentry_vision/install/rm_decision/share/rm_decision/local_setup.zsh
-- Installing: /home/mechax/ylh/sentry_vision/install/rm_decision/share/rm_decision/local_setup.dsv
-- Installing: /home/mechax/ylh/sentry_vision/install/rm_decision/share/rm_decision/package.dsv
-- Installing: /home/mechax/ylh/sentry_vision/install/rm_decision/share/ament_index/resource_index/packages/rm_decision
-- Installing: /home/mechax/ylh/sentry_vision/install/rm_decision/share/ament_index/resource_index/rclcpp_components/rm_decision
-- Installing: /home/mechax/ylh/sentry_vision/install/rm_decision/share/rm_decision/cmake/ament_cmake_export_dependencies-extras.cmake
-- Installing: /home/mechax/ylh/sentry_vision/install/rm_decision/share/rm_decision/cmake/ament_cmake_export_include_directories-extras.cmake
-- Installing: /home/mechax/ylh/sentry_vision/install/rm_decision/share/rm_decision/cmake/ament_cmake_export_libraries-extras.cmake
-- Installing: /home/mechax/ylh/sentry_vision/install/rm_decision/share/rm_decision/cmake/rm_decisionConfig.cmake
-- Installing: /home/mechax/ylh/sentry_vision/install/rm_decision/share/rm_decision/cmake/rm_decisionConfig-version.cmake
-- Installing: /home/mechax/ylh/sentry_vision/install/rm_decision/share/rm_decision/package.xml
-- Up-to-date: /home/mechax/ylh/sentry_vision/install/rm_decision/share/rm_decision/launch
-- Up-to-date: /home/mechax/ylh/sentry_vision/install/rm_decision/share/rm_decision/launch/my_launch.py
-- Up-to-date: /home/mechax/ylh/sentry_vision/install/rm_decision/share/rm_decision/config
-- Up-to-date: /home/mechax/ylh/sentry_vision/install/rm_decision/share/rm_decision/config/sentry_bt.btproj
-- Up-to-date: /home/mechax/ylh/sentry_vision/install/rm_decision/share/rm_decision/config/node_params.yaml
-- Up-to-date: /home/mechax/ylh/sentry_vision/install/rm_decision/share/rm_decision/config/sentry_bt.xml
