[0.034s] Invoking command in '/home/mechax/ylh/sentry_vision/build/rm_decision': AMENT_PREFIX_PATH=/home/mechax/ylh/sentry_vision/install/behaviortree_ros2:/home/mechax/ylh/sentry_vision/install/rm_decision_interfaces:/home/mechax/ylh/sentry_vision/install/behaviortree_cpp:/home/mechax/ylh/sentry_vision/install/auto_aim_interfaces:${AMENT_PREFIX_PATH} CMAKE_PREFIX_PATH=/home/mechax/ylh/sentry_vision/install/behaviortree_ros2:/home/mechax/ylh/sentry_vision/install/rm_decision_interfaces:/home/mechax/ylh/sentry_vision/install/behaviortree_cpp:/home/mechax/ylh/sentry_vision/install/auto_aim_interfaces:/opt/ros/humble LD_LIBRARY_PATH=/home/mechax/ylh/sentry_vision/install/rm_decision_interfaces/lib:/home/mechax/ylh/sentry_vision/install/behaviortree_cpp/lib:/home/mechax/ylh/sentry_vision/install/auto_aim_interfaces/lib:${LD_LIBRARY_PATH} PATH=/home/mechax/ylh/sentry_vision/install/behaviortree_cpp/bin:${PATH} PYTHONPATH=/home/mechax/ylh/sentry_vision/install/rm_decision_interfaces/local/lib/python3.10/dist-packages:/home/mechax/ylh/sentry_vision/install/auto_aim_interfaces/local/lib/python3.10/dist-packages:${PYTHONPATH} /usr/bin/cmake /home/mechax/ylh/sentry_vision/src/rm_decision/rm_decision -DCMAKE_EXPORT_COMPILE_COMMANDS=ON -DCMAKE_INSTALL_PREFIX=/home/mechax/ylh/sentry_vision/install/rm_decision
[0.074s] -- The C compiler identification is GNU 11.4.0
[0.113s] -- The CXX compiler identification is GNU 11.4.0
[0.118s] -- Detecting C compiler ABI info
[0.164s] -- Detecting C compiler ABI info - done
[0.170s] -- Check for working C compiler: /usr/bin/cc - skipped
[0.170s] -- Detecting C compile features
[0.171s] -- Detecting C compile features - done
[0.173s] -- Detecting CXX compiler ABI info
[0.228s] -- Detecting CXX compiler ABI info - done
[0.233s] -- Check for working CXX compiler: /usr/bin/c++ - skipped
[0.233s] -- Detecting CXX compile features
[0.233s] -- Detecting CXX compile features - done
[0.235s] -- Found ament_cmake_auto: 1.3.6 (/opt/ros/humble/share/ament_cmake_auto/cmake)
[0.507s] -- Found Python3: /usr/bin/python3.10 (found version "3.10.12") found components: Interpreter 
[0.650s] -- Found rosidl_generator_c: 3.1.5 (/opt/ros/humble/share/rosidl_generator_c/cmake)
[0.654s] -- Found rosidl_adapter: 3.1.5 (/opt/ros/humble/share/rosidl_adapter/cmake)
[0.660s] -- Found rosidl_generator_cpp: 3.1.5 (/opt/ros/humble/share/rosidl_generator_cpp/cmake)
[0.670s] -- Using all available rosidl_typesupport_c: rosidl_typesupport_fastrtps_c;rosidl_typesupport_introspection_c
[0.683s] -- Using all available rosidl_typesupport_cpp: rosidl_typesupport_fastrtps_cpp;rosidl_typesupport_introspection_cpp
[0.742s] -- Found rmw_implementation_cmake: 6.1.1 (/opt/ros/humble/share/rmw_implementation_cmake/cmake)
[0.744s] -- Found rmw_fastrtps_cpp: 6.2.5 (/opt/ros/humble/share/rmw_fastrtps_cpp/cmake)
[0.814s] -- Found OpenSSL: /usr/lib/x86_64-linux-gnu/libcrypto.so (found version "3.0.2")  
[0.834s] -- Found FastRTPS: /opt/ros/humble/include  
[0.872s] -- Using RMW implementation 'rmw_fastrtps_cpp' as default
[0.880s] -- Looking for pthread.h
[0.933s] -- Looking for pthread.h - found
[0.934s] -- Performing Test CMAKE_HAVE_LIBC_PTHREAD
[0.984s] -- Performing Test CMAKE_HAVE_LIBC_PTHREAD - Success
[0.985s] -- Found Threads: TRUE  
[1.511s] -- Found eigen3_cmake_module: 0.1.1 (/opt/ros/humble/share/eigen3_cmake_module/cmake)
[1.512s] -- Found Eigen3: TRUE (found version "3.4.0") 
[1.512s] -- Ensuring Eigen3 include directory is part of orocos-kdl CMake target
[2.104s] -- Found ament_lint_auto: 0.12.9 (/opt/ros/humble/share/ament_lint_auto/cmake)
[2.135s] -- Added test 'cppcheck' to perform static code analysis on C / C++ code
[2.135s] -- Configured cppcheck include dirs: /home/mechax/ylh/sentry_vision/src/rm_decision/rm_decision/include
[2.135s] -- Configured cppcheck exclude dirs and/or files: 
[2.137s] -- Added test 'cpplint' to check C / C++ code against the Google style
[2.137s] -- Configured cpplint exclude dirs and/or files: 
[2.138s] -- Added test 'flake8' to check Python code syntax and style conventions
[2.138s] -- Added test 'lint_cmake' to check CMake code style
[2.139s] -- Added test 'pep257' to check Python code against some of the docstring style conventions in PEP 257
[2.140s] -- Added test 'xmllint' to check XML markup files
[2.141s] -- Added test 'clang_format' to check C / C++ code style
[2.144s] -- Configuring done
[2.167s] -- Generating done
[2.170s] -- Build files have been written to: /home/mechax/ylh/sentry_vision/build/rm_decision
[2.191s] Invoked command in '/home/mechax/ylh/sentry_vision/build/rm_decision' returned '0': AMENT_PREFIX_PATH=/home/mechax/ylh/sentry_vision/install/behaviortree_ros2:/home/mechax/ylh/sentry_vision/install/rm_decision_interfaces:/home/mechax/ylh/sentry_vision/install/behaviortree_cpp:/home/mechax/ylh/sentry_vision/install/auto_aim_interfaces:${AMENT_PREFIX_PATH} CMAKE_PREFIX_PATH=/home/mechax/ylh/sentry_vision/install/behaviortree_ros2:/home/mechax/ylh/sentry_vision/install/rm_decision_interfaces:/home/mechax/ylh/sentry_vision/install/behaviortree_cpp:/home/mechax/ylh/sentry_vision/install/auto_aim_interfaces:/opt/ros/humble LD_LIBRARY_PATH=/home/mechax/ylh/sentry_vision/install/rm_decision_interfaces/lib:/home/mechax/ylh/sentry_vision/install/behaviortree_cpp/lib:/home/mechax/ylh/sentry_vision/install/auto_aim_interfaces/lib:${LD_LIBRARY_PATH} PATH=/home/mechax/ylh/sentry_vision/install/behaviortree_cpp/bin:${PATH} PYTHONPATH=/home/mechax/ylh/sentry_vision/install/rm_decision_interfaces/local/lib/python3.10/dist-packages:/home/mechax/ylh/sentry_vision/install/auto_aim_interfaces/local/lib/python3.10/dist-packages:${PYTHONPATH} /usr/bin/cmake /home/mechax/ylh/sentry_vision/src/rm_decision/rm_decision -DCMAKE_EXPORT_COMPILE_COMMANDS=ON -DCMAKE_INSTALL_PREFIX=/home/mechax/ylh/sentry_vision/install/rm_decision
[2.193s] Invoking command in '/home/mechax/ylh/sentry_vision/build/rm_decision': AMENT_PREFIX_PATH=/home/mechax/ylh/sentry_vision/install/behaviortree_ros2:/home/mechax/ylh/sentry_vision/install/rm_decision_interfaces:/home/mechax/ylh/sentry_vision/install/behaviortree_cpp:/home/mechax/ylh/sentry_vision/install/auto_aim_interfaces:${AMENT_PREFIX_PATH} CMAKE_PREFIX_PATH=/home/mechax/ylh/sentry_vision/install/behaviortree_ros2:/home/mechax/ylh/sentry_vision/install/rm_decision_interfaces:/home/mechax/ylh/sentry_vision/install/behaviortree_cpp:/home/mechax/ylh/sentry_vision/install/auto_aim_interfaces:/opt/ros/humble LD_LIBRARY_PATH=/home/mechax/ylh/sentry_vision/install/rm_decision_interfaces/lib:/home/mechax/ylh/sentry_vision/install/behaviortree_cpp/lib:/home/mechax/ylh/sentry_vision/install/auto_aim_interfaces/lib:${LD_LIBRARY_PATH} PATH=/home/mechax/ylh/sentry_vision/install/behaviortree_cpp/bin:${PATH} PYTHONPATH=/home/mechax/ylh/sentry_vision/install/rm_decision_interfaces/local/lib/python3.10/dist-packages:/home/mechax/ylh/sentry_vision/install/auto_aim_interfaces/local/lib/python3.10/dist-packages:${PYTHONPATH} /usr/bin/cmake --build /home/mechax/ylh/sentry_vision/build/rm_decision -- -j16 -l16
[2.269s] [ 50%] [32mBuilding CXX object CMakeFiles/rm_decision_node.dir/rclcpp_components/node_main_rm_decision_node.cpp.o[0m
[2.269s] [ 50%] [32mBuilding CXX object CMakeFiles/rm_decision.dir/src/commander.cpp.o[0m
[7.530s] [ 75%] [32m[1mLinking CXX executable rm_decision_node[0m
[7.765s] [ 75%] Built target rm_decision_node
[19.652s] [100%] [32m[1mLinking CXX shared library librm_decision.so[0m
[20.536s] [100%] Built target rm_decision
[20.545s] Invoked command in '/home/mechax/ylh/sentry_vision/build/rm_decision' returned '0': AMENT_PREFIX_PATH=/home/mechax/ylh/sentry_vision/install/behaviortree_ros2:/home/mechax/ylh/sentry_vision/install/rm_decision_interfaces:/home/mechax/ylh/sentry_vision/install/behaviortree_cpp:/home/mechax/ylh/sentry_vision/install/auto_aim_interfaces:${AMENT_PREFIX_PATH} CMAKE_PREFIX_PATH=/home/mechax/ylh/sentry_vision/install/behaviortree_ros2:/home/mechax/ylh/sentry_vision/install/rm_decision_interfaces:/home/mechax/ylh/sentry_vision/install/behaviortree_cpp:/home/mechax/ylh/sentry_vision/install/auto_aim_interfaces:/opt/ros/humble LD_LIBRARY_PATH=/home/mechax/ylh/sentry_vision/install/rm_decision_interfaces/lib:/home/mechax/ylh/sentry_vision/install/behaviortree_cpp/lib:/home/mechax/ylh/sentry_vision/install/auto_aim_interfaces/lib:${LD_LIBRARY_PATH} PATH=/home/mechax/ylh/sentry_vision/install/behaviortree_cpp/bin:${PATH} PYTHONPATH=/home/mechax/ylh/sentry_vision/install/rm_decision_interfaces/local/lib/python3.10/dist-packages:/home/mechax/ylh/sentry_vision/install/auto_aim_interfaces/local/lib/python3.10/dist-packages:${PYTHONPATH} /usr/bin/cmake --build /home/mechax/ylh/sentry_vision/build/rm_decision -- -j16 -l16
[20.567s] Invoking command in '/home/mechax/ylh/sentry_vision/build/rm_decision': AMENT_PREFIX_PATH=/home/mechax/ylh/sentry_vision/install/behaviortree_ros2:/home/mechax/ylh/sentry_vision/install/rm_decision_interfaces:/home/mechax/ylh/sentry_vision/install/behaviortree_cpp:/home/mechax/ylh/sentry_vision/install/auto_aim_interfaces:${AMENT_PREFIX_PATH} CMAKE_PREFIX_PATH=/home/mechax/ylh/sentry_vision/install/behaviortree_ros2:/home/mechax/ylh/sentry_vision/install/rm_decision_interfaces:/home/mechax/ylh/sentry_vision/install/behaviortree_cpp:/home/mechax/ylh/sentry_vision/install/auto_aim_interfaces:/opt/ros/humble LD_LIBRARY_PATH=/home/mechax/ylh/sentry_vision/install/rm_decision_interfaces/lib:/home/mechax/ylh/sentry_vision/install/behaviortree_cpp/lib:/home/mechax/ylh/sentry_vision/install/auto_aim_interfaces/lib:${LD_LIBRARY_PATH} PATH=/home/mechax/ylh/sentry_vision/install/behaviortree_cpp/bin:${PATH} PYTHONPATH=/home/mechax/ylh/sentry_vision/install/rm_decision_interfaces/local/lib/python3.10/dist-packages:/home/mechax/ylh/sentry_vision/install/auto_aim_interfaces/local/lib/python3.10/dist-packages:${PYTHONPATH} /usr/bin/cmake --install /home/mechax/ylh/sentry_vision/build/rm_decision
[20.572s] -- Install configuration: ""
[20.572s] -- Installing: /home/mechax/ylh/sentry_vision/install/rm_decision/lib/rm_decision/rm_decision_node
[20.572s] -- Set runtime path of "/home/mechax/ylh/sentry_vision/install/rm_decision/lib/rm_decision/rm_decision_node" to ""
[20.572s] -- Installing: /home/mechax/ylh/sentry_vision/install/rm_decision/include
[20.572s] -- Installing: /home/mechax/ylh/sentry_vision/install/rm_decision/include/rm_decision
[20.573s] -- Installing: /home/mechax/ylh/sentry_vision/install/rm_decision/include/rm_decision/commander.hpp
[20.573s] -- Installing: /home/mechax/ylh/sentry_vision/install/rm_decision/share/rm_decision/environment/library_path.sh
[20.573s] -- Installing: /home/mechax/ylh/sentry_vision/install/rm_decision/share/rm_decision/environment/library_path.dsv
[20.573s] -- Installing: /home/mechax/ylh/sentry_vision/install/rm_decision/lib/librm_decision.so
[20.583s] -- Set runtime path of "/home/mechax/ylh/sentry_vision/install/rm_decision/lib/librm_decision.so" to ""
[20.583s] -- Installing: /home/mechax/ylh/sentry_vision/install/rm_decision/share/rm_decision/launch
[20.583s] -- Installing: /home/mechax/ylh/sentry_vision/install/rm_decision/share/rm_decision/launch/my_launch.py
[20.583s] -- Installing: /home/mechax/ylh/sentry_vision/install/rm_decision/share/rm_decision/config
[20.583s] -- Installing: /home/mechax/ylh/sentry_vision/install/rm_decision/share/rm_decision/config/sentry_bt.btproj
[20.583s] -- Installing: /home/mechax/ylh/sentry_vision/install/rm_decision/share/rm_decision/config/node_params.yaml
[20.583s] -- Installing: /home/mechax/ylh/sentry_vision/install/rm_decision/share/rm_decision/config/sentry_bt.xml
[20.584s] -- Installing: /home/mechax/ylh/sentry_vision/install/rm_decision/share/ament_index/resource_index/package_run_dependencies/rm_decision
[20.584s] -- Installing: /home/mechax/ylh/sentry_vision/install/rm_decision/share/ament_index/resource_index/parent_prefix_path/rm_decision
[20.584s] -- Installing: /home/mechax/ylh/sentry_vision/install/rm_decision/share/rm_decision/environment/ament_prefix_path.sh
[20.584s] -- Installing: /home/mechax/ylh/sentry_vision/install/rm_decision/share/rm_decision/environment/ament_prefix_path.dsv
[20.584s] -- Installing: /home/mechax/ylh/sentry_vision/install/rm_decision/share/rm_decision/environment/path.sh
[20.584s] -- Installing: /home/mechax/ylh/sentry_vision/install/rm_decision/share/rm_decision/environment/path.dsv
[20.584s] -- Installing: /home/mechax/ylh/sentry_vision/install/rm_decision/share/rm_decision/local_setup.bash
[20.584s] -- Installing: /home/mechax/ylh/sentry_vision/install/rm_decision/share/rm_decision/local_setup.sh
[20.584s] -- Installing: /home/mechax/ylh/sentry_vision/install/rm_decision/share/rm_decision/local_setup.zsh
[20.585s] -- Installing: /home/mechax/ylh/sentry_vision/install/rm_decision/share/rm_decision/local_setup.dsv
[20.585s] -- Installing: /home/mechax/ylh/sentry_vision/install/rm_decision/share/rm_decision/package.dsv
[20.585s] -- Installing: /home/mechax/ylh/sentry_vision/install/rm_decision/share/ament_index/resource_index/packages/rm_decision
[20.585s] -- Installing: /home/mechax/ylh/sentry_vision/install/rm_decision/share/ament_index/resource_index/rclcpp_components/rm_decision
[20.585s] -- Installing: /home/mechax/ylh/sentry_vision/install/rm_decision/share/rm_decision/cmake/ament_cmake_export_dependencies-extras.cmake
[20.585s] -- Installing: /home/mechax/ylh/sentry_vision/install/rm_decision/share/rm_decision/cmake/ament_cmake_export_include_directories-extras.cmake
[20.586s] -- Installing: /home/mechax/ylh/sentry_vision/install/rm_decision/share/rm_decision/cmake/ament_cmake_export_libraries-extras.cmake
[20.586s] -- Installing: /home/mechax/ylh/sentry_vision/install/rm_decision/share/rm_decision/cmake/rm_decisionConfig.cmake
[20.586s] -- Installing: /home/mechax/ylh/sentry_vision/install/rm_decision/share/rm_decision/cmake/rm_decisionConfig-version.cmake
[20.586s] -- Installing: /home/mechax/ylh/sentry_vision/install/rm_decision/share/rm_decision/package.xml
[20.587s] -- Up-to-date: /home/mechax/ylh/sentry_vision/install/rm_decision/share/rm_decision/launch
[20.587s] -- Up-to-date: /home/mechax/ylh/sentry_vision/install/rm_decision/share/rm_decision/launch/my_launch.py
[20.587s] -- Up-to-date: /home/mechax/ylh/sentry_vision/install/rm_decision/share/rm_decision/config
[20.587s] -- Up-to-date: /home/mechax/ylh/sentry_vision/install/rm_decision/share/rm_decision/config/sentry_bt.btproj
[20.587s] -- Up-to-date: /home/mechax/ylh/sentry_vision/install/rm_decision/share/rm_decision/config/node_params.yaml
[20.587s] -- Up-to-date: /home/mechax/ylh/sentry_vision/install/rm_decision/share/rm_decision/config/sentry_bt.xml
[20.587s] Invoked command in '/home/mechax/ylh/sentry_vision/build/rm_decision' returned '0': AMENT_PREFIX_PATH=/home/mechax/ylh/sentry_vision/install/behaviortree_ros2:/home/mechax/ylh/sentry_vision/install/rm_decision_interfaces:/home/mechax/ylh/sentry_vision/install/behaviortree_cpp:/home/mechax/ylh/sentry_vision/install/auto_aim_interfaces:${AMENT_PREFIX_PATH} CMAKE_PREFIX_PATH=/home/mechax/ylh/sentry_vision/install/behaviortree_ros2:/home/mechax/ylh/sentry_vision/install/rm_decision_interfaces:/home/mechax/ylh/sentry_vision/install/behaviortree_cpp:/home/mechax/ylh/sentry_vision/install/auto_aim_interfaces:/opt/ros/humble LD_LIBRARY_PATH=/home/mechax/ylh/sentry_vision/install/rm_decision_interfaces/lib:/home/mechax/ylh/sentry_vision/install/behaviortree_cpp/lib:/home/mechax/ylh/sentry_vision/install/auto_aim_interfaces/lib:${LD_LIBRARY_PATH} PATH=/home/mechax/ylh/sentry_vision/install/behaviortree_cpp/bin:${PATH} PYTHONPATH=/home/mechax/ylh/sentry_vision/install/rm_decision_interfaces/local/lib/python3.10/dist-packages:/home/mechax/ylh/sentry_vision/install/auto_aim_interfaces/local/lib/python3.10/dist-packages:${PYTHONPATH} /usr/bin/cmake --install /home/mechax/ylh/sentry_vision/build/rm_decision
