[0.109s] Invoking command in '/home/mechax/ylh/sentry_vision/build/rm_gimbal_description': CMAKE_PREFIX_PATH=/opt/ros/humble /usr/bin/cmake --build /home/mechax/ylh/sentry_vision/build/rm_gimbal_description -- -j16 -l16
[0.279s] Invoked command in '/home/mechax/ylh/sentry_vision/build/rm_gimbal_description' returned '0': CMAKE_PREFIX_PATH=/opt/ros/humble /usr/bin/cmake --build /home/mechax/ylh/sentry_vision/build/rm_gimbal_description -- -j16 -l16
[0.553s] Invoking command in '/home/mechax/ylh/sentry_vision/build/rm_gimbal_description': CMAKE_PREFIX_PATH=/opt/ros/humble /usr/bin/cmake --install /home/mechax/ylh/sentry_vision/build/rm_gimbal_description
[0.667s] -- Install configuration: ""
[0.667s] -- Up-to-date: /home/mechax/ylh/sentry_vision/install/rm_gimbal_description/share/rm_gimbal_description/urdf
[0.667s] -- Up-to-date: /home/mechax/ylh/sentry_vision/install/rm_gimbal_description/share/rm_gimbal_description/urdf/rm_gimbal.urdf.xacro
[0.667s] -- Up-to-date: /home/mechax/ylh/sentry_vision/install/rm_gimbal_description/share/ament_index/resource_index/package_run_dependencies/rm_gimbal_description
[0.668s] -- Up-to-date: /home/mechax/ylh/sentry_vision/install/rm_gimbal_description/share/ament_index/resource_index/parent_prefix_path/rm_gimbal_description
[0.668s] -- Up-to-date: /home/mechax/ylh/sentry_vision/install/rm_gimbal_description/share/rm_gimbal_description/environment/ament_prefix_path.sh
[0.669s] -- Up-to-date: /home/mechax/ylh/sentry_vision/install/rm_gimbal_description/share/rm_gimbal_description/environment/ament_prefix_path.dsv
[0.669s] -- Up-to-date: /home/mechax/ylh/sentry_vision/install/rm_gimbal_description/share/rm_gimbal_description/environment/path.sh
[0.669s] -- Up-to-date: /home/mechax/ylh/sentry_vision/install/rm_gimbal_description/share/rm_gimbal_description/environment/path.dsv
[0.670s] -- Up-to-date: /home/mechax/ylh/sentry_vision/install/rm_gimbal_description/share/rm_gimbal_description/local_setup.bash
[0.670s] -- Up-to-date: /home/mechax/ylh/sentry_vision/install/rm_gimbal_description/share/rm_gimbal_description/local_setup.sh
[0.670s] -- Up-to-date: /home/mechax/ylh/sentry_vision/install/rm_gimbal_description/share/rm_gimbal_description/local_setup.zsh
[0.671s] -- Up-to-date: /home/mechax/ylh/sentry_vision/install/rm_gimbal_description/share/rm_gimbal_description/local_setup.dsv
[0.672s] -- Installing: /home/mechax/ylh/sentry_vision/install/rm_gimbal_description/share/rm_gimbal_description/package.dsv
[0.672s] -- Up-to-date: /home/mechax/ylh/sentry_vision/install/rm_gimbal_description/share/ament_index/resource_index/packages/rm_gimbal_description
[0.673s] -- Up-to-date: /home/mechax/ylh/sentry_vision/install/rm_gimbal_description/share/rm_gimbal_description/cmake/rm_gimbal_descriptionConfig.cmake
[0.673s] -- Up-to-date: /home/mechax/ylh/sentry_vision/install/rm_gimbal_description/share/rm_gimbal_description/cmake/rm_gimbal_descriptionConfig-version.cmake
[0.673s] -- Up-to-date: /home/mechax/ylh/sentry_vision/install/rm_gimbal_description/share/rm_gimbal_description/package.xml
[0.731s] Invoked command in '/home/mechax/ylh/sentry_vision/build/rm_gimbal_description' returned '0': CMAKE_PREFIX_PATH=/opt/ros/humble /usr/bin/cmake --install /home/mechax/ylh/sentry_vision/build/rm_gimbal_description
