[0.289s] Invoking command in '/home/mechax/ylh/sentry_vision/build/linefit_ground_segmentation': CMAKE_PREFIX_PATH=/opt/ros/humble /usr/bin/cmake --build /home/mechax/ylh/sentry_vision/build/linefit_ground_segmentation -- -j16 -l16
[0.434s] [100%] Built target linefit_ground_segmentation
[0.502s] Invoked command in '/home/mechax/ylh/sentry_vision/build/linefit_ground_segmentation' returned '0': CMAKE_PREFIX_PATH=/opt/ros/humble /usr/bin/cmake --build /home/mechax/ylh/sentry_vision/build/linefit_ground_segmentation -- -j16 -l16
[0.854s] Invoking command in '/home/mechax/ylh/sentry_vision/build/linefit_ground_segmentation': CMAKE_PREFIX_PATH=/opt/ros/humble /usr/bin/cmake --install /home/mechax/ylh/sentry_vision/build/linefit_ground_segmentation
[0.874s] -- Install configuration: ""
[0.875s] -- Up-to-date: /home/mechax/ylh/sentry_vision/install/linefit_ground_segmentation/include
[0.876s] -- Up-to-date: /home/mechax/ylh/sentry_vision/install/linefit_ground_segmentation/include/ground_segmentation
[0.878s] -- Up-to-date: /home/mechax/ylh/sentry_vision/install/linefit_ground_segmentation/include/ground_segmentation/typedefs.h
[0.879s] -- Up-to-date: /home/mechax/ylh/sentry_vision/install/linefit_ground_segmentation/include/ground_segmentation/bin.h
[0.879s] -- Up-to-date: /home/mechax/ylh/sentry_vision/install/linefit_ground_segmentation/include/ground_segmentation/viewer.h
[0.879s] -- Up-to-date: /home/mechax/ylh/sentry_vision/install/linefit_ground_segmentation/include/ground_segmentation/ground_segmentation.h
[0.881s] -- Up-to-date: /home/mechax/ylh/sentry_vision/install/linefit_ground_segmentation/include/ground_segmentation/segment.h
[0.882s] -- Up-to-date: /home/mechax/ylh/sentry_vision/install/linefit_ground_segmentation/share/linefit_ground_segmentation/environment/library_path.sh
[0.882s] -- Up-to-date: /home/mechax/ylh/sentry_vision/install/linefit_ground_segmentation/share/linefit_ground_segmentation/environment/library_path.dsv
[0.883s] -- Up-to-date: /home/mechax/ylh/sentry_vision/install/linefit_ground_segmentation/lib/liblinefit_ground_segmentation.so
[0.883s] -- Up-to-date: /home/mechax/ylh/sentry_vision/install/linefit_ground_segmentation/share/ament_index/resource_index/package_run_dependencies/linefit_ground_segmentation
[0.883s] -- Up-to-date: /home/mechax/ylh/sentry_vision/install/linefit_ground_segmentation/share/ament_index/resource_index/parent_prefix_path/linefit_ground_segmentation
[0.883s] -- Up-to-date: /home/mechax/ylh/sentry_vision/install/linefit_ground_segmentation/share/linefit_ground_segmentation/environment/ament_prefix_path.sh
[0.883s] -- Up-to-date: /home/mechax/ylh/sentry_vision/install/linefit_ground_segmentation/share/linefit_ground_segmentation/environment/ament_prefix_path.dsv
[0.883s] -- Up-to-date: /home/mechax/ylh/sentry_vision/install/linefit_ground_segmentation/share/linefit_ground_segmentation/environment/path.sh
[0.883s] -- Up-to-date: /home/mechax/ylh/sentry_vision/install/linefit_ground_segmentation/share/linefit_ground_segmentation/environment/path.dsv
[0.884s] -- Up-to-date: /home/mechax/ylh/sentry_vision/install/linefit_ground_segmentation/share/linefit_ground_segmentation/local_setup.bash
[0.884s] -- Up-to-date: /home/mechax/ylh/sentry_vision/install/linefit_ground_segmentation/share/linefit_ground_segmentation/local_setup.sh
[0.884s] -- Up-to-date: /home/mechax/ylh/sentry_vision/install/linefit_ground_segmentation/share/linefit_ground_segmentation/local_setup.zsh
[0.884s] -- Up-to-date: /home/mechax/ylh/sentry_vision/install/linefit_ground_segmentation/share/linefit_ground_segmentation/local_setup.dsv
[0.884s] -- Installing: /home/mechax/ylh/sentry_vision/install/linefit_ground_segmentation/share/linefit_ground_segmentation/package.dsv
[0.884s] -- Up-to-date: /home/mechax/ylh/sentry_vision/install/linefit_ground_segmentation/share/ament_index/resource_index/packages/linefit_ground_segmentation
[0.885s] -- Up-to-date: /home/mechax/ylh/sentry_vision/install/linefit_ground_segmentation/share/linefit_ground_segmentation/cmake/ament_cmake_export_dependencies-extras.cmake
[0.885s] -- Up-to-date: /home/mechax/ylh/sentry_vision/install/linefit_ground_segmentation/share/linefit_ground_segmentation/cmake/ament_cmake_export_include_directories-extras.cmake
[0.885s] -- Up-to-date: /home/mechax/ylh/sentry_vision/install/linefit_ground_segmentation/share/linefit_ground_segmentation/cmake/ament_cmake_export_libraries-extras.cmake
[0.885s] -- Up-to-date: /home/mechax/ylh/sentry_vision/install/linefit_ground_segmentation/share/linefit_ground_segmentation/cmake/linefit_ground_segmentationConfig.cmake
[0.885s] -- Up-to-date: /home/mechax/ylh/sentry_vision/install/linefit_ground_segmentation/share/linefit_ground_segmentation/cmake/linefit_ground_segmentationConfig-version.cmake
[0.885s] -- Up-to-date: /home/mechax/ylh/sentry_vision/install/linefit_ground_segmentation/share/linefit_ground_segmentation/package.xml
[1.010s] Invoked command in '/home/mechax/ylh/sentry_vision/build/linefit_ground_segmentation' returned '0': CMAKE_PREFIX_PATH=/opt/ros/humble /usr/bin/cmake --install /home/mechax/ylh/sentry_vision/build/linefit_ground_segmentation
