[0.581s] Invoking command in '/home/mechax/ylh/sentry_vision/build/linefit_ground_segmentation': CMAKE_PREFIX_PATH=/opt/ros/humble /usr/bin/cmake --build /home/mechax/ylh/sentry_vision/build/linefit_ground_segmentation -- -j16 -l16
[0.683s] [100%] Built target linefit_ground_segmentation
[0.759s] Invoked command in '/home/mechax/ylh/sentry_vision/build/linefit_ground_segmentation' returned '0': CMAKE_PREFIX_PATH=/opt/ros/humble /usr/bin/cmake --build /home/mechax/ylh/sentry_vision/build/linefit_ground_segmentation -- -j16 -l16
[1.064s] Invoking command in '/home/mechax/ylh/sentry_vision/build/linefit_ground_segmentation': CMAKE_PREFIX_PATH=/opt/ros/humble /usr/bin/cmake --install /home/mechax/ylh/sentry_vision/build/linefit_ground_segmentation
[1.084s] -- Install configuration: ""
[1.084s] -- Up-to-date: /home/mechax/ylh/sentry_vision/install/linefit_ground_segmentation/include
[1.085s] -- Up-to-date: /home/mechax/ylh/sentry_vision/install/linefit_ground_segmentation/include/ground_segmentation
[1.085s] -- Up-to-date: /home/mechax/ylh/sentry_vision/install/linefit_ground_segmentation/include/ground_segmentation/typedefs.h
[1.085s] -- Up-to-date: /home/mechax/ylh/sentry_vision/install/linefit_ground_segmentation/include/ground_segmentation/bin.h
[1.085s] -- Up-to-date: /home/mechax/ylh/sentry_vision/install/linefit_ground_segmentation/include/ground_segmentation/viewer.h
[1.085s] -- Up-to-date: /home/mechax/ylh/sentry_vision/install/linefit_ground_segmentation/include/ground_segmentation/ground_segmentation.h
[1.085s] -- Up-to-date: /home/mechax/ylh/sentry_vision/install/linefit_ground_segmentation/include/ground_segmentation/segment.h
[1.085s] -- Up-to-date: /home/mechax/ylh/sentry_vision/install/linefit_ground_segmentation/share/linefit_ground_segmentation/environment/library_path.sh
[1.086s] -- Up-to-date: /home/mechax/ylh/sentry_vision/install/linefit_ground_segmentation/share/linefit_ground_segmentation/environment/library_path.dsv
[1.086s] -- Up-to-date: /home/mechax/ylh/sentry_vision/install/linefit_ground_segmentation/lib/liblinefit_ground_segmentation.so
[1.086s] -- Up-to-date: /home/mechax/ylh/sentry_vision/install/linefit_ground_segmentation/share/ament_index/resource_index/package_run_dependencies/linefit_ground_segmentation
[1.086s] -- Up-to-date: /home/mechax/ylh/sentry_vision/install/linefit_ground_segmentation/share/ament_index/resource_index/parent_prefix_path/linefit_ground_segmentation
[1.086s] -- Up-to-date: /home/mechax/ylh/sentry_vision/install/linefit_ground_segmentation/share/linefit_ground_segmentation/environment/ament_prefix_path.sh
[1.087s] -- Up-to-date: /home/mechax/ylh/sentry_vision/install/linefit_ground_segmentation/share/linefit_ground_segmentation/environment/ament_prefix_path.dsv
[1.087s] -- Up-to-date: /home/mechax/ylh/sentry_vision/install/linefit_ground_segmentation/share/linefit_ground_segmentation/environment/path.sh
[1.087s] -- Up-to-date: /home/mechax/ylh/sentry_vision/install/linefit_ground_segmentation/share/linefit_ground_segmentation/environment/path.dsv
[1.087s] -- Up-to-date: /home/mechax/ylh/sentry_vision/install/linefit_ground_segmentation/share/linefit_ground_segmentation/local_setup.bash
[1.087s] -- Up-to-date: /home/mechax/ylh/sentry_vision/install/linefit_ground_segmentation/share/linefit_ground_segmentation/local_setup.sh
[1.087s] -- Up-to-date: /home/mechax/ylh/sentry_vision/install/linefit_ground_segmentation/share/linefit_ground_segmentation/local_setup.zsh
[1.087s] -- Up-to-date: /home/mechax/ylh/sentry_vision/install/linefit_ground_segmentation/share/linefit_ground_segmentation/local_setup.dsv
[1.087s] -- Installing: /home/mechax/ylh/sentry_vision/install/linefit_ground_segmentation/share/linefit_ground_segmentation/package.dsv
[1.087s] -- Up-to-date: /home/mechax/ylh/sentry_vision/install/linefit_ground_segmentation/share/ament_index/resource_index/packages/linefit_ground_segmentation
[1.087s] -- Up-to-date: /home/mechax/ylh/sentry_vision/install/linefit_ground_segmentation/share/linefit_ground_segmentation/cmake/ament_cmake_export_dependencies-extras.cmake
[1.087s] -- Up-to-date: /home/mechax/ylh/sentry_vision/install/linefit_ground_segmentation/share/linefit_ground_segmentation/cmake/ament_cmake_export_include_directories-extras.cmake
[1.087s] -- Up-to-date: /home/mechax/ylh/sentry_vision/install/linefit_ground_segmentation/share/linefit_ground_segmentation/cmake/ament_cmake_export_libraries-extras.cmake
[1.087s] -- Up-to-date: /home/mechax/ylh/sentry_vision/install/linefit_ground_segmentation/share/linefit_ground_segmentation/cmake/linefit_ground_segmentationConfig.cmake
[1.087s] -- Up-to-date: /home/mechax/ylh/sentry_vision/install/linefit_ground_segmentation/share/linefit_ground_segmentation/cmake/linefit_ground_segmentationConfig-version.cmake
[1.087s] -- Up-to-date: /home/mechax/ylh/sentry_vision/install/linefit_ground_segmentation/share/linefit_ground_segmentation/package.xml
[1.175s] Invoked command in '/home/mechax/ylh/sentry_vision/build/linefit_ground_segmentation' returned '0': CMAKE_PREFIX_PATH=/opt/ros/humble /usr/bin/cmake --install /home/mechax/ylh/sentry_vision/build/linefit_ground_segmentation
