[0.460s] Invoking command in '/home/mechax/ylh/sentry_vision/build/icp_localization_ros2': CMAKE_PREFIX_PATH=/opt/ros/humble /usr/bin/cmake --build /home/mechax/ylh/sentry_vision/build/icp_localization_ros2 -- -j16 -l16
[0.634s] [100%] Built target icp_localization
[0.684s] Invoked command in '/home/mechax/ylh/sentry_vision/build/icp_localization_ros2' returned '0': CMAKE_PREFIX_PATH=/opt/ros/humble /usr/bin/cmake --build /home/mechax/ylh/sentry_vision/build/icp_localization_ros2 -- -j16 -l16
[0.937s] Invoking command in '/home/mechax/ylh/sentry_vision/build/icp_localization_ros2': CMAKE_PREFIX_PATH=/opt/ros/humble /usr/bin/cmake --install /home/mechax/ylh/sentry_vision/build/icp_localization_ros2
[0.957s] -- Install configuration: ""
[0.957s] -- Up-to-date: /home/mechax/ylh/sentry_vision/install/icp_localization_ros2/include
[0.957s] -- Up-to-date: /home/mechax/ylh/sentry_vision/install/icp_localization_ros2/include/icp_localization_ros2
[0.957s] -- Up-to-date: /home/mechax/ylh/sentry_vision/install/icp_localization_ros2/include/icp_localization_ros2/common
[0.957s] -- Up-to-date: /home/mechax/ylh/sentry_vision/install/icp_localization_ros2/include/icp_localization_ros2/common/output.hpp
[0.958s] -- Up-to-date: /home/mechax/ylh/sentry_vision/install/icp_localization_ros2/include/icp_localization_ros2/common/math.hpp
[0.958s] -- Up-to-date: /home/mechax/ylh/sentry_vision/install/icp_localization_ros2/include/icp_localization_ros2/common/assert.hpp
[0.958s] -- Up-to-date: /home/mechax/ylh/sentry_vision/install/icp_localization_ros2/include/icp_localization_ros2/common/time.hpp
[0.958s] -- Up-to-date: /home/mechax/ylh/sentry_vision/install/icp_localization_ros2/include/icp_localization_ros2/common/typedefs.hpp
[0.958s] -- Up-to-date: /home/mechax/ylh/sentry_vision/install/icp_localization_ros2/include/icp_localization_ros2/helpers.hpp
[0.963s] -- Up-to-date: /home/mechax/ylh/sentry_vision/install/icp_localization_ros2/include/icp_localization_ros2/RangeDataAccumulator.hpp
[0.964s] -- Up-to-date: /home/mechax/ylh/sentry_vision/install/icp_localization_ros2/include/icp_localization_ros2/Parameters.hpp
[0.964s] -- Up-to-date: /home/mechax/ylh/sentry_vision/install/icp_localization_ros2/include/icp_localization_ros2/transform
[0.964s] -- Up-to-date: /home/mechax/ylh/sentry_vision/install/icp_localization_ros2/include/icp_localization_ros2/transform/FrameTracker.hpp
[0.964s] -- Up-to-date: /home/mechax/ylh/sentry_vision/install/icp_localization_ros2/include/icp_localization_ros2/transform/ImuInterpolationBuffer.hpp
[0.964s] -- Up-to-date: /home/mechax/ylh/sentry_vision/install/icp_localization_ros2/include/icp_localization_ros2/transform/ImuReading.hpp
[0.964s] -- Up-to-date: /home/mechax/ylh/sentry_vision/install/icp_localization_ros2/include/icp_localization_ros2/transform/TwistIntegrationBufferRos.hpp
[0.964s] -- Up-to-date: /home/mechax/ylh/sentry_vision/install/icp_localization_ros2/include/icp_localization_ros2/transform/TfPublisher.hpp
[0.965s] -- Up-to-date: /home/mechax/ylh/sentry_vision/install/icp_localization_ros2/include/icp_localization_ros2/transform/TwistIntegrationBuffer.hpp
[0.965s] -- Up-to-date: /home/mechax/ylh/sentry_vision/install/icp_localization_ros2/include/icp_localization_ros2/transform/math.hpp
[0.965s] -- Up-to-date: /home/mechax/ylh/sentry_vision/install/icp_localization_ros2/include/icp_localization_ros2/transform/ImuTracker.hpp
[0.965s] -- Up-to-date: /home/mechax/ylh/sentry_vision/install/icp_localization_ros2/include/icp_localization_ros2/transform/TransformInterpolationBuffer.hpp
[0.966s] -- Up-to-date: /home/mechax/ylh/sentry_vision/install/icp_localization_ros2/include/icp_localization_ros2/transform/Twist.hpp
[0.966s] -- Up-to-date: /home/mechax/ylh/sentry_vision/install/icp_localization_ros2/include/icp_localization_ros2/transform/RigidTransform.hpp
[0.967s] -- Up-to-date: /home/mechax/ylh/sentry_vision/install/icp_localization_ros2/include/icp_localization_ros2/ICPlocalization.hpp
[0.967s] -- Up-to-date: /home/mechax/ylh/sentry_vision/install/icp_localization_ros2/lib/icp_localization_ros2/icp_localization
[0.967s] -- Up-to-date: /home/mechax/ylh/sentry_vision/install/icp_localization_ros2/share/icp_localization_ros2/launch
[0.968s] -- Up-to-date: /home/mechax/ylh/sentry_vision/install/icp_localization_ros2/share/icp_localization_ros2/launch/bringup.launch.py
[0.968s] -- Up-to-date: /home/mechax/ylh/sentry_vision/install/icp_localization_ros2/share/icp_localization_ros2/config
[0.968s] -- Up-to-date: /home/mechax/ylh/sentry_vision/install/icp_localization_ros2/share/icp_localization_ros2/config/node_params.yaml
[0.968s] -- Up-to-date: /home/mechax/ylh/sentry_vision/install/icp_localization_ros2/share/icp_localization_ros2/config/input_filters_velodyne_puck.yaml
[0.968s] -- Up-to-date: /home/mechax/ylh/sentry_vision/install/icp_localization_ros2/share/icp_localization_ros2/config/input_filters_ouster_os1.yaml
[0.969s] -- Up-to-date: /home/mechax/ylh/sentry_vision/install/icp_localization_ros2/share/icp_localization_ros2/config/icp.yaml
[0.969s] -- Up-to-date: /home/mechax/ylh/sentry_vision/install/icp_localization_ros2/share/icp_localization_ros2/config/plane_noisy.pcd
[0.969s] -- Up-to-date: /home/mechax/ylh/sentry_vision/install/icp_localization_ros2/share/ament_index/resource_index/package_run_dependencies/icp_localization_ros2
[0.969s] -- Up-to-date: /home/mechax/ylh/sentry_vision/install/icp_localization_ros2/share/ament_index/resource_index/parent_prefix_path/icp_localization_ros2
[0.969s] -- Up-to-date: /home/mechax/ylh/sentry_vision/install/icp_localization_ros2/share/icp_localization_ros2/environment/ament_prefix_path.sh
[0.969s] -- Up-to-date: /home/mechax/ylh/sentry_vision/install/icp_localization_ros2/share/icp_localization_ros2/environment/ament_prefix_path.dsv
[0.969s] -- Up-to-date: /home/mechax/ylh/sentry_vision/install/icp_localization_ros2/share/icp_localization_ros2/environment/path.sh
[0.970s] -- Up-to-date: /home/mechax/ylh/sentry_vision/install/icp_localization_ros2/share/icp_localization_ros2/environment/path.dsv
[0.970s] -- Up-to-date: /home/mechax/ylh/sentry_vision/install/icp_localization_ros2/share/icp_localization_ros2/local_setup.bash
[0.970s] -- Up-to-date: /home/mechax/ylh/sentry_vision/install/icp_localization_ros2/share/icp_localization_ros2/local_setup.sh
[0.970s] -- Up-to-date: /home/mechax/ylh/sentry_vision/install/icp_localization_ros2/share/icp_localization_ros2/local_setup.zsh
[0.970s] -- Up-to-date: /home/mechax/ylh/sentry_vision/install/icp_localization_ros2/share/icp_localization_ros2/local_setup.dsv
[0.970s] -- Installing: /home/mechax/ylh/sentry_vision/install/icp_localization_ros2/share/icp_localization_ros2/package.dsv
[0.970s] -- Up-to-date: /home/mechax/ylh/sentry_vision/install/icp_localization_ros2/share/ament_index/resource_index/packages/icp_localization_ros2
[0.970s] -- Up-to-date: /home/mechax/ylh/sentry_vision/install/icp_localization_ros2/share/icp_localization_ros2/cmake/ament_cmake_export_dependencies-extras.cmake
[0.970s] -- Up-to-date: /home/mechax/ylh/sentry_vision/install/icp_localization_ros2/share/icp_localization_ros2/cmake/ament_cmake_export_include_directories-extras.cmake
[0.970s] -- Up-to-date: /home/mechax/ylh/sentry_vision/install/icp_localization_ros2/share/icp_localization_ros2/cmake/icp_localization_ros2Config.cmake
[0.971s] -- Up-to-date: /home/mechax/ylh/sentry_vision/install/icp_localization_ros2/share/icp_localization_ros2/cmake/icp_localization_ros2Config-version.cmake
[0.971s] -- Up-to-date: /home/mechax/ylh/sentry_vision/install/icp_localization_ros2/share/icp_localization_ros2/package.xml
[1.246s] Invoked command in '/home/mechax/ylh/sentry_vision/build/icp_localization_ros2' returned '0': CMAKE_PREFIX_PATH=/opt/ros/humble /usr/bin/cmake --install /home/mechax/ylh/sentry_vision/build/icp_localization_ros2
