[0.145s] Invoking command in '/home/mechax/ylh/sentry_vision/build/pointcloud_to_laserscan': CMAKE_PREFIX_PATH=/opt/ros/humble /usr/bin/cmake --build /home/mechax/ylh/sentry_vision/build/pointcloud_to_laserscan -- -j16 -l16
[0.299s] [ 20%] Built target pointcloud_to_laserscan_node
[0.299s] [ 40%] Built target laserscan_to_pointcloud
[0.299s] [ 60%] Built target laserscan_to_pointcloud_node
[0.387s] [ 80%] Built target pointcloud_to_laserscan
[0.426s] [100%] Built target dummy_pointcloud_publisher
[0.654s] Invoked command in '/home/mechax/ylh/sentry_vision/build/pointcloud_to_laserscan' returned '0': CMAKE_PREFIX_PATH=/opt/ros/humble /usr/bin/cmake --build /home/mechax/ylh/sentry_vision/build/pointcloud_to_laserscan -- -j16 -l16
[0.958s] Invoking command in '/home/mechax/ylh/sentry_vision/build/pointcloud_to_laserscan': CMAKE_PREFIX_PATH=/opt/ros/humble /usr/bin/cmake --install /home/mechax/ylh/sentry_vision/build/pointcloud_to_laserscan
[0.998s] -- Install configuration: ""
[0.998s] -- Up-to-date: /home/mechax/ylh/sentry_vision/install/pointcloud_to_laserscan/lib/pointcloud_to_laserscan/laserscan_to_pointcloud_node
[0.998s] -- Up-to-date: /home/mechax/ylh/sentry_vision/install/pointcloud_to_laserscan/lib/pointcloud_to_laserscan/pointcloud_to_laserscan_node
[0.998s] -- Up-to-date: /home/mechax/ylh/sentry_vision/install/pointcloud_to_laserscan/include
[0.999s] -- Up-to-date: /home/mechax/ylh/sentry_vision/install/pointcloud_to_laserscan/include/pointcloud_to_laserscan
[0.999s] -- Up-to-date: /home/mechax/ylh/sentry_vision/install/pointcloud_to_laserscan/include/pointcloud_to_laserscan/visibility_control.h
[0.999s] -- Up-to-date: /home/mechax/ylh/sentry_vision/install/pointcloud_to_laserscan/include/pointcloud_to_laserscan/laserscan_to_pointcloud_node.hpp
[0.999s] -- Up-to-date: /home/mechax/ylh/sentry_vision/install/pointcloud_to_laserscan/include/pointcloud_to_laserscan/pointcloud_to_laserscan_node.hpp
[0.999s] -- Up-to-date: /home/mechax/ylh/sentry_vision/install/pointcloud_to_laserscan/share/pointcloud_to_laserscan/environment/library_path.sh
[0.999s] -- Up-to-date: /home/mechax/ylh/sentry_vision/install/pointcloud_to_laserscan/share/pointcloud_to_laserscan/environment/library_path.dsv
[0.999s] -- Up-to-date: /home/mechax/ylh/sentry_vision/install/pointcloud_to_laserscan/lib/liblaserscan_to_pointcloud.so
[0.999s] -- Up-to-date: /home/mechax/ylh/sentry_vision/install/pointcloud_to_laserscan/lib/libpointcloud_to_laserscan.so
[0.999s] -- Up-to-date: /home/mechax/ylh/sentry_vision/install/pointcloud_to_laserscan/lib/pointcloud_to_laserscan/dummy_pointcloud_publisher
[0.999s] -- Up-to-date: /home/mechax/ylh/sentry_vision/install/pointcloud_to_laserscan/share/pointcloud_to_laserscan/launch
[0.999s] -- Up-to-date: /home/mechax/ylh/sentry_vision/install/pointcloud_to_laserscan/share/pointcloud_to_laserscan/launch/sample_laserscan_to_pointcloud_launch.py
[0.999s] -- Up-to-date: /home/mechax/ylh/sentry_vision/install/pointcloud_to_laserscan/share/pointcloud_to_laserscan/launch/pointcloud_to_laserscan_launch.py
[1.000s] -- Up-to-date: /home/mechax/ylh/sentry_vision/install/pointcloud_to_laserscan/share/pointcloud_to_laserscan/launch/sample_pointcloud_to_laserscan_launch.py
[1.000s] -- Up-to-date: /home/mechax/ylh/sentry_vision/install/pointcloud_to_laserscan/share/ament_index/resource_index/package_run_dependencies/pointcloud_to_laserscan
[1.000s] -- Up-to-date: /home/mechax/ylh/sentry_vision/install/pointcloud_to_laserscan/share/ament_index/resource_index/parent_prefix_path/pointcloud_to_laserscan
[1.000s] -- Up-to-date: /home/mechax/ylh/sentry_vision/install/pointcloud_to_laserscan/share/pointcloud_to_laserscan/environment/ament_prefix_path.sh
[1.000s] -- Up-to-date: /home/mechax/ylh/sentry_vision/install/pointcloud_to_laserscan/share/pointcloud_to_laserscan/environment/ament_prefix_path.dsv
[1.000s] -- Up-to-date: /home/mechax/ylh/sentry_vision/install/pointcloud_to_laserscan/share/pointcloud_to_laserscan/environment/path.sh
[1.000s] -- Up-to-date: /home/mechax/ylh/sentry_vision/install/pointcloud_to_laserscan/share/pointcloud_to_laserscan/environment/path.dsv
[1.000s] -- Up-to-date: /home/mechax/ylh/sentry_vision/install/pointcloud_to_laserscan/share/pointcloud_to_laserscan/local_setup.bash
[1.000s] -- Up-to-date: /home/mechax/ylh/sentry_vision/install/pointcloud_to_laserscan/share/pointcloud_to_laserscan/local_setup.sh
[1.000s] -- Up-to-date: /home/mechax/ylh/sentry_vision/install/pointcloud_to_laserscan/share/pointcloud_to_laserscan/local_setup.zsh
[1.000s] -- Up-to-date: /home/mechax/ylh/sentry_vision/install/pointcloud_to_laserscan/share/pointcloud_to_laserscan/local_setup.dsv
[1.000s] -- Installing: /home/mechax/ylh/sentry_vision/install/pointcloud_to_laserscan/share/pointcloud_to_laserscan/package.dsv
[1.000s] -- Up-to-date: /home/mechax/ylh/sentry_vision/install/pointcloud_to_laserscan/share/ament_index/resource_index/packages/pointcloud_to_laserscan
[1.001s] -- Up-to-date: /home/mechax/ylh/sentry_vision/install/pointcloud_to_laserscan/share/ament_index/resource_index/rclcpp_components/pointcloud_to_laserscan
[1.001s] -- Up-to-date: /home/mechax/ylh/sentry_vision/install/pointcloud_to_laserscan/share/pointcloud_to_laserscan/cmake/ament_cmake_export_dependencies-extras.cmake
[1.001s] -- Up-to-date: /home/mechax/ylh/sentry_vision/install/pointcloud_to_laserscan/share/pointcloud_to_laserscan/cmake/ament_cmake_export_include_directories-extras.cmake
[1.001s] -- Up-to-date: /home/mechax/ylh/sentry_vision/install/pointcloud_to_laserscan/share/pointcloud_to_laserscan/cmake/ament_cmake_export_libraries-extras.cmake
[1.001s] -- Up-to-date: /home/mechax/ylh/sentry_vision/install/pointcloud_to_laserscan/share/pointcloud_to_laserscan/cmake/pointcloud_to_laserscanConfig.cmake
[1.001s] -- Up-to-date: /home/mechax/ylh/sentry_vision/install/pointcloud_to_laserscan/share/pointcloud_to_laserscan/cmake/pointcloud_to_laserscanConfig-version.cmake
[1.001s] -- Up-to-date: /home/mechax/ylh/sentry_vision/install/pointcloud_to_laserscan/share/pointcloud_to_laserscan/package.xml
[1.233s] Invoked command in '/home/mechax/ylh/sentry_vision/build/pointcloud_to_laserscan' returned '0': CMAKE_PREFIX_PATH=/opt/ros/humble /usr/bin/cmake --install /home/mechax/ylh/sentry_vision/build/pointcloud_to_laserscan
