[0.218s] Invoking command in '/home/mechax/ylh/sentry_vision/build/armor_tracker': AMENT_PREFIX_PATH=/home/mechax/ylh/sentry_vision/install/auto_aim_interfaces:${AMENT_PREFIX_PATH} CMAKE_PREFIX_PATH=/home/mechax/ylh/sentry_vision/install/auto_aim_interfaces:/opt/ros/humble LD_LIBRARY_PATH=/home/mechax/ylh/sentry_vision/install/auto_aim_interfaces/lib:${LD_LIBRARY_PATH} PYTHONPATH=/home/mechax/ylh/sentry_vision/install/auto_aim_interfaces/local/lib/python3.10/dist-packages:${PYTHONPATH} /usr/bin/cmake /home/mechax/ylh/sentry_vision/src/rm_auto_aim/armor_tracker -DCMAKE_EXPORT_COMPILE_COMMANDS=ON -DCMAKE_INSTALL_PREFIX=/home/mechax/ylh/sentry_vision/install/armor_tracker
[0.318s] -- The C compiler identification is GNU 11.4.0
[0.546s] -- The CXX compiler identification is GNU 11.4.0
[0.559s] -- Detecting C compiler ABI info
[0.800s] -- Detecting C compiler ABI info - done
[0.814s] -- Check for working C compiler: /usr/bin/cc - skipped
[0.814s] -- Detecting C compile features
[0.814s] -- Detecting C compile features - done
[0.819s] -- Detecting CXX compiler ABI info
[0.966s] -- Detecting CXX compiler ABI info - done
[0.974s] -- Check for working CXX compiler: /usr/bin/c++ - skipped
[0.974s] -- Detecting CXX compile features
[0.974s] -- Detecting CXX compile features - done
[0.976s] -- Found ament_cmake_auto: 1.3.6 (/opt/ros/humble/share/ament_cmake_auto/cmake)
[1.596s] -- Found Python3: /usr/bin/python3.10 (found version "3.10.12") found components: Interpreter 
[1.909s] -- Found rosidl_generator_c: 3.1.5 (/opt/ros/humble/share/rosidl_generator_c/cmake)
[1.916s] -- Found rosidl_adapter: 3.1.5 (/opt/ros/humble/share/rosidl_adapter/cmake)
[1.927s] -- Found rosidl_generator_cpp: 3.1.5 (/opt/ros/humble/share/rosidl_generator_cpp/cmake)
[1.944s] -- Using all available rosidl_typesupport_c: rosidl_typesupport_fastrtps_c;rosidl_typesupport_introspection_c
[1.960s] -- Using all available rosidl_typesupport_cpp: rosidl_typesupport_fastrtps_cpp;rosidl_typesupport_introspection_cpp
[2.030s] -- Found rmw_implementation_cmake: 6.1.1 (/opt/ros/humble/share/rmw_implementation_cmake/cmake)
[2.033s] -- Found rmw_fastrtps_cpp: 6.2.5 (/opt/ros/humble/share/rmw_fastrtps_cpp/cmake)
[2.153s] -- Found OpenSSL: /usr/lib/x86_64-linux-gnu/libcrypto.so (found version "3.0.2")  
[2.188s] -- Found FastRTPS: /opt/ros/humble/include  
[2.235s] -- Using RMW implementation 'rmw_fastrtps_cpp' as default
[2.249s] -- Looking for pthread.h
[2.364s] -- Looking for pthread.h - found
[2.364s] -- Performing Test CMAKE_HAVE_LIBC_PTHREAD
[2.452s] -- Performing Test CMAKE_HAVE_LIBC_PTHREAD - Success
[2.453s] -- Found Threads: TRUE  
[3.072s] -- Found eigen3_cmake_module: 0.1.1 (/opt/ros/humble/share/eigen3_cmake_module/cmake)
[3.074s] -- Found Eigen3: TRUE (found version "3.4.0") 
[3.074s] -- Ensuring Eigen3 include directory is part of orocos-kdl CMake target
[3.591s] -- Found ament_lint_auto: 0.12.9 (/opt/ros/humble/share/ament_lint_auto/cmake)
[3.628s] -- Added test 'cppcheck' to perform static code analysis on C / C++ code
[3.628s] -- Configured cppcheck include dirs: /home/mechax/ylh/sentry_vision/src/rm_auto_aim/armor_tracker/include
[3.629s] -- Configured cppcheck exclude dirs and/or files: 
[3.630s] -- Added test 'lint_cmake' to check CMake code style
[3.631s] -- Added test 'xmllint' to check XML markup files
[3.633s] -- Added test 'clang_format' to check C / C++ code style
[3.637s] -- Configuring done
[3.663s] -- Generating done
[3.666s] -- Build files have been written to: /home/mechax/ylh/sentry_vision/build/armor_tracker
[3.689s] Invoked command in '/home/mechax/ylh/sentry_vision/build/armor_tracker' returned '0': AMENT_PREFIX_PATH=/home/mechax/ylh/sentry_vision/install/auto_aim_interfaces:${AMENT_PREFIX_PATH} CMAKE_PREFIX_PATH=/home/mechax/ylh/sentry_vision/install/auto_aim_interfaces:/opt/ros/humble LD_LIBRARY_PATH=/home/mechax/ylh/sentry_vision/install/auto_aim_interfaces/lib:${LD_LIBRARY_PATH} PYTHONPATH=/home/mechax/ylh/sentry_vision/install/auto_aim_interfaces/local/lib/python3.10/dist-packages:${PYTHONPATH} /usr/bin/cmake /home/mechax/ylh/sentry_vision/src/rm_auto_aim/armor_tracker -DCMAKE_EXPORT_COMPILE_COMMANDS=ON -DCMAKE_INSTALL_PREFIX=/home/mechax/ylh/sentry_vision/install/armor_tracker
[3.692s] Invoking command in '/home/mechax/ylh/sentry_vision/build/armor_tracker': AMENT_PREFIX_PATH=/home/mechax/ylh/sentry_vision/install/auto_aim_interfaces:${AMENT_PREFIX_PATH} CMAKE_PREFIX_PATH=/home/mechax/ylh/sentry_vision/install/auto_aim_interfaces:/opt/ros/humble LD_LIBRARY_PATH=/home/mechax/ylh/sentry_vision/install/auto_aim_interfaces/lib:${LD_LIBRARY_PATH} PYTHONPATH=/home/mechax/ylh/sentry_vision/install/auto_aim_interfaces/local/lib/python3.10/dist-packages:${PYTHONPATH} /usr/bin/cmake --build /home/mechax/ylh/sentry_vision/build/armor_tracker -- -j16 -l16
[3.760s] [ 16%] [32mBuilding CXX object CMakeFiles/armor_tracker.dir/src/extended_kalman_filter.cpp.o[0m
[14.009s] [ 33%] [32mBuilding CXX object CMakeFiles/armor_tracker.dir/src/tracker_node.cpp.o[0m
[32.672s] [ 50%] [32mBuilding CXX object CMakeFiles/armor_tracker.dir/src/tracker.cpp.o[0m
[40.253s] [ 66%] [32m[1mLinking CXX shared library libarmor_tracker.so[0m
[43.284s] [ 66%] Built target armor_tracker
[43.405s] [ 83%] [32mBuilding CXX object CMakeFiles/armor_tracker_node.dir/rclcpp_components/node_main_armor_tracker_node.cpp.o[0m
[47.316s] [100%] [32m[1mLinking CXX executable armor_tracker_node[0m
[47.783s] [100%] Built target armor_tracker_node
[47.809s] Invoked command in '/home/mechax/ylh/sentry_vision/build/armor_tracker' returned '0': AMENT_PREFIX_PATH=/home/mechax/ylh/sentry_vision/install/auto_aim_interfaces:${AMENT_PREFIX_PATH} CMAKE_PREFIX_PATH=/home/mechax/ylh/sentry_vision/install/auto_aim_interfaces:/opt/ros/humble LD_LIBRARY_PATH=/home/mechax/ylh/sentry_vision/install/auto_aim_interfaces/lib:${LD_LIBRARY_PATH} PYTHONPATH=/home/mechax/ylh/sentry_vision/install/auto_aim_interfaces/local/lib/python3.10/dist-packages:${PYTHONPATH} /usr/bin/cmake --build /home/mechax/ylh/sentry_vision/build/armor_tracker -- -j16 -l16
[47.883s] Invoking command in '/home/mechax/ylh/sentry_vision/build/armor_tracker': AMENT_PREFIX_PATH=/home/mechax/ylh/sentry_vision/install/auto_aim_interfaces:${AMENT_PREFIX_PATH} CMAKE_PREFIX_PATH=/home/mechax/ylh/sentry_vision/install/auto_aim_interfaces:/opt/ros/humble LD_LIBRARY_PATH=/home/mechax/ylh/sentry_vision/install/auto_aim_interfaces/lib:${LD_LIBRARY_PATH} PYTHONPATH=/home/mechax/ylh/sentry_vision/install/auto_aim_interfaces/local/lib/python3.10/dist-packages:${PYTHONPATH} /usr/bin/cmake --install /home/mechax/ylh/sentry_vision/build/armor_tracker
[47.902s] -- Install configuration: ""
[47.903s] -- Installing: /home/mechax/ylh/sentry_vision/install/armor_tracker/lib/armor_tracker/armor_tracker_node
[47.904s] -- Set runtime path of "/home/mechax/ylh/sentry_vision/install/armor_tracker/lib/armor_tracker/armor_tracker_node" to ""
[47.904s] -- Installing: /home/mechax/ylh/sentry_vision/install/armor_tracker/include
[47.904s] -- Installing: /home/mechax/ylh/sentry_vision/install/armor_tracker/include/armor_tracker
[47.904s] -- Installing: /home/mechax/ylh/sentry_vision/install/armor_tracker/include/armor_tracker/tracker.hpp
[47.904s] -- Installing: /home/mechax/ylh/sentry_vision/install/armor_tracker/include/armor_tracker/tracker_node.hpp
[47.905s] -- Installing: /home/mechax/ylh/sentry_vision/install/armor_tracker/include/armor_tracker/extended_kalman_filter.hpp
[47.905s] -- Installing: /home/mechax/ylh/sentry_vision/install/armor_tracker/share/armor_tracker/environment/library_path.sh
[47.905s] -- Installing: /home/mechax/ylh/sentry_vision/install/armor_tracker/share/armor_tracker/environment/library_path.dsv
[47.905s] -- Installing: /home/mechax/ylh/sentry_vision/install/armor_tracker/lib/libarmor_tracker.so
[47.928s] -- Set runtime path of "/home/mechax/ylh/sentry_vision/install/armor_tracker/lib/libarmor_tracker.so" to ""
[47.928s] -- Installing: /home/mechax/ylh/sentry_vision/install/armor_tracker/share/ament_index/resource_index/package_run_dependencies/armor_tracker
[47.929s] -- Installing: /home/mechax/ylh/sentry_vision/install/armor_tracker/share/ament_index/resource_index/parent_prefix_path/armor_tracker
[47.929s] -- Installing: /home/mechax/ylh/sentry_vision/install/armor_tracker/share/armor_tracker/environment/ament_prefix_path.sh
[47.929s] -- Installing: /home/mechax/ylh/sentry_vision/install/armor_tracker/share/armor_tracker/environment/ament_prefix_path.dsv
[47.929s] -- Installing: /home/mechax/ylh/sentry_vision/install/armor_tracker/share/armor_tracker/environment/path.sh
[47.929s] -- Installing: /home/mechax/ylh/sentry_vision/install/armor_tracker/share/armor_tracker/environment/path.dsv
[47.929s] -- Installing: /home/mechax/ylh/sentry_vision/install/armor_tracker/share/armor_tracker/local_setup.bash
[47.929s] -- Installing: /home/mechax/ylh/sentry_vision/install/armor_tracker/share/armor_tracker/local_setup.sh
[47.929s] -- Installing: /home/mechax/ylh/sentry_vision/install/armor_tracker/share/armor_tracker/local_setup.zsh
[47.930s] -- Installing: /home/mechax/ylh/sentry_vision/install/armor_tracker/share/armor_tracker/local_setup.dsv
[47.930s] -- Installing: /home/mechax/ylh/sentry_vision/install/armor_tracker/share/armor_tracker/package.dsv
[47.930s] -- Installing: /home/mechax/ylh/sentry_vision/install/armor_tracker/share/ament_index/resource_index/packages/armor_tracker
[47.930s] -- Installing: /home/mechax/ylh/sentry_vision/install/armor_tracker/share/ament_index/resource_index/rclcpp_components/armor_tracker
[47.930s] -- Installing: /home/mechax/ylh/sentry_vision/install/armor_tracker/share/armor_tracker/cmake/ament_cmake_export_dependencies-extras.cmake
[47.931s] -- Installing: /home/mechax/ylh/sentry_vision/install/armor_tracker/share/armor_tracker/cmake/ament_cmake_export_include_directories-extras.cmake
[47.931s] -- Installing: /home/mechax/ylh/sentry_vision/install/armor_tracker/share/armor_tracker/cmake/ament_cmake_export_libraries-extras.cmake
[47.931s] -- Installing: /home/mechax/ylh/sentry_vision/install/armor_tracker/share/armor_tracker/cmake/armor_trackerConfig.cmake
[47.931s] -- Installing: /home/mechax/ylh/sentry_vision/install/armor_tracker/share/armor_tracker/cmake/armor_trackerConfig-version.cmake
[47.931s] -- Installing: /home/mechax/ylh/sentry_vision/install/armor_tracker/share/armor_tracker/package.xml
[47.946s] Invoked command in '/home/mechax/ylh/sentry_vision/build/armor_tracker' returned '0': AMENT_PREFIX_PATH=/home/mechax/ylh/sentry_vision/install/auto_aim_interfaces:${AMENT_PREFIX_PATH} CMAKE_PREFIX_PATH=/home/mechax/ylh/sentry_vision/install/auto_aim_interfaces:/opt/ros/humble LD_LIBRARY_PATH=/home/mechax/ylh/sentry_vision/install/auto_aim_interfaces/lib:${LD_LIBRARY_PATH} PYTHONPATH=/home/mechax/ylh/sentry_vision/install/auto_aim_interfaces/local/lib/python3.10/dist-packages:${PYTHONPATH} /usr/bin/cmake --install /home/mechax/ylh/sentry_vision/build/armor_tracker
