[0.276s] Invoking command in '/home/mechax/ylh/sentry_vision/build/btcpp_ros2_interfaces': CMAKE_PREFIX_PATH=/opt/ros/humble /usr/bin/cmake --build /home/mechax/ylh/sentry_vision/build/btcpp_ros2_interfaces -- -j16 -l16
[0.324s] [  9%] Built target btcpp_ros2_interfaces__rosidl_generator_c
[0.330s] [ 12%] Built target btcpp_ros2_interfaces__cpp
[0.354s] [ 12%] Built target ament_cmake_python_copy_btcpp_ros2_interfaces
[0.388s] [ 22%] Built target btcpp_ros2_interfaces__rosidl_typesupport_fastrtps_c
[0.388s] [ 32%] Built target btcpp_ros2_interfaces__rosidl_typesupport_c
[0.392s] [ 41%] Built target btcpp_ros2_interfaces__rosidl_typesupport_introspection_c
[0.395s] [ 51%] Built target btcpp_ros2_interfaces__rosidl_typesupport_cpp
[0.398s] [ 61%] Built target btcpp_ros2_interfaces__rosidl_typesupport_fastrtps_cpp
[0.432s] [ 70%] Built target btcpp_ros2_interfaces__rosidl_typesupport_introspection_cpp
[0.455s] [ 70%] Built target btcpp_ros2_interfaces
[0.488s] [ 74%] Built target btcpp_ros2_interfaces__py
[0.522s] [ 80%] Built target btcpp_ros2_interfaces__rosidl_generator_py
[0.552s] [ 87%] Built target btcpp_ros2_interfaces__rosidl_typesupport_fastrtps_c__pyext
[0.560s] [ 93%] Built target btcpp_ros2_interfaces__rosidl_typesupport_introspection_c__pyext
[0.573s] [100%] Built target btcpp_ros2_interfaces__rosidl_typesupport_c__pyext
[0.685s] running egg_info
[0.695s] writing btcpp_ros2_interfaces.egg-info/PKG-INFO
[0.695s] writing dependency_links to btcpp_ros2_interfaces.egg-info/dependency_links.txt
[0.695s] writing top-level names to btcpp_ros2_interfaces.egg-info/top_level.txt
[0.728s] reading manifest file 'btcpp_ros2_interfaces.egg-info/SOURCES.txt'
[0.729s] writing manifest file 'btcpp_ros2_interfaces.egg-info/SOURCES.txt'
[0.755s] [100%] Built target ament_cmake_python_build_btcpp_ros2_interfaces_egg
[0.991s] Invoked command in '/home/mechax/ylh/sentry_vision/build/btcpp_ros2_interfaces' returned '0': CMAKE_PREFIX_PATH=/opt/ros/humble /usr/bin/cmake --build /home/mechax/ylh/sentry_vision/build/btcpp_ros2_interfaces -- -j16 -l16
[1.310s] Invoking command in '/home/mechax/ylh/sentry_vision/build/btcpp_ros2_interfaces': CMAKE_PREFIX_PATH=/opt/ros/humble /usr/bin/cmake --install /home/mechax/ylh/sentry_vision/build/btcpp_ros2_interfaces
[1.428s] -- Install configuration: ""
[1.428s] -- Up-to-date: /home/mechax/ylh/sentry_vision/install/btcpp_ros2_interfaces/share/ament_index/resource_index/rosidl_interfaces/btcpp_ros2_interfaces
[1.428s] -- Up-to-date: /home/mechax/ylh/sentry_vision/install/btcpp_ros2_interfaces/include/btcpp_ros2_interfaces/btcpp_ros2_interfaces
[1.428s] -- Up-to-date: /home/mechax/ylh/sentry_vision/install/btcpp_ros2_interfaces/include/btcpp_ros2_interfaces/btcpp_ros2_interfaces/msg
[1.428s] -- Up-to-date: /home/mechax/ylh/sentry_vision/install/btcpp_ros2_interfaces/include/btcpp_ros2_interfaces/btcpp_ros2_interfaces/msg/rosidl_generator_c__visibility_control.h
[1.428s] -- Up-to-date: /home/mechax/ylh/sentry_vision/install/btcpp_ros2_interfaces/include/btcpp_ros2_interfaces/btcpp_ros2_interfaces/action
[1.428s] -- Up-to-date: /home/mechax/ylh/sentry_vision/install/btcpp_ros2_interfaces/include/btcpp_ros2_interfaces/btcpp_ros2_interfaces/action/sleep.h
[1.428s] -- Up-to-date: /home/mechax/ylh/sentry_vision/install/btcpp_ros2_interfaces/include/btcpp_ros2_interfaces/btcpp_ros2_interfaces/action/detail
[1.428s] -- Up-to-date: /home/mechax/ylh/sentry_vision/install/btcpp_ros2_interfaces/include/btcpp_ros2_interfaces/btcpp_ros2_interfaces/action/detail/sleep__functions.h
[1.428s] -- Up-to-date: /home/mechax/ylh/sentry_vision/install/btcpp_ros2_interfaces/include/btcpp_ros2_interfaces/btcpp_ros2_interfaces/action/detail/sleep__struct.h
[1.428s] -- Up-to-date: /home/mechax/ylh/sentry_vision/install/btcpp_ros2_interfaces/include/btcpp_ros2_interfaces/btcpp_ros2_interfaces/action/detail/sleep__type_support.h
[1.428s] -- Up-to-date: /home/mechax/ylh/sentry_vision/install/btcpp_ros2_interfaces/include/btcpp_ros2_interfaces/btcpp_ros2_interfaces/action/detail/sleep__functions.c
[1.428s] -- Up-to-date: /home/mechax/ylh/sentry_vision/install/btcpp_ros2_interfaces/share/btcpp_ros2_interfaces/environment/library_path.sh
[1.428s] -- Up-to-date: /home/mechax/ylh/sentry_vision/install/btcpp_ros2_interfaces/share/btcpp_ros2_interfaces/environment/library_path.dsv
[1.428s] -- Up-to-date: /home/mechax/ylh/sentry_vision/install/btcpp_ros2_interfaces/lib/libbtcpp_ros2_interfaces__rosidl_generator_c.so
[1.428s] -- Up-to-date: /home/mechax/ylh/sentry_vision/install/btcpp_ros2_interfaces/include/btcpp_ros2_interfaces/btcpp_ros2_interfaces
[1.428s] -- Up-to-date: /home/mechax/ylh/sentry_vision/install/btcpp_ros2_interfaces/include/btcpp_ros2_interfaces/btcpp_ros2_interfaces/msg
[1.428s] -- Up-to-date: /home/mechax/ylh/sentry_vision/install/btcpp_ros2_interfaces/include/btcpp_ros2_interfaces/btcpp_ros2_interfaces/msg/rosidl_typesupport_fastrtps_c__visibility_control.h
[1.428s] -- Up-to-date: /home/mechax/ylh/sentry_vision/install/btcpp_ros2_interfaces/include/btcpp_ros2_interfaces/btcpp_ros2_interfaces/action
[1.428s] -- Up-to-date: /home/mechax/ylh/sentry_vision/install/btcpp_ros2_interfaces/include/btcpp_ros2_interfaces/btcpp_ros2_interfaces/action/detail
[1.428s] -- Up-to-date: /home/mechax/ylh/sentry_vision/install/btcpp_ros2_interfaces/include/btcpp_ros2_interfaces/btcpp_ros2_interfaces/action/detail/sleep__rosidl_typesupport_fastrtps_c.h
[1.428s] -- Up-to-date: /home/mechax/ylh/sentry_vision/install/btcpp_ros2_interfaces/lib/libbtcpp_ros2_interfaces__rosidl_typesupport_fastrtps_c.so
[1.428s] -- Up-to-date: /home/mechax/ylh/sentry_vision/install/btcpp_ros2_interfaces/include/btcpp_ros2_interfaces/btcpp_ros2_interfaces
[1.428s] -- Up-to-date: /home/mechax/ylh/sentry_vision/install/btcpp_ros2_interfaces/include/btcpp_ros2_interfaces/btcpp_ros2_interfaces/msg
[1.428s] -- Up-to-date: /home/mechax/ylh/sentry_vision/install/btcpp_ros2_interfaces/include/btcpp_ros2_interfaces/btcpp_ros2_interfaces/msg/rosidl_typesupport_introspection_c__visibility_control.h
[1.428s] -- Up-to-date: /home/mechax/ylh/sentry_vision/install/btcpp_ros2_interfaces/include/btcpp_ros2_interfaces/btcpp_ros2_interfaces/action
[1.429s] -- Up-to-date: /home/mechax/ylh/sentry_vision/install/btcpp_ros2_interfaces/include/btcpp_ros2_interfaces/btcpp_ros2_interfaces/action/detail
[1.429s] -- Up-to-date: /home/mechax/ylh/sentry_vision/install/btcpp_ros2_interfaces/include/btcpp_ros2_interfaces/btcpp_ros2_interfaces/action/detail/sleep__type_support.c
[1.429s] -- Up-to-date: /home/mechax/ylh/sentry_vision/install/btcpp_ros2_interfaces/include/btcpp_ros2_interfaces/btcpp_ros2_interfaces/action/detail/sleep__rosidl_typesupport_introspection_c.h
[1.429s] -- Up-to-date: /home/mechax/ylh/sentry_vision/install/btcpp_ros2_interfaces/lib/libbtcpp_ros2_interfaces__rosidl_typesupport_introspection_c.so
[1.429s] -- Up-to-date: /home/mechax/ylh/sentry_vision/install/btcpp_ros2_interfaces/lib/libbtcpp_ros2_interfaces__rosidl_typesupport_c.so
[1.429s] -- Up-to-date: /home/mechax/ylh/sentry_vision/install/btcpp_ros2_interfaces/include/btcpp_ros2_interfaces/btcpp_ros2_interfaces
[1.429s] -- Up-to-date: /home/mechax/ylh/sentry_vision/install/btcpp_ros2_interfaces/include/btcpp_ros2_interfaces/btcpp_ros2_interfaces/action
[1.429s] -- Up-to-date: /home/mechax/ylh/sentry_vision/install/btcpp_ros2_interfaces/include/btcpp_ros2_interfaces/btcpp_ros2_interfaces/action/detail
[1.429s] -- Up-to-date: /home/mechax/ylh/sentry_vision/install/btcpp_ros2_interfaces/include/btcpp_ros2_interfaces/btcpp_ros2_interfaces/action/detail/sleep__traits.hpp
[1.429s] -- Up-to-date: /home/mechax/ylh/sentry_vision/install/btcpp_ros2_interfaces/include/btcpp_ros2_interfaces/btcpp_ros2_interfaces/action/detail/sleep__struct.hpp
[1.429s] -- Up-to-date: /home/mechax/ylh/sentry_vision/install/btcpp_ros2_interfaces/include/btcpp_ros2_interfaces/btcpp_ros2_interfaces/action/detail/sleep__builder.hpp
[1.429s] -- Up-to-date: /home/mechax/ylh/sentry_vision/install/btcpp_ros2_interfaces/include/btcpp_ros2_interfaces/btcpp_ros2_interfaces/action/sleep.hpp
[1.429s] -- Up-to-date: /home/mechax/ylh/sentry_vision/install/btcpp_ros2_interfaces/include/btcpp_ros2_interfaces/btcpp_ros2_interfaces
[1.429s] -- Up-to-date: /home/mechax/ylh/sentry_vision/install/btcpp_ros2_interfaces/include/btcpp_ros2_interfaces/btcpp_ros2_interfaces/msg
[1.429s] -- Up-to-date: /home/mechax/ylh/sentry_vision/install/btcpp_ros2_interfaces/include/btcpp_ros2_interfaces/btcpp_ros2_interfaces/msg/rosidl_typesupport_fastrtps_cpp__visibility_control.h
[1.429s] -- Up-to-date: /home/mechax/ylh/sentry_vision/install/btcpp_ros2_interfaces/include/btcpp_ros2_interfaces/btcpp_ros2_interfaces/action
[1.429s] -- Up-to-date: /home/mechax/ylh/sentry_vision/install/btcpp_ros2_interfaces/include/btcpp_ros2_interfaces/btcpp_ros2_interfaces/action/detail
[1.429s] -- Up-to-date: /home/mechax/ylh/sentry_vision/install/btcpp_ros2_interfaces/include/btcpp_ros2_interfaces/btcpp_ros2_interfaces/action/detail/dds_fastrtps
[1.429s] -- Up-to-date: /home/mechax/ylh/sentry_vision/install/btcpp_ros2_interfaces/include/btcpp_ros2_interfaces/btcpp_ros2_interfaces/action/detail/sleep__rosidl_typesupport_fastrtps_cpp.hpp
[1.429s] -- Up-to-date: /home/mechax/ylh/sentry_vision/install/btcpp_ros2_interfaces/lib/libbtcpp_ros2_interfaces__rosidl_typesupport_fastrtps_cpp.so
[1.429s] -- Up-to-date: /home/mechax/ylh/sentry_vision/install/btcpp_ros2_interfaces/include/btcpp_ros2_interfaces/btcpp_ros2_interfaces
[1.429s] -- Up-to-date: /home/mechax/ylh/sentry_vision/install/btcpp_ros2_interfaces/include/btcpp_ros2_interfaces/btcpp_ros2_interfaces/action
[1.429s] -- Up-to-date: /home/mechax/ylh/sentry_vision/install/btcpp_ros2_interfaces/include/btcpp_ros2_interfaces/btcpp_ros2_interfaces/action/detail
[1.429s] -- Up-to-date: /home/mechax/ylh/sentry_vision/install/btcpp_ros2_interfaces/include/btcpp_ros2_interfaces/btcpp_ros2_interfaces/action/detail/sleep__type_support.cpp
[1.430s] -- Up-to-date: /home/mechax/ylh/sentry_vision/install/btcpp_ros2_interfaces/include/btcpp_ros2_interfaces/btcpp_ros2_interfaces/action/detail/sleep__rosidl_typesupport_introspection_cpp.hpp
[1.430s] -- Up-to-date: /home/mechax/ylh/sentry_vision/install/btcpp_ros2_interfaces/lib/libbtcpp_ros2_interfaces__rosidl_typesupport_introspection_cpp.so
[1.430s] -- Up-to-date: /home/mechax/ylh/sentry_vision/install/btcpp_ros2_interfaces/lib/libbtcpp_ros2_interfaces__rosidl_typesupport_cpp.so
[1.430s] -- Up-to-date: /home/mechax/ylh/sentry_vision/install/btcpp_ros2_interfaces/share/btcpp_ros2_interfaces/environment/pythonpath.sh
[1.430s] -- Up-to-date: /home/mechax/ylh/sentry_vision/install/btcpp_ros2_interfaces/share/btcpp_ros2_interfaces/environment/pythonpath.dsv
[1.430s] -- Up-to-date: /home/mechax/ylh/sentry_vision/install/btcpp_ros2_interfaces/local/lib/python3.10/dist-packages/btcpp_ros2_interfaces-0.2.0-py3.10.egg-info
[1.430s] -- Installing: /home/mechax/ylh/sentry_vision/install/btcpp_ros2_interfaces/local/lib/python3.10/dist-packages/btcpp_ros2_interfaces-0.2.0-py3.10.egg-info/PKG-INFO
[1.430s] -- Installing: /home/mechax/ylh/sentry_vision/install/btcpp_ros2_interfaces/local/lib/python3.10/dist-packages/btcpp_ros2_interfaces-0.2.0-py3.10.egg-info/SOURCES.txt
[1.430s] -- Installing: /home/mechax/ylh/sentry_vision/install/btcpp_ros2_interfaces/local/lib/python3.10/dist-packages/btcpp_ros2_interfaces-0.2.0-py3.10.egg-info/top_level.txt
[1.430s] -- Installing: /home/mechax/ylh/sentry_vision/install/btcpp_ros2_interfaces/local/lib/python3.10/dist-packages/btcpp_ros2_interfaces-0.2.0-py3.10.egg-info/dependency_links.txt
[1.430s] -- Up-to-date: /home/mechax/ylh/sentry_vision/install/btcpp_ros2_interfaces/local/lib/python3.10/dist-packages/btcpp_ros2_interfaces
[1.430s] -- Up-to-date: /home/mechax/ylh/sentry_vision/install/btcpp_ros2_interfaces/local/lib/python3.10/dist-packages/btcpp_ros2_interfaces/_btcpp_ros2_interfaces_s.ep.rosidl_typesupport_introspection_c.c
[1.430s] -- Up-to-date: /home/mechax/ylh/sentry_vision/install/btcpp_ros2_interfaces/local/lib/python3.10/dist-packages/btcpp_ros2_interfaces/btcpp_ros2_interfaces_s__rosidl_typesupport_introspection_c.cpython-310-x86_64-linux-gnu.so
[1.430s] -- Up-to-date: /home/mechax/ylh/sentry_vision/install/btcpp_ros2_interfaces/local/lib/python3.10/dist-packages/btcpp_ros2_interfaces/_btcpp_ros2_interfaces_s.ep.rosidl_typesupport_c.c
[1.430s] -- Up-to-date: /home/mechax/ylh/sentry_vision/install/btcpp_ros2_interfaces/local/lib/python3.10/dist-packages/btcpp_ros2_interfaces/_btcpp_ros2_interfaces_s.ep.rosidl_typesupport_fastrtps_c.c
[1.430s] -- Up-to-date: /home/mechax/ylh/sentry_vision/install/btcpp_ros2_interfaces/local/lib/python3.10/dist-packages/btcpp_ros2_interfaces/btcpp_ros2_interfaces_s__rosidl_typesupport_fastrtps_c.cpython-310-x86_64-linux-gnu.so
[1.430s] -- Up-to-date: /home/mechax/ylh/sentry_vision/install/btcpp_ros2_interfaces/local/lib/python3.10/dist-packages/btcpp_ros2_interfaces/__init__.py
[1.430s] -- Up-to-date: /home/mechax/ylh/sentry_vision/install/btcpp_ros2_interfaces/local/lib/python3.10/dist-packages/btcpp_ros2_interfaces/btcpp_ros2_interfaces_s__rosidl_typesupport_c.cpython-310-x86_64-linux-gnu.so
[1.430s] -- Up-to-date: /home/mechax/ylh/sentry_vision/install/btcpp_ros2_interfaces/local/lib/python3.10/dist-packages/btcpp_ros2_interfaces/action
[1.430s] -- Up-to-date: /home/mechax/ylh/sentry_vision/install/btcpp_ros2_interfaces/local/lib/python3.10/dist-packages/btcpp_ros2_interfaces/action/_sleep.py
[1.430s] -- Up-to-date: /home/mechax/ylh/sentry_vision/install/btcpp_ros2_interfaces/local/lib/python3.10/dist-packages/btcpp_ros2_interfaces/action/_sleep_s.c
[1.430s] -- Up-to-date: /home/mechax/ylh/sentry_vision/install/btcpp_ros2_interfaces/local/lib/python3.10/dist-packages/btcpp_ros2_interfaces/action/__init__.py
[1.430s] -- Up-to-date: /home/mechax/ylh/sentry_vision/install/btcpp_ros2_interfaces/local/lib/python3.10/dist-packages/btcpp_ros2_interfaces/libbtcpp_ros2_interfaces__rosidl_generator_py.so
[1.430s] Listing '/home/mechax/ylh/sentry_vision/install/btcpp_ros2_interfaces/local/lib/python3.10/dist-packages/btcpp_ros2_interfaces'...
[1.430s] Listing '/home/mechax/ylh/sentry_vision/install/btcpp_ros2_interfaces/local/lib/python3.10/dist-packages/btcpp_ros2_interfaces/action'...
[1.430s] -- Up-to-date: /home/mechax/ylh/sentry_vision/install/btcpp_ros2_interfaces/local/lib/python3.10/dist-packages/btcpp_ros2_interfaces/btcpp_ros2_interfaces_s__rosidl_typesupport_fastrtps_c.cpython-310-x86_64-linux-gnu.so
[1.431s] -- Up-to-date: /home/mechax/ylh/sentry_vision/install/btcpp_ros2_interfaces/local/lib/python3.10/dist-packages/btcpp_ros2_interfaces/btcpp_ros2_interfaces_s__rosidl_typesupport_introspection_c.cpython-310-x86_64-linux-gnu.so
[1.431s] -- Up-to-date: /home/mechax/ylh/sentry_vision/install/btcpp_ros2_interfaces/local/lib/python3.10/dist-packages/btcpp_ros2_interfaces/btcpp_ros2_interfaces_s__rosidl_typesupport_c.cpython-310-x86_64-linux-gnu.so
[1.431s] -- Up-to-date: /home/mechax/ylh/sentry_vision/install/btcpp_ros2_interfaces/lib/libbtcpp_ros2_interfaces__rosidl_generator_py.so
[1.431s] -- Up-to-date: /home/mechax/ylh/sentry_vision/install/btcpp_ros2_interfaces/share/btcpp_ros2_interfaces/action/Sleep.idl
[1.431s] -- Up-to-date: /home/mechax/ylh/sentry_vision/install/btcpp_ros2_interfaces/share/btcpp_ros2_interfaces/action/Sleep.action
[1.431s] -- Up-to-date: /home/mechax/ylh/sentry_vision/install/btcpp_ros2_interfaces/share/ament_index/resource_index/package_run_dependencies/btcpp_ros2_interfaces
[1.431s] -- Up-to-date: /home/mechax/ylh/sentry_vision/install/btcpp_ros2_interfaces/share/ament_index/resource_index/parent_prefix_path/btcpp_ros2_interfaces
[1.431s] -- Up-to-date: /home/mechax/ylh/sentry_vision/install/btcpp_ros2_interfaces/share/btcpp_ros2_interfaces/environment/ament_prefix_path.sh
[1.431s] -- Up-to-date: /home/mechax/ylh/sentry_vision/install/btcpp_ros2_interfaces/share/btcpp_ros2_interfaces/environment/ament_prefix_path.dsv
[1.431s] -- Up-to-date: /home/mechax/ylh/sentry_vision/install/btcpp_ros2_interfaces/share/btcpp_ros2_interfaces/environment/path.sh
[1.431s] -- Up-to-date: /home/mechax/ylh/sentry_vision/install/btcpp_ros2_interfaces/share/btcpp_ros2_interfaces/environment/path.dsv
[1.431s] -- Up-to-date: /home/mechax/ylh/sentry_vision/install/btcpp_ros2_interfaces/share/btcpp_ros2_interfaces/local_setup.bash
[1.431s] -- Up-to-date: /home/mechax/ylh/sentry_vision/install/btcpp_ros2_interfaces/share/btcpp_ros2_interfaces/local_setup.sh
[1.431s] -- Up-to-date: /home/mechax/ylh/sentry_vision/install/btcpp_ros2_interfaces/share/btcpp_ros2_interfaces/local_setup.zsh
[1.431s] -- Up-to-date: /home/mechax/ylh/sentry_vision/install/btcpp_ros2_interfaces/share/btcpp_ros2_interfaces/local_setup.dsv
[1.431s] -- Installing: /home/mechax/ylh/sentry_vision/install/btcpp_ros2_interfaces/share/btcpp_ros2_interfaces/package.dsv
[1.431s] -- Up-to-date: /home/mechax/ylh/sentry_vision/install/btcpp_ros2_interfaces/share/ament_index/resource_index/packages/btcpp_ros2_interfaces
[1.431s] -- Up-to-date: /home/mechax/ylh/sentry_vision/install/btcpp_ros2_interfaces/share/btcpp_ros2_interfaces/cmake/export_btcpp_ros2_interfaces__rosidl_generator_cExport.cmake
[1.431s] -- Up-to-date: /home/mechax/ylh/sentry_vision/install/btcpp_ros2_interfaces/share/btcpp_ros2_interfaces/cmake/export_btcpp_ros2_interfaces__rosidl_generator_cExport-noconfig.cmake
[1.431s] -- Up-to-date: /home/mechax/ylh/sentry_vision/install/btcpp_ros2_interfaces/share/btcpp_ros2_interfaces/cmake/export_btcpp_ros2_interfaces__rosidl_typesupport_fastrtps_cExport.cmake
[1.431s] -- Up-to-date: /home/mechax/ylh/sentry_vision/install/btcpp_ros2_interfaces/share/btcpp_ros2_interfaces/cmake/export_btcpp_ros2_interfaces__rosidl_typesupport_fastrtps_cExport-noconfig.cmake
[1.431s] -- Up-to-date: /home/mechax/ylh/sentry_vision/install/btcpp_ros2_interfaces/share/btcpp_ros2_interfaces/cmake/btcpp_ros2_interfaces__rosidl_typesupport_introspection_cExport.cmake
[1.431s] -- Up-to-date: /home/mechax/ylh/sentry_vision/install/btcpp_ros2_interfaces/share/btcpp_ros2_interfaces/cmake/btcpp_ros2_interfaces__rosidl_typesupport_introspection_cExport-noconfig.cmake
[1.431s] -- Up-to-date: /home/mechax/ylh/sentry_vision/install/btcpp_ros2_interfaces/share/btcpp_ros2_interfaces/cmake/btcpp_ros2_interfaces__rosidl_typesupport_cExport.cmake
[1.431s] -- Up-to-date: /home/mechax/ylh/sentry_vision/install/btcpp_ros2_interfaces/share/btcpp_ros2_interfaces/cmake/btcpp_ros2_interfaces__rosidl_typesupport_cExport-noconfig.cmake
[1.431s] -- Up-to-date: /home/mechax/ylh/sentry_vision/install/btcpp_ros2_interfaces/share/btcpp_ros2_interfaces/cmake/export_btcpp_ros2_interfaces__rosidl_generator_cppExport.cmake
[1.431s] -- Up-to-date: /home/mechax/ylh/sentry_vision/install/btcpp_ros2_interfaces/share/btcpp_ros2_interfaces/cmake/export_btcpp_ros2_interfaces__rosidl_typesupport_fastrtps_cppExport.cmake
[1.431s] -- Up-to-date: /home/mechax/ylh/sentry_vision/install/btcpp_ros2_interfaces/share/btcpp_ros2_interfaces/cmake/export_btcpp_ros2_interfaces__rosidl_typesupport_fastrtps_cppExport-noconfig.cmake
[1.431s] -- Up-to-date: /home/mechax/ylh/sentry_vision/install/btcpp_ros2_interfaces/share/btcpp_ros2_interfaces/cmake/btcpp_ros2_interfaces__rosidl_typesupport_introspection_cppExport.cmake
[1.431s] -- Up-to-date: /home/mechax/ylh/sentry_vision/install/btcpp_ros2_interfaces/share/btcpp_ros2_interfaces/cmake/btcpp_ros2_interfaces__rosidl_typesupport_introspection_cppExport-noconfig.cmake
[1.432s] -- Up-to-date: /home/mechax/ylh/sentry_vision/install/btcpp_ros2_interfaces/share/btcpp_ros2_interfaces/cmake/btcpp_ros2_interfaces__rosidl_typesupport_cppExport.cmake
[1.432s] -- Up-to-date: /home/mechax/ylh/sentry_vision/install/btcpp_ros2_interfaces/share/btcpp_ros2_interfaces/cmake/btcpp_ros2_interfaces__rosidl_typesupport_cppExport-noconfig.cmake
[1.432s] -- Up-to-date: /home/mechax/ylh/sentry_vision/install/btcpp_ros2_interfaces/share/btcpp_ros2_interfaces/cmake/export_btcpp_ros2_interfaces__rosidl_generator_pyExport.cmake
[1.432s] -- Up-to-date: /home/mechax/ylh/sentry_vision/install/btcpp_ros2_interfaces/share/btcpp_ros2_interfaces/cmake/export_btcpp_ros2_interfaces__rosidl_generator_pyExport-noconfig.cmake
[1.432s] -- Up-to-date: /home/mechax/ylh/sentry_vision/install/btcpp_ros2_interfaces/share/btcpp_ros2_interfaces/cmake/rosidl_cmake-extras.cmake
[1.432s] -- Up-to-date: /home/mechax/ylh/sentry_vision/install/btcpp_ros2_interfaces/share/btcpp_ros2_interfaces/cmake/ament_cmake_export_dependencies-extras.cmake
[1.432s] -- Up-to-date: /home/mechax/ylh/sentry_vision/install/btcpp_ros2_interfaces/share/btcpp_ros2_interfaces/cmake/ament_cmake_export_include_directories-extras.cmake
[1.432s] -- Up-to-date: /home/mechax/ylh/sentry_vision/install/btcpp_ros2_interfaces/share/btcpp_ros2_interfaces/cmake/ament_cmake_export_libraries-extras.cmake
[1.432s] -- Up-to-date: /home/mechax/ylh/sentry_vision/install/btcpp_ros2_interfaces/share/btcpp_ros2_interfaces/cmake/ament_cmake_export_targets-extras.cmake
[1.432s] -- Up-to-date: /home/mechax/ylh/sentry_vision/install/btcpp_ros2_interfaces/share/btcpp_ros2_interfaces/cmake/rosidl_cmake_export_typesupport_targets-extras.cmake
[1.432s] -- Up-to-date: /home/mechax/ylh/sentry_vision/install/btcpp_ros2_interfaces/share/btcpp_ros2_interfaces/cmake/rosidl_cmake_export_typesupport_libraries-extras.cmake
[1.432s] -- Up-to-date: /home/mechax/ylh/sentry_vision/install/btcpp_ros2_interfaces/share/btcpp_ros2_interfaces/cmake/btcpp_ros2_interfacesConfig.cmake
[1.432s] -- Up-to-date: /home/mechax/ylh/sentry_vision/install/btcpp_ros2_interfaces/share/btcpp_ros2_interfaces/cmake/btcpp_ros2_interfacesConfig-version.cmake
[1.432s] -- Up-to-date: /home/mechax/ylh/sentry_vision/install/btcpp_ros2_interfaces/share/btcpp_ros2_interfaces/package.xml
[1.551s] Invoked command in '/home/mechax/ylh/sentry_vision/build/btcpp_ros2_interfaces' returned '0': CMAKE_PREFIX_PATH=/opt/ros/humble /usr/bin/cmake --install /home/mechax/ylh/sentry_vision/build/btcpp_ros2_interfaces
