[0.374s] Invoking command in '/home/mechax/ylh/sentry_vision/build/behaviortree_cpp': CMAKE_PREFIX_PATH=/opt/ros/humble /usr/bin/cmake --build /home/mechax/ylh/sentry_vision/build/behaviortree_cpp -- -j16 -l16
[0.471s] [  2%] Built target gtest_main
[0.498s] [  4%] Built target gtest
[0.501s] [  5%] Built target lexy_file
[0.615s] [ 36%] Built target behaviortree_cpp
[0.713s] [ 37%] Built target crossdoor_nodes_dyn
[0.724s] [ 40%] Built target bt_sample_nodes
[0.724s] [ 42%] Built target movebase_node_dyn
[0.724s] [ 44%] Built target dummy_nodes_dyn
[0.728s] [ 45%] Built target bt4_log_cat
[0.733s] [ 47%] Built target bt4_plugin_manifest
[0.735s] [ 48%] Built target t01_first_tree_dynamic
[0.793s] [ 50%] Built target t13_plugin_action
[0.803s] [ 52%] Built target t01_first_tree_static
[0.813s] [ 72%] Built target behaviortree_cpp_test
[0.817s] [ 74%] Built target t03_generic_ports
[0.819s] [ 75%] Built target t02_basic_ports
[0.832s] [ 76%] Built target t04_reactive_sequence
[0.856s] [ 80%] Built target t09_scripting
[0.857s] [ 80%] Built target t05_crossdoor
[0.859s] [ 81%] Built target t06_subtree_port_remapping
[0.869s] [ 82%] Built target t08_additional_node_args
[0.869s] [ 84%] Built target t07_load_multiple_xml
[0.871s] [ 86%] Built target t11_replace_rules
[0.878s] [ 87%] Built target t10_observer
[0.887s] [ 88%] Built target t12_groot_howto
[0.887s] [ 89%] Built target ex01_wrap_legacy
[0.887s] [ 90%] Built target generate_log
[0.896s] [ 92%] Built target ex02_runtime_ports
[0.896s] [ 93%] Built target ex04_waypoints
[0.897s] [ 95%] Built target ex05_subtree_model
[0.908s] [ 97%] Built target ex07_blackboard_backup
[0.915s] [100%] Built target ex06_access_by_ptr
[0.915s] [100%] Built target t13_plugin_executor
[0.981s] Invoked command in '/home/mechax/ylh/sentry_vision/build/behaviortree_cpp' returned '0': CMAKE_PREFIX_PATH=/opt/ros/humble /usr/bin/cmake --build /home/mechax/ylh/sentry_vision/build/behaviortree_cpp -- -j16 -l16
[1.554s] Invoking command in '/home/mechax/ylh/sentry_vision/build/behaviortree_cpp': CMAKE_PREFIX_PATH=/opt/ros/humble /usr/bin/cmake --install /home/mechax/ylh/sentry_vision/build/behaviortree_cpp
[1.567s] -- Install configuration: "Release"
[1.568s] -- Up-to-date: /home/mechax/ylh/sentry_vision/install/behaviortree_cpp/bin/bt4_log_cat
[1.568s] -- Up-to-date: /home/mechax/ylh/sentry_vision/install/behaviortree_cpp/bin/bt4_plugin_manifest
[1.568s] -- Up-to-date: /home/mechax/ylh/sentry_vision/install/behaviortree_cpp/lib/libbehaviortree_cpp.so
[1.569s] -- Up-to-date: /home/mechax/ylh/sentry_vision/install/behaviortree_cpp/include
[1.569s] -- Up-to-date: /home/mechax/ylh/sentry_vision/install/behaviortree_cpp/include/behaviortree_cpp
[1.570s] -- Up-to-date: /home/mechax/ylh/sentry_vision/install/behaviortree_cpp/include/behaviortree_cpp/blackboard.h
[1.571s] -- Up-to-date: /home/mechax/ylh/sentry_vision/install/behaviortree_cpp/include/behaviortree_cpp/utils
[1.571s] -- Up-to-date: /home/mechax/ylh/sentry_vision/install/behaviortree_cpp/include/behaviortree_cpp/utils/strcat.hpp
[1.572s] -- Up-to-date: /home/mechax/ylh/sentry_vision/install/behaviortree_cpp/include/behaviortree_cpp/utils/convert_impl.hpp
[1.572s] -- Up-to-date: /home/mechax/ylh/sentry_vision/install/behaviortree_cpp/include/behaviortree_cpp/utils/locked_reference.hpp
[1.573s] -- Up-to-date: /home/mechax/ylh/sentry_vision/install/behaviortree_cpp/include/behaviortree_cpp/utils/safe_any.hpp
[1.574s] -- Up-to-date: /home/mechax/ylh/sentry_vision/install/behaviortree_cpp/include/behaviortree_cpp/utils/platform.hpp
[1.574s] -- Up-to-date: /home/mechax/ylh/sentry_vision/install/behaviortree_cpp/include/behaviortree_cpp/utils/signal.h
[1.575s] -- Up-to-date: /home/mechax/ylh/sentry_vision/install/behaviortree_cpp/include/behaviortree_cpp/utils/demangle_util.h
[1.575s] -- Up-to-date: /home/mechax/ylh/sentry_vision/install/behaviortree_cpp/include/behaviortree_cpp/utils/simple_string.hpp
[1.575s] -- Up-to-date: /home/mechax/ylh/sentry_vision/install/behaviortree_cpp/include/behaviortree_cpp/utils/shared_library.h
[1.576s] -- Up-to-date: /home/mechax/ylh/sentry_vision/install/behaviortree_cpp/include/behaviortree_cpp/utils/wakeup_signal.hpp
[1.576s] -- Up-to-date: /home/mechax/ylh/sentry_vision/install/behaviortree_cpp/include/behaviortree_cpp/utils/timer_queue.h
[1.576s] -- Up-to-date: /home/mechax/ylh/sentry_vision/install/behaviortree_cpp/include/behaviortree_cpp/leaf_node.h
[1.577s] -- Up-to-date: /home/mechax/ylh/sentry_vision/install/behaviortree_cpp/include/behaviortree_cpp/actions
[1.577s] -- Up-to-date: /home/mechax/ylh/sentry_vision/install/behaviortree_cpp/include/behaviortree_cpp/actions/always_failure_node.h
[1.577s] -- Up-to-date: /home/mechax/ylh/sentry_vision/install/behaviortree_cpp/include/behaviortree_cpp/actions/script_node.h
[1.577s] -- Up-to-date: /home/mechax/ylh/sentry_vision/install/behaviortree_cpp/include/behaviortree_cpp/actions/script_condition.h
[1.577s] -- Up-to-date: /home/mechax/ylh/sentry_vision/install/behaviortree_cpp/include/behaviortree_cpp/actions/always_success_node.h
[1.578s] -- Up-to-date: /home/mechax/ylh/sentry_vision/install/behaviortree_cpp/include/behaviortree_cpp/actions/pop_from_queue.hpp
[1.578s] -- Up-to-date: /home/mechax/ylh/sentry_vision/install/behaviortree_cpp/include/behaviortree_cpp/actions/test_node.h
[1.578s] -- Up-to-date: /home/mechax/ylh/sentry_vision/install/behaviortree_cpp/include/behaviortree_cpp/actions/sleep_node.h
[1.579s] -- Up-to-date: /home/mechax/ylh/sentry_vision/install/behaviortree_cpp/include/behaviortree_cpp/actions/set_blackboard_node.h
[1.579s] -- Up-to-date: /home/mechax/ylh/sentry_vision/install/behaviortree_cpp/include/behaviortree_cpp/actions/unset_blackboard_node.h
[1.579s] -- Up-to-date: /home/mechax/ylh/sentry_vision/install/behaviortree_cpp/include/behaviortree_cpp/decorator_node.h
[1.582s] -- Up-to-date: /home/mechax/ylh/sentry_vision/install/behaviortree_cpp/include/behaviortree_cpp/decorators
[1.583s] -- Up-to-date: /home/mechax/ylh/sentry_vision/install/behaviortree_cpp/include/behaviortree_cpp/decorators/repeat_node.h
[1.583s] -- Up-to-date: /home/mechax/ylh/sentry_vision/install/behaviortree_cpp/include/behaviortree_cpp/decorators/timeout_node.h
[1.583s] -- Up-to-date: /home/mechax/ylh/sentry_vision/install/behaviortree_cpp/include/behaviortree_cpp/decorators/keep_running_until_failure_node.h
[1.583s] -- Up-to-date: /home/mechax/ylh/sentry_vision/install/behaviortree_cpp/include/behaviortree_cpp/decorators/retry_node.h
[1.583s] -- Up-to-date: /home/mechax/ylh/sentry_vision/install/behaviortree_cpp/include/behaviortree_cpp/decorators/force_failure_node.h
[1.584s] -- Up-to-date: /home/mechax/ylh/sentry_vision/install/behaviortree_cpp/include/behaviortree_cpp/decorators/delay_node.h
[1.584s] -- Up-to-date: /home/mechax/ylh/sentry_vision/install/behaviortree_cpp/include/behaviortree_cpp/decorators/subtree_node.h
[1.584s] -- Up-to-date: /home/mechax/ylh/sentry_vision/install/behaviortree_cpp/include/behaviortree_cpp/decorators/script_precondition.h
[1.585s] -- Up-to-date: /home/mechax/ylh/sentry_vision/install/behaviortree_cpp/include/behaviortree_cpp/decorators/loop_node.h
[1.585s] -- Up-to-date: /home/mechax/ylh/sentry_vision/install/behaviortree_cpp/include/behaviortree_cpp/decorators/run_once_node.h
[1.585s] -- Up-to-date: /home/mechax/ylh/sentry_vision/install/behaviortree_cpp/include/behaviortree_cpp/decorators/consume_queue.h
[1.585s] -- Up-to-date: /home/mechax/ylh/sentry_vision/install/behaviortree_cpp/include/behaviortree_cpp/decorators/force_success_node.h
[1.585s] -- Up-to-date: /home/mechax/ylh/sentry_vision/install/behaviortree_cpp/include/behaviortree_cpp/decorators/inverter_node.h
[1.585s] -- Up-to-date: /home/mechax/ylh/sentry_vision/install/behaviortree_cpp/include/behaviortree_cpp/basic_types.h.orig
[1.585s] -- Up-to-date: /home/mechax/ylh/sentry_vision/install/behaviortree_cpp/include/behaviortree_cpp/bt_factory.h
[1.586s] -- Up-to-date: /home/mechax/ylh/sentry_vision/install/behaviortree_cpp/include/behaviortree_cpp/control_node.h
[1.586s] -- Up-to-date: /home/mechax/ylh/sentry_vision/install/behaviortree_cpp/include/behaviortree_cpp/xml_parsing.h
[1.586s] -- Up-to-date: /home/mechax/ylh/sentry_vision/install/behaviortree_cpp/include/behaviortree_cpp/action_node.h
[1.586s] -- Up-to-date: /home/mechax/ylh/sentry_vision/install/behaviortree_cpp/include/behaviortree_cpp/condition_node.h
[1.586s] -- Up-to-date: /home/mechax/ylh/sentry_vision/install/behaviortree_cpp/include/behaviortree_cpp/json_export.h
[1.586s] -- Up-to-date: /home/mechax/ylh/sentry_vision/install/behaviortree_cpp/include/behaviortree_cpp/loggers
[1.586s] -- Up-to-date: /home/mechax/ylh/sentry_vision/install/behaviortree_cpp/include/behaviortree_cpp/loggers/bt_minitrace_logger.h
[1.587s] -- Up-to-date: /home/mechax/ylh/sentry_vision/install/behaviortree_cpp/include/behaviortree_cpp/loggers/bt_file_logger_v2.h
[1.587s] -- Up-to-date: /home/mechax/ylh/sentry_vision/install/behaviortree_cpp/include/behaviortree_cpp/loggers/bt_observer.h
[1.587s] -- Up-to-date: /home/mechax/ylh/sentry_vision/install/behaviortree_cpp/include/behaviortree_cpp/loggers/groot2_protocol.h
[1.587s] -- Up-to-date: /home/mechax/ylh/sentry_vision/install/behaviortree_cpp/include/behaviortree_cpp/loggers/bt_sqlite_logger.h
[1.587s] -- Up-to-date: /home/mechax/ylh/sentry_vision/install/behaviortree_cpp/include/behaviortree_cpp/loggers/bt_cout_logger.h
[1.587s] -- Up-to-date: /home/mechax/ylh/sentry_vision/install/behaviortree_cpp/include/behaviortree_cpp/loggers/groot2_publisher.h
[1.587s] -- Up-to-date: /home/mechax/ylh/sentry_vision/install/behaviortree_cpp/include/behaviortree_cpp/loggers/bt_file_logger.h
[1.587s] -- Up-to-date: /home/mechax/ylh/sentry_vision/install/behaviortree_cpp/include/behaviortree_cpp/loggers/abstract_logger.h
[1.587s] -- Up-to-date: /home/mechax/ylh/sentry_vision/install/behaviortree_cpp/include/behaviortree_cpp/controls
[1.588s] -- Up-to-date: /home/mechax/ylh/sentry_vision/install/behaviortree_cpp/include/behaviortree_cpp/controls/switch_node.h
[1.588s] -- Up-to-date: /home/mechax/ylh/sentry_vision/install/behaviortree_cpp/include/behaviortree_cpp/controls/fallback_node.h
[1.588s] -- Up-to-date: /home/mechax/ylh/sentry_vision/install/behaviortree_cpp/include/behaviortree_cpp/controls/if_then_else_node.h
[1.588s] -- Up-to-date: /home/mechax/ylh/sentry_vision/install/behaviortree_cpp/include/behaviortree_cpp/controls/manual_node.h
[1.588s] -- Up-to-date: /home/mechax/ylh/sentry_vision/install/behaviortree_cpp/include/behaviortree_cpp/controls/parallel_all_node.h
[1.588s] -- Up-to-date: /home/mechax/ylh/sentry_vision/install/behaviortree_cpp/include/behaviortree_cpp/controls/sequence_node.h
[1.588s] -- Up-to-date: /home/mechax/ylh/sentry_vision/install/behaviortree_cpp/include/behaviortree_cpp/controls/parallel_node.h
[1.588s] -- Up-to-date: /home/mechax/ylh/sentry_vision/install/behaviortree_cpp/include/behaviortree_cpp/controls/while_do_else_node.h
[1.588s] -- Up-to-date: /home/mechax/ylh/sentry_vision/install/behaviortree_cpp/include/behaviortree_cpp/controls/sequence_with_memory_node.h
[1.588s] -- Up-to-date: /home/mechax/ylh/sentry_vision/install/behaviortree_cpp/include/behaviortree_cpp/controls/reactive_fallback.h
[1.588s] -- Up-to-date: /home/mechax/ylh/sentry_vision/install/behaviortree_cpp/include/behaviortree_cpp/controls/reactive_sequence.h
[1.588s] -- Up-to-date: /home/mechax/ylh/sentry_vision/install/behaviortree_cpp/include/behaviortree_cpp/scripting
[1.589s] -- Up-to-date: /home/mechax/ylh/sentry_vision/install/behaviortree_cpp/include/behaviortree_cpp/scripting/any_types.hpp
[1.589s] -- Up-to-date: /home/mechax/ylh/sentry_vision/install/behaviortree_cpp/include/behaviortree_cpp/scripting/script_parser.hpp
[1.589s] -- Up-to-date: /home/mechax/ylh/sentry_vision/install/behaviortree_cpp/include/behaviortree_cpp/scripting/operators.hpp
[1.589s] -- Up-to-date: /home/mechax/ylh/sentry_vision/install/behaviortree_cpp/include/behaviortree_cpp/bt_parser.h
[1.589s] -- Up-to-date: /home/mechax/ylh/sentry_vision/install/behaviortree_cpp/include/behaviortree_cpp/basic_types.h
[1.589s] -- Up-to-date: /home/mechax/ylh/sentry_vision/install/behaviortree_cpp/include/behaviortree_cpp/tree_node.h
[1.589s] -- Up-to-date: /home/mechax/ylh/sentry_vision/install/behaviortree_cpp/include/behaviortree_cpp/flatbuffers
[1.589s] -- Up-to-date: /home/mechax/ylh/sentry_vision/install/behaviortree_cpp/include/behaviortree_cpp/flatbuffers/stl_emulation.h
[1.589s] -- Up-to-date: /home/mechax/ylh/sentry_vision/install/behaviortree_cpp/include/behaviortree_cpp/flatbuffers/BT_logger_generated.h
[1.589s] -- Up-to-date: /home/mechax/ylh/sentry_vision/install/behaviortree_cpp/include/behaviortree_cpp/flatbuffers/flatbuffers.h
[1.589s] -- Up-to-date: /home/mechax/ylh/sentry_vision/install/behaviortree_cpp/include/behaviortree_cpp/flatbuffers/bt_flatbuffer_helper.h
[1.590s] -- Up-to-date: /home/mechax/ylh/sentry_vision/install/behaviortree_cpp/include/behaviortree_cpp/flatbuffers/base.h
[1.590s] -- Up-to-date: /home/mechax/ylh/sentry_vision/install/behaviortree_cpp/include/behaviortree_cpp/contrib
[1.590s] -- Up-to-date: /home/mechax/ylh/sentry_vision/install/behaviortree_cpp/include/behaviortree_cpp/contrib/any.hpp
[1.590s] -- Up-to-date: /home/mechax/ylh/sentry_vision/install/behaviortree_cpp/include/behaviortree_cpp/contrib/json.hpp
[1.590s] -- Up-to-date: /home/mechax/ylh/sentry_vision/install/behaviortree_cpp/include/behaviortree_cpp/contrib/expected.hpp
[1.590s] -- Up-to-date: /home/mechax/ylh/sentry_vision/install/behaviortree_cpp/include/behaviortree_cpp/contrib/magic_enum.hpp
[1.590s] -- Up-to-date: /home/mechax/ylh/sentry_vision/install/behaviortree_cpp/include/behaviortree_cpp/behavior_tree.h
[1.590s] -- Up-to-date: /home/mechax/ylh/sentry_vision/install/behaviortree_cpp/include/behaviortree_cpp/exceptions.h
[1.590s] -- Up-to-date: /home/mechax/ylh/sentry_vision/install/behaviortree_cpp/share/behaviortree_cpp/environment/library_path.sh
[1.590s] -- Up-to-date: /home/mechax/ylh/sentry_vision/install/behaviortree_cpp/share/behaviortree_cpp/environment/library_path.dsv
[1.590s] -- Up-to-date: /home/mechax/ylh/sentry_vision/install/behaviortree_cpp/share/ament_index/resource_index/package_run_dependencies/behaviortree_cpp
[1.590s] -- Up-to-date: /home/mechax/ylh/sentry_vision/install/behaviortree_cpp/share/ament_index/resource_index/parent_prefix_path/behaviortree_cpp
[1.590s] -- Up-to-date: /home/mechax/ylh/sentry_vision/install/behaviortree_cpp/share/behaviortree_cpp/environment/ament_prefix_path.sh
[1.590s] -- Up-to-date: /home/mechax/ylh/sentry_vision/install/behaviortree_cpp/share/behaviortree_cpp/environment/ament_prefix_path.dsv
[1.590s] -- Up-to-date: /home/mechax/ylh/sentry_vision/install/behaviortree_cpp/share/behaviortree_cpp/environment/path.sh
[1.590s] -- Up-to-date: /home/mechax/ylh/sentry_vision/install/behaviortree_cpp/share/behaviortree_cpp/environment/path.dsv
[1.590s] -- Up-to-date: /home/mechax/ylh/sentry_vision/install/behaviortree_cpp/share/behaviortree_cpp/local_setup.bash
[1.591s] -- Up-to-date: /home/mechax/ylh/sentry_vision/install/behaviortree_cpp/share/behaviortree_cpp/local_setup.sh
[1.591s] -- Up-to-date: /home/mechax/ylh/sentry_vision/install/behaviortree_cpp/share/behaviortree_cpp/local_setup.zsh
[1.591s] -- Up-to-date: /home/mechax/ylh/sentry_vision/install/behaviortree_cpp/share/behaviortree_cpp/local_setup.dsv
[1.591s] -- Installing: /home/mechax/ylh/sentry_vision/install/behaviortree_cpp/share/behaviortree_cpp/package.dsv
[1.591s] -- Up-to-date: /home/mechax/ylh/sentry_vision/install/behaviortree_cpp/share/ament_index/resource_index/packages/behaviortree_cpp
[1.591s] -- Up-to-date: /home/mechax/ylh/sentry_vision/install/behaviortree_cpp/share/behaviortree_cpp/cmake/ament_cmake_export_dependencies-extras.cmake
[1.591s] -- Up-to-date: /home/mechax/ylh/sentry_vision/install/behaviortree_cpp/share/behaviortree_cpp/cmake/ament_cmake_export_include_directories-extras.cmake
[1.591s] -- Up-to-date: /home/mechax/ylh/sentry_vision/install/behaviortree_cpp/share/behaviortree_cpp/cmake/ament_cmake_export_libraries-extras.cmake
[1.591s] -- Up-to-date: /home/mechax/ylh/sentry_vision/install/behaviortree_cpp/share/behaviortree_cpp/cmake/behaviortree_cppConfig.cmake
[1.591s] -- Up-to-date: /home/mechax/ylh/sentry_vision/install/behaviortree_cpp/share/behaviortree_cpp/cmake/behaviortree_cppConfig-version.cmake
[1.591s] -- Up-to-date: /home/mechax/ylh/sentry_vision/install/behaviortree_cpp/share/behaviortree_cpp/package.xml
[2.005s] Invoked command in '/home/mechax/ylh/sentry_vision/build/behaviortree_cpp' returned '0': CMAKE_PREFIX_PATH=/opt/ros/humble /usr/bin/cmake --install /home/mechax/ylh/sentry_vision/build/behaviortree_cpp
