[0.237s] Invoking command in '/home/mechax/ylh/sentry_vision/build/armor_tracker': AMENT_PREFIX_PATH=/home/mechax/ylh/sentry_vision/install/auto_aim_interfaces:${AMENT_PREFIX_PATH} CMAKE_PREFIX_PATH=/home/mechax/ylh/sentry_vision/install/auto_aim_interfaces:/opt/ros/humble LD_LIBRARY_PATH=/home/mechax/ylh/sentry_vision/install/auto_aim_interfaces/lib:${LD_LIBRARY_PATH} PYTHONPATH=/home/mechax/ylh/sentry_vision/install/auto_aim_interfaces/local/lib/python3.10/dist-packages:${PYTHONPATH} /usr/bin/cmake --build /home/mechax/ylh/sentry_vision/build/armor_tracker -- -j16 -l16
[0.310s] [ 33%] Built target armor_tracker_node
[0.351s] [100%] Built target armor_tracker
[0.408s] Invoked command in '/home/mechax/ylh/sentry_vision/build/armor_tracker' returned '0': AMENT_PREFIX_PATH=/home/mechax/ylh/sentry_vision/install/auto_aim_interfaces:${AMENT_PREFIX_PATH} CMAKE_PREFIX_PATH=/home/mechax/ylh/sentry_vision/install/auto_aim_interfaces:/opt/ros/humble LD_LIBRARY_PATH=/home/mechax/ylh/sentry_vision/install/auto_aim_interfaces/lib:${LD_LIBRARY_PATH} PYTHONPATH=/home/mechax/ylh/sentry_vision/install/auto_aim_interfaces/local/lib/python3.10/dist-packages:${PYTHONPATH} /usr/bin/cmake --build /home/mechax/ylh/sentry_vision/build/armor_tracker -- -j16 -l16
[0.642s] Invoking command in '/home/mechax/ylh/sentry_vision/build/armor_tracker': AMENT_PREFIX_PATH=/home/mechax/ylh/sentry_vision/install/auto_aim_interfaces:${AMENT_PREFIX_PATH} CMAKE_PREFIX_PATH=/home/mechax/ylh/sentry_vision/install/auto_aim_interfaces:/opt/ros/humble LD_LIBRARY_PATH=/home/mechax/ylh/sentry_vision/install/auto_aim_interfaces/lib:${LD_LIBRARY_PATH} PYTHONPATH=/home/mechax/ylh/sentry_vision/install/auto_aim_interfaces/local/lib/python3.10/dist-packages:${PYTHONPATH} /usr/bin/cmake --install /home/mechax/ylh/sentry_vision/build/armor_tracker
[0.777s] -- Install configuration: ""
[0.777s] -- Up-to-date: /home/mechax/ylh/sentry_vision/install/armor_tracker/lib/armor_tracker/armor_tracker_node
[0.777s] -- Up-to-date: /home/mechax/ylh/sentry_vision/install/armor_tracker/include
[0.778s] -- Up-to-date: /home/mechax/ylh/sentry_vision/install/armor_tracker/include/armor_tracker
[0.778s] -- Up-to-date: /home/mechax/ylh/sentry_vision/install/armor_tracker/include/armor_tracker/tracker.hpp
[0.778s] -- Up-to-date: /home/mechax/ylh/sentry_vision/install/armor_tracker/include/armor_tracker/tracker_node.hpp
[0.778s] -- Up-to-date: /home/mechax/ylh/sentry_vision/install/armor_tracker/include/armor_tracker/extended_kalman_filter.hpp
[0.778s] -- Up-to-date: /home/mechax/ylh/sentry_vision/install/armor_tracker/share/armor_tracker/environment/library_path.sh
[0.779s] -- Up-to-date: /home/mechax/ylh/sentry_vision/install/armor_tracker/share/armor_tracker/environment/library_path.dsv
[0.779s] -- Up-to-date: /home/mechax/ylh/sentry_vision/install/armor_tracker/lib/libarmor_tracker.so
[0.779s] -- Up-to-date: /home/mechax/ylh/sentry_vision/install/armor_tracker/share/ament_index/resource_index/package_run_dependencies/armor_tracker
[0.779s] -- Up-to-date: /home/mechax/ylh/sentry_vision/install/armor_tracker/share/ament_index/resource_index/parent_prefix_path/armor_tracker
[0.779s] -- Up-to-date: /home/mechax/ylh/sentry_vision/install/armor_tracker/share/armor_tracker/environment/ament_prefix_path.sh
[0.780s] -- Up-to-date: /home/mechax/ylh/sentry_vision/install/armor_tracker/share/armor_tracker/environment/ament_prefix_path.dsv
[0.780s] -- Up-to-date: /home/mechax/ylh/sentry_vision/install/armor_tracker/share/armor_tracker/environment/path.sh
[0.780s] -- Up-to-date: /home/mechax/ylh/sentry_vision/install/armor_tracker/share/armor_tracker/environment/path.dsv
[0.780s] -- Up-to-date: /home/mechax/ylh/sentry_vision/install/armor_tracker/share/armor_tracker/local_setup.bash
[0.780s] -- Up-to-date: /home/mechax/ylh/sentry_vision/install/armor_tracker/share/armor_tracker/local_setup.sh
[0.780s] -- Up-to-date: /home/mechax/ylh/sentry_vision/install/armor_tracker/share/armor_tracker/local_setup.zsh
[0.781s] -- Up-to-date: /home/mechax/ylh/sentry_vision/install/armor_tracker/share/armor_tracker/local_setup.dsv
[0.781s] -- Installing: /home/mechax/ylh/sentry_vision/install/armor_tracker/share/armor_tracker/package.dsv
[0.781s] -- Up-to-date: /home/mechax/ylh/sentry_vision/install/armor_tracker/share/ament_index/resource_index/packages/armor_tracker
[0.781s] -- Up-to-date: /home/mechax/ylh/sentry_vision/install/armor_tracker/share/ament_index/resource_index/rclcpp_components/armor_tracker
[0.781s] -- Up-to-date: /home/mechax/ylh/sentry_vision/install/armor_tracker/share/armor_tracker/cmake/ament_cmake_export_dependencies-extras.cmake
[0.782s] -- Up-to-date: /home/mechax/ylh/sentry_vision/install/armor_tracker/share/armor_tracker/cmake/ament_cmake_export_include_directories-extras.cmake
[0.782s] -- Up-to-date: /home/mechax/ylh/sentry_vision/install/armor_tracker/share/armor_tracker/cmake/ament_cmake_export_libraries-extras.cmake
[0.782s] -- Up-to-date: /home/mechax/ylh/sentry_vision/install/armor_tracker/share/armor_tracker/cmake/armor_trackerConfig.cmake
[0.783s] -- Up-to-date: /home/mechax/ylh/sentry_vision/install/armor_tracker/share/armor_tracker/cmake/armor_trackerConfig-version.cmake
[0.783s] -- Up-to-date: /home/mechax/ylh/sentry_vision/install/armor_tracker/share/armor_tracker/package.xml
[0.829s] Invoked command in '/home/mechax/ylh/sentry_vision/build/armor_tracker' returned '0': AMENT_PREFIX_PATH=/home/mechax/ylh/sentry_vision/install/auto_aim_interfaces:${AMENT_PREFIX_PATH} CMAKE_PREFIX_PATH=/home/mechax/ylh/sentry_vision/install/auto_aim_interfaces:/opt/ros/humble LD_LIBRARY_PATH=/home/mechax/ylh/sentry_vision/install/auto_aim_interfaces/lib:${LD_LIBRARY_PATH} PYTHONPATH=/home/mechax/ylh/sentry_vision/install/auto_aim_interfaces/local/lib/python3.10/dist-packages:${PYTHONPATH} /usr/bin/cmake --install /home/mechax/ylh/sentry_vision/build/armor_tracker
