[0.309s] Invoking command in '/home/mechax/ylh/sentry_vision/build/rm_decision_interfaces': CMAKE_PREFIX_PATH=/opt/ros/humble /usr/bin/cmake /home/mechax/ylh/sentry_vision/src/rm_decision/rm_decision_interfaces -DCMAKE_EXPORT_COMPILE_COMMANDS=ON -DCMAKE_INSTALL_PREFIX=/home/mechax/ylh/sentry_vision/install/rm_decision_interfaces
[0.412s] -- The C compiler identification is GNU 11.4.0
[0.519s] -- The CXX compiler identification is GNU 11.4.0
[0.527s] -- Detecting C compiler ABI info
[0.621s] -- Detecting C compiler ABI info - done
[0.631s] -- Check for working C compiler: /usr/bin/cc - skipped
[0.631s] -- Detecting C compile features
[0.632s] -- Detecting C compile features - done
[0.636s] -- Detecting CXX compiler ABI info
[0.741s] -- Detecting CXX compiler ABI info - done
[0.749s] -- Check for working CXX compiler: /usr/bin/c++ - skipped
[0.750s] -- Detecting CXX compile features
[0.751s] -- Detecting CXX compile features - done
[0.759s] -- Found ament_cmake: 1.3.6 (/opt/ros/humble/share/ament_cmake/cmake)
[1.370s] -- Found Python3: /usr/bin/python3.10 (found version "3.10.12") found components: Interpreter 
[1.491s] -- Found geometry_msgs: 4.2.3 (/opt/ros/humble/share/geometry_msgs/cmake)
[1.550s] -- Found rosidl_generator_c: 3.1.5 (/opt/ros/humble/share/rosidl_generator_c/cmake)
[1.555s] -- Found rosidl_adapter: 3.1.5 (/opt/ros/humble/share/rosidl_adapter/cmake)
[1.564s] -- Found rosidl_generator_cpp: 3.1.5 (/opt/ros/humble/share/rosidl_generator_cpp/cmake)
[1.583s] -- Using all available rosidl_typesupport_c: rosidl_typesupport_fastrtps_c;rosidl_typesupport_introspection_c
[1.613s] -- Using all available rosidl_typesupport_cpp: rosidl_typesupport_fastrtps_cpp;rosidl_typesupport_introspection_cpp
[1.833s] -- Found rosidl_default_generators: 1.2.0 (/opt/ros/humble/share/rosidl_default_generators/cmake)
[2.234s] -- Found ament_cmake_ros: 0.10.0 (/opt/ros/humble/share/ament_cmake_ros/cmake)
[3.803s] -- Using all available rosidl_typesupport_c: rosidl_typesupport_fastrtps_c;rosidl_typesupport_introspection_c
[4.532s] -- Using all available rosidl_typesupport_cpp: rosidl_typesupport_fastrtps_cpp;rosidl_typesupport_introspection_cpp
[4.603s] -- Found PythonInterp: /usr/bin/python3 (found suitable version "3.10.12", minimum required is "3.6") 
[4.605s] -- Found python_cmake_module: 0.10.0 (/opt/ros/humble/share/python_cmake_module/cmake)
[4.726s] -- Found PythonLibs: /usr/lib/x86_64-linux-gnu/libpython3.10.so (found suitable version "3.10.12", minimum required is "3.5") 
[4.726s] -- Using PYTHON_EXECUTABLE: /usr/bin/python3
[4.726s] -- Using PYTHON_INCLUDE_DIRS: /usr/include/python3.10
[4.726s] -- Using PYTHON_LIBRARIES: /usr/lib/x86_64-linux-gnu/libpython3.10.so
[4.827s] -- Found PythonExtra: .so  
[5.043s] -- Found ament_lint_auto: 0.12.9 (/opt/ros/humble/share/ament_lint_auto/cmake)
[5.094s] -- Added test 'lint_cmake' to check CMake code style
[5.107s] -- Added test 'xmllint' to check XML markup files
[5.111s] -- Configuring done
[5.267s] -- Generating done
[5.287s] -- Build files have been written to: /home/mechax/ylh/sentry_vision/build/rm_decision_interfaces
[5.733s] Invoked command in '/home/mechax/ylh/sentry_vision/build/rm_decision_interfaces' returned '0': CMAKE_PREFIX_PATH=/opt/ros/humble /usr/bin/cmake /home/mechax/ylh/sentry_vision/src/rm_decision/rm_decision_interfaces -DCMAKE_EXPORT_COMPILE_COMMANDS=ON -DCMAKE_INSTALL_PREFIX=/home/mechax/ylh/sentry_vision/install/rm_decision_interfaces
[5.734s] Invoking command in '/home/mechax/ylh/sentry_vision/build/rm_decision_interfaces': CMAKE_PREFIX_PATH=/opt/ros/humble /usr/bin/cmake --build /home/mechax/ylh/sentry_vision/build/rm_decision_interfaces -- -j16 -l16
[5.924s] [  1%] [34m[1mGenerating C code for ROS interfaces[0m
[6.057s] [  2%] [34m[1mGenerating C++ code for ROS interfaces[0m
[6.095s] [  2%] Built target ament_cmake_python_copy_rm_decision_interfaces
[7.206s] running egg_info
[7.213s] creating rm_decision_interfaces.egg-info
[7.302s] writing rm_decision_interfaces.egg-info/PKG-INFO
[7.304s] writing dependency_links to rm_decision_interfaces.egg-info/dependency_links.txt
[7.307s] writing top-level names to rm_decision_interfaces.egg-info/top_level.txt
[7.308s] writing manifest file 'rm_decision_interfaces.egg-info/SOURCES.txt'
[7.540s] reading manifest file 'rm_decision_interfaces.egg-info/SOURCES.txt'
[7.541s] writing manifest file 'rm_decision_interfaces.egg-info/SOURCES.txt'
[7.886s] [  2%] Built target ament_cmake_python_build_rm_decision_interfaces_egg
[8.078s] [  2%] Built target rm_decision_interfaces__cpp
[8.183s] [  4%] [34m[1mGenerating C++ type support dispatch for ROS interfaces[0m
[8.195s] [  5%] [34m[1mGenerating C++ type support for eProsima Fast-RTPS[0m
[8.219s] [  7%] [34m[1mGenerating C++ introspection for ROS interfaces[0m
[8.880s] [  8%] [32mBuilding C object CMakeFiles/rm_decision_interfaces__rosidl_generator_c.dir/rosidl_generator_c/rm_decision_interfaces/msg/detail/all_robot_hp__functions.c.o[0m
[8.896s] [  9%] [32mBuilding C object CMakeFiles/rm_decision_interfaces__rosidl_generator_c.dir/rosidl_generator_c/rm_decision_interfaces/msg/detail/friend_location__functions.c.o[0m
[8.905s] [ 11%] [32mBuilding C object CMakeFiles/rm_decision_interfaces__rosidl_generator_c.dir/rosidl_generator_c/rm_decision_interfaces/msg/detail/rfid__functions.c.o[0m
[8.912s] [ 14%] [32mBuilding C object CMakeFiles/rm_decision_interfaces__rosidl_generator_c.dir/rosidl_generator_c/rm_decision_interfaces/msg/detail/armor__functions.c.o[0m
[8.932s] [ 15%] [32mBuilding C object CMakeFiles/rm_decision_interfaces__rosidl_generator_c.dir/rosidl_generator_c/rm_decision_interfaces/msg/detail/receive_serial__functions.c.o[0m
[8.936s] [ 15%] [32mBuilding C object CMakeFiles/rm_decision_interfaces__rosidl_generator_c.dir/rosidl_generator_c/rm_decision_interfaces/msg/detail/robot_status__functions.c.o[0m
[9.287s] [ 16%] [32m[1mLinking C shared library librm_decision_interfaces__rosidl_generator_c.so[0m
[9.622s] [ 16%] Built target rm_decision_interfaces__rosidl_generator_c
[9.745s] [ 18%] [34m[1mGenerating C type support for eProsima Fast-RTPS[0m
[9.747s] [ 19%] [34m[1mGenerating C type support dispatch for ROS interfaces[0m
[9.773s] [ 21%] [34m[1mGenerating C introspection for ROS interfaces[0m
[10.724s] [ 22%] [32mBuilding CXX object CMakeFiles/rm_decision_interfaces__rosidl_typesupport_introspection_cpp.dir/rosidl_typesupport_introspection_cpp/rm_decision_interfaces/msg/detail/all_robot_hp__type_support.cpp.o[0m
[10.760s] [ 23%] [32mBuilding CXX object CMakeFiles/rm_decision_interfaces__rosidl_typesupport_introspection_cpp.dir/rosidl_typesupport_introspection_cpp/rm_decision_interfaces/msg/detail/armor__type_support.cpp.o[0m
[10.784s] [ 25%] [32mBuilding CXX object CMakeFiles/rm_decision_interfaces__rosidl_typesupport_cpp.dir/rosidl_typesupport_cpp/rm_decision_interfaces/msg/all_robot_hp__type_support.cpp.o[0m
[10.806s] [ 26%] [32mBuilding CXX object CMakeFiles/rm_decision_interfaces__rosidl_typesupport_introspection_cpp.dir/rosidl_typesupport_introspection_cpp/rm_decision_interfaces/msg/detail/friend_location__type_support.cpp.o[0m
[10.808s] [ 28%] [32mBuilding CXX object CMakeFiles/rm_decision_interfaces__rosidl_typesupport_cpp.dir/rosidl_typesupport_cpp/rm_decision_interfaces/msg/friend_location__type_support.cpp.o[0m
[10.814s] [ 29%] [32mBuilding CXX object CMakeFiles/rm_decision_interfaces__rosidl_typesupport_introspection_cpp.dir/rosidl_typesupport_introspection_cpp/rm_decision_interfaces/msg/detail/rfid__type_support.cpp.o[0m
[10.817s] [ 30%] [32mBuilding CXX object CMakeFiles/rm_decision_interfaces__rosidl_typesupport_cpp.dir/rosidl_typesupport_cpp/rm_decision_interfaces/msg/armor__type_support.cpp.o[0m
[10.885s] [ 33%] [32mBuilding CXX object CMakeFiles/rm_decision_interfaces__rosidl_typesupport_cpp.dir/rosidl_typesupport_cpp/rm_decision_interfaces/msg/rfid__type_support.cpp.o[0m
[10.893s] [ 33%] [32mBuilding CXX object CMakeFiles/rm_decision_interfaces__rosidl_typesupport_introspection_cpp.dir/rosidl_typesupport_introspection_cpp/rm_decision_interfaces/msg/detail/robot_status__type_support.cpp.o[0m
[10.908s] [ 36%] [32mBuilding CXX object CMakeFiles/rm_decision_interfaces__rosidl_typesupport_introspection_cpp.dir/rosidl_typesupport_introspection_cpp/rm_decision_interfaces/msg/detail/receive_serial__type_support.cpp.o[0m
[10.912s] [ 36%] [32mBuilding CXX object CMakeFiles/rm_decision_interfaces__rosidl_typesupport_cpp.dir/rosidl_typesupport_cpp/rm_decision_interfaces/msg/robot_status__type_support.cpp.o[0m
[10.929s] [ 38%] [32mBuilding CXX object CMakeFiles/rm_decision_interfaces__rosidl_typesupport_cpp.dir/rosidl_typesupport_cpp/rm_decision_interfaces/msg/receive_serial__type_support.cpp.o[0m
[11.777s] [ 39%] [32mBuilding CXX object CMakeFiles/rm_decision_interfaces__rosidl_typesupport_fastrtps_cpp.dir/rosidl_typesupport_fastrtps_cpp/rm_decision_interfaces/msg/detail/dds_fastrtps/all_robot_hp__type_support.cpp.o[0m
[11.897s] [ 40%] [32mBuilding CXX object CMakeFiles/rm_decision_interfaces__rosidl_typesupport_fastrtps_cpp.dir/rosidl_typesupport_fastrtps_cpp/rm_decision_interfaces/msg/detail/dds_fastrtps/armor__type_support.cpp.o[0m
[12.031s] [ 42%] [32mBuilding CXX object CMakeFiles/rm_decision_interfaces__rosidl_typesupport_c.dir/rosidl_typesupport_c/rm_decision_interfaces/msg/all_robot_hp__type_support.cpp.o[0m
[12.250s] [ 43%] [32mBuilding CXX object CMakeFiles/rm_decision_interfaces__rosidl_typesupport_c.dir/rosidl_typesupport_c/rm_decision_interfaces/msg/armor__type_support.cpp.o[0m
[12.363s] [ 45%] [32mBuilding CXX object CMakeFiles/rm_decision_interfaces__rosidl_typesupport_c.dir/rosidl_typesupport_c/rm_decision_interfaces/msg/friend_location__type_support.cpp.o[0m
[12.452s] [ 46%] [32mBuilding CXX object CMakeFiles/rm_decision_interfaces__rosidl_typesupport_c.dir/rosidl_typesupport_c/rm_decision_interfaces/msg/rfid__type_support.cpp.o[0m
[12.524s] [ 47%] [32mBuilding CXX object CMakeFiles/rm_decision_interfaces__rosidl_typesupport_fastrtps_c.dir/rosidl_typesupport_fastrtps_c/rm_decision_interfaces/msg/detail/all_robot_hp__type_support_c.cpp.o[0m
[12.545s] [ 50%] [32mBuilding CXX object CMakeFiles/rm_decision_interfaces__rosidl_typesupport_c.dir/rosidl_typesupport_c/rm_decision_interfaces/msg/receive_serial__type_support.cpp.o[0m
[12.560s] [ 50%] [32mBuilding CXX object CMakeFiles/rm_decision_interfaces__rosidl_typesupport_c.dir/rosidl_typesupport_c/rm_decision_interfaces/msg/robot_status__type_support.cpp.o[0m
[12.578s] [ 52%] [32mBuilding CXX object CMakeFiles/rm_decision_interfaces__rosidl_typesupport_fastrtps_c.dir/rosidl_typesupport_fastrtps_c/rm_decision_interfaces/msg/detail/armor__type_support_c.cpp.o[0m
[12.672s] [ 53%] [32mBuilding CXX object CMakeFiles/rm_decision_interfaces__rosidl_typesupport_fastrtps_c.dir/rosidl_typesupport_fastrtps_c/rm_decision_interfaces/msg/detail/friend_location__type_support_c.cpp.o[0m
[12.712s] [ 54%] [32mBuilding CXX object CMakeFiles/rm_decision_interfaces__rosidl_typesupport_fastrtps_cpp.dir/rosidl_typesupport_fastrtps_cpp/rm_decision_interfaces/msg/detail/dds_fastrtps/rfid__type_support.cpp.o[0m
[12.744s] [ 56%] [32mBuilding CXX object CMakeFiles/rm_decision_interfaces__rosidl_typesupport_fastrtps_cpp.dir/rosidl_typesupport_fastrtps_cpp/rm_decision_interfaces/msg/detail/dds_fastrtps/friend_location__type_support.cpp.o[0m
[12.745s] [ 57%] [32m[1mLinking CXX shared library librm_decision_interfaces__rosidl_typesupport_c.so[0m
[12.900s] [ 59%] [32mBuilding CXX object CMakeFiles/rm_decision_interfaces__rosidl_typesupport_fastrtps_c.dir/rosidl_typesupport_fastrtps_c/rm_decision_interfaces/msg/detail/rfid__type_support_c.cpp.o[0m
[13.006s] [ 59%] Built target rm_decision_interfaces__rosidl_typesupport_c
[13.083s] [ 60%] [32mBuilding CXX object CMakeFiles/rm_decision_interfaces__rosidl_typesupport_fastrtps_cpp.dir/rosidl_typesupport_fastrtps_cpp/rm_decision_interfaces/msg/detail/dds_fastrtps/robot_status__type_support.cpp.o[0m
[13.158s] [ 61%] [32mBuilding CXX object CMakeFiles/rm_decision_interfaces__rosidl_typesupport_fastrtps_c.dir/rosidl_typesupport_fastrtps_c/rm_decision_interfaces/msg/detail/robot_status__type_support_c.cpp.o[0m
[13.302s] [ 63%] [32mBuilding CXX object CMakeFiles/rm_decision_interfaces__rosidl_typesupport_fastrtps_cpp.dir/rosidl_typesupport_fastrtps_cpp/rm_decision_interfaces/msg/detail/dds_fastrtps/receive_serial__type_support.cpp.o[0m
[13.391s] [ 64%] [32mBuilding CXX object CMakeFiles/rm_decision_interfaces__rosidl_typesupport_fastrtps_c.dir/rosidl_typesupport_fastrtps_c/rm_decision_interfaces/msg/detail/receive_serial__type_support_c.cpp.o[0m
[13.455s] [ 66%] [32mBuilding C object CMakeFiles/rm_decision_interfaces__rosidl_typesupport_introspection_c.dir/rosidl_typesupport_introspection_c/rm_decision_interfaces/msg/detail/all_robot_hp__type_support.c.o[0m
[13.616s] [ 67%] [32mBuilding C object CMakeFiles/rm_decision_interfaces__rosidl_typesupport_introspection_c.dir/rosidl_typesupport_introspection_c/rm_decision_interfaces/msg/detail/armor__type_support.c.o[0m
[13.684s] [ 69%] [32mBuilding C object CMakeFiles/rm_decision_interfaces__rosidl_typesupport_introspection_c.dir/rosidl_typesupport_introspection_c/rm_decision_interfaces/msg/detail/friend_location__type_support.c.o[0m
[13.717s] [ 70%] [32mBuilding C object CMakeFiles/rm_decision_interfaces__rosidl_typesupport_introspection_c.dir/rosidl_typesupport_introspection_c/rm_decision_interfaces/msg/detail/rfid__type_support.c.o[0m
[13.718s] [ 71%] [32mBuilding C object CMakeFiles/rm_decision_interfaces__rosidl_typesupport_introspection_c.dir/rosidl_typesupport_introspection_c/rm_decision_interfaces/msg/detail/robot_status__type_support.c.o[0m
[13.725s] [ 73%] [32m[1mLinking CXX shared library librm_decision_interfaces__rosidl_typesupport_cpp.so[0m
[13.872s] [ 74%] [32mBuilding C object CMakeFiles/rm_decision_interfaces__rosidl_typesupport_introspection_c.dir/rosidl_typesupport_introspection_c/rm_decision_interfaces/msg/detail/receive_serial__type_support.c.o[0m
[13.921s] [ 74%] Built target rm_decision_interfaces__rosidl_typesupport_cpp
[14.006s] [ 76%] [32m[1mLinking C shared library librm_decision_interfaces__rosidl_typesupport_introspection_c.so[0m
[14.274s] [ 76%] Built target rm_decision_interfaces__rosidl_typesupport_introspection_c
[14.402s] [ 77%] [32m[1mLinking CXX shared library librm_decision_interfaces__rosidl_typesupport_introspection_cpp.so[0m
[14.998s] [ 77%] Built target rm_decision_interfaces__rosidl_typesupport_introspection_cpp
[15.028s] [ 78%] [32m[1mLinking CXX shared library librm_decision_interfaces__rosidl_typesupport_fastrtps_c.so[0m
[15.517s] [ 78%] Built target rm_decision_interfaces__rosidl_typesupport_fastrtps_c
[15.847s] [ 80%] [32m[1mLinking CXX shared library librm_decision_interfaces__rosidl_typesupport_fastrtps_cpp.so[0m
[16.091s] [ 80%] Built target rm_decision_interfaces__rosidl_typesupport_fastrtps_cpp
[16.178s] [ 80%] Built target rm_decision_interfaces
[16.215s] [ 81%] [34m[1mGenerating Python code for ROS interfaces[0m
[20.273s] [ 81%] Built target rm_decision_interfaces__py
[20.331s] [ 83%] [32mBuilding C object CMakeFiles/rm_decision_interfaces__rosidl_generator_py.dir/rosidl_generator_py/rm_decision_interfaces/msg/_all_robot_hp_s.c.o[0m
[20.374s] [ 84%] [32mBuilding C object CMakeFiles/rm_decision_interfaces__rosidl_generator_py.dir/rosidl_generator_py/rm_decision_interfaces/msg/_armor_s.c.o[0m
[20.442s] [ 85%] [32mBuilding C object CMakeFiles/rm_decision_interfaces__rosidl_generator_py.dir/rosidl_generator_py/rm_decision_interfaces/msg/_rfid_s.c.o[0m
[20.458s] [ 87%] [32mBuilding C object CMakeFiles/rm_decision_interfaces__rosidl_generator_py.dir/rosidl_generator_py/rm_decision_interfaces/msg/_friend_location_s.c.o[0m
[20.458s] [ 88%] [32mBuilding C object CMakeFiles/rm_decision_interfaces__rosidl_generator_py.dir/rosidl_generator_py/rm_decision_interfaces/msg/_robot_status_s.c.o[0m
[20.470s] [ 90%] [32mBuilding C object CMakeFiles/rm_decision_interfaces__rosidl_generator_py.dir/rosidl_generator_py/rm_decision_interfaces/msg/_receive_serial_s.c.o[0m
[21.096s] [ 91%] [32m[1mLinking C shared library rosidl_generator_py/rm_decision_interfaces/librm_decision_interfaces__rosidl_generator_py.so[0m
[21.329s] [ 91%] Built target rm_decision_interfaces__rosidl_generator_py
[21.369s] [ 92%] [32mBuilding C object CMakeFiles/rm_decision_interfaces__rosidl_typesupport_fastrtps_c__pyext.dir/rosidl_generator_py/rm_decision_interfaces/_rm_decision_interfaces_s.ep.rosidl_typesupport_fastrtps_c.c.o[0m
[21.613s] [ 94%] [32m[1mLinking C shared library rosidl_generator_py/rm_decision_interfaces/rm_decision_interfaces_s__rosidl_typesupport_fastrtps_c.cpython-310-x86_64-linux-gnu.so[0m
[21.819s] [ 94%] Built target rm_decision_interfaces__rosidl_typesupport_fastrtps_c__pyext
[21.975s] [ 95%] [32mBuilding C object CMakeFiles/rm_decision_interfaces__rosidl_typesupport_c__pyext.dir/rosidl_generator_py/rm_decision_interfaces/_rm_decision_interfaces_s.ep.rosidl_typesupport_c.c.o[0m
[22.622s] [ 97%] [32m[1mLinking C shared library rosidl_generator_py/rm_decision_interfaces/rm_decision_interfaces_s__rosidl_typesupport_c.cpython-310-x86_64-linux-gnu.so[0m
[22.849s] [ 97%] Built target rm_decision_interfaces__rosidl_typesupport_c__pyext
[22.936s] [ 98%] [32mBuilding C object CMakeFiles/rm_decision_interfaces__rosidl_typesupport_introspection_c__pyext.dir/rosidl_generator_py/rm_decision_interfaces/_rm_decision_interfaces_s.ep.rosidl_typesupport_introspection_c.c.o[0m
[23.223s] [100%] [32m[1mLinking C shared library rosidl_generator_py/rm_decision_interfaces/rm_decision_interfaces_s__rosidl_typesupport_introspection_c.cpython-310-x86_64-linux-gnu.so[0m
[23.424s] [100%] Built target rm_decision_interfaces__rosidl_typesupport_introspection_c__pyext
[23.480s] Invoked command in '/home/mechax/ylh/sentry_vision/build/rm_decision_interfaces' returned '0': CMAKE_PREFIX_PATH=/opt/ros/humble /usr/bin/cmake --build /home/mechax/ylh/sentry_vision/build/rm_decision_interfaces -- -j16 -l16
[25.322s] Invoking command in '/home/mechax/ylh/sentry_vision/build/rm_decision_interfaces': CMAKE_PREFIX_PATH=/opt/ros/humble /usr/bin/cmake --install /home/mechax/ylh/sentry_vision/build/rm_decision_interfaces
[25.337s] -- Install configuration: ""
[25.337s] -- Installing: /home/mechax/ylh/sentry_vision/install/rm_decision_interfaces/share/ament_index/resource_index/rosidl_interfaces/rm_decision_interfaces
[25.338s] -- Installing: /home/mechax/ylh/sentry_vision/install/rm_decision_interfaces/include/rm_decision_interfaces/rm_decision_interfaces
[25.338s] -- Installing: /home/mechax/ylh/sentry_vision/install/rm_decision_interfaces/include/rm_decision_interfaces/rm_decision_interfaces/msg
[25.338s] -- Installing: /home/mechax/ylh/sentry_vision/install/rm_decision_interfaces/include/rm_decision_interfaces/rm_decision_interfaces/msg/armor.h
[25.339s] -- Installing: /home/mechax/ylh/sentry_vision/install/rm_decision_interfaces/include/rm_decision_interfaces/rm_decision_interfaces/msg/all_robot_hp.h
[25.339s] -- Installing: /home/mechax/ylh/sentry_vision/install/rm_decision_interfaces/include/rm_decision_interfaces/rm_decision_interfaces/msg/rfid.h
[25.339s] -- Installing: /home/mechax/ylh/sentry_vision/install/rm_decision_interfaces/include/rm_decision_interfaces/rm_decision_interfaces/msg/receive_serial.h
[25.339s] -- Installing: /home/mechax/ylh/sentry_vision/install/rm_decision_interfaces/include/rm_decision_interfaces/rm_decision_interfaces/msg/detail
[25.339s] -- Installing: /home/mechax/ylh/sentry_vision/install/rm_decision_interfaces/include/rm_decision_interfaces/rm_decision_interfaces/msg/detail/robot_status__type_support.h
[25.339s] -- Installing: /home/mechax/ylh/sentry_vision/install/rm_decision_interfaces/include/rm_decision_interfaces/rm_decision_interfaces/msg/detail/all_robot_hp__type_support.h
[25.339s] -- Installing: /home/mechax/ylh/sentry_vision/install/rm_decision_interfaces/include/rm_decision_interfaces/rm_decision_interfaces/msg/detail/armor__struct.h
[25.339s] -- Installing: /home/mechax/ylh/sentry_vision/install/rm_decision_interfaces/include/rm_decision_interfaces/rm_decision_interfaces/msg/detail/receive_serial__functions.h
[25.339s] -- Installing: /home/mechax/ylh/sentry_vision/install/rm_decision_interfaces/include/rm_decision_interfaces/rm_decision_interfaces/msg/detail/rfid__type_support.h
[25.340s] -- Installing: /home/mechax/ylh/sentry_vision/install/rm_decision_interfaces/include/rm_decision_interfaces/rm_decision_interfaces/msg/detail/all_robot_hp__functions.c
[25.340s] -- Installing: /home/mechax/ylh/sentry_vision/install/rm_decision_interfaces/include/rm_decision_interfaces/rm_decision_interfaces/msg/detail/rfid__functions.h
[25.340s] -- Installing: /home/mechax/ylh/sentry_vision/install/rm_decision_interfaces/include/rm_decision_interfaces/rm_decision_interfaces/msg/detail/friend_location__functions.h
[25.345s] -- Installing: /home/mechax/ylh/sentry_vision/install/rm_decision_interfaces/include/rm_decision_interfaces/rm_decision_interfaces/msg/detail/all_robot_hp__functions.h
[25.346s] -- Installing: /home/mechax/ylh/sentry_vision/install/rm_decision_interfaces/include/rm_decision_interfaces/rm_decision_interfaces/msg/detail/robot_status__functions.h
[25.346s] -- Installing: /home/mechax/ylh/sentry_vision/install/rm_decision_interfaces/include/rm_decision_interfaces/rm_decision_interfaces/msg/detail/rfid__struct.h
[25.346s] -- Installing: /home/mechax/ylh/sentry_vision/install/rm_decision_interfaces/include/rm_decision_interfaces/rm_decision_interfaces/msg/detail/receive_serial__struct.h
[25.346s] -- Installing: /home/mechax/ylh/sentry_vision/install/rm_decision_interfaces/include/rm_decision_interfaces/rm_decision_interfaces/msg/detail/receive_serial__functions.c
[25.346s] -- Installing: /home/mechax/ylh/sentry_vision/install/rm_decision_interfaces/include/rm_decision_interfaces/rm_decision_interfaces/msg/detail/robot_status__functions.c
[25.346s] -- Installing: /home/mechax/ylh/sentry_vision/install/rm_decision_interfaces/include/rm_decision_interfaces/rm_decision_interfaces/msg/detail/all_robot_hp__struct.h
[25.346s] -- Installing: /home/mechax/ylh/sentry_vision/install/rm_decision_interfaces/include/rm_decision_interfaces/rm_decision_interfaces/msg/detail/receive_serial__type_support.h
[25.346s] -- Installing: /home/mechax/ylh/sentry_vision/install/rm_decision_interfaces/include/rm_decision_interfaces/rm_decision_interfaces/msg/detail/friend_location__type_support.h
[25.347s] -- Installing: /home/mechax/ylh/sentry_vision/install/rm_decision_interfaces/include/rm_decision_interfaces/rm_decision_interfaces/msg/detail/armor__functions.h
[25.347s] -- Installing: /home/mechax/ylh/sentry_vision/install/rm_decision_interfaces/include/rm_decision_interfaces/rm_decision_interfaces/msg/detail/armor__type_support.h
[25.347s] -- Installing: /home/mechax/ylh/sentry_vision/install/rm_decision_interfaces/include/rm_decision_interfaces/rm_decision_interfaces/msg/detail/rfid__functions.c
[25.347s] -- Installing: /home/mechax/ylh/sentry_vision/install/rm_decision_interfaces/include/rm_decision_interfaces/rm_decision_interfaces/msg/detail/friend_location__struct.h
[25.347s] -- Installing: /home/mechax/ylh/sentry_vision/install/rm_decision_interfaces/include/rm_decision_interfaces/rm_decision_interfaces/msg/detail/friend_location__functions.c
[25.347s] -- Installing: /home/mechax/ylh/sentry_vision/install/rm_decision_interfaces/include/rm_decision_interfaces/rm_decision_interfaces/msg/detail/armor__functions.c
[25.347s] -- Installing: /home/mechax/ylh/sentry_vision/install/rm_decision_interfaces/include/rm_decision_interfaces/rm_decision_interfaces/msg/detail/robot_status__struct.h
[25.347s] -- Installing: /home/mechax/ylh/sentry_vision/install/rm_decision_interfaces/include/rm_decision_interfaces/rm_decision_interfaces/msg/robot_status.h
[25.347s] -- Installing: /home/mechax/ylh/sentry_vision/install/rm_decision_interfaces/include/rm_decision_interfaces/rm_decision_interfaces/msg/rosidl_generator_c__visibility_control.h
[25.347s] -- Installing: /home/mechax/ylh/sentry_vision/install/rm_decision_interfaces/include/rm_decision_interfaces/rm_decision_interfaces/msg/friend_location.h
[25.347s] -- Installing: /home/mechax/ylh/sentry_vision/install/rm_decision_interfaces/share/rm_decision_interfaces/environment/library_path.sh
[25.347s] -- Installing: /home/mechax/ylh/sentry_vision/install/rm_decision_interfaces/share/rm_decision_interfaces/environment/library_path.dsv
[25.348s] -- Installing: /home/mechax/ylh/sentry_vision/install/rm_decision_interfaces/lib/librm_decision_interfaces__rosidl_generator_c.so
[25.348s] -- Set runtime path of "/home/mechax/ylh/sentry_vision/install/rm_decision_interfaces/lib/librm_decision_interfaces__rosidl_generator_c.so" to ""
[25.348s] -- Up-to-date: /home/mechax/ylh/sentry_vision/install/rm_decision_interfaces/include/rm_decision_interfaces/rm_decision_interfaces
[25.348s] -- Up-to-date: /home/mechax/ylh/sentry_vision/install/rm_decision_interfaces/include/rm_decision_interfaces/rm_decision_interfaces/msg
[25.348s] -- Up-to-date: /home/mechax/ylh/sentry_vision/install/rm_decision_interfaces/include/rm_decision_interfaces/rm_decision_interfaces/msg/detail
[25.348s] -- Installing: /home/mechax/ylh/sentry_vision/install/rm_decision_interfaces/include/rm_decision_interfaces/rm_decision_interfaces/msg/detail/receive_serial__rosidl_typesupport_fastrtps_c.h
[25.348s] -- Installing: /home/mechax/ylh/sentry_vision/install/rm_decision_interfaces/include/rm_decision_interfaces/rm_decision_interfaces/msg/detail/all_robot_hp__rosidl_typesupport_fastrtps_c.h
[25.348s] -- Installing: /home/mechax/ylh/sentry_vision/install/rm_decision_interfaces/include/rm_decision_interfaces/rm_decision_interfaces/msg/detail/friend_location__rosidl_typesupport_fastrtps_c.h
[25.348s] -- Installing: /home/mechax/ylh/sentry_vision/install/rm_decision_interfaces/include/rm_decision_interfaces/rm_decision_interfaces/msg/detail/robot_status__rosidl_typesupport_fastrtps_c.h
[25.348s] -- Installing: /home/mechax/ylh/sentry_vision/install/rm_decision_interfaces/include/rm_decision_interfaces/rm_decision_interfaces/msg/detail/armor__rosidl_typesupport_fastrtps_c.h
[25.348s] -- Installing: /home/mechax/ylh/sentry_vision/install/rm_decision_interfaces/include/rm_decision_interfaces/rm_decision_interfaces/msg/detail/rfid__rosidl_typesupport_fastrtps_c.h
[25.348s] -- Installing: /home/mechax/ylh/sentry_vision/install/rm_decision_interfaces/include/rm_decision_interfaces/rm_decision_interfaces/msg/rosidl_typesupport_fastrtps_c__visibility_control.h
[25.349s] -- Installing: /home/mechax/ylh/sentry_vision/install/rm_decision_interfaces/lib/librm_decision_interfaces__rosidl_typesupport_fastrtps_c.so
[25.349s] -- Set runtime path of "/home/mechax/ylh/sentry_vision/install/rm_decision_interfaces/lib/librm_decision_interfaces__rosidl_typesupport_fastrtps_c.so" to ""
[25.349s] -- Up-to-date: /home/mechax/ylh/sentry_vision/install/rm_decision_interfaces/include/rm_decision_interfaces/rm_decision_interfaces
[25.349s] -- Up-to-date: /home/mechax/ylh/sentry_vision/install/rm_decision_interfaces/include/rm_decision_interfaces/rm_decision_interfaces/msg
[25.349s] -- Installing: /home/mechax/ylh/sentry_vision/install/rm_decision_interfaces/include/rm_decision_interfaces/rm_decision_interfaces/msg/armor.hpp
[25.349s] -- Installing: /home/mechax/ylh/sentry_vision/install/rm_decision_interfaces/include/rm_decision_interfaces/rm_decision_interfaces/msg/robot_status.hpp
[25.349s] -- Installing: /home/mechax/ylh/sentry_vision/install/rm_decision_interfaces/include/rm_decision_interfaces/rm_decision_interfaces/msg/friend_location.hpp
[25.349s] -- Installing: /home/mechax/ylh/sentry_vision/install/rm_decision_interfaces/include/rm_decision_interfaces/rm_decision_interfaces/msg/rfid.hpp
[25.349s] -- Installing: /home/mechax/ylh/sentry_vision/install/rm_decision_interfaces/include/rm_decision_interfaces/rm_decision_interfaces/msg/receive_serial.hpp
[25.350s] -- Up-to-date: /home/mechax/ylh/sentry_vision/install/rm_decision_interfaces/include/rm_decision_interfaces/rm_decision_interfaces/msg/detail
[25.350s] -- Installing: /home/mechax/ylh/sentry_vision/install/rm_decision_interfaces/include/rm_decision_interfaces/rm_decision_interfaces/msg/detail/robot_status__struct.hpp
[25.350s] -- Installing: /home/mechax/ylh/sentry_vision/install/rm_decision_interfaces/include/rm_decision_interfaces/rm_decision_interfaces/msg/detail/all_robot_hp__struct.hpp
[25.350s] -- Installing: /home/mechax/ylh/sentry_vision/install/rm_decision_interfaces/include/rm_decision_interfaces/rm_decision_interfaces/msg/detail/armor__builder.hpp
[25.350s] -- Installing: /home/mechax/ylh/sentry_vision/install/rm_decision_interfaces/include/rm_decision_interfaces/rm_decision_interfaces/msg/detail/all_robot_hp__builder.hpp
[25.350s] -- Installing: /home/mechax/ylh/sentry_vision/install/rm_decision_interfaces/include/rm_decision_interfaces/rm_decision_interfaces/msg/detail/friend_location__struct.hpp
[25.350s] -- Installing: /home/mechax/ylh/sentry_vision/install/rm_decision_interfaces/include/rm_decision_interfaces/rm_decision_interfaces/msg/detail/robot_status__traits.hpp
[25.350s] -- Installing: /home/mechax/ylh/sentry_vision/install/rm_decision_interfaces/include/rm_decision_interfaces/rm_decision_interfaces/msg/detail/robot_status__builder.hpp
[25.350s] -- Installing: /home/mechax/ylh/sentry_vision/install/rm_decision_interfaces/include/rm_decision_interfaces/rm_decision_interfaces/msg/detail/friend_location__builder.hpp
[25.350s] -- Installing: /home/mechax/ylh/sentry_vision/install/rm_decision_interfaces/include/rm_decision_interfaces/rm_decision_interfaces/msg/detail/receive_serial__traits.hpp
[25.350s] -- Installing: /home/mechax/ylh/sentry_vision/install/rm_decision_interfaces/include/rm_decision_interfaces/rm_decision_interfaces/msg/detail/armor__struct.hpp
[25.351s] -- Installing: /home/mechax/ylh/sentry_vision/install/rm_decision_interfaces/include/rm_decision_interfaces/rm_decision_interfaces/msg/detail/receive_serial__struct.hpp
[25.351s] -- Installing: /home/mechax/ylh/sentry_vision/install/rm_decision_interfaces/include/rm_decision_interfaces/rm_decision_interfaces/msg/detail/friend_location__traits.hpp
[25.351s] -- Installing: /home/mechax/ylh/sentry_vision/install/rm_decision_interfaces/include/rm_decision_interfaces/rm_decision_interfaces/msg/detail/all_robot_hp__traits.hpp
[25.351s] -- Installing: /home/mechax/ylh/sentry_vision/install/rm_decision_interfaces/include/rm_decision_interfaces/rm_decision_interfaces/msg/detail/receive_serial__builder.hpp
[25.351s] -- Installing: /home/mechax/ylh/sentry_vision/install/rm_decision_interfaces/include/rm_decision_interfaces/rm_decision_interfaces/msg/detail/rfid__struct.hpp
[25.351s] -- Installing: /home/mechax/ylh/sentry_vision/install/rm_decision_interfaces/include/rm_decision_interfaces/rm_decision_interfaces/msg/detail/armor__traits.hpp
[25.351s] -- Installing: /home/mechax/ylh/sentry_vision/install/rm_decision_interfaces/include/rm_decision_interfaces/rm_decision_interfaces/msg/detail/rfid__builder.hpp
[25.351s] -- Installing: /home/mechax/ylh/sentry_vision/install/rm_decision_interfaces/include/rm_decision_interfaces/rm_decision_interfaces/msg/detail/rfid__traits.hpp
[25.351s] -- Installing: /home/mechax/ylh/sentry_vision/install/rm_decision_interfaces/include/rm_decision_interfaces/rm_decision_interfaces/msg/all_robot_hp.hpp
[25.351s] -- Up-to-date: /home/mechax/ylh/sentry_vision/install/rm_decision_interfaces/include/rm_decision_interfaces/rm_decision_interfaces
[25.351s] -- Up-to-date: /home/mechax/ylh/sentry_vision/install/rm_decision_interfaces/include/rm_decision_interfaces/rm_decision_interfaces/msg
[25.351s] -- Up-to-date: /home/mechax/ylh/sentry_vision/install/rm_decision_interfaces/include/rm_decision_interfaces/rm_decision_interfaces/msg/detail
[25.351s] -- Installing: /home/mechax/ylh/sentry_vision/install/rm_decision_interfaces/include/rm_decision_interfaces/rm_decision_interfaces/msg/detail/receive_serial__rosidl_typesupport_fastrtps_cpp.hpp
[25.352s] -- Installing: /home/mechax/ylh/sentry_vision/install/rm_decision_interfaces/include/rm_decision_interfaces/rm_decision_interfaces/msg/detail/dds_fastrtps
[25.352s] -- Installing: /home/mechax/ylh/sentry_vision/install/rm_decision_interfaces/include/rm_decision_interfaces/rm_decision_interfaces/msg/detail/robot_status__rosidl_typesupport_fastrtps_cpp.hpp
[25.352s] -- Installing: /home/mechax/ylh/sentry_vision/install/rm_decision_interfaces/include/rm_decision_interfaces/rm_decision_interfaces/msg/detail/rfid__rosidl_typesupport_fastrtps_cpp.hpp
[25.352s] -- Installing: /home/mechax/ylh/sentry_vision/install/rm_decision_interfaces/include/rm_decision_interfaces/rm_decision_interfaces/msg/detail/all_robot_hp__rosidl_typesupport_fastrtps_cpp.hpp
[25.352s] -- Installing: /home/mechax/ylh/sentry_vision/install/rm_decision_interfaces/include/rm_decision_interfaces/rm_decision_interfaces/msg/detail/armor__rosidl_typesupport_fastrtps_cpp.hpp
[25.352s] -- Installing: /home/mechax/ylh/sentry_vision/install/rm_decision_interfaces/include/rm_decision_interfaces/rm_decision_interfaces/msg/detail/friend_location__rosidl_typesupport_fastrtps_cpp.hpp
[25.352s] -- Installing: /home/mechax/ylh/sentry_vision/install/rm_decision_interfaces/include/rm_decision_interfaces/rm_decision_interfaces/msg/rosidl_typesupport_fastrtps_cpp__visibility_control.h
[25.352s] -- Installing: /home/mechax/ylh/sentry_vision/install/rm_decision_interfaces/lib/librm_decision_interfaces__rosidl_typesupport_fastrtps_cpp.so
[25.352s] -- Set runtime path of "/home/mechax/ylh/sentry_vision/install/rm_decision_interfaces/lib/librm_decision_interfaces__rosidl_typesupport_fastrtps_cpp.so" to ""
[25.352s] -- Up-to-date: /home/mechax/ylh/sentry_vision/install/rm_decision_interfaces/include/rm_decision_interfaces/rm_decision_interfaces
[25.352s] -- Up-to-date: /home/mechax/ylh/sentry_vision/install/rm_decision_interfaces/include/rm_decision_interfaces/rm_decision_interfaces/msg
[25.352s] -- Installing: /home/mechax/ylh/sentry_vision/install/rm_decision_interfaces/include/rm_decision_interfaces/rm_decision_interfaces/msg/rosidl_typesupport_introspection_c__visibility_control.h
[25.352s] -- Up-to-date: /home/mechax/ylh/sentry_vision/install/rm_decision_interfaces/include/rm_decision_interfaces/rm_decision_interfaces/msg/detail
[25.352s] -- Installing: /home/mechax/ylh/sentry_vision/install/rm_decision_interfaces/include/rm_decision_interfaces/rm_decision_interfaces/msg/detail/receive_serial__type_support.c
[25.353s] -- Installing: /home/mechax/ylh/sentry_vision/install/rm_decision_interfaces/include/rm_decision_interfaces/rm_decision_interfaces/msg/detail/friend_location__rosidl_typesupport_introspection_c.h
[25.353s] -- Installing: /home/mechax/ylh/sentry_vision/install/rm_decision_interfaces/include/rm_decision_interfaces/rm_decision_interfaces/msg/detail/rfid__rosidl_typesupport_introspection_c.h
[25.353s] -- Installing: /home/mechax/ylh/sentry_vision/install/rm_decision_interfaces/include/rm_decision_interfaces/rm_decision_interfaces/msg/detail/armor__type_support.c
[25.353s] -- Installing: /home/mechax/ylh/sentry_vision/install/rm_decision_interfaces/include/rm_decision_interfaces/rm_decision_interfaces/msg/detail/all_robot_hp__type_support.c
[25.353s] -- Installing: /home/mechax/ylh/sentry_vision/install/rm_decision_interfaces/include/rm_decision_interfaces/rm_decision_interfaces/msg/detail/armor__rosidl_typesupport_introspection_c.h
[25.353s] -- Installing: /home/mechax/ylh/sentry_vision/install/rm_decision_interfaces/include/rm_decision_interfaces/rm_decision_interfaces/msg/detail/friend_location__type_support.c
[25.353s] -- Installing: /home/mechax/ylh/sentry_vision/install/rm_decision_interfaces/include/rm_decision_interfaces/rm_decision_interfaces/msg/detail/robot_status__type_support.c
[25.353s] -- Installing: /home/mechax/ylh/sentry_vision/install/rm_decision_interfaces/include/rm_decision_interfaces/rm_decision_interfaces/msg/detail/robot_status__rosidl_typesupport_introspection_c.h
[25.354s] -- Installing: /home/mechax/ylh/sentry_vision/install/rm_decision_interfaces/include/rm_decision_interfaces/rm_decision_interfaces/msg/detail/rfid__type_support.c
[25.354s] -- Installing: /home/mechax/ylh/sentry_vision/install/rm_decision_interfaces/include/rm_decision_interfaces/rm_decision_interfaces/msg/detail/all_robot_hp__rosidl_typesupport_introspection_c.h
[25.354s] -- Installing: /home/mechax/ylh/sentry_vision/install/rm_decision_interfaces/include/rm_decision_interfaces/rm_decision_interfaces/msg/detail/receive_serial__rosidl_typesupport_introspection_c.h
[25.354s] -- Installing: /home/mechax/ylh/sentry_vision/install/rm_decision_interfaces/lib/librm_decision_interfaces__rosidl_typesupport_introspection_c.so
[25.354s] -- Set runtime path of "/home/mechax/ylh/sentry_vision/install/rm_decision_interfaces/lib/librm_decision_interfaces__rosidl_typesupport_introspection_c.so" to ""
[25.355s] -- Installing: /home/mechax/ylh/sentry_vision/install/rm_decision_interfaces/lib/librm_decision_interfaces__rosidl_typesupport_c.so
[25.355s] -- Set runtime path of "/home/mechax/ylh/sentry_vision/install/rm_decision_interfaces/lib/librm_decision_interfaces__rosidl_typesupport_c.so" to ""
[25.355s] -- Up-to-date: /home/mechax/ylh/sentry_vision/install/rm_decision_interfaces/include/rm_decision_interfaces/rm_decision_interfaces
[25.355s] -- Up-to-date: /home/mechax/ylh/sentry_vision/install/rm_decision_interfaces/include/rm_decision_interfaces/rm_decision_interfaces/msg
[25.355s] -- Up-to-date: /home/mechax/ylh/sentry_vision/install/rm_decision_interfaces/include/rm_decision_interfaces/rm_decision_interfaces/msg/detail
[25.355s] -- Installing: /home/mechax/ylh/sentry_vision/install/rm_decision_interfaces/include/rm_decision_interfaces/rm_decision_interfaces/msg/detail/robot_status__rosidl_typesupport_introspection_cpp.hpp
[25.355s] -- Installing: /home/mechax/ylh/sentry_vision/install/rm_decision_interfaces/include/rm_decision_interfaces/rm_decision_interfaces/msg/detail/friend_location__type_support.cpp
[25.355s] -- Installing: /home/mechax/ylh/sentry_vision/install/rm_decision_interfaces/include/rm_decision_interfaces/rm_decision_interfaces/msg/detail/all_robot_hp__rosidl_typesupport_introspection_cpp.hpp
[25.355s] -- Installing: /home/mechax/ylh/sentry_vision/install/rm_decision_interfaces/include/rm_decision_interfaces/rm_decision_interfaces/msg/detail/rfid__rosidl_typesupport_introspection_cpp.hpp
[25.356s] -- Installing: /home/mechax/ylh/sentry_vision/install/rm_decision_interfaces/include/rm_decision_interfaces/rm_decision_interfaces/msg/detail/all_robot_hp__type_support.cpp
[25.356s] -- Installing: /home/mechax/ylh/sentry_vision/install/rm_decision_interfaces/include/rm_decision_interfaces/rm_decision_interfaces/msg/detail/armor__type_support.cpp
[25.356s] -- Installing: /home/mechax/ylh/sentry_vision/install/rm_decision_interfaces/include/rm_decision_interfaces/rm_decision_interfaces/msg/detail/receive_serial__rosidl_typesupport_introspection_cpp.hpp
[25.356s] -- Installing: /home/mechax/ylh/sentry_vision/install/rm_decision_interfaces/include/rm_decision_interfaces/rm_decision_interfaces/msg/detail/receive_serial__type_support.cpp
[25.356s] -- Installing: /home/mechax/ylh/sentry_vision/install/rm_decision_interfaces/include/rm_decision_interfaces/rm_decision_interfaces/msg/detail/robot_status__type_support.cpp
[25.356s] -- Installing: /home/mechax/ylh/sentry_vision/install/rm_decision_interfaces/include/rm_decision_interfaces/rm_decision_interfaces/msg/detail/armor__rosidl_typesupport_introspection_cpp.hpp
[25.356s] -- Installing: /home/mechax/ylh/sentry_vision/install/rm_decision_interfaces/include/rm_decision_interfaces/rm_decision_interfaces/msg/detail/rfid__type_support.cpp
[25.357s] -- Installing: /home/mechax/ylh/sentry_vision/install/rm_decision_interfaces/include/rm_decision_interfaces/rm_decision_interfaces/msg/detail/friend_location__rosidl_typesupport_introspection_cpp.hpp
[25.357s] -- Installing: /home/mechax/ylh/sentry_vision/install/rm_decision_interfaces/lib/librm_decision_interfaces__rosidl_typesupport_introspection_cpp.so
[25.357s] -- Set runtime path of "/home/mechax/ylh/sentry_vision/install/rm_decision_interfaces/lib/librm_decision_interfaces__rosidl_typesupport_introspection_cpp.so" to ""
[25.357s] -- Installing: /home/mechax/ylh/sentry_vision/install/rm_decision_interfaces/lib/librm_decision_interfaces__rosidl_typesupport_cpp.so
[25.367s] -- Set runtime path of "/home/mechax/ylh/sentry_vision/install/rm_decision_interfaces/lib/librm_decision_interfaces__rosidl_typesupport_cpp.so" to ""
[25.367s] -- Installing: /home/mechax/ylh/sentry_vision/install/rm_decision_interfaces/share/rm_decision_interfaces/environment/pythonpath.sh
[25.367s] -- Installing: /home/mechax/ylh/sentry_vision/install/rm_decision_interfaces/share/rm_decision_interfaces/environment/pythonpath.dsv
[25.367s] -- Installing: /home/mechax/ylh/sentry_vision/install/rm_decision_interfaces/local/lib/python3.10/dist-packages/rm_decision_interfaces-0.0.0-py3.10.egg-info
[25.367s] -- Installing: /home/mechax/ylh/sentry_vision/install/rm_decision_interfaces/local/lib/python3.10/dist-packages/rm_decision_interfaces-0.0.0-py3.10.egg-info/PKG-INFO
[25.367s] -- Installing: /home/mechax/ylh/sentry_vision/install/rm_decision_interfaces/local/lib/python3.10/dist-packages/rm_decision_interfaces-0.0.0-py3.10.egg-info/SOURCES.txt
[25.368s] -- Installing: /home/mechax/ylh/sentry_vision/install/rm_decision_interfaces/local/lib/python3.10/dist-packages/rm_decision_interfaces-0.0.0-py3.10.egg-info/top_level.txt
[25.368s] -- Installing: /home/mechax/ylh/sentry_vision/install/rm_decision_interfaces/local/lib/python3.10/dist-packages/rm_decision_interfaces-0.0.0-py3.10.egg-info/dependency_links.txt
[25.368s] -- Installing: /home/mechax/ylh/sentry_vision/install/rm_decision_interfaces/local/lib/python3.10/dist-packages/rm_decision_interfaces
[25.368s] -- Installing: /home/mechax/ylh/sentry_vision/install/rm_decision_interfaces/local/lib/python3.10/dist-packages/rm_decision_interfaces/_rm_decision_interfaces_s.ep.rosidl_typesupport_c.c
[25.368s] -- Installing: /home/mechax/ylh/sentry_vision/install/rm_decision_interfaces/local/lib/python3.10/dist-packages/rm_decision_interfaces/_rm_decision_interfaces_s.ep.rosidl_typesupport_fastrtps_c.c
[25.368s] -- Installing: /home/mechax/ylh/sentry_vision/install/rm_decision_interfaces/local/lib/python3.10/dist-packages/rm_decision_interfaces/rm_decision_interfaces_s__rosidl_typesupport_c.cpython-310-x86_64-linux-gnu.so
[25.368s] -- Installing: /home/mechax/ylh/sentry_vision/install/rm_decision_interfaces/local/lib/python3.10/dist-packages/rm_decision_interfaces/__init__.py
[25.369s] -- Installing: /home/mechax/ylh/sentry_vision/install/rm_decision_interfaces/local/lib/python3.10/dist-packages/rm_decision_interfaces/rm_decision_interfaces_s__rosidl_typesupport_fastrtps_c.cpython-310-x86_64-linux-gnu.so
[25.369s] -- Installing: /home/mechax/ylh/sentry_vision/install/rm_decision_interfaces/local/lib/python3.10/dist-packages/rm_decision_interfaces/msg
[25.369s] -- Installing: /home/mechax/ylh/sentry_vision/install/rm_decision_interfaces/local/lib/python3.10/dist-packages/rm_decision_interfaces/msg/_all_robot_hp.py
[25.369s] -- Installing: /home/mechax/ylh/sentry_vision/install/rm_decision_interfaces/local/lib/python3.10/dist-packages/rm_decision_interfaces/msg/_friend_location_s.c
[25.369s] -- Installing: /home/mechax/ylh/sentry_vision/install/rm_decision_interfaces/local/lib/python3.10/dist-packages/rm_decision_interfaces/msg/_rfid_s.c
[25.369s] -- Installing: /home/mechax/ylh/sentry_vision/install/rm_decision_interfaces/local/lib/python3.10/dist-packages/rm_decision_interfaces/msg/_receive_serial_s.c
[25.369s] -- Installing: /home/mechax/ylh/sentry_vision/install/rm_decision_interfaces/local/lib/python3.10/dist-packages/rm_decision_interfaces/msg/_rfid.py
[25.370s] -- Installing: /home/mechax/ylh/sentry_vision/install/rm_decision_interfaces/local/lib/python3.10/dist-packages/rm_decision_interfaces/msg/_receive_serial.py
[25.370s] -- Installing: /home/mechax/ylh/sentry_vision/install/rm_decision_interfaces/local/lib/python3.10/dist-packages/rm_decision_interfaces/msg/_all_robot_hp_s.c
[25.370s] -- Installing: /home/mechax/ylh/sentry_vision/install/rm_decision_interfaces/local/lib/python3.10/dist-packages/rm_decision_interfaces/msg/_robot_status.py
[25.370s] -- Installing: /home/mechax/ylh/sentry_vision/install/rm_decision_interfaces/local/lib/python3.10/dist-packages/rm_decision_interfaces/msg/_armor_s.c
[25.370s] -- Installing: /home/mechax/ylh/sentry_vision/install/rm_decision_interfaces/local/lib/python3.10/dist-packages/rm_decision_interfaces/msg/_armor.py
[25.370s] -- Installing: /home/mechax/ylh/sentry_vision/install/rm_decision_interfaces/local/lib/python3.10/dist-packages/rm_decision_interfaces/msg/__init__.py
[25.370s] -- Installing: /home/mechax/ylh/sentry_vision/install/rm_decision_interfaces/local/lib/python3.10/dist-packages/rm_decision_interfaces/msg/_friend_location.py
[25.370s] -- Installing: /home/mechax/ylh/sentry_vision/install/rm_decision_interfaces/local/lib/python3.10/dist-packages/rm_decision_interfaces/msg/_robot_status_s.c
[25.370s] -- Installing: /home/mechax/ylh/sentry_vision/install/rm_decision_interfaces/local/lib/python3.10/dist-packages/rm_decision_interfaces/_rm_decision_interfaces_s.ep.rosidl_typesupport_introspection_c.c
[25.371s] -- Installing: /home/mechax/ylh/sentry_vision/install/rm_decision_interfaces/local/lib/python3.10/dist-packages/rm_decision_interfaces/rm_decision_interfaces_s__rosidl_typesupport_introspection_c.cpython-310-x86_64-linux-gnu.so
[25.371s] -- Installing: /home/mechax/ylh/sentry_vision/install/rm_decision_interfaces/local/lib/python3.10/dist-packages/rm_decision_interfaces/librm_decision_interfaces__rosidl_generator_py.so
[25.504s] Listing '/home/mechax/ylh/sentry_vision/install/rm_decision_interfaces/local/lib/python3.10/dist-packages/rm_decision_interfaces'...
[25.504s] Compiling '/home/mechax/ylh/sentry_vision/install/rm_decision_interfaces/local/lib/python3.10/dist-packages/rm_decision_interfaces/__init__.py'...
[25.504s] Listing '/home/mechax/ylh/sentry_vision/install/rm_decision_interfaces/local/lib/python3.10/dist-packages/rm_decision_interfaces/msg'...
[25.504s] Compiling '/home/mechax/ylh/sentry_vision/install/rm_decision_interfaces/local/lib/python3.10/dist-packages/rm_decision_interfaces/msg/__init__.py'...
[25.504s] Compiling '/home/mechax/ylh/sentry_vision/install/rm_decision_interfaces/local/lib/python3.10/dist-packages/rm_decision_interfaces/msg/_all_robot_hp.py'...
[25.505s] Compiling '/home/mechax/ylh/sentry_vision/install/rm_decision_interfaces/local/lib/python3.10/dist-packages/rm_decision_interfaces/msg/_armor.py'...
[25.505s] Compiling '/home/mechax/ylh/sentry_vision/install/rm_decision_interfaces/local/lib/python3.10/dist-packages/rm_decision_interfaces/msg/_friend_location.py'...
[25.505s] Compiling '/home/mechax/ylh/sentry_vision/install/rm_decision_interfaces/local/lib/python3.10/dist-packages/rm_decision_interfaces/msg/_receive_serial.py'...
[25.505s] Compiling '/home/mechax/ylh/sentry_vision/install/rm_decision_interfaces/local/lib/python3.10/dist-packages/rm_decision_interfaces/msg/_rfid.py'...
[25.505s] Compiling '/home/mechax/ylh/sentry_vision/install/rm_decision_interfaces/local/lib/python3.10/dist-packages/rm_decision_interfaces/msg/_robot_status.py'...
[25.518s] -- Installing: /home/mechax/ylh/sentry_vision/install/rm_decision_interfaces/local/lib/python3.10/dist-packages/rm_decision_interfaces/rm_decision_interfaces_s__rosidl_typesupport_fastrtps_c.cpython-310-x86_64-linux-gnu.so
[25.519s] -- Set runtime path of "/home/mechax/ylh/sentry_vision/install/rm_decision_interfaces/local/lib/python3.10/dist-packages/rm_decision_interfaces/rm_decision_interfaces_s__rosidl_typesupport_fastrtps_c.cpython-310-x86_64-linux-gnu.so" to ""
[25.520s] -- Installing: /home/mechax/ylh/sentry_vision/install/rm_decision_interfaces/local/lib/python3.10/dist-packages/rm_decision_interfaces/rm_decision_interfaces_s__rosidl_typesupport_introspection_c.cpython-310-x86_64-linux-gnu.so
[25.521s] -- Set runtime path of "/home/mechax/ylh/sentry_vision/install/rm_decision_interfaces/local/lib/python3.10/dist-packages/rm_decision_interfaces/rm_decision_interfaces_s__rosidl_typesupport_introspection_c.cpython-310-x86_64-linux-gnu.so" to ""
[25.521s] -- Installing: /home/mechax/ylh/sentry_vision/install/rm_decision_interfaces/local/lib/python3.10/dist-packages/rm_decision_interfaces/rm_decision_interfaces_s__rosidl_typesupport_c.cpython-310-x86_64-linux-gnu.so
[25.522s] -- Set runtime path of "/home/mechax/ylh/sentry_vision/install/rm_decision_interfaces/local/lib/python3.10/dist-packages/rm_decision_interfaces/rm_decision_interfaces_s__rosidl_typesupport_c.cpython-310-x86_64-linux-gnu.so" to ""
[25.523s] -- Installing: /home/mechax/ylh/sentry_vision/install/rm_decision_interfaces/lib/librm_decision_interfaces__rosidl_generator_py.so
[25.524s] -- Set runtime path of "/home/mechax/ylh/sentry_vision/install/rm_decision_interfaces/lib/librm_decision_interfaces__rosidl_generator_py.so" to ""
[25.524s] -- Installing: /home/mechax/ylh/sentry_vision/install/rm_decision_interfaces/share/rm_decision_interfaces/msg/AllRobotHP.idl
[25.525s] -- Installing: /home/mechax/ylh/sentry_vision/install/rm_decision_interfaces/share/rm_decision_interfaces/msg/Armor.idl
[25.525s] -- Installing: /home/mechax/ylh/sentry_vision/install/rm_decision_interfaces/share/rm_decision_interfaces/msg/FriendLocation.idl
[25.525s] -- Installing: /home/mechax/ylh/sentry_vision/install/rm_decision_interfaces/share/rm_decision_interfaces/msg/RFID.idl
[25.526s] -- Installing: /home/mechax/ylh/sentry_vision/install/rm_decision_interfaces/share/rm_decision_interfaces/msg/RobotStatus.idl
[25.526s] -- Installing: /home/mechax/ylh/sentry_vision/install/rm_decision_interfaces/share/rm_decision_interfaces/msg/ReceiveSerial.idl
[25.527s] -- Installing: /home/mechax/ylh/sentry_vision/install/rm_decision_interfaces/share/rm_decision_interfaces/msg/AllRobotHP.msg
[25.527s] -- Installing: /home/mechax/ylh/sentry_vision/install/rm_decision_interfaces/share/rm_decision_interfaces/msg/Armor.msg
[25.527s] -- Installing: /home/mechax/ylh/sentry_vision/install/rm_decision_interfaces/share/rm_decision_interfaces/msg/FriendLocation.msg
[25.528s] -- Installing: /home/mechax/ylh/sentry_vision/install/rm_decision_interfaces/share/rm_decision_interfaces/msg/RFID.msg
[25.528s] -- Installing: /home/mechax/ylh/sentry_vision/install/rm_decision_interfaces/share/rm_decision_interfaces/msg/RobotStatus.msg
[25.528s] -- Installing: /home/mechax/ylh/sentry_vision/install/rm_decision_interfaces/share/rm_decision_interfaces/msg/ReceiveSerial.msg
[25.529s] -- Installing: /home/mechax/ylh/sentry_vision/install/rm_decision_interfaces/share/ament_index/resource_index/package_run_dependencies/rm_decision_interfaces
[25.529s] -- Installing: /home/mechax/ylh/sentry_vision/install/rm_decision_interfaces/share/ament_index/resource_index/parent_prefix_path/rm_decision_interfaces
[25.529s] -- Installing: /home/mechax/ylh/sentry_vision/install/rm_decision_interfaces/share/rm_decision_interfaces/environment/ament_prefix_path.sh
[25.530s] -- Installing: /home/mechax/ylh/sentry_vision/install/rm_decision_interfaces/share/rm_decision_interfaces/environment/ament_prefix_path.dsv
[25.530s] -- Installing: /home/mechax/ylh/sentry_vision/install/rm_decision_interfaces/share/rm_decision_interfaces/environment/path.sh
[25.531s] -- Installing: /home/mechax/ylh/sentry_vision/install/rm_decision_interfaces/share/rm_decision_interfaces/environment/path.dsv
[25.531s] -- Installing: /home/mechax/ylh/sentry_vision/install/rm_decision_interfaces/share/rm_decision_interfaces/local_setup.bash
[25.531s] -- Installing: /home/mechax/ylh/sentry_vision/install/rm_decision_interfaces/share/rm_decision_interfaces/local_setup.sh
[25.532s] -- Installing: /home/mechax/ylh/sentry_vision/install/rm_decision_interfaces/share/rm_decision_interfaces/local_setup.zsh
[25.532s] -- Installing: /home/mechax/ylh/sentry_vision/install/rm_decision_interfaces/share/rm_decision_interfaces/local_setup.dsv
[25.532s] -- Installing: /home/mechax/ylh/sentry_vision/install/rm_decision_interfaces/share/rm_decision_interfaces/package.dsv
[25.533s] -- Installing: /home/mechax/ylh/sentry_vision/install/rm_decision_interfaces/share/ament_index/resource_index/packages/rm_decision_interfaces
[25.533s] -- Installing: /home/mechax/ylh/sentry_vision/install/rm_decision_interfaces/share/rm_decision_interfaces/cmake/export_rm_decision_interfaces__rosidl_generator_cExport.cmake
[25.534s] -- Installing: /home/mechax/ylh/sentry_vision/install/rm_decision_interfaces/share/rm_decision_interfaces/cmake/export_rm_decision_interfaces__rosidl_generator_cExport-noconfig.cmake
[25.534s] -- Installing: /home/mechax/ylh/sentry_vision/install/rm_decision_interfaces/share/rm_decision_interfaces/cmake/export_rm_decision_interfaces__rosidl_typesupport_fastrtps_cExport.cmake
[25.534s] -- Installing: /home/mechax/ylh/sentry_vision/install/rm_decision_interfaces/share/rm_decision_interfaces/cmake/export_rm_decision_interfaces__rosidl_typesupport_fastrtps_cExport-noconfig.cmake
[25.535s] -- Installing: /home/mechax/ylh/sentry_vision/install/rm_decision_interfaces/share/rm_decision_interfaces/cmake/export_rm_decision_interfaces__rosidl_generator_cppExport.cmake
[25.535s] -- Installing: /home/mechax/ylh/sentry_vision/install/rm_decision_interfaces/share/rm_decision_interfaces/cmake/export_rm_decision_interfaces__rosidl_typesupport_fastrtps_cppExport.cmake
[25.536s] -- Installing: /home/mechax/ylh/sentry_vision/install/rm_decision_interfaces/share/rm_decision_interfaces/cmake/export_rm_decision_interfaces__rosidl_typesupport_fastrtps_cppExport-noconfig.cmake
[25.536s] -- Installing: /home/mechax/ylh/sentry_vision/install/rm_decision_interfaces/share/rm_decision_interfaces/cmake/rm_decision_interfaces__rosidl_typesupport_introspection_cExport.cmake
[25.536s] -- Installing: /home/mechax/ylh/sentry_vision/install/rm_decision_interfaces/share/rm_decision_interfaces/cmake/rm_decision_interfaces__rosidl_typesupport_introspection_cExport-noconfig.cmake
[25.537s] -- Installing: /home/mechax/ylh/sentry_vision/install/rm_decision_interfaces/share/rm_decision_interfaces/cmake/rm_decision_interfaces__rosidl_typesupport_cExport.cmake
[25.537s] -- Installing: /home/mechax/ylh/sentry_vision/install/rm_decision_interfaces/share/rm_decision_interfaces/cmake/rm_decision_interfaces__rosidl_typesupport_cExport-noconfig.cmake
[25.548s] -- Installing: /home/mechax/ylh/sentry_vision/install/rm_decision_interfaces/share/rm_decision_interfaces/cmake/rm_decision_interfaces__rosidl_typesupport_introspection_cppExport.cmake
[25.549s] -- Installing: /home/mechax/ylh/sentry_vision/install/rm_decision_interfaces/share/rm_decision_interfaces/cmake/rm_decision_interfaces__rosidl_typesupport_introspection_cppExport-noconfig.cmake
[25.560s] -- Installing: /home/mechax/ylh/sentry_vision/install/rm_decision_interfaces/share/rm_decision_interfaces/cmake/rm_decision_interfaces__rosidl_typesupport_cppExport.cmake
[25.561s] -- Installing: /home/mechax/ylh/sentry_vision/install/rm_decision_interfaces/share/rm_decision_interfaces/cmake/rm_decision_interfaces__rosidl_typesupport_cppExport-noconfig.cmake
[25.562s] -- Installing: /home/mechax/ylh/sentry_vision/install/rm_decision_interfaces/share/rm_decision_interfaces/cmake/export_rm_decision_interfaces__rosidl_generator_pyExport.cmake
[25.563s] -- Installing: /home/mechax/ylh/sentry_vision/install/rm_decision_interfaces/share/rm_decision_interfaces/cmake/export_rm_decision_interfaces__rosidl_generator_pyExport-noconfig.cmake
[25.563s] -- Installing: /home/mechax/ylh/sentry_vision/install/rm_decision_interfaces/share/rm_decision_interfaces/cmake/rosidl_cmake-extras.cmake
[25.563s] -- Installing: /home/mechax/ylh/sentry_vision/install/rm_decision_interfaces/share/rm_decision_interfaces/cmake/ament_cmake_export_dependencies-extras.cmake
[25.564s] -- Installing: /home/mechax/ylh/sentry_vision/install/rm_decision_interfaces/share/rm_decision_interfaces/cmake/ament_cmake_export_include_directories-extras.cmake
[25.564s] -- Installing: /home/mechax/ylh/sentry_vision/install/rm_decision_interfaces/share/rm_decision_interfaces/cmake/ament_cmake_export_libraries-extras.cmake
[25.565s] -- Installing: /home/mechax/ylh/sentry_vision/install/rm_decision_interfaces/share/rm_decision_interfaces/cmake/ament_cmake_export_targets-extras.cmake
[25.565s] -- Installing: /home/mechax/ylh/sentry_vision/install/rm_decision_interfaces/share/rm_decision_interfaces/cmake/rosidl_cmake_export_typesupport_targets-extras.cmake
[25.565s] -- Installing: /home/mechax/ylh/sentry_vision/install/rm_decision_interfaces/share/rm_decision_interfaces/cmake/rosidl_cmake_export_typesupport_libraries-extras.cmake
[25.567s] -- Installing: /home/mechax/ylh/sentry_vision/install/rm_decision_interfaces/share/rm_decision_interfaces/cmake/rm_decision_interfacesConfig.cmake
[25.568s] -- Installing: /home/mechax/ylh/sentry_vision/install/rm_decision_interfaces/share/rm_decision_interfaces/cmake/rm_decision_interfacesConfig-version.cmake
[25.569s] -- Installing: /home/mechax/ylh/sentry_vision/install/rm_decision_interfaces/share/rm_decision_interfaces/package.xml
[25.577s] Invoked command in '/home/mechax/ylh/sentry_vision/build/rm_decision_interfaces' returned '0': CMAKE_PREFIX_PATH=/opt/ros/humble /usr/bin/cmake --install /home/mechax/ylh/sentry_vision/build/rm_decision_interfaces
