[0.032s] Invoking command in '/home/mechax/ylh/sentry_vision/build/behaviortree_ros2': AMENT_PREFIX_PATH=/home/mechax/ylh/sentry_vision/install/behaviortree_cpp:${AMENT_PREFIX_PATH} CMAKE_PREFIX_PATH=/home/mechax/ylh/sentry_vision/install/behaviortree_cpp:/opt/ros/humble LD_LIBRARY_PATH=/home/mechax/ylh/sentry_vision/install/behaviortree_cpp/lib:${LD_LIBRARY_PATH} PATH=/home/mechax/ylh/sentry_vision/install/behaviortree_cpp/bin:${PATH} /usr/bin/cmake /home/mechax/ylh/sentry_vision/src/rm_decision/BehaviorTree.ROS2/behaviortree_ros2 -DCMAKE_EXPORT_COMPILE_COMMANDS=ON -DCMAKE_INSTALL_PREFIX=/home/mechax/ylh/sentry_vision/install/behaviortree_ros2
[0.071s] -- The C compiler identification is GNU 11.4.0
[0.112s] -- The CXX compiler identification is GNU 11.4.0
[0.118s] -- Detecting C compiler ABI info
[0.173s] -- Detecting C compiler ABI info - done
[0.179s] -- Check for working C compiler: /usr/bin/cc - skipped
[0.179s] -- Detecting C compile features
[0.179s] -- Detecting C compile features - done
[0.181s] -- Detecting CXX compiler ABI info
[0.271s] -- Detecting CXX compiler ABI info - done
[0.282s] -- Check for working CXX compiler: /usr/bin/c++ - skipped
[0.283s] -- Detecting CXX compile features
[0.283s] -- Detecting CXX compile features - done
[0.287s] -- Found ament_cmake: 1.3.6 (/opt/ros/humble/share/ament_cmake/cmake)
[0.555s] -- Found Python3: /usr/bin/python3.10 (found version "3.10.12") found components: Interpreter 
[0.616s] -- Found rclcpp: 16.0.7 (/opt/ros/humble/share/rclcpp/cmake)
[0.645s] -- Found rosidl_generator_c: 3.1.5 (/opt/ros/humble/share/rosidl_generator_c/cmake)
[0.648s] -- Found rosidl_adapter: 3.1.5 (/opt/ros/humble/share/rosidl_adapter/cmake)
[0.654s] -- Found rosidl_generator_cpp: 3.1.5 (/opt/ros/humble/share/rosidl_generator_cpp/cmake)
[0.663s] -- Using all available rosidl_typesupport_c: rosidl_typesupport_fastrtps_c;rosidl_typesupport_introspection_c
[0.676s] -- Using all available rosidl_typesupport_cpp: rosidl_typesupport_fastrtps_cpp;rosidl_typesupport_introspection_cpp
[0.722s] -- Found rmw_implementation_cmake: 6.1.1 (/opt/ros/humble/share/rmw_implementation_cmake/cmake)
[0.724s] -- Found rmw_fastrtps_cpp: 6.2.5 (/opt/ros/humble/share/rmw_fastrtps_cpp/cmake)
[0.790s] -- Found OpenSSL: /usr/lib/x86_64-linux-gnu/libcrypto.so (found version "3.0.2")  
[0.809s] -- Found FastRTPS: /opt/ros/humble/include  
[0.842s] -- Using RMW implementation 'rmw_fastrtps_cpp' as default
[0.849s] -- Looking for pthread.h
[0.900s] -- Looking for pthread.h - found
[0.901s] -- Performing Test CMAKE_HAVE_LIBC_PTHREAD
[0.952s] -- Performing Test CMAKE_HAVE_LIBC_PTHREAD - Success
[0.953s] -- Found Threads: TRUE  
[1.060s] -- Found rclcpp_action: 16.0.7 (/opt/ros/humble/share/rclcpp_action/cmake)
[1.124s] -- Found behaviortree_cpp: 4.5.2 (/home/mechax/ylh/sentry_vision/install/behaviortree_cpp/share/behaviortree_cpp/cmake)
[1.173s] -- Configuring done
[1.178s] -- Generating done
[1.179s] -- Build files have been written to: /home/mechax/ylh/sentry_vision/build/behaviortree_ros2
[1.186s] Invoked command in '/home/mechax/ylh/sentry_vision/build/behaviortree_ros2' returned '0': AMENT_PREFIX_PATH=/home/mechax/ylh/sentry_vision/install/behaviortree_cpp:${AMENT_PREFIX_PATH} CMAKE_PREFIX_PATH=/home/mechax/ylh/sentry_vision/install/behaviortree_cpp:/opt/ros/humble LD_LIBRARY_PATH=/home/mechax/ylh/sentry_vision/install/behaviortree_cpp/lib:${LD_LIBRARY_PATH} PATH=/home/mechax/ylh/sentry_vision/install/behaviortree_cpp/bin:${PATH} /usr/bin/cmake /home/mechax/ylh/sentry_vision/src/rm_decision/BehaviorTree.ROS2/behaviortree_ros2 -DCMAKE_EXPORT_COMPILE_COMMANDS=ON -DCMAKE_INSTALL_PREFIX=/home/mechax/ylh/sentry_vision/install/behaviortree_ros2
[1.188s] Invoking command in '/home/mechax/ylh/sentry_vision/build/behaviortree_ros2': AMENT_PREFIX_PATH=/home/mechax/ylh/sentry_vision/install/behaviortree_cpp:${AMENT_PREFIX_PATH} CMAKE_PREFIX_PATH=/home/mechax/ylh/sentry_vision/install/behaviortree_cpp:/opt/ros/humble LD_LIBRARY_PATH=/home/mechax/ylh/sentry_vision/install/behaviortree_cpp/lib:${LD_LIBRARY_PATH} PATH=/home/mechax/ylh/sentry_vision/install/behaviortree_cpp/bin:${PATH} /usr/bin/cmake --build /home/mechax/ylh/sentry_vision/build/behaviortree_ros2 -- -j16 -l16
[1.224s] [ 50%] [32mBuilding CXX object CMakeFiles/behaviortree_ros2.dir/src/bt_ros2.cpp.o[0m
[5.013s] [100%] [32m[1mLinking CXX static library libbehaviortree_ros2.a[0m
[5.038s] [100%] Built target behaviortree_ros2
[5.047s] Invoked command in '/home/mechax/ylh/sentry_vision/build/behaviortree_ros2' returned '0': AMENT_PREFIX_PATH=/home/mechax/ylh/sentry_vision/install/behaviortree_cpp:${AMENT_PREFIX_PATH} CMAKE_PREFIX_PATH=/home/mechax/ylh/sentry_vision/install/behaviortree_cpp:/opt/ros/humble LD_LIBRARY_PATH=/home/mechax/ylh/sentry_vision/install/behaviortree_cpp/lib:${LD_LIBRARY_PATH} PATH=/home/mechax/ylh/sentry_vision/install/behaviortree_cpp/bin:${PATH} /usr/bin/cmake --build /home/mechax/ylh/sentry_vision/build/behaviortree_ros2 -- -j16 -l16
[5.067s] Invoking command in '/home/mechax/ylh/sentry_vision/build/behaviortree_ros2': AMENT_PREFIX_PATH=/home/mechax/ylh/sentry_vision/install/behaviortree_cpp:${AMENT_PREFIX_PATH} CMAKE_PREFIX_PATH=/home/mechax/ylh/sentry_vision/install/behaviortree_cpp:/opt/ros/humble LD_LIBRARY_PATH=/home/mechax/ylh/sentry_vision/install/behaviortree_cpp/lib:${LD_LIBRARY_PATH} PATH=/home/mechax/ylh/sentry_vision/install/behaviortree_cpp/bin:${PATH} /usr/bin/cmake --install /home/mechax/ylh/sentry_vision/build/behaviortree_ros2
[5.073s] -- Install configuration: ""
[5.073s] -- Installing: /home/mechax/ylh/sentry_vision/install/behaviortree_ros2/include/
[5.073s] -- Installing: /home/mechax/ylh/sentry_vision/install/behaviortree_ros2/include//behaviortree_ros2
[5.073s] -- Installing: /home/mechax/ylh/sentry_vision/install/behaviortree_ros2/include//behaviortree_ros2/bt_action_node.hpp
[5.073s] -- Installing: /home/mechax/ylh/sentry_vision/install/behaviortree_ros2/include//behaviortree_ros2/plugins.hpp
[5.073s] -- Installing: /home/mechax/ylh/sentry_vision/install/behaviortree_ros2/include//behaviortree_ros2/bt_service_node.hpp
[5.073s] -- Installing: /home/mechax/ylh/sentry_vision/install/behaviortree_ros2/include//behaviortree_ros2/bt_topic_sub_node.hpp
[5.073s] -- Installing: /home/mechax/ylh/sentry_vision/install/behaviortree_ros2/include//behaviortree_ros2/ros_node_params.hpp
[5.073s] -- Installing: /home/mechax/ylh/sentry_vision/install/behaviortree_ros2/include//behaviortree_ros2/bt_topic_pub_node.hpp
[5.074s] -- Installing: /home/mechax/ylh/sentry_vision/install/behaviortree_ros2/share/ament_index/resource_index/package_run_dependencies/behaviortree_ros2
[5.074s] -- Installing: /home/mechax/ylh/sentry_vision/install/behaviortree_ros2/share/ament_index/resource_index/parent_prefix_path/behaviortree_ros2
[5.074s] -- Installing: /home/mechax/ylh/sentry_vision/install/behaviortree_ros2/share/behaviortree_ros2/environment/ament_prefix_path.sh
[5.074s] -- Installing: /home/mechax/ylh/sentry_vision/install/behaviortree_ros2/share/behaviortree_ros2/environment/ament_prefix_path.dsv
[5.074s] -- Installing: /home/mechax/ylh/sentry_vision/install/behaviortree_ros2/share/behaviortree_ros2/environment/path.sh
[5.074s] -- Installing: /home/mechax/ylh/sentry_vision/install/behaviortree_ros2/share/behaviortree_ros2/environment/path.dsv
[5.074s] -- Installing: /home/mechax/ylh/sentry_vision/install/behaviortree_ros2/share/behaviortree_ros2/local_setup.bash
[5.074s] -- Installing: /home/mechax/ylh/sentry_vision/install/behaviortree_ros2/share/behaviortree_ros2/local_setup.sh
[5.074s] -- Installing: /home/mechax/ylh/sentry_vision/install/behaviortree_ros2/share/behaviortree_ros2/local_setup.zsh
[5.074s] -- Installing: /home/mechax/ylh/sentry_vision/install/behaviortree_ros2/share/behaviortree_ros2/local_setup.dsv
[5.074s] -- Installing: /home/mechax/ylh/sentry_vision/install/behaviortree_ros2/share/behaviortree_ros2/package.dsv
[5.074s] -- Installing: /home/mechax/ylh/sentry_vision/install/behaviortree_ros2/share/ament_index/resource_index/packages/behaviortree_ros2
[5.074s] -- Installing: /home/mechax/ylh/sentry_vision/install/behaviortree_ros2/share/behaviortree_ros2/cmake/ament_cmake_export_include_directories-extras.cmake
[5.074s] -- Installing: /home/mechax/ylh/sentry_vision/install/behaviortree_ros2/share/behaviortree_ros2/cmake/ament_cmake_export_dependencies-extras.cmake
[5.074s] -- Installing: /home/mechax/ylh/sentry_vision/install/behaviortree_ros2/share/behaviortree_ros2/cmake/behaviortree_ros2Config.cmake
[5.074s] -- Installing: /home/mechax/ylh/sentry_vision/install/behaviortree_ros2/share/behaviortree_ros2/cmake/behaviortree_ros2Config-version.cmake
[5.074s] -- Installing: /home/mechax/ylh/sentry_vision/install/behaviortree_ros2/share/behaviortree_ros2/package.xml
[5.076s] Invoked command in '/home/mechax/ylh/sentry_vision/build/behaviortree_ros2' returned '0': AMENT_PREFIX_PATH=/home/mechax/ylh/sentry_vision/install/behaviortree_cpp:${AMENT_PREFIX_PATH} CMAKE_PREFIX_PATH=/home/mechax/ylh/sentry_vision/install/behaviortree_cpp:/opt/ros/humble LD_LIBRARY_PATH=/home/mechax/ylh/sentry_vision/install/behaviortree_cpp/lib:${LD_LIBRARY_PATH} PATH=/home/mechax/ylh/sentry_vision/install/behaviortree_cpp/bin:${PATH} /usr/bin/cmake --install /home/mechax/ylh/sentry_vision/build/behaviortree_ros2
