[0.130s] Invoking command in '/home/mechax/ylh/sentry_vision/build/rm_bringup': CMAKE_PREFIX_PATH=/opt/ros/humble /usr/bin/cmake --build /home/mechax/ylh/sentry_vision/build/rm_bringup -- -j16 -l16
[0.323s] Invoked command in '/home/mechax/ylh/sentry_vision/build/rm_bringup' returned '0': CMAKE_PREFIX_PATH=/opt/ros/humble /usr/bin/cmake --build /home/mechax/ylh/sentry_vision/build/rm_bringup -- -j16 -l16
[0.398s] Invoking command in '/home/mechax/ylh/sentry_vision/build/rm_bringup': CMAKE_PREFIX_PATH=/opt/ros/humble /usr/bin/cmake --install /home/mechax/ylh/sentry_vision/build/rm_bringup
[0.410s] -- Install configuration: ""
[0.410s] -- Up-to-date: /home/mechax/ylh/sentry_vision/install/rm_bringup/share/rm_bringup/src
[0.410s] -- Up-to-date: /home/mechax/ylh/sentry_vision/install/rm_bringup/share/rm_bringup/src/urdf
[0.410s] -- Up-to-date: /home/mechax/ylh/sentry_vision/install/rm_bringup/share/rm_bringup/src/urdf/shaobing.urdf
[0.410s] -- Up-to-date: /home/mechax/ylh/sentry_vision/install/rm_bringup/share/rm_bringup/src/urdf/test.urdf
[0.410s] -- Up-to-date: /home/mechax/ylh/sentry_vision/install/rm_bringup/share/rm_bringup/src/urdf/waking_robot.xacro
[0.410s] -- Up-to-date: /home/mechax/ylh/sentry_vision/install/rm_bringup/share/rm_bringup/launch
[0.410s] -- Up-to-date: /home/mechax/ylh/sentry_vision/install/rm_bringup/share/rm_bringup/launch/bringup.launch.py
[0.410s] -- Up-to-date: /home/mechax/ylh/sentry_vision/install/rm_bringup/share/rm_bringup/rviz
[0.410s] -- Up-to-date: /home/mechax/ylh/sentry_vision/install/rm_bringup/share/rm_bringup/rviz/urdf_config.rviz
[0.410s] -- Up-to-date: /home/mechax/ylh/sentry_vision/install/rm_bringup/share/ament_index/resource_index/package_run_dependencies/rm_bringup
[0.410s] -- Up-to-date: /home/mechax/ylh/sentry_vision/install/rm_bringup/share/ament_index/resource_index/parent_prefix_path/rm_bringup
[0.411s] -- Up-to-date: /home/mechax/ylh/sentry_vision/install/rm_bringup/share/rm_bringup/environment/ament_prefix_path.sh
[0.411s] -- Up-to-date: /home/mechax/ylh/sentry_vision/install/rm_bringup/share/rm_bringup/environment/ament_prefix_path.dsv
[0.411s] -- Up-to-date: /home/mechax/ylh/sentry_vision/install/rm_bringup/share/rm_bringup/environment/path.sh
[0.415s] -- Up-to-date: /home/mechax/ylh/sentry_vision/install/rm_bringup/share/rm_bringup/environment/path.dsv
[0.416s] -- Up-to-date: /home/mechax/ylh/sentry_vision/install/rm_bringup/share/rm_bringup/local_setup.bash
[0.416s] -- Up-to-date: /home/mechax/ylh/sentry_vision/install/rm_bringup/share/rm_bringup/local_setup.sh
[0.416s] -- Up-to-date: /home/mechax/ylh/sentry_vision/install/rm_bringup/share/rm_bringup/local_setup.zsh
[0.416s] -- Up-to-date: /home/mechax/ylh/sentry_vision/install/rm_bringup/share/rm_bringup/local_setup.dsv
[0.416s] -- Installing: /home/mechax/ylh/sentry_vision/install/rm_bringup/share/rm_bringup/package.dsv
[0.416s] -- Up-to-date: /home/mechax/ylh/sentry_vision/install/rm_bringup/share/ament_index/resource_index/packages/rm_bringup
[0.416s] -- Up-to-date: /home/mechax/ylh/sentry_vision/install/rm_bringup/share/rm_bringup/cmake/rm_bringupConfig.cmake
[0.416s] -- Up-to-date: /home/mechax/ylh/sentry_vision/install/rm_bringup/share/rm_bringup/cmake/rm_bringupConfig-version.cmake
[0.416s] -- Up-to-date: /home/mechax/ylh/sentry_vision/install/rm_bringup/share/rm_bringup/package.xml
[0.439s] Invoked command in '/home/mechax/ylh/sentry_vision/build/rm_bringup' returned '0': CMAKE_PREFIX_PATH=/opt/ros/humble /usr/bin/cmake --install /home/mechax/ylh/sentry_vision/build/rm_bringup
