[0.302s] Invoking command in '/home/mechax/ylh/sentry_vision/build/armor_detector': AMENT_PREFIX_PATH=/home/mechax/ylh/sentry_vision/install/auto_aim_interfaces:${AMENT_PREFIX_PATH} CMAKE_PREFIX_PATH=/home/mechax/ylh/sentry_vision/install/auto_aim_interfaces:/opt/ros/humble LD_LIBRARY_PATH=/home/mechax/ylh/sentry_vision/install/auto_aim_interfaces/lib:${LD_LIBRARY_PATH} PYTHONPATH=/home/mechax/ylh/sentry_vision/install/auto_aim_interfaces/local/lib/python3.10/dist-packages:${PYTHONPATH} /usr/bin/cmake --build /home/mechax/ylh/sentry_vision/build/armor_detector -- -j16 -l16
[0.407s] [ 13%] Built target gtest_main
[0.410s] [ 46%] Built target armor_detector
[0.411s] [ 60%] Built target armor_detector_node
[0.420s] [ 73%] Built target gtest
[0.455s] [ 86%] Built target test_number_cls
[0.461s] [100%] Built target test_node_startup
[0.709s] Invoked command in '/home/mechax/ylh/sentry_vision/build/armor_detector' returned '0': AMENT_PREFIX_PATH=/home/mechax/ylh/sentry_vision/install/auto_aim_interfaces:${AMENT_PREFIX_PATH} CMAKE_PREFIX_PATH=/home/mechax/ylh/sentry_vision/install/auto_aim_interfaces:/opt/ros/humble LD_LIBRARY_PATH=/home/mechax/ylh/sentry_vision/install/auto_aim_interfaces/lib:${LD_LIBRARY_PATH} PYTHONPATH=/home/mechax/ylh/sentry_vision/install/auto_aim_interfaces/local/lib/python3.10/dist-packages:${PYTHONPATH} /usr/bin/cmake --build /home/mechax/ylh/sentry_vision/build/armor_detector -- -j16 -l16
[0.900s] Invoking command in '/home/mechax/ylh/sentry_vision/build/armor_detector': AMENT_PREFIX_PATH=/home/mechax/ylh/sentry_vision/install/auto_aim_interfaces:${AMENT_PREFIX_PATH} CMAKE_PREFIX_PATH=/home/mechax/ylh/sentry_vision/install/auto_aim_interfaces:/opt/ros/humble LD_LIBRARY_PATH=/home/mechax/ylh/sentry_vision/install/auto_aim_interfaces/lib:${LD_LIBRARY_PATH} PYTHONPATH=/home/mechax/ylh/sentry_vision/install/auto_aim_interfaces/local/lib/python3.10/dist-packages:${PYTHONPATH} /usr/bin/cmake --install /home/mechax/ylh/sentry_vision/build/armor_detector
[0.963s] -- Install configuration: ""
[0.964s] -- Up-to-date: /home/mechax/ylh/sentry_vision/install/armor_detector/lib/armor_detector/armor_detector_node
[0.964s] -- Up-to-date: /home/mechax/ylh/sentry_vision/install/armor_detector/include
[0.964s] -- Up-to-date: /home/mechax/ylh/sentry_vision/install/armor_detector/include/armor_detector
[0.964s] -- Up-to-date: /home/mechax/ylh/sentry_vision/install/armor_detector/include/armor_detector/armor.hpp
[0.964s] -- Up-to-date: /home/mechax/ylh/sentry_vision/install/armor_detector/include/armor_detector/detector.hpp
[0.965s] -- Up-to-date: /home/mechax/ylh/sentry_vision/install/armor_detector/include/armor_detector/pnp_solver.hpp
[0.965s] -- Up-to-date: /home/mechax/ylh/sentry_vision/install/armor_detector/include/armor_detector/number_classifier.hpp
[0.965s] -- Up-to-date: /home/mechax/ylh/sentry_vision/install/armor_detector/include/armor_detector/detector_node.hpp
[0.966s] -- Up-to-date: /home/mechax/ylh/sentry_vision/install/armor_detector/share/armor_detector/environment/library_path.sh
[0.966s] -- Up-to-date: /home/mechax/ylh/sentry_vision/install/armor_detector/share/armor_detector/environment/library_path.dsv
[0.966s] -- Up-to-date: /home/mechax/ylh/sentry_vision/install/armor_detector/lib/libarmor_detector.so
[0.966s] -- Up-to-date: /home/mechax/ylh/sentry_vision/install/armor_detector/share/armor_detector/model
[0.966s] -- Up-to-date: /home/mechax/ylh/sentry_vision/install/armor_detector/share/armor_detector/model/mlp.onnx
[0.967s] -- Up-to-date: /home/mechax/ylh/sentry_vision/install/armor_detector/share/armor_detector/model/label.txt
[0.967s] -- Up-to-date: /home/mechax/ylh/sentry_vision/install/armor_detector/share/ament_index/resource_index/package_run_dependencies/armor_detector
[0.967s] -- Up-to-date: /home/mechax/ylh/sentry_vision/install/armor_detector/share/ament_index/resource_index/parent_prefix_path/armor_detector
[0.967s] -- Up-to-date: /home/mechax/ylh/sentry_vision/install/armor_detector/share/armor_detector/environment/ament_prefix_path.sh
[0.967s] -- Up-to-date: /home/mechax/ylh/sentry_vision/install/armor_detector/share/armor_detector/environment/ament_prefix_path.dsv
[0.967s] -- Up-to-date: /home/mechax/ylh/sentry_vision/install/armor_detector/share/armor_detector/environment/path.sh
[0.967s] -- Up-to-date: /home/mechax/ylh/sentry_vision/install/armor_detector/share/armor_detector/environment/path.dsv
[0.968s] -- Up-to-date: /home/mechax/ylh/sentry_vision/install/armor_detector/share/armor_detector/local_setup.bash
[0.968s] -- Up-to-date: /home/mechax/ylh/sentry_vision/install/armor_detector/share/armor_detector/local_setup.sh
[0.968s] -- Up-to-date: /home/mechax/ylh/sentry_vision/install/armor_detector/share/armor_detector/local_setup.zsh
[0.968s] -- Up-to-date: /home/mechax/ylh/sentry_vision/install/armor_detector/share/armor_detector/local_setup.dsv
[0.969s] -- Installing: /home/mechax/ylh/sentry_vision/install/armor_detector/share/armor_detector/package.dsv
[0.969s] -- Up-to-date: /home/mechax/ylh/sentry_vision/install/armor_detector/share/ament_index/resource_index/packages/armor_detector
[0.969s] -- Up-to-date: /home/mechax/ylh/sentry_vision/install/armor_detector/share/ament_index/resource_index/rclcpp_components/armor_detector
[0.969s] -- Up-to-date: /home/mechax/ylh/sentry_vision/install/armor_detector/share/armor_detector/cmake/ament_cmake_export_dependencies-extras.cmake
[0.969s] -- Up-to-date: /home/mechax/ylh/sentry_vision/install/armor_detector/share/armor_detector/cmake/ament_cmake_export_include_directories-extras.cmake
[0.969s] -- Up-to-date: /home/mechax/ylh/sentry_vision/install/armor_detector/share/armor_detector/cmake/ament_cmake_export_libraries-extras.cmake
[0.970s] -- Up-to-date: /home/mechax/ylh/sentry_vision/install/armor_detector/share/armor_detector/cmake/armor_detectorConfig.cmake
[0.970s] -- Up-to-date: /home/mechax/ylh/sentry_vision/install/armor_detector/share/armor_detector/cmake/armor_detectorConfig-version.cmake
[0.970s] -- Up-to-date: /home/mechax/ylh/sentry_vision/install/armor_detector/share/armor_detector/package.xml
[1.078s] Invoked command in '/home/mechax/ylh/sentry_vision/build/armor_detector' returned '0': AMENT_PREFIX_PATH=/home/mechax/ylh/sentry_vision/install/auto_aim_interfaces:${AMENT_PREFIX_PATH} CMAKE_PREFIX_PATH=/home/mechax/ylh/sentry_vision/install/auto_aim_interfaces:/opt/ros/humble LD_LIBRARY_PATH=/home/mechax/ylh/sentry_vision/install/auto_aim_interfaces/lib:${LD_LIBRARY_PATH} PYTHONPATH=/home/mechax/ylh/sentry_vision/install/auto_aim_interfaces/local/lib/python3.10/dist-packages:${PYTHONPATH} /usr/bin/cmake --install /home/mechax/ylh/sentry_vision/build/armor_detector
