[0.141s] Invoking command in '/home/mechax/ylh/sentry_vision/build/pointcloud_to_laserscan': CMAKE_PREFIX_PATH=/opt/ros/humble /usr/bin/cmake --build /home/mechax/ylh/sentry_vision/build/pointcloud_to_laserscan -- -j16 -l16
[0.285s] [35m[1mConsolidate compiler generated dependencies of target pointcloud_to_laserscan_node[0m
[0.286s] [35m[1mConsolidate compiler generated dependencies of target laserscan_to_pointcloud[0m
[0.286s] [35m[1mConsolidate compiler generated dependencies of target laserscan_to_pointcloud_node[0m
[0.286s] [ 20%] Built target pointcloud_to_laserscan_node
[0.309s] [ 40%] Built target laserscan_to_pointcloud_node
[0.317s] [ 60%] Built target laserscan_to_pointcloud
[0.332s] [35m[1mConsolidate compiler generated dependencies of target pointcloud_to_laserscan[0m
[0.383s] [ 80%] Built target pointcloud_to_laserscan
[0.408s] [35m[1mConsolidate compiler generated dependencies of target dummy_pointcloud_publisher[0m
[0.453s] [100%] Built target dummy_pointcloud_publisher
[0.697s] Invoked command in '/home/mechax/ylh/sentry_vision/build/pointcloud_to_laserscan' returned '0': CMAKE_PREFIX_PATH=/opt/ros/humble /usr/bin/cmake --build /home/mechax/ylh/sentry_vision/build/pointcloud_to_laserscan -- -j16 -l16
[0.973s] Invoking command in '/home/mechax/ylh/sentry_vision/build/pointcloud_to_laserscan': CMAKE_PREFIX_PATH=/opt/ros/humble /usr/bin/cmake --install /home/mechax/ylh/sentry_vision/build/pointcloud_to_laserscan
[1.040s] -- Install configuration: ""
[1.041s] -- Up-to-date: /home/mechax/ylh/sentry_vision/install/pointcloud_to_laserscan/lib/pointcloud_to_laserscan/laserscan_to_pointcloud_node
[1.041s] -- Up-to-date: /home/mechax/ylh/sentry_vision/install/pointcloud_to_laserscan/lib/pointcloud_to_laserscan/pointcloud_to_laserscan_node
[1.042s] -- Up-to-date: /home/mechax/ylh/sentry_vision/install/pointcloud_to_laserscan/include
[1.043s] -- Up-to-date: /home/mechax/ylh/sentry_vision/install/pointcloud_to_laserscan/include/pointcloud_to_laserscan
[1.043s] -- Up-to-date: /home/mechax/ylh/sentry_vision/install/pointcloud_to_laserscan/include/pointcloud_to_laserscan/visibility_control.h
[1.043s] -- Up-to-date: /home/mechax/ylh/sentry_vision/install/pointcloud_to_laserscan/include/pointcloud_to_laserscan/laserscan_to_pointcloud_node.hpp
[1.044s] -- Up-to-date: /home/mechax/ylh/sentry_vision/install/pointcloud_to_laserscan/include/pointcloud_to_laserscan/pointcloud_to_laserscan_node.hpp
[1.044s] -- Up-to-date: /home/mechax/ylh/sentry_vision/install/pointcloud_to_laserscan/share/pointcloud_to_laserscan/environment/library_path.sh
[1.045s] -- Up-to-date: /home/mechax/ylh/sentry_vision/install/pointcloud_to_laserscan/share/pointcloud_to_laserscan/environment/library_path.dsv
[1.045s] -- Up-to-date: /home/mechax/ylh/sentry_vision/install/pointcloud_to_laserscan/lib/liblaserscan_to_pointcloud.so
[1.045s] -- Up-to-date: /home/mechax/ylh/sentry_vision/install/pointcloud_to_laserscan/lib/libpointcloud_to_laserscan.so
[1.045s] -- Up-to-date: /home/mechax/ylh/sentry_vision/install/pointcloud_to_laserscan/lib/pointcloud_to_laserscan/dummy_pointcloud_publisher
[1.046s] -- Up-to-date: /home/mechax/ylh/sentry_vision/install/pointcloud_to_laserscan/share/pointcloud_to_laserscan/launch
[1.046s] -- Up-to-date: /home/mechax/ylh/sentry_vision/install/pointcloud_to_laserscan/share/pointcloud_to_laserscan/launch/sample_laserscan_to_pointcloud_launch.py
[1.046s] -- Up-to-date: /home/mechax/ylh/sentry_vision/install/pointcloud_to_laserscan/share/pointcloud_to_laserscan/launch/pointcloud_to_laserscan_launch.py
[1.046s] -- Up-to-date: /home/mechax/ylh/sentry_vision/install/pointcloud_to_laserscan/share/pointcloud_to_laserscan/launch/sample_pointcloud_to_laserscan_launch.py
[1.047s] -- Up-to-date: /home/mechax/ylh/sentry_vision/install/pointcloud_to_laserscan/share/ament_index/resource_index/package_run_dependencies/pointcloud_to_laserscan
[1.047s] -- Up-to-date: /home/mechax/ylh/sentry_vision/install/pointcloud_to_laserscan/share/ament_index/resource_index/parent_prefix_path/pointcloud_to_laserscan
[1.047s] -- Up-to-date: /home/mechax/ylh/sentry_vision/install/pointcloud_to_laserscan/share/pointcloud_to_laserscan/environment/ament_prefix_path.sh
[1.047s] -- Up-to-date: /home/mechax/ylh/sentry_vision/install/pointcloud_to_laserscan/share/pointcloud_to_laserscan/environment/ament_prefix_path.dsv
[1.048s] -- Up-to-date: /home/mechax/ylh/sentry_vision/install/pointcloud_to_laserscan/share/pointcloud_to_laserscan/environment/path.sh
[1.048s] -- Up-to-date: /home/mechax/ylh/sentry_vision/install/pointcloud_to_laserscan/share/pointcloud_to_laserscan/environment/path.dsv
[1.048s] -- Up-to-date: /home/mechax/ylh/sentry_vision/install/pointcloud_to_laserscan/share/pointcloud_to_laserscan/local_setup.bash
[1.048s] -- Up-to-date: /home/mechax/ylh/sentry_vision/install/pointcloud_to_laserscan/share/pointcloud_to_laserscan/local_setup.sh
[1.048s] -- Up-to-date: /home/mechax/ylh/sentry_vision/install/pointcloud_to_laserscan/share/pointcloud_to_laserscan/local_setup.zsh
[1.049s] -- Up-to-date: /home/mechax/ylh/sentry_vision/install/pointcloud_to_laserscan/share/pointcloud_to_laserscan/local_setup.dsv
[1.049s] -- Installing: /home/mechax/ylh/sentry_vision/install/pointcloud_to_laserscan/share/pointcloud_to_laserscan/package.dsv
[1.049s] -- Up-to-date: /home/mechax/ylh/sentry_vision/install/pointcloud_to_laserscan/share/ament_index/resource_index/packages/pointcloud_to_laserscan
[1.050s] -- Up-to-date: /home/mechax/ylh/sentry_vision/install/pointcloud_to_laserscan/share/ament_index/resource_index/rclcpp_components/pointcloud_to_laserscan
[1.050s] -- Up-to-date: /home/mechax/ylh/sentry_vision/install/pointcloud_to_laserscan/share/pointcloud_to_laserscan/cmake/ament_cmake_export_dependencies-extras.cmake
[1.050s] -- Up-to-date: /home/mechax/ylh/sentry_vision/install/pointcloud_to_laserscan/share/pointcloud_to_laserscan/cmake/ament_cmake_export_include_directories-extras.cmake
[1.051s] -- Up-to-date: /home/mechax/ylh/sentry_vision/install/pointcloud_to_laserscan/share/pointcloud_to_laserscan/cmake/ament_cmake_export_libraries-extras.cmake
[1.051s] -- Up-to-date: /home/mechax/ylh/sentry_vision/install/pointcloud_to_laserscan/share/pointcloud_to_laserscan/cmake/pointcloud_to_laserscanConfig.cmake
[1.051s] -- Up-to-date: /home/mechax/ylh/sentry_vision/install/pointcloud_to_laserscan/share/pointcloud_to_laserscan/cmake/pointcloud_to_laserscanConfig-version.cmake
[1.052s] -- Up-to-date: /home/mechax/ylh/sentry_vision/install/pointcloud_to_laserscan/share/pointcloud_to_laserscan/package.xml
[1.193s] Invoked command in '/home/mechax/ylh/sentry_vision/build/pointcloud_to_laserscan' returned '0': CMAKE_PREFIX_PATH=/opt/ros/humble /usr/bin/cmake --install /home/mechax/ylh/sentry_vision/build/pointcloud_to_laserscan
