[0.654s] Invoking command in '/home/mechax/ylh/sentry_vision/build/rm_decision_interfaces': CMAKE_PREFIX_PATH=/opt/ros/humble /usr/bin/cmake --build /home/mechax/ylh/sentry_vision/build/rm_decision_interfaces -- -j16 -l16
[0.751s] [ 11%] Built target rm_decision_interfaces__rosidl_generator_c
[0.751s] [ 11%] Built target ament_cmake_python_copy_rm_decision_interfaces
[0.755s] [ 12%] Built target rm_decision_interfaces__cpp
[0.812s] [ 23%] Built target rm_decision_interfaces__rosidl_typesupport_cpp
[0.819s] [ 35%] Built target rm_decision_interfaces__rosidl_typesupport_fastrtps_cpp
[0.873s] [ 46%] Built target rm_decision_interfaces__rosidl_typesupport_c
[0.888s] [ 57%] Built target rm_decision_interfaces__rosidl_typesupport_fastrtps_c
[0.897s] [ 69%] Built target rm_decision_interfaces__rosidl_typesupport_introspection_c
[0.905s] [ 80%] Built target rm_decision_interfaces__rosidl_typesupport_introspection_cpp
[0.965s] [ 80%] Built target rm_decision_interfaces
[1.015s] [ 81%] Built target rm_decision_interfaces__py
[1.053s] [ 91%] Built target rm_decision_interfaces__rosidl_generator_py
[1.084s] [ 94%] Built target rm_decision_interfaces__rosidl_typesupport_introspection_c__pyext
[1.146s] [ 97%] Built target rm_decision_interfaces__rosidl_typesupport_fastrtps_c__pyext
[1.147s] [100%] Built target rm_decision_interfaces__rosidl_typesupport_c__pyext
[1.242s] running egg_info
[1.253s] writing rm_decision_interfaces.egg-info/PKG-INFO
[1.253s] writing dependency_links to rm_decision_interfaces.egg-info/dependency_links.txt
[1.253s] writing top-level names to rm_decision_interfaces.egg-info/top_level.txt
[1.281s] reading manifest file 'rm_decision_interfaces.egg-info/SOURCES.txt'
[1.281s] writing manifest file 'rm_decision_interfaces.egg-info/SOURCES.txt'
[1.305s] [100%] Built target ament_cmake_python_build_rm_decision_interfaces_egg
[1.722s] Invoked command in '/home/mechax/ylh/sentry_vision/build/rm_decision_interfaces' returned '0': CMAKE_PREFIX_PATH=/opt/ros/humble /usr/bin/cmake --build /home/mechax/ylh/sentry_vision/build/rm_decision_interfaces -- -j16 -l16
[2.339s] Invoking command in '/home/mechax/ylh/sentry_vision/build/rm_decision_interfaces': CMAKE_PREFIX_PATH=/opt/ros/humble /usr/bin/cmake --install /home/mechax/ylh/sentry_vision/build/rm_decision_interfaces
[2.434s] -- Install configuration: ""
[2.434s] -- Up-to-date: /home/mechax/ylh/sentry_vision/install/rm_decision_interfaces/share/ament_index/resource_index/rosidl_interfaces/rm_decision_interfaces
[2.434s] -- Up-to-date: /home/mechax/ylh/sentry_vision/install/rm_decision_interfaces/include/rm_decision_interfaces/rm_decision_interfaces
[2.434s] -- Up-to-date: /home/mechax/ylh/sentry_vision/install/rm_decision_interfaces/include/rm_decision_interfaces/rm_decision_interfaces/msg
[2.434s] -- Up-to-date: /home/mechax/ylh/sentry_vision/install/rm_decision_interfaces/include/rm_decision_interfaces/rm_decision_interfaces/msg/armor.h
[2.435s] -- Up-to-date: /home/mechax/ylh/sentry_vision/install/rm_decision_interfaces/include/rm_decision_interfaces/rm_decision_interfaces/msg/all_robot_hp.h
[2.435s] -- Up-to-date: /home/mechax/ylh/sentry_vision/install/rm_decision_interfaces/include/rm_decision_interfaces/rm_decision_interfaces/msg/rfid.h
[2.435s] -- Up-to-date: /home/mechax/ylh/sentry_vision/install/rm_decision_interfaces/include/rm_decision_interfaces/rm_decision_interfaces/msg/receive_serial.h
[2.435s] -- Up-to-date: /home/mechax/ylh/sentry_vision/install/rm_decision_interfaces/include/rm_decision_interfaces/rm_decision_interfaces/msg/detail
[2.435s] -- Up-to-date: /home/mechax/ylh/sentry_vision/install/rm_decision_interfaces/include/rm_decision_interfaces/rm_decision_interfaces/msg/detail/robot_status__type_support.h
[2.435s] -- Up-to-date: /home/mechax/ylh/sentry_vision/install/rm_decision_interfaces/include/rm_decision_interfaces/rm_decision_interfaces/msg/detail/all_robot_hp__type_support.h
[2.435s] -- Up-to-date: /home/mechax/ylh/sentry_vision/install/rm_decision_interfaces/include/rm_decision_interfaces/rm_decision_interfaces/msg/detail/armor__struct.h
[2.435s] -- Up-to-date: /home/mechax/ylh/sentry_vision/install/rm_decision_interfaces/include/rm_decision_interfaces/rm_decision_interfaces/msg/detail/receive_serial__functions.h
[2.435s] -- Up-to-date: /home/mechax/ylh/sentry_vision/install/rm_decision_interfaces/include/rm_decision_interfaces/rm_decision_interfaces/msg/detail/rfid__type_support.h
[2.436s] -- Up-to-date: /home/mechax/ylh/sentry_vision/install/rm_decision_interfaces/include/rm_decision_interfaces/rm_decision_interfaces/msg/detail/all_robot_hp__functions.c
[2.436s] -- Up-to-date: /home/mechax/ylh/sentry_vision/install/rm_decision_interfaces/include/rm_decision_interfaces/rm_decision_interfaces/msg/detail/rfid__functions.h
[2.436s] -- Up-to-date: /home/mechax/ylh/sentry_vision/install/rm_decision_interfaces/include/rm_decision_interfaces/rm_decision_interfaces/msg/detail/friend_location__functions.h
[2.436s] -- Up-to-date: /home/mechax/ylh/sentry_vision/install/rm_decision_interfaces/include/rm_decision_interfaces/rm_decision_interfaces/msg/detail/all_robot_hp__functions.h
[2.436s] -- Up-to-date: /home/mechax/ylh/sentry_vision/install/rm_decision_interfaces/include/rm_decision_interfaces/rm_decision_interfaces/msg/detail/robot_status__functions.h
[2.436s] -- Up-to-date: /home/mechax/ylh/sentry_vision/install/rm_decision_interfaces/include/rm_decision_interfaces/rm_decision_interfaces/msg/detail/rfid__struct.h
[2.436s] -- Up-to-date: /home/mechax/ylh/sentry_vision/install/rm_decision_interfaces/include/rm_decision_interfaces/rm_decision_interfaces/msg/detail/receive_serial__struct.h
[2.436s] -- Up-to-date: /home/mechax/ylh/sentry_vision/install/rm_decision_interfaces/include/rm_decision_interfaces/rm_decision_interfaces/msg/detail/receive_serial__functions.c
[2.437s] -- Up-to-date: /home/mechax/ylh/sentry_vision/install/rm_decision_interfaces/include/rm_decision_interfaces/rm_decision_interfaces/msg/detail/robot_status__functions.c
[2.437s] -- Up-to-date: /home/mechax/ylh/sentry_vision/install/rm_decision_interfaces/include/rm_decision_interfaces/rm_decision_interfaces/msg/detail/all_robot_hp__struct.h
[2.437s] -- Up-to-date: /home/mechax/ylh/sentry_vision/install/rm_decision_interfaces/include/rm_decision_interfaces/rm_decision_interfaces/msg/detail/receive_serial__type_support.h
[2.437s] -- Up-to-date: /home/mechax/ylh/sentry_vision/install/rm_decision_interfaces/include/rm_decision_interfaces/rm_decision_interfaces/msg/detail/friend_location__type_support.h
[2.440s] -- Up-to-date: /home/mechax/ylh/sentry_vision/install/rm_decision_interfaces/include/rm_decision_interfaces/rm_decision_interfaces/msg/detail/armor__functions.h
[2.440s] -- Up-to-date: /home/mechax/ylh/sentry_vision/install/rm_decision_interfaces/include/rm_decision_interfaces/rm_decision_interfaces/msg/detail/armor__type_support.h
[2.440s] -- Up-to-date: /home/mechax/ylh/sentry_vision/install/rm_decision_interfaces/include/rm_decision_interfaces/rm_decision_interfaces/msg/detail/rfid__functions.c
[2.440s] -- Up-to-date: /home/mechax/ylh/sentry_vision/install/rm_decision_interfaces/include/rm_decision_interfaces/rm_decision_interfaces/msg/detail/friend_location__struct.h
[2.440s] -- Up-to-date: /home/mechax/ylh/sentry_vision/install/rm_decision_interfaces/include/rm_decision_interfaces/rm_decision_interfaces/msg/detail/friend_location__functions.c
[2.440s] -- Up-to-date: /home/mechax/ylh/sentry_vision/install/rm_decision_interfaces/include/rm_decision_interfaces/rm_decision_interfaces/msg/detail/armor__functions.c
[2.441s] -- Up-to-date: /home/mechax/ylh/sentry_vision/install/rm_decision_interfaces/include/rm_decision_interfaces/rm_decision_interfaces/msg/detail/robot_status__struct.h
[2.441s] -- Up-to-date: /home/mechax/ylh/sentry_vision/install/rm_decision_interfaces/include/rm_decision_interfaces/rm_decision_interfaces/msg/robot_status.h
[2.441s] -- Up-to-date: /home/mechax/ylh/sentry_vision/install/rm_decision_interfaces/include/rm_decision_interfaces/rm_decision_interfaces/msg/rosidl_generator_c__visibility_control.h
[2.441s] -- Up-to-date: /home/mechax/ylh/sentry_vision/install/rm_decision_interfaces/include/rm_decision_interfaces/rm_decision_interfaces/msg/friend_location.h
[2.441s] -- Up-to-date: /home/mechax/ylh/sentry_vision/install/rm_decision_interfaces/share/rm_decision_interfaces/environment/library_path.sh
[2.441s] -- Up-to-date: /home/mechax/ylh/sentry_vision/install/rm_decision_interfaces/share/rm_decision_interfaces/environment/library_path.dsv
[2.441s] -- Up-to-date: /home/mechax/ylh/sentry_vision/install/rm_decision_interfaces/lib/librm_decision_interfaces__rosidl_generator_c.so
[2.441s] -- Up-to-date: /home/mechax/ylh/sentry_vision/install/rm_decision_interfaces/include/rm_decision_interfaces/rm_decision_interfaces
[2.441s] -- Up-to-date: /home/mechax/ylh/sentry_vision/install/rm_decision_interfaces/include/rm_decision_interfaces/rm_decision_interfaces/msg
[2.442s] -- Up-to-date: /home/mechax/ylh/sentry_vision/install/rm_decision_interfaces/include/rm_decision_interfaces/rm_decision_interfaces/msg/detail
[2.442s] -- Up-to-date: /home/mechax/ylh/sentry_vision/install/rm_decision_interfaces/include/rm_decision_interfaces/rm_decision_interfaces/msg/detail/receive_serial__rosidl_typesupport_fastrtps_c.h
[2.442s] -- Up-to-date: /home/mechax/ylh/sentry_vision/install/rm_decision_interfaces/include/rm_decision_interfaces/rm_decision_interfaces/msg/detail/all_robot_hp__rosidl_typesupport_fastrtps_c.h
[2.442s] -- Up-to-date: /home/mechax/ylh/sentry_vision/install/rm_decision_interfaces/include/rm_decision_interfaces/rm_decision_interfaces/msg/detail/friend_location__rosidl_typesupport_fastrtps_c.h
[2.442s] -- Up-to-date: /home/mechax/ylh/sentry_vision/install/rm_decision_interfaces/include/rm_decision_interfaces/rm_decision_interfaces/msg/detail/robot_status__rosidl_typesupport_fastrtps_c.h
[2.442s] -- Up-to-date: /home/mechax/ylh/sentry_vision/install/rm_decision_interfaces/include/rm_decision_interfaces/rm_decision_interfaces/msg/detail/armor__rosidl_typesupport_fastrtps_c.h
[2.442s] -- Up-to-date: /home/mechax/ylh/sentry_vision/install/rm_decision_interfaces/include/rm_decision_interfaces/rm_decision_interfaces/msg/detail/rfid__rosidl_typesupport_fastrtps_c.h
[2.442s] -- Up-to-date: /home/mechax/ylh/sentry_vision/install/rm_decision_interfaces/include/rm_decision_interfaces/rm_decision_interfaces/msg/rosidl_typesupport_fastrtps_c__visibility_control.h
[2.442s] -- Up-to-date: /home/mechax/ylh/sentry_vision/install/rm_decision_interfaces/lib/librm_decision_interfaces__rosidl_typesupport_fastrtps_c.so
[2.442s] -- Up-to-date: /home/mechax/ylh/sentry_vision/install/rm_decision_interfaces/include/rm_decision_interfaces/rm_decision_interfaces
[2.451s] -- Up-to-date: /home/mechax/ylh/sentry_vision/install/rm_decision_interfaces/include/rm_decision_interfaces/rm_decision_interfaces/msg
[2.451s] -- Up-to-date: /home/mechax/ylh/sentry_vision/install/rm_decision_interfaces/include/rm_decision_interfaces/rm_decision_interfaces/msg/armor.hpp
[2.451s] -- Up-to-date: /home/mechax/ylh/sentry_vision/install/rm_decision_interfaces/include/rm_decision_interfaces/rm_decision_interfaces/msg/robot_status.hpp
[2.451s] -- Up-to-date: /home/mechax/ylh/sentry_vision/install/rm_decision_interfaces/include/rm_decision_interfaces/rm_decision_interfaces/msg/friend_location.hpp
[2.451s] -- Up-to-date: /home/mechax/ylh/sentry_vision/install/rm_decision_interfaces/include/rm_decision_interfaces/rm_decision_interfaces/msg/rfid.hpp
[2.451s] -- Up-to-date: /home/mechax/ylh/sentry_vision/install/rm_decision_interfaces/include/rm_decision_interfaces/rm_decision_interfaces/msg/receive_serial.hpp
[2.451s] -- Up-to-date: /home/mechax/ylh/sentry_vision/install/rm_decision_interfaces/include/rm_decision_interfaces/rm_decision_interfaces/msg/detail
[2.451s] -- Up-to-date: /home/mechax/ylh/sentry_vision/install/rm_decision_interfaces/include/rm_decision_interfaces/rm_decision_interfaces/msg/detail/robot_status__struct.hpp
[2.452s] -- Up-to-date: /home/mechax/ylh/sentry_vision/install/rm_decision_interfaces/include/rm_decision_interfaces/rm_decision_interfaces/msg/detail/all_robot_hp__struct.hpp
[2.452s] -- Up-to-date: /home/mechax/ylh/sentry_vision/install/rm_decision_interfaces/include/rm_decision_interfaces/rm_decision_interfaces/msg/detail/armor__builder.hpp
[2.452s] -- Up-to-date: /home/mechax/ylh/sentry_vision/install/rm_decision_interfaces/include/rm_decision_interfaces/rm_decision_interfaces/msg/detail/all_robot_hp__builder.hpp
[2.452s] -- Up-to-date: /home/mechax/ylh/sentry_vision/install/rm_decision_interfaces/include/rm_decision_interfaces/rm_decision_interfaces/msg/detail/friend_location__struct.hpp
[2.452s] -- Up-to-date: /home/mechax/ylh/sentry_vision/install/rm_decision_interfaces/include/rm_decision_interfaces/rm_decision_interfaces/msg/detail/robot_status__traits.hpp
[2.453s] -- Up-to-date: /home/mechax/ylh/sentry_vision/install/rm_decision_interfaces/include/rm_decision_interfaces/rm_decision_interfaces/msg/detail/robot_status__builder.hpp
[2.453s] -- Up-to-date: /home/mechax/ylh/sentry_vision/install/rm_decision_interfaces/include/rm_decision_interfaces/rm_decision_interfaces/msg/detail/friend_location__builder.hpp
[2.453s] -- Up-to-date: /home/mechax/ylh/sentry_vision/install/rm_decision_interfaces/include/rm_decision_interfaces/rm_decision_interfaces/msg/detail/receive_serial__traits.hpp
[2.453s] -- Up-to-date: /home/mechax/ylh/sentry_vision/install/rm_decision_interfaces/include/rm_decision_interfaces/rm_decision_interfaces/msg/detail/armor__struct.hpp
[2.453s] -- Up-to-date: /home/mechax/ylh/sentry_vision/install/rm_decision_interfaces/include/rm_decision_interfaces/rm_decision_interfaces/msg/detail/receive_serial__struct.hpp
[2.453s] -- Up-to-date: /home/mechax/ylh/sentry_vision/install/rm_decision_interfaces/include/rm_decision_interfaces/rm_decision_interfaces/msg/detail/friend_location__traits.hpp
[2.453s] -- Up-to-date: /home/mechax/ylh/sentry_vision/install/rm_decision_interfaces/include/rm_decision_interfaces/rm_decision_interfaces/msg/detail/all_robot_hp__traits.hpp
[2.453s] -- Up-to-date: /home/mechax/ylh/sentry_vision/install/rm_decision_interfaces/include/rm_decision_interfaces/rm_decision_interfaces/msg/detail/receive_serial__builder.hpp
[2.453s] -- Up-to-date: /home/mechax/ylh/sentry_vision/install/rm_decision_interfaces/include/rm_decision_interfaces/rm_decision_interfaces/msg/detail/rfid__struct.hpp
[2.453s] -- Up-to-date: /home/mechax/ylh/sentry_vision/install/rm_decision_interfaces/include/rm_decision_interfaces/rm_decision_interfaces/msg/detail/armor__traits.hpp
[2.453s] -- Up-to-date: /home/mechax/ylh/sentry_vision/install/rm_decision_interfaces/include/rm_decision_interfaces/rm_decision_interfaces/msg/detail/rfid__builder.hpp
[2.454s] -- Up-to-date: /home/mechax/ylh/sentry_vision/install/rm_decision_interfaces/include/rm_decision_interfaces/rm_decision_interfaces/msg/detail/rfid__traits.hpp
[2.454s] -- Up-to-date: /home/mechax/ylh/sentry_vision/install/rm_decision_interfaces/include/rm_decision_interfaces/rm_decision_interfaces/msg/all_robot_hp.hpp
[2.454s] -- Up-to-date: /home/mechax/ylh/sentry_vision/install/rm_decision_interfaces/include/rm_decision_interfaces/rm_decision_interfaces
[2.454s] -- Up-to-date: /home/mechax/ylh/sentry_vision/install/rm_decision_interfaces/include/rm_decision_interfaces/rm_decision_interfaces/msg
[2.454s] -- Up-to-date: /home/mechax/ylh/sentry_vision/install/rm_decision_interfaces/include/rm_decision_interfaces/rm_decision_interfaces/msg/detail
[2.454s] -- Up-to-date: /home/mechax/ylh/sentry_vision/install/rm_decision_interfaces/include/rm_decision_interfaces/rm_decision_interfaces/msg/detail/receive_serial__rosidl_typesupport_fastrtps_cpp.hpp
[2.454s] -- Up-to-date: /home/mechax/ylh/sentry_vision/install/rm_decision_interfaces/include/rm_decision_interfaces/rm_decision_interfaces/msg/detail/dds_fastrtps
[2.454s] -- Up-to-date: /home/mechax/ylh/sentry_vision/install/rm_decision_interfaces/include/rm_decision_interfaces/rm_decision_interfaces/msg/detail/robot_status__rosidl_typesupport_fastrtps_cpp.hpp
[2.454s] -- Up-to-date: /home/mechax/ylh/sentry_vision/install/rm_decision_interfaces/include/rm_decision_interfaces/rm_decision_interfaces/msg/detail/rfid__rosidl_typesupport_fastrtps_cpp.hpp
[2.454s] -- Up-to-date: /home/mechax/ylh/sentry_vision/install/rm_decision_interfaces/include/rm_decision_interfaces/rm_decision_interfaces/msg/detail/all_robot_hp__rosidl_typesupport_fastrtps_cpp.hpp
[2.455s] -- Up-to-date: /home/mechax/ylh/sentry_vision/install/rm_decision_interfaces/include/rm_decision_interfaces/rm_decision_interfaces/msg/detail/armor__rosidl_typesupport_fastrtps_cpp.hpp
[2.455s] -- Up-to-date: /home/mechax/ylh/sentry_vision/install/rm_decision_interfaces/include/rm_decision_interfaces/rm_decision_interfaces/msg/detail/friend_location__rosidl_typesupport_fastrtps_cpp.hpp
[2.455s] -- Up-to-date: /home/mechax/ylh/sentry_vision/install/rm_decision_interfaces/include/rm_decision_interfaces/rm_decision_interfaces/msg/rosidl_typesupport_fastrtps_cpp__visibility_control.h
[2.457s] -- Up-to-date: /home/mechax/ylh/sentry_vision/install/rm_decision_interfaces/lib/librm_decision_interfaces__rosidl_typesupport_fastrtps_cpp.so
[2.457s] -- Up-to-date: /home/mechax/ylh/sentry_vision/install/rm_decision_interfaces/include/rm_decision_interfaces/rm_decision_interfaces
[2.457s] -- Up-to-date: /home/mechax/ylh/sentry_vision/install/rm_decision_interfaces/include/rm_decision_interfaces/rm_decision_interfaces/msg
[2.457s] -- Up-to-date: /home/mechax/ylh/sentry_vision/install/rm_decision_interfaces/include/rm_decision_interfaces/rm_decision_interfaces/msg/rosidl_typesupport_introspection_c__visibility_control.h
[2.457s] -- Up-to-date: /home/mechax/ylh/sentry_vision/install/rm_decision_interfaces/include/rm_decision_interfaces/rm_decision_interfaces/msg/detail
[2.457s] -- Up-to-date: /home/mechax/ylh/sentry_vision/install/rm_decision_interfaces/include/rm_decision_interfaces/rm_decision_interfaces/msg/detail/receive_serial__type_support.c
[2.457s] -- Up-to-date: /home/mechax/ylh/sentry_vision/install/rm_decision_interfaces/include/rm_decision_interfaces/rm_decision_interfaces/msg/detail/friend_location__rosidl_typesupport_introspection_c.h
[2.457s] -- Up-to-date: /home/mechax/ylh/sentry_vision/install/rm_decision_interfaces/include/rm_decision_interfaces/rm_decision_interfaces/msg/detail/rfid__rosidl_typesupport_introspection_c.h
[2.458s] -- Up-to-date: /home/mechax/ylh/sentry_vision/install/rm_decision_interfaces/include/rm_decision_interfaces/rm_decision_interfaces/msg/detail/armor__type_support.c
[2.458s] -- Up-to-date: /home/mechax/ylh/sentry_vision/install/rm_decision_interfaces/include/rm_decision_interfaces/rm_decision_interfaces/msg/detail/all_robot_hp__type_support.c
[2.458s] -- Up-to-date: /home/mechax/ylh/sentry_vision/install/rm_decision_interfaces/include/rm_decision_interfaces/rm_decision_interfaces/msg/detail/armor__rosidl_typesupport_introspection_c.h
[2.458s] -- Up-to-date: /home/mechax/ylh/sentry_vision/install/rm_decision_interfaces/include/rm_decision_interfaces/rm_decision_interfaces/msg/detail/friend_location__type_support.c
[2.458s] -- Up-to-date: /home/mechax/ylh/sentry_vision/install/rm_decision_interfaces/include/rm_decision_interfaces/rm_decision_interfaces/msg/detail/robot_status__type_support.c
[2.458s] -- Up-to-date: /home/mechax/ylh/sentry_vision/install/rm_decision_interfaces/include/rm_decision_interfaces/rm_decision_interfaces/msg/detail/robot_status__rosidl_typesupport_introspection_c.h
[2.458s] -- Up-to-date: /home/mechax/ylh/sentry_vision/install/rm_decision_interfaces/include/rm_decision_interfaces/rm_decision_interfaces/msg/detail/rfid__type_support.c
[2.458s] -- Up-to-date: /home/mechax/ylh/sentry_vision/install/rm_decision_interfaces/include/rm_decision_interfaces/rm_decision_interfaces/msg/detail/all_robot_hp__rosidl_typesupport_introspection_c.h
[2.459s] -- Up-to-date: /home/mechax/ylh/sentry_vision/install/rm_decision_interfaces/include/rm_decision_interfaces/rm_decision_interfaces/msg/detail/receive_serial__rosidl_typesupport_introspection_c.h
[2.459s] -- Up-to-date: /home/mechax/ylh/sentry_vision/install/rm_decision_interfaces/lib/librm_decision_interfaces__rosidl_typesupport_introspection_c.so
[2.459s] -- Up-to-date: /home/mechax/ylh/sentry_vision/install/rm_decision_interfaces/lib/librm_decision_interfaces__rosidl_typesupport_c.so
[2.459s] -- Up-to-date: /home/mechax/ylh/sentry_vision/install/rm_decision_interfaces/include/rm_decision_interfaces/rm_decision_interfaces
[2.459s] -- Up-to-date: /home/mechax/ylh/sentry_vision/install/rm_decision_interfaces/include/rm_decision_interfaces/rm_decision_interfaces/msg
[2.459s] -- Up-to-date: /home/mechax/ylh/sentry_vision/install/rm_decision_interfaces/include/rm_decision_interfaces/rm_decision_interfaces/msg/detail
[2.459s] -- Up-to-date: /home/mechax/ylh/sentry_vision/install/rm_decision_interfaces/include/rm_decision_interfaces/rm_decision_interfaces/msg/detail/robot_status__rosidl_typesupport_introspection_cpp.hpp
[2.459s] -- Up-to-date: /home/mechax/ylh/sentry_vision/install/rm_decision_interfaces/include/rm_decision_interfaces/rm_decision_interfaces/msg/detail/friend_location__type_support.cpp
[2.471s] -- Up-to-date: /home/mechax/ylh/sentry_vision/install/rm_decision_interfaces/include/rm_decision_interfaces/rm_decision_interfaces/msg/detail/all_robot_hp__rosidl_typesupport_introspection_cpp.hpp
[2.473s] -- Up-to-date: /home/mechax/ylh/sentry_vision/install/rm_decision_interfaces/include/rm_decision_interfaces/rm_decision_interfaces/msg/detail/rfid__rosidl_typesupport_introspection_cpp.hpp
[2.473s] -- Up-to-date: /home/mechax/ylh/sentry_vision/install/rm_decision_interfaces/include/rm_decision_interfaces/rm_decision_interfaces/msg/detail/all_robot_hp__type_support.cpp
[2.473s] -- Up-to-date: /home/mechax/ylh/sentry_vision/install/rm_decision_interfaces/include/rm_decision_interfaces/rm_decision_interfaces/msg/detail/armor__type_support.cpp
[2.473s] -- Up-to-date: /home/mechax/ylh/sentry_vision/install/rm_decision_interfaces/include/rm_decision_interfaces/rm_decision_interfaces/msg/detail/receive_serial__rosidl_typesupport_introspection_cpp.hpp
[2.473s] -- Up-to-date: /home/mechax/ylh/sentry_vision/install/rm_decision_interfaces/include/rm_decision_interfaces/rm_decision_interfaces/msg/detail/receive_serial__type_support.cpp
[2.473s] -- Up-to-date: /home/mechax/ylh/sentry_vision/install/rm_decision_interfaces/include/rm_decision_interfaces/rm_decision_interfaces/msg/detail/robot_status__type_support.cpp
[2.473s] -- Up-to-date: /home/mechax/ylh/sentry_vision/install/rm_decision_interfaces/include/rm_decision_interfaces/rm_decision_interfaces/msg/detail/armor__rosidl_typesupport_introspection_cpp.hpp
[2.473s] -- Up-to-date: /home/mechax/ylh/sentry_vision/install/rm_decision_interfaces/include/rm_decision_interfaces/rm_decision_interfaces/msg/detail/rfid__type_support.cpp
[2.473s] -- Up-to-date: /home/mechax/ylh/sentry_vision/install/rm_decision_interfaces/include/rm_decision_interfaces/rm_decision_interfaces/msg/detail/friend_location__rosidl_typesupport_introspection_cpp.hpp
[2.473s] -- Up-to-date: /home/mechax/ylh/sentry_vision/install/rm_decision_interfaces/lib/librm_decision_interfaces__rosidl_typesupport_introspection_cpp.so
[2.473s] -- Up-to-date: /home/mechax/ylh/sentry_vision/install/rm_decision_interfaces/lib/librm_decision_interfaces__rosidl_typesupport_cpp.so
[2.473s] -- Up-to-date: /home/mechax/ylh/sentry_vision/install/rm_decision_interfaces/share/rm_decision_interfaces/environment/pythonpath.sh
[2.473s] -- Up-to-date: /home/mechax/ylh/sentry_vision/install/rm_decision_interfaces/share/rm_decision_interfaces/environment/pythonpath.dsv
[2.474s] -- Up-to-date: /home/mechax/ylh/sentry_vision/install/rm_decision_interfaces/local/lib/python3.10/dist-packages/rm_decision_interfaces-0.0.0-py3.10.egg-info
[2.482s] -- Installing: /home/mechax/ylh/sentry_vision/install/rm_decision_interfaces/local/lib/python3.10/dist-packages/rm_decision_interfaces-0.0.0-py3.10.egg-info/PKG-INFO
[2.482s] -- Installing: /home/mechax/ylh/sentry_vision/install/rm_decision_interfaces/local/lib/python3.10/dist-packages/rm_decision_interfaces-0.0.0-py3.10.egg-info/SOURCES.txt
[2.482s] -- Installing: /home/mechax/ylh/sentry_vision/install/rm_decision_interfaces/local/lib/python3.10/dist-packages/rm_decision_interfaces-0.0.0-py3.10.egg-info/top_level.txt
[2.482s] -- Installing: /home/mechax/ylh/sentry_vision/install/rm_decision_interfaces/local/lib/python3.10/dist-packages/rm_decision_interfaces-0.0.0-py3.10.egg-info/dependency_links.txt
[2.491s] -- Up-to-date: /home/mechax/ylh/sentry_vision/install/rm_decision_interfaces/local/lib/python3.10/dist-packages/rm_decision_interfaces
[2.494s] -- Up-to-date: /home/mechax/ylh/sentry_vision/install/rm_decision_interfaces/local/lib/python3.10/dist-packages/rm_decision_interfaces/_rm_decision_interfaces_s.ep.rosidl_typesupport_c.c
[2.494s] -- Up-to-date: /home/mechax/ylh/sentry_vision/install/rm_decision_interfaces/local/lib/python3.10/dist-packages/rm_decision_interfaces/_rm_decision_interfaces_s.ep.rosidl_typesupport_fastrtps_c.c
[2.494s] -- Up-to-date: /home/mechax/ylh/sentry_vision/install/rm_decision_interfaces/local/lib/python3.10/dist-packages/rm_decision_interfaces/rm_decision_interfaces_s__rosidl_typesupport_c.cpython-310-x86_64-linux-gnu.so
[2.494s] -- Up-to-date: /home/mechax/ylh/sentry_vision/install/rm_decision_interfaces/local/lib/python3.10/dist-packages/rm_decision_interfaces/__init__.py
[2.494s] -- Up-to-date: /home/mechax/ylh/sentry_vision/install/rm_decision_interfaces/local/lib/python3.10/dist-packages/rm_decision_interfaces/rm_decision_interfaces_s__rosidl_typesupport_fastrtps_c.cpython-310-x86_64-linux-gnu.so
[2.494s] -- Up-to-date: /home/mechax/ylh/sentry_vision/install/rm_decision_interfaces/local/lib/python3.10/dist-packages/rm_decision_interfaces/msg
[2.495s] -- Up-to-date: /home/mechax/ylh/sentry_vision/install/rm_decision_interfaces/local/lib/python3.10/dist-packages/rm_decision_interfaces/msg/_all_robot_hp.py
[2.495s] -- Up-to-date: /home/mechax/ylh/sentry_vision/install/rm_decision_interfaces/local/lib/python3.10/dist-packages/rm_decision_interfaces/msg/_friend_location_s.c
[2.495s] -- Up-to-date: /home/mechax/ylh/sentry_vision/install/rm_decision_interfaces/local/lib/python3.10/dist-packages/rm_decision_interfaces/msg/_rfid_s.c
[2.495s] -- Up-to-date: /home/mechax/ylh/sentry_vision/install/rm_decision_interfaces/local/lib/python3.10/dist-packages/rm_decision_interfaces/msg/_receive_serial_s.c
[2.495s] -- Up-to-date: /home/mechax/ylh/sentry_vision/install/rm_decision_interfaces/local/lib/python3.10/dist-packages/rm_decision_interfaces/msg/_rfid.py
[2.496s] -- Up-to-date: /home/mechax/ylh/sentry_vision/install/rm_decision_interfaces/local/lib/python3.10/dist-packages/rm_decision_interfaces/msg/_receive_serial.py
[2.496s] -- Up-to-date: /home/mechax/ylh/sentry_vision/install/rm_decision_interfaces/local/lib/python3.10/dist-packages/rm_decision_interfaces/msg/_all_robot_hp_s.c
[2.496s] -- Up-to-date: /home/mechax/ylh/sentry_vision/install/rm_decision_interfaces/local/lib/python3.10/dist-packages/rm_decision_interfaces/msg/_robot_status.py
[2.496s] -- Up-to-date: /home/mechax/ylh/sentry_vision/install/rm_decision_interfaces/local/lib/python3.10/dist-packages/rm_decision_interfaces/msg/_armor_s.c
[2.496s] -- Up-to-date: /home/mechax/ylh/sentry_vision/install/rm_decision_interfaces/local/lib/python3.10/dist-packages/rm_decision_interfaces/msg/_armor.py
[2.496s] -- Up-to-date: /home/mechax/ylh/sentry_vision/install/rm_decision_interfaces/local/lib/python3.10/dist-packages/rm_decision_interfaces/msg/__init__.py
[2.496s] -- Up-to-date: /home/mechax/ylh/sentry_vision/install/rm_decision_interfaces/local/lib/python3.10/dist-packages/rm_decision_interfaces/msg/_friend_location.py
[2.496s] -- Up-to-date: /home/mechax/ylh/sentry_vision/install/rm_decision_interfaces/local/lib/python3.10/dist-packages/rm_decision_interfaces/msg/_robot_status_s.c
[2.496s] -- Up-to-date: /home/mechax/ylh/sentry_vision/install/rm_decision_interfaces/local/lib/python3.10/dist-packages/rm_decision_interfaces/_rm_decision_interfaces_s.ep.rosidl_typesupport_introspection_c.c
[2.496s] -- Up-to-date: /home/mechax/ylh/sentry_vision/install/rm_decision_interfaces/local/lib/python3.10/dist-packages/rm_decision_interfaces/rm_decision_interfaces_s__rosidl_typesupport_introspection_c.cpython-310-x86_64-linux-gnu.so
[2.496s] -- Up-to-date: /home/mechax/ylh/sentry_vision/install/rm_decision_interfaces/local/lib/python3.10/dist-packages/rm_decision_interfaces/librm_decision_interfaces__rosidl_generator_py.so
[2.503s] Listing '/home/mechax/ylh/sentry_vision/install/rm_decision_interfaces/local/lib/python3.10/dist-packages/rm_decision_interfaces'...
[2.503s] Listing '/home/mechax/ylh/sentry_vision/install/rm_decision_interfaces/local/lib/python3.10/dist-packages/rm_decision_interfaces/msg'...
[2.503s] -- Up-to-date: /home/mechax/ylh/sentry_vision/install/rm_decision_interfaces/local/lib/python3.10/dist-packages/rm_decision_interfaces/rm_decision_interfaces_s__rosidl_typesupport_fastrtps_c.cpython-310-x86_64-linux-gnu.so
[2.503s] -- Up-to-date: /home/mechax/ylh/sentry_vision/install/rm_decision_interfaces/local/lib/python3.10/dist-packages/rm_decision_interfaces/rm_decision_interfaces_s__rosidl_typesupport_introspection_c.cpython-310-x86_64-linux-gnu.so
[2.503s] -- Up-to-date: /home/mechax/ylh/sentry_vision/install/rm_decision_interfaces/local/lib/python3.10/dist-packages/rm_decision_interfaces/rm_decision_interfaces_s__rosidl_typesupport_c.cpython-310-x86_64-linux-gnu.so
[2.504s] -- Up-to-date: /home/mechax/ylh/sentry_vision/install/rm_decision_interfaces/lib/librm_decision_interfaces__rosidl_generator_py.so
[2.504s] -- Up-to-date: /home/mechax/ylh/sentry_vision/install/rm_decision_interfaces/share/rm_decision_interfaces/msg/AllRobotHP.idl
[2.504s] -- Up-to-date: /home/mechax/ylh/sentry_vision/install/rm_decision_interfaces/share/rm_decision_interfaces/msg/Armor.idl
[2.504s] -- Up-to-date: /home/mechax/ylh/sentry_vision/install/rm_decision_interfaces/share/rm_decision_interfaces/msg/FriendLocation.idl
[2.504s] -- Up-to-date: /home/mechax/ylh/sentry_vision/install/rm_decision_interfaces/share/rm_decision_interfaces/msg/RFID.idl
[2.504s] -- Up-to-date: /home/mechax/ylh/sentry_vision/install/rm_decision_interfaces/share/rm_decision_interfaces/msg/RobotStatus.idl
[2.504s] -- Up-to-date: /home/mechax/ylh/sentry_vision/install/rm_decision_interfaces/share/rm_decision_interfaces/msg/ReceiveSerial.idl
[2.504s] -- Up-to-date: /home/mechax/ylh/sentry_vision/install/rm_decision_interfaces/share/rm_decision_interfaces/msg/AllRobotHP.msg
[2.504s] -- Up-to-date: /home/mechax/ylh/sentry_vision/install/rm_decision_interfaces/share/rm_decision_interfaces/msg/Armor.msg
[2.504s] -- Up-to-date: /home/mechax/ylh/sentry_vision/install/rm_decision_interfaces/share/rm_decision_interfaces/msg/FriendLocation.msg
[2.504s] -- Up-to-date: /home/mechax/ylh/sentry_vision/install/rm_decision_interfaces/share/rm_decision_interfaces/msg/RFID.msg
[2.504s] -- Up-to-date: /home/mechax/ylh/sentry_vision/install/rm_decision_interfaces/share/rm_decision_interfaces/msg/RobotStatus.msg
[2.504s] -- Up-to-date: /home/mechax/ylh/sentry_vision/install/rm_decision_interfaces/share/rm_decision_interfaces/msg/ReceiveSerial.msg
[2.504s] -- Up-to-date: /home/mechax/ylh/sentry_vision/install/rm_decision_interfaces/share/ament_index/resource_index/package_run_dependencies/rm_decision_interfaces
[2.505s] -- Up-to-date: /home/mechax/ylh/sentry_vision/install/rm_decision_interfaces/share/ament_index/resource_index/parent_prefix_path/rm_decision_interfaces
[2.505s] -- Up-to-date: /home/mechax/ylh/sentry_vision/install/rm_decision_interfaces/share/rm_decision_interfaces/environment/ament_prefix_path.sh
[2.505s] -- Up-to-date: /home/mechax/ylh/sentry_vision/install/rm_decision_interfaces/share/rm_decision_interfaces/environment/ament_prefix_path.dsv
[2.505s] -- Up-to-date: /home/mechax/ylh/sentry_vision/install/rm_decision_interfaces/share/rm_decision_interfaces/environment/path.sh
[2.505s] -- Up-to-date: /home/mechax/ylh/sentry_vision/install/rm_decision_interfaces/share/rm_decision_interfaces/environment/path.dsv
[2.505s] -- Up-to-date: /home/mechax/ylh/sentry_vision/install/rm_decision_interfaces/share/rm_decision_interfaces/local_setup.bash
[2.505s] -- Up-to-date: /home/mechax/ylh/sentry_vision/install/rm_decision_interfaces/share/rm_decision_interfaces/local_setup.sh
[2.506s] -- Up-to-date: /home/mechax/ylh/sentry_vision/install/rm_decision_interfaces/share/rm_decision_interfaces/local_setup.zsh
[2.506s] -- Up-to-date: /home/mechax/ylh/sentry_vision/install/rm_decision_interfaces/share/rm_decision_interfaces/local_setup.dsv
[2.506s] -- Installing: /home/mechax/ylh/sentry_vision/install/rm_decision_interfaces/share/rm_decision_interfaces/package.dsv
[2.506s] -- Up-to-date: /home/mechax/ylh/sentry_vision/install/rm_decision_interfaces/share/ament_index/resource_index/packages/rm_decision_interfaces
[2.506s] -- Up-to-date: /home/mechax/ylh/sentry_vision/install/rm_decision_interfaces/share/rm_decision_interfaces/cmake/export_rm_decision_interfaces__rosidl_generator_cExport.cmake
[2.506s] -- Up-to-date: /home/mechax/ylh/sentry_vision/install/rm_decision_interfaces/share/rm_decision_interfaces/cmake/export_rm_decision_interfaces__rosidl_generator_cExport-noconfig.cmake
[2.506s] -- Up-to-date: /home/mechax/ylh/sentry_vision/install/rm_decision_interfaces/share/rm_decision_interfaces/cmake/export_rm_decision_interfaces__rosidl_typesupport_fastrtps_cExport.cmake
[2.506s] -- Up-to-date: /home/mechax/ylh/sentry_vision/install/rm_decision_interfaces/share/rm_decision_interfaces/cmake/export_rm_decision_interfaces__rosidl_typesupport_fastrtps_cExport-noconfig.cmake
[2.506s] -- Up-to-date: /home/mechax/ylh/sentry_vision/install/rm_decision_interfaces/share/rm_decision_interfaces/cmake/export_rm_decision_interfaces__rosidl_generator_cppExport.cmake
[2.506s] -- Up-to-date: /home/mechax/ylh/sentry_vision/install/rm_decision_interfaces/share/rm_decision_interfaces/cmake/export_rm_decision_interfaces__rosidl_typesupport_fastrtps_cppExport.cmake
[2.507s] -- Up-to-date: /home/mechax/ylh/sentry_vision/install/rm_decision_interfaces/share/rm_decision_interfaces/cmake/export_rm_decision_interfaces__rosidl_typesupport_fastrtps_cppExport-noconfig.cmake
[2.507s] -- Up-to-date: /home/mechax/ylh/sentry_vision/install/rm_decision_interfaces/share/rm_decision_interfaces/cmake/rm_decision_interfaces__rosidl_typesupport_introspection_cExport.cmake
[2.507s] -- Up-to-date: /home/mechax/ylh/sentry_vision/install/rm_decision_interfaces/share/rm_decision_interfaces/cmake/rm_decision_interfaces__rosidl_typesupport_introspection_cExport-noconfig.cmake
[2.507s] -- Up-to-date: /home/mechax/ylh/sentry_vision/install/rm_decision_interfaces/share/rm_decision_interfaces/cmake/rm_decision_interfaces__rosidl_typesupport_cExport.cmake
[2.507s] -- Up-to-date: /home/mechax/ylh/sentry_vision/install/rm_decision_interfaces/share/rm_decision_interfaces/cmake/rm_decision_interfaces__rosidl_typesupport_cExport-noconfig.cmake
[2.507s] -- Up-to-date: /home/mechax/ylh/sentry_vision/install/rm_decision_interfaces/share/rm_decision_interfaces/cmake/rm_decision_interfaces__rosidl_typesupport_introspection_cppExport.cmake
[2.507s] -- Up-to-date: /home/mechax/ylh/sentry_vision/install/rm_decision_interfaces/share/rm_decision_interfaces/cmake/rm_decision_interfaces__rosidl_typesupport_introspection_cppExport-noconfig.cmake
[2.507s] -- Up-to-date: /home/mechax/ylh/sentry_vision/install/rm_decision_interfaces/share/rm_decision_interfaces/cmake/rm_decision_interfaces__rosidl_typesupport_cppExport.cmake
[2.507s] -- Up-to-date: /home/mechax/ylh/sentry_vision/install/rm_decision_interfaces/share/rm_decision_interfaces/cmake/rm_decision_interfaces__rosidl_typesupport_cppExport-noconfig.cmake
[2.507s] -- Up-to-date: /home/mechax/ylh/sentry_vision/install/rm_decision_interfaces/share/rm_decision_interfaces/cmake/export_rm_decision_interfaces__rosidl_generator_pyExport.cmake
[2.507s] -- Up-to-date: /home/mechax/ylh/sentry_vision/install/rm_decision_interfaces/share/rm_decision_interfaces/cmake/export_rm_decision_interfaces__rosidl_generator_pyExport-noconfig.cmake
[2.507s] -- Up-to-date: /home/mechax/ylh/sentry_vision/install/rm_decision_interfaces/share/rm_decision_interfaces/cmake/rosidl_cmake-extras.cmake
[2.507s] -- Up-to-date: /home/mechax/ylh/sentry_vision/install/rm_decision_interfaces/share/rm_decision_interfaces/cmake/ament_cmake_export_dependencies-extras.cmake
[2.508s] -- Up-to-date: /home/mechax/ylh/sentry_vision/install/rm_decision_interfaces/share/rm_decision_interfaces/cmake/ament_cmake_export_include_directories-extras.cmake
[2.508s] -- Up-to-date: /home/mechax/ylh/sentry_vision/install/rm_decision_interfaces/share/rm_decision_interfaces/cmake/ament_cmake_export_libraries-extras.cmake
[2.508s] -- Up-to-date: /home/mechax/ylh/sentry_vision/install/rm_decision_interfaces/share/rm_decision_interfaces/cmake/ament_cmake_export_targets-extras.cmake
[2.508s] -- Up-to-date: /home/mechax/ylh/sentry_vision/install/rm_decision_interfaces/share/rm_decision_interfaces/cmake/rosidl_cmake_export_typesupport_targets-extras.cmake
[2.508s] -- Up-to-date: /home/mechax/ylh/sentry_vision/install/rm_decision_interfaces/share/rm_decision_interfaces/cmake/rosidl_cmake_export_typesupport_libraries-extras.cmake
[2.508s] -- Up-to-date: /home/mechax/ylh/sentry_vision/install/rm_decision_interfaces/share/rm_decision_interfaces/cmake/rm_decision_interfacesConfig.cmake
[2.508s] -- Up-to-date: /home/mechax/ylh/sentry_vision/install/rm_decision_interfaces/share/rm_decision_interfaces/cmake/rm_decision_interfacesConfig-version.cmake
[2.508s] -- Up-to-date: /home/mechax/ylh/sentry_vision/install/rm_decision_interfaces/share/rm_decision_interfaces/package.xml
[2.761s] Invoked command in '/home/mechax/ylh/sentry_vision/build/rm_decision_interfaces' returned '0': CMAKE_PREFIX_PATH=/opt/ros/humble /usr/bin/cmake --install /home/mechax/ylh/sentry_vision/build/rm_decision_interfaces
