[0.116s] Invoking command in '/home/mechax/ylh/sentry_vision/build/rm_bringup': CMAKE_PREFIX_PATH=/opt/ros/humble /usr/bin/cmake /home/mechax/ylh/sentry_vision/src/rm_bringup -DCMAKE_EXPORT_COMPILE_COMMANDS=ON -DCMAKE_INSTALL_PREFIX=/home/mechax/ylh/sentry_vision/install/rm_bringup
[1.728s] -- The C compiler identification is GNU 11.4.0
[1.728s] -- The CXX compiler identification is GNU 11.4.0
[1.728s] -- Detecting C compiler ABI info
[1.728s] -- Detecting C compiler ABI info - done
[1.728s] -- Check for working C compiler: /usr/bin/cc - skipped
[1.728s] -- Detecting C compile features
[1.728s] -- Detecting C compile features - done
[1.728s] -- Detecting CXX compiler ABI info
[1.729s] -- Detecting CXX compiler ABI info - done
[1.729s] -- Check for working CXX compiler: /usr/bin/c++ - skipped
[1.729s] -- Detecting CXX compile features
[1.729s] -- Detecting CXX compile features - done
[1.729s] -- Found ament_cmake: 1.3.6 (/opt/ros/humble/share/ament_cmake/cmake)
[1.729s] -- Found Python3: /usr/bin/python3.10 (found version "3.10.12") found components: Interpreter 
[1.729s] -- Found ament_lint_auto: 0.12.9 (/opt/ros/humble/share/ament_lint_auto/cmake)
[1.729s] -- Added test 'flake8' to check Python code syntax and style conventions
[1.729s] -- Added test 'lint_cmake' to check CMake code style
[1.729s] -- Added test 'pep257' to check Python code against some of the docstring style conventions in PEP 257
[1.729s] -- Added test 'xmllint' to check XML markup files
[1.729s] -- Configuring done
[1.729s] -- Generating done
[1.729s] -- Build files have been written to: /home/mechax/ylh/sentry_vision/build/rm_bringup
[1.730s] [33mCMake Warning:
[1.730s]   Manually-specified variables were not used by the project:
[1.730s] 
[1.730s]     CMAKE_EXPORT_COMPILE_COMMANDS
[1.731s] 
[1.731s] [0m
[1.739s] Invoked command in '/home/mechax/ylh/sentry_vision/build/rm_bringup' returned '0': CMAKE_PREFIX_PATH=/opt/ros/humble /usr/bin/cmake /home/mechax/ylh/sentry_vision/src/rm_bringup -DCMAKE_EXPORT_COMPILE_COMMANDS=ON -DCMAKE_INSTALL_PREFIX=/home/mechax/ylh/sentry_vision/install/rm_bringup
[1.739s] Invoking command in '/home/mechax/ylh/sentry_vision/build/rm_bringup': CMAKE_PREFIX_PATH=/opt/ros/humble /usr/bin/cmake --build /home/mechax/ylh/sentry_vision/build/rm_bringup -- -j16 -l16
[4.209s] Invoked command in '/home/mechax/ylh/sentry_vision/build/rm_bringup' returned '0': CMAKE_PREFIX_PATH=/opt/ros/humble /usr/bin/cmake --build /home/mechax/ylh/sentry_vision/build/rm_bringup -- -j16 -l16
[4.588s] Invoking command in '/home/mechax/ylh/sentry_vision/build/rm_bringup': CMAKE_PREFIX_PATH=/opt/ros/humble /usr/bin/cmake --install /home/mechax/ylh/sentry_vision/build/rm_bringup
[4.671s] -- Install configuration: ""
[4.671s] -- Installing: /home/mechax/ylh/sentry_vision/install/rm_bringup/share/rm_bringup/src
[4.671s] -- Installing: /home/mechax/ylh/sentry_vision/install/rm_bringup/share/rm_bringup/src/urdf
[4.671s] -- Installing: /home/mechax/ylh/sentry_vision/install/rm_bringup/share/rm_bringup/src/urdf/shaobing.urdf
[4.671s] -- Installing: /home/mechax/ylh/sentry_vision/install/rm_bringup/share/rm_bringup/src/urdf/test.urdf
[4.671s] -- Installing: /home/mechax/ylh/sentry_vision/install/rm_bringup/share/rm_bringup/src/urdf/waking_robot.xacro
[4.671s] -- Installing: /home/mechax/ylh/sentry_vision/install/rm_bringup/share/rm_bringup/launch
[4.671s] -- Installing: /home/mechax/ylh/sentry_vision/install/rm_bringup/share/rm_bringup/launch/bringup.launch.py
[4.671s] -- Installing: /home/mechax/ylh/sentry_vision/install/rm_bringup/share/rm_bringup/rviz
[4.671s] -- Installing: /home/mechax/ylh/sentry_vision/install/rm_bringup/share/rm_bringup/rviz/urdf_config.rviz
[4.671s] -- Installing: /home/mechax/ylh/sentry_vision/install/rm_bringup/share/ament_index/resource_index/package_run_dependencies/rm_bringup
[4.672s] -- Installing: /home/mechax/ylh/sentry_vision/install/rm_bringup/share/ament_index/resource_index/parent_prefix_path/rm_bringup
[4.672s] -- Installing: /home/mechax/ylh/sentry_vision/install/rm_bringup/share/rm_bringup/environment/ament_prefix_path.sh
[4.672s] -- Installing: /home/mechax/ylh/sentry_vision/install/rm_bringup/share/rm_bringup/environment/ament_prefix_path.dsv
[4.672s] -- Installing: /home/mechax/ylh/sentry_vision/install/rm_bringup/share/rm_bringup/environment/path.sh
[4.672s] -- Installing: /home/mechax/ylh/sentry_vision/install/rm_bringup/share/rm_bringup/environment/path.dsv
[4.672s] -- Installing: /home/mechax/ylh/sentry_vision/install/rm_bringup/share/rm_bringup/local_setup.bash
[4.672s] -- Installing: /home/mechax/ylh/sentry_vision/install/rm_bringup/share/rm_bringup/local_setup.sh
[4.672s] -- Installing: /home/mechax/ylh/sentry_vision/install/rm_bringup/share/rm_bringup/local_setup.zsh
[4.672s] -- Installing: /home/mechax/ylh/sentry_vision/install/rm_bringup/share/rm_bringup/local_setup.dsv
[4.672s] -- Installing: /home/mechax/ylh/sentry_vision/install/rm_bringup/share/rm_bringup/package.dsv
[4.672s] -- Installing: /home/mechax/ylh/sentry_vision/install/rm_bringup/share/ament_index/resource_index/packages/rm_bringup
[4.672s] -- Installing: /home/mechax/ylh/sentry_vision/install/rm_bringup/share/rm_bringup/cmake/rm_bringupConfig.cmake
[4.672s] -- Installing: /home/mechax/ylh/sentry_vision/install/rm_bringup/share/rm_bringup/cmake/rm_bringupConfig-version.cmake
[4.672s] -- Installing: /home/mechax/ylh/sentry_vision/install/rm_bringup/share/rm_bringup/package.xml
[5.252s] Invoked command in '/home/mechax/ylh/sentry_vision/build/rm_bringup' returned '0': CMAKE_PREFIX_PATH=/opt/ros/humble /usr/bin/cmake --install /home/mechax/ylh/sentry_vision/build/rm_bringup
