[0.412s] Invoking command in '/home/mechax/ylh/sentry_vision/build/fast_lio': AMENT_PREFIX_PATH=/home/mechax/ylh/sentry_vision/install/livox_ros_driver2:${AMENT_PREFIX_PATH} CMAKE_PREFIX_PATH=/home/mechax/ylh/sentry_vision/install/livox_ros_driver2:/opt/ros/humble LD_LIBRARY_PATH=/home/mechax/ylh/sentry_vision/install/livox_ros_driver2/lib:${LD_LIBRARY_PATH} PYTHONPATH=/home/mechax/ylh/sentry_vision/install/livox_ros_driver2/local/lib/python3.10/dist-packages:${PYTHONPATH} /usr/bin/cmake --build /home/mechax/ylh/sentry_vision/build/fast_lio -- -j16 -l16
[0.516s] [  0%] Built target ament_cmake_python_copy_fast_lio
[0.526s] [  2%] Built target fast_lio__cpp
[0.527s] [ 11%] Built target fast_lio__rosidl_generator_c
[0.565s] [ 28%] Built target fast_lio__rosidl_typesupport_introspection_c
[0.566s] [ 28%] Built target fast_lio__rosidl_typesupport_cpp
[0.580s] [ 37%] Built target fast_lio__rosidl_typesupport_fastrtps_cpp
[0.588s] [ 45%] Built target fast_lio__rosidl_typesupport_introspection_cpp
[0.592s] [ 54%] Built target fast_lio__rosidl_typesupport_c
[0.624s] [ 62%] Built target fast_lio__rosidl_typesupport_fastrtps_c
[0.657s] [ 74%] Built target fastlio_mapping
[0.662s] [ 74%] Built target fast_lio
[0.680s] [ 77%] Built target fast_lio__py
[0.709s] [ 82%] Built target fast_lio__rosidl_generator_py
[0.743s] [100%] Built target fast_lio__rosidl_typesupport_c__pyext
[0.744s] [100%] Built target fast_lio__rosidl_typesupport_introspection_c__pyext
[0.744s] [100%] Built target fast_lio__rosidl_typesupport_fastrtps_c__pyext
[0.799s] running egg_info
[0.811s] writing fast_lio.egg-info/PKG-INFO
[0.811s] writing dependency_links to fast_lio.egg-info/dependency_links.txt
[0.811s] writing top-level names to fast_lio.egg-info/top_level.txt
[0.840s] reading manifest file 'fast_lio.egg-info/SOURCES.txt'
[0.840s] writing manifest file 'fast_lio.egg-info/SOURCES.txt'
[0.873s] [100%] Built target ament_cmake_python_build_fast_lio_egg
[1.054s] Invoked command in '/home/mechax/ylh/sentry_vision/build/fast_lio' returned '0': AMENT_PREFIX_PATH=/home/mechax/ylh/sentry_vision/install/livox_ros_driver2:${AMENT_PREFIX_PATH} CMAKE_PREFIX_PATH=/home/mechax/ylh/sentry_vision/install/livox_ros_driver2:/opt/ros/humble LD_LIBRARY_PATH=/home/mechax/ylh/sentry_vision/install/livox_ros_driver2/lib:${LD_LIBRARY_PATH} PYTHONPATH=/home/mechax/ylh/sentry_vision/install/livox_ros_driver2/local/lib/python3.10/dist-packages:${PYTHONPATH} /usr/bin/cmake --build /home/mechax/ylh/sentry_vision/build/fast_lio -- -j16 -l16
[1.355s] Invoking command in '/home/mechax/ylh/sentry_vision/build/fast_lio': AMENT_PREFIX_PATH=/home/mechax/ylh/sentry_vision/install/livox_ros_driver2:${AMENT_PREFIX_PATH} CMAKE_PREFIX_PATH=/home/mechax/ylh/sentry_vision/install/livox_ros_driver2:/opt/ros/humble LD_LIBRARY_PATH=/home/mechax/ylh/sentry_vision/install/livox_ros_driver2/lib:${LD_LIBRARY_PATH} PYTHONPATH=/home/mechax/ylh/sentry_vision/install/livox_ros_driver2/local/lib/python3.10/dist-packages:${PYTHONPATH} /usr/bin/cmake --install /home/mechax/ylh/sentry_vision/build/fast_lio
[1.362s] -- Install configuration: "Release"
[1.362s] -- Up-to-date: /home/mechax/ylh/sentry_vision/install/fast_lio/share/ament_index/resource_index/rosidl_interfaces/fast_lio
[1.362s] -- Up-to-date: /home/mechax/ylh/sentry_vision/install/fast_lio/include/fast_lio/fast_lio
[1.363s] -- Up-to-date: /home/mechax/ylh/sentry_vision/install/fast_lio/include/fast_lio/fast_lio/msg
[1.363s] -- Up-to-date: /home/mechax/ylh/sentry_vision/install/fast_lio/include/fast_lio/fast_lio/msg/detail
[1.364s] -- Up-to-date: /home/mechax/ylh/sentry_vision/install/fast_lio/include/fast_lio/fast_lio/msg/detail/pose6_d__functions.c
[1.365s] -- Up-to-date: /home/mechax/ylh/sentry_vision/install/fast_lio/include/fast_lio/fast_lio/msg/detail/pose6_d__type_support.h
[1.365s] -- Up-to-date: /home/mechax/ylh/sentry_vision/install/fast_lio/include/fast_lio/fast_lio/msg/detail/pose6_d__struct.h
[1.365s] -- Up-to-date: /home/mechax/ylh/sentry_vision/install/fast_lio/include/fast_lio/fast_lio/msg/detail/pose6_d__functions.h
[1.365s] -- Up-to-date: /home/mechax/ylh/sentry_vision/install/fast_lio/include/fast_lio/fast_lio/msg/rosidl_generator_c__visibility_control.h
[1.366s] -- Up-to-date: /home/mechax/ylh/sentry_vision/install/fast_lio/include/fast_lio/fast_lio/msg/pose6_d.h
[1.366s] -- Up-to-date: /home/mechax/ylh/sentry_vision/install/fast_lio/share/fast_lio/environment/library_path.sh
[1.366s] -- Up-to-date: /home/mechax/ylh/sentry_vision/install/fast_lio/share/fast_lio/environment/library_path.dsv
[1.366s] -- Up-to-date: /home/mechax/ylh/sentry_vision/install/fast_lio/lib/libfast_lio__rosidl_generator_c.so
[1.366s] -- Up-to-date: /home/mechax/ylh/sentry_vision/install/fast_lio/include/fast_lio/fast_lio
[1.367s] -- Up-to-date: /home/mechax/ylh/sentry_vision/install/fast_lio/include/fast_lio/fast_lio/msg
[1.367s] -- Up-to-date: /home/mechax/ylh/sentry_vision/install/fast_lio/include/fast_lio/fast_lio/msg/detail
[1.367s] -- Up-to-date: /home/mechax/ylh/sentry_vision/install/fast_lio/include/fast_lio/fast_lio/msg/detail/pose6_d__rosidl_typesupport_fastrtps_c.h
[1.368s] -- Up-to-date: /home/mechax/ylh/sentry_vision/install/fast_lio/include/fast_lio/fast_lio/msg/rosidl_typesupport_fastrtps_c__visibility_control.h
[1.368s] -- Up-to-date: /home/mechax/ylh/sentry_vision/install/fast_lio/lib/libfast_lio__rosidl_typesupport_fastrtps_c.so
[1.368s] -- Up-to-date: /home/mechax/ylh/sentry_vision/install/fast_lio/include/fast_lio/fast_lio
[1.368s] -- Up-to-date: /home/mechax/ylh/sentry_vision/install/fast_lio/include/fast_lio/fast_lio/msg
[1.369s] -- Up-to-date: /home/mechax/ylh/sentry_vision/install/fast_lio/include/fast_lio/fast_lio/msg/pose6_d.hpp
[1.369s] -- Up-to-date: /home/mechax/ylh/sentry_vision/install/fast_lio/include/fast_lio/fast_lio/msg/detail
[1.369s] -- Up-to-date: /home/mechax/ylh/sentry_vision/install/fast_lio/include/fast_lio/fast_lio/msg/detail/pose6_d__traits.hpp
[1.369s] -- Up-to-date: /home/mechax/ylh/sentry_vision/install/fast_lio/include/fast_lio/fast_lio/msg/detail/pose6_d__struct.hpp
[1.370s] -- Up-to-date: /home/mechax/ylh/sentry_vision/install/fast_lio/include/fast_lio/fast_lio/msg/detail/pose6_d__builder.hpp
[1.370s] -- Up-to-date: /home/mechax/ylh/sentry_vision/install/fast_lio/include/fast_lio/fast_lio
[1.371s] -- Up-to-date: /home/mechax/ylh/sentry_vision/install/fast_lio/include/fast_lio/fast_lio/msg
[1.371s] -- Up-to-date: /home/mechax/ylh/sentry_vision/install/fast_lio/include/fast_lio/fast_lio/msg/detail
[1.371s] -- Up-to-date: /home/mechax/ylh/sentry_vision/install/fast_lio/include/fast_lio/fast_lio/msg/detail/dds_fastrtps
[1.371s] -- Up-to-date: /home/mechax/ylh/sentry_vision/install/fast_lio/include/fast_lio/fast_lio/msg/detail/pose6_d__rosidl_typesupport_fastrtps_cpp.hpp
[1.371s] -- Up-to-date: /home/mechax/ylh/sentry_vision/install/fast_lio/include/fast_lio/fast_lio/msg/rosidl_typesupport_fastrtps_cpp__visibility_control.h
[1.371s] -- Up-to-date: /home/mechax/ylh/sentry_vision/install/fast_lio/lib/libfast_lio__rosidl_typesupport_fastrtps_cpp.so
[1.372s] -- Up-to-date: /home/mechax/ylh/sentry_vision/install/fast_lio/include/fast_lio/fast_lio
[1.372s] -- Up-to-date: /home/mechax/ylh/sentry_vision/install/fast_lio/include/fast_lio/fast_lio/msg
[1.372s] -- Up-to-date: /home/mechax/ylh/sentry_vision/install/fast_lio/include/fast_lio/fast_lio/msg/rosidl_typesupport_introspection_c__visibility_control.h
[1.373s] -- Up-to-date: /home/mechax/ylh/sentry_vision/install/fast_lio/include/fast_lio/fast_lio/msg/detail
[1.373s] -- Up-to-date: /home/mechax/ylh/sentry_vision/install/fast_lio/include/fast_lio/fast_lio/msg/detail/pose6_d__type_support.c
[1.373s] -- Up-to-date: /home/mechax/ylh/sentry_vision/install/fast_lio/include/fast_lio/fast_lio/msg/detail/pose6_d__rosidl_typesupport_introspection_c.h
[1.373s] -- Up-to-date: /home/mechax/ylh/sentry_vision/install/fast_lio/lib/libfast_lio__rosidl_typesupport_introspection_c.so
[1.373s] -- Up-to-date: /home/mechax/ylh/sentry_vision/install/fast_lio/lib/libfast_lio__rosidl_typesupport_c.so
[1.374s] -- Up-to-date: /home/mechax/ylh/sentry_vision/install/fast_lio/include/fast_lio/fast_lio
[1.374s] -- Up-to-date: /home/mechax/ylh/sentry_vision/install/fast_lio/include/fast_lio/fast_lio/msg
[1.374s] -- Up-to-date: /home/mechax/ylh/sentry_vision/install/fast_lio/include/fast_lio/fast_lio/msg/detail
[1.374s] -- Up-to-date: /home/mechax/ylh/sentry_vision/install/fast_lio/include/fast_lio/fast_lio/msg/detail/pose6_d__type_support.cpp
[1.374s] -- Up-to-date: /home/mechax/ylh/sentry_vision/install/fast_lio/include/fast_lio/fast_lio/msg/detail/pose6_d__rosidl_typesupport_introspection_cpp.hpp
[1.375s] -- Up-to-date: /home/mechax/ylh/sentry_vision/install/fast_lio/lib/libfast_lio__rosidl_typesupport_introspection_cpp.so
[1.375s] -- Up-to-date: /home/mechax/ylh/sentry_vision/install/fast_lio/lib/libfast_lio__rosidl_typesupport_cpp.so
[1.375s] -- Up-to-date: /home/mechax/ylh/sentry_vision/install/fast_lio/share/fast_lio/environment/pythonpath.sh
[1.375s] -- Up-to-date: /home/mechax/ylh/sentry_vision/install/fast_lio/share/fast_lio/environment/pythonpath.dsv
[1.375s] -- Up-to-date: /home/mechax/ylh/sentry_vision/install/fast_lio/local/lib/python3.10/dist-packages/fast_lio-0.0.0-py3.10.egg-info
[1.376s] -- Installing: /home/mechax/ylh/sentry_vision/install/fast_lio/local/lib/python3.10/dist-packages/fast_lio-0.0.0-py3.10.egg-info/PKG-INFO
[1.376s] -- Installing: /home/mechax/ylh/sentry_vision/install/fast_lio/local/lib/python3.10/dist-packages/fast_lio-0.0.0-py3.10.egg-info/SOURCES.txt
[1.376s] -- Installing: /home/mechax/ylh/sentry_vision/install/fast_lio/local/lib/python3.10/dist-packages/fast_lio-0.0.0-py3.10.egg-info/top_level.txt
[1.376s] -- Installing: /home/mechax/ylh/sentry_vision/install/fast_lio/local/lib/python3.10/dist-packages/fast_lio-0.0.0-py3.10.egg-info/dependency_links.txt
[1.376s] -- Up-to-date: /home/mechax/ylh/sentry_vision/install/fast_lio/local/lib/python3.10/dist-packages/fast_lio
[1.377s] -- Up-to-date: /home/mechax/ylh/sentry_vision/install/fast_lio/local/lib/python3.10/dist-packages/fast_lio/libfast_lio__rosidl_generator_py.so
[1.377s] -- Up-to-date: /home/mechax/ylh/sentry_vision/install/fast_lio/local/lib/python3.10/dist-packages/fast_lio/fast_lio_s__rosidl_typesupport_introspection_c.cpython-310-x86_64-linux-gnu.so
[1.377s] -- Up-to-date: /home/mechax/ylh/sentry_vision/install/fast_lio/local/lib/python3.10/dist-packages/fast_lio/fast_lio_s__rosidl_typesupport_c.cpython-310-x86_64-linux-gnu.so
[1.377s] -- Up-to-date: /home/mechax/ylh/sentry_vision/install/fast_lio/local/lib/python3.10/dist-packages/fast_lio/_fast_lio_s.ep.rosidl_typesupport_c.c
[1.378s] -- Up-to-date: /home/mechax/ylh/sentry_vision/install/fast_lio/local/lib/python3.10/dist-packages/fast_lio/_fast_lio_s.ep.rosidl_typesupport_fastrtps_c.c
[1.378s] -- Up-to-date: /home/mechax/ylh/sentry_vision/install/fast_lio/local/lib/python3.10/dist-packages/fast_lio/__init__.py
[1.378s] -- Up-to-date: /home/mechax/ylh/sentry_vision/install/fast_lio/local/lib/python3.10/dist-packages/fast_lio/msg
[1.378s] -- Up-to-date: /home/mechax/ylh/sentry_vision/install/fast_lio/local/lib/python3.10/dist-packages/fast_lio/msg/__init__.py
[1.378s] -- Up-to-date: /home/mechax/ylh/sentry_vision/install/fast_lio/local/lib/python3.10/dist-packages/fast_lio/msg/_pose6_d_s.c
[1.378s] -- Up-to-date: /home/mechax/ylh/sentry_vision/install/fast_lio/local/lib/python3.10/dist-packages/fast_lio/msg/_pose6_d.py
[1.379s] -- Up-to-date: /home/mechax/ylh/sentry_vision/install/fast_lio/local/lib/python3.10/dist-packages/fast_lio/fast_lio_s__rosidl_typesupport_fastrtps_c.cpython-310-x86_64-linux-gnu.so
[1.379s] -- Up-to-date: /home/mechax/ylh/sentry_vision/install/fast_lio/local/lib/python3.10/dist-packages/fast_lio/_fast_lio_s.ep.rosidl_typesupport_introspection_c.c
[1.389s] Listing '/home/mechax/ylh/sentry_vision/install/fast_lio/local/lib/python3.10/dist-packages/fast_lio'...
[1.390s] Listing '/home/mechax/ylh/sentry_vision/install/fast_lio/local/lib/python3.10/dist-packages/fast_lio/msg'...
[1.391s] -- Up-to-date: /home/mechax/ylh/sentry_vision/install/fast_lio/local/lib/python3.10/dist-packages/fast_lio/fast_lio_s__rosidl_typesupport_fastrtps_c.cpython-310-x86_64-linux-gnu.so
[1.391s] -- Up-to-date: /home/mechax/ylh/sentry_vision/install/fast_lio/local/lib/python3.10/dist-packages/fast_lio/fast_lio_s__rosidl_typesupport_introspection_c.cpython-310-x86_64-linux-gnu.so
[1.392s] -- Up-to-date: /home/mechax/ylh/sentry_vision/install/fast_lio/local/lib/python3.10/dist-packages/fast_lio/fast_lio_s__rosidl_typesupport_c.cpython-310-x86_64-linux-gnu.so
[1.392s] -- Up-to-date: /home/mechax/ylh/sentry_vision/install/fast_lio/lib/libfast_lio__rosidl_generator_py.so
[1.392s] -- Up-to-date: /home/mechax/ylh/sentry_vision/install/fast_lio/share/fast_lio/msg/Pose6D.idl
[1.392s] -- Up-to-date: /home/mechax/ylh/sentry_vision/install/fast_lio/share/fast_lio/msg/Pose6D.msg
[1.393s] -- Up-to-date: /home/mechax/ylh/sentry_vision/install/fast_lio/lib/fast_lio/fastlio_mapping
[1.393s] -- Up-to-date: /home/mechax/ylh/sentry_vision/install/fast_lio/share/fast_lio/config
[1.393s] -- Up-to-date: /home/mechax/ylh/sentry_vision/install/fast_lio/share/fast_lio/config/horizon.yaml
[1.393s] -- Up-to-date: /home/mechax/ylh/sentry_vision/install/fast_lio/share/fast_lio/config/avia.yaml
[1.393s] -- Up-to-date: /home/mechax/ylh/sentry_vision/install/fast_lio/share/fast_lio/config/ouster64.yaml
[1.394s] -- Up-to-date: /home/mechax/ylh/sentry_vision/install/fast_lio/share/fast_lio/config/velodyne.yaml
[1.394s] -- Up-to-date: /home/mechax/ylh/sentry_vision/install/fast_lio/share/fast_lio/config/mid360.yaml
[1.394s] -- Up-to-date: /home/mechax/ylh/sentry_vision/install/fast_lio/share/fast_lio/launch
[1.394s] -- Up-to-date: /home/mechax/ylh/sentry_vision/install/fast_lio/share/fast_lio/launch/mapping.launch.py
[1.394s] -- Up-to-date: /home/mechax/ylh/sentry_vision/install/fast_lio/share/fast_lio/launch/gdb_debug_example.launch
[1.395s] -- Up-to-date: /home/mechax/ylh/sentry_vision/install/fast_lio/share/fast_lio/launch/mapping_horizon.launch
[1.395s] -- Up-to-date: /home/mechax/ylh/sentry_vision/install/fast_lio/share/fast_lio/launch/mapping_velodyne.launch
[1.395s] -- Up-to-date: /home/mechax/ylh/sentry_vision/install/fast_lio/share/fast_lio/launch/mapping_avia.launch
[1.395s] -- Up-to-date: /home/mechax/ylh/sentry_vision/install/fast_lio/share/fast_lio/launch/mapping_ouster64.launch
[1.395s] -- Up-to-date: /home/mechax/ylh/sentry_vision/install/fast_lio/share/fast_lio/rviz
[1.395s] -- Up-to-date: /home/mechax/ylh/sentry_vision/install/fast_lio/share/fast_lio/rviz/fastlio.rviz
[1.395s] -- Up-to-date: /home/mechax/ylh/sentry_vision/install/fast_lio/share/ament_index/resource_index/package_run_dependencies/fast_lio
[1.396s] -- Up-to-date: /home/mechax/ylh/sentry_vision/install/fast_lio/share/ament_index/resource_index/parent_prefix_path/fast_lio
[1.396s] -- Up-to-date: /home/mechax/ylh/sentry_vision/install/fast_lio/share/fast_lio/environment/ament_prefix_path.sh
[1.396s] -- Up-to-date: /home/mechax/ylh/sentry_vision/install/fast_lio/share/fast_lio/environment/ament_prefix_path.dsv
[1.397s] -- Up-to-date: /home/mechax/ylh/sentry_vision/install/fast_lio/share/fast_lio/environment/path.sh
[1.397s] -- Up-to-date: /home/mechax/ylh/sentry_vision/install/fast_lio/share/fast_lio/environment/path.dsv
[1.397s] -- Up-to-date: /home/mechax/ylh/sentry_vision/install/fast_lio/share/fast_lio/local_setup.bash
[1.397s] -- Up-to-date: /home/mechax/ylh/sentry_vision/install/fast_lio/share/fast_lio/local_setup.sh
[1.398s] -- Up-to-date: /home/mechax/ylh/sentry_vision/install/fast_lio/share/fast_lio/local_setup.zsh
[1.398s] -- Up-to-date: /home/mechax/ylh/sentry_vision/install/fast_lio/share/fast_lio/local_setup.dsv
[1.398s] -- Installing: /home/mechax/ylh/sentry_vision/install/fast_lio/share/fast_lio/package.dsv
[1.398s] -- Up-to-date: /home/mechax/ylh/sentry_vision/install/fast_lio/share/ament_index/resource_index/packages/fast_lio
[1.399s] -- Up-to-date: /home/mechax/ylh/sentry_vision/install/fast_lio/share/fast_lio/cmake/export_fast_lio__rosidl_generator_cExport.cmake
[1.399s] -- Up-to-date: /home/mechax/ylh/sentry_vision/install/fast_lio/share/fast_lio/cmake/export_fast_lio__rosidl_generator_cExport-release.cmake
[1.399s] -- Up-to-date: /home/mechax/ylh/sentry_vision/install/fast_lio/share/fast_lio/cmake/export_fast_lio__rosidl_typesupport_fastrtps_cExport.cmake
[1.399s] -- Up-to-date: /home/mechax/ylh/sentry_vision/install/fast_lio/share/fast_lio/cmake/export_fast_lio__rosidl_typesupport_fastrtps_cExport-release.cmake
[1.399s] -- Up-to-date: /home/mechax/ylh/sentry_vision/install/fast_lio/share/fast_lio/cmake/export_fast_lio__rosidl_generator_cppExport.cmake
[1.399s] -- Up-to-date: /home/mechax/ylh/sentry_vision/install/fast_lio/share/fast_lio/cmake/export_fast_lio__rosidl_typesupport_fastrtps_cppExport.cmake
[1.400s] -- Up-to-date: /home/mechax/ylh/sentry_vision/install/fast_lio/share/fast_lio/cmake/export_fast_lio__rosidl_typesupport_fastrtps_cppExport-release.cmake
[1.400s] -- Up-to-date: /home/mechax/ylh/sentry_vision/install/fast_lio/share/fast_lio/cmake/fast_lio__rosidl_typesupport_introspection_cExport.cmake
[1.400s] -- Up-to-date: /home/mechax/ylh/sentry_vision/install/fast_lio/share/fast_lio/cmake/fast_lio__rosidl_typesupport_introspection_cExport-release.cmake
[1.400s] -- Up-to-date: /home/mechax/ylh/sentry_vision/install/fast_lio/share/fast_lio/cmake/fast_lio__rosidl_typesupport_cExport.cmake
[1.400s] -- Up-to-date: /home/mechax/ylh/sentry_vision/install/fast_lio/share/fast_lio/cmake/fast_lio__rosidl_typesupport_cExport-release.cmake
[1.400s] -- Up-to-date: /home/mechax/ylh/sentry_vision/install/fast_lio/share/fast_lio/cmake/fast_lio__rosidl_typesupport_introspection_cppExport.cmake
[1.401s] -- Up-to-date: /home/mechax/ylh/sentry_vision/install/fast_lio/share/fast_lio/cmake/fast_lio__rosidl_typesupport_introspection_cppExport-release.cmake
[1.401s] -- Up-to-date: /home/mechax/ylh/sentry_vision/install/fast_lio/share/fast_lio/cmake/fast_lio__rosidl_typesupport_cppExport.cmake
[1.401s] -- Up-to-date: /home/mechax/ylh/sentry_vision/install/fast_lio/share/fast_lio/cmake/fast_lio__rosidl_typesupport_cppExport-release.cmake
[1.401s] -- Up-to-date: /home/mechax/ylh/sentry_vision/install/fast_lio/share/fast_lio/cmake/export_fast_lio__rosidl_generator_pyExport.cmake
[1.402s] -- Up-to-date: /home/mechax/ylh/sentry_vision/install/fast_lio/share/fast_lio/cmake/export_fast_lio__rosidl_generator_pyExport-release.cmake
[1.402s] -- Up-to-date: /home/mechax/ylh/sentry_vision/install/fast_lio/share/fast_lio/cmake/rosidl_cmake-extras.cmake
[1.402s] -- Up-to-date: /home/mechax/ylh/sentry_vision/install/fast_lio/share/fast_lio/cmake/ament_cmake_export_include_directories-extras.cmake
[1.402s] -- Up-to-date: /home/mechax/ylh/sentry_vision/install/fast_lio/share/fast_lio/cmake/ament_cmake_export_libraries-extras.cmake
[1.402s] -- Up-to-date: /home/mechax/ylh/sentry_vision/install/fast_lio/share/fast_lio/cmake/ament_cmake_export_targets-extras.cmake
[1.403s] -- Up-to-date: /home/mechax/ylh/sentry_vision/install/fast_lio/share/fast_lio/cmake/rosidl_cmake_export_typesupport_targets-extras.cmake
[1.403s] -- Up-to-date: /home/mechax/ylh/sentry_vision/install/fast_lio/share/fast_lio/cmake/ament_cmake_export_dependencies-extras.cmake
[1.403s] -- Up-to-date: /home/mechax/ylh/sentry_vision/install/fast_lio/share/fast_lio/cmake/rosidl_cmake_export_typesupport_libraries-extras.cmake
[1.404s] -- Up-to-date: /home/mechax/ylh/sentry_vision/install/fast_lio/share/fast_lio/cmake/fast_lioConfig.cmake
[1.404s] -- Up-to-date: /home/mechax/ylh/sentry_vision/install/fast_lio/share/fast_lio/cmake/fast_lioConfig-version.cmake
[1.404s] -- Up-to-date: /home/mechax/ylh/sentry_vision/install/fast_lio/share/fast_lio/package.xml
[1.521s] Invoked command in '/home/mechax/ylh/sentry_vision/build/fast_lio' returned '0': AMENT_PREFIX_PATH=/home/mechax/ylh/sentry_vision/install/livox_ros_driver2:${AMENT_PREFIX_PATH} CMAKE_PREFIX_PATH=/home/mechax/ylh/sentry_vision/install/livox_ros_driver2:/opt/ros/humble LD_LIBRARY_PATH=/home/mechax/ylh/sentry_vision/install/livox_ros_driver2/lib:${LD_LIBRARY_PATH} PYTHONPATH=/home/mechax/ylh/sentry_vision/install/livox_ros_driver2/local/lib/python3.10/dist-packages:${PYTHONPATH} /usr/bin/cmake --install /home/mechax/ylh/sentry_vision/build/fast_lio
