[0.337s] Invoking command in '/home/mechax/ylh/sentry_vision/build/auto_aim_interfaces': CMAKE_PREFIX_PATH=/opt/ros/humble /usr/bin/cmake --build /home/mechax/ylh/sentry_vision/build/auto_aim_interfaces -- -j16 -l16
[0.425s] [35m[1mConsolidate compiler generated dependencies of target auto_aim_interfaces__rosidl_generator_c[0m
[0.425s] [  0%] Built target auto_aim_interfaces__cpp
[0.425s] [  0%] Built target ament_cmake_python_copy_auto_aim_interfaces
[0.426s] [ 12%] Built target auto_aim_interfaces__rosidl_generator_c
[0.426s] [35m[1mConsolidate compiler generated dependencies of target auto_aim_interfaces__rosidl_typesupport_introspection_cpp[0m
[0.426s] [35m[1mConsolidate compiler generated dependencies of target auto_aim_interfaces__rosidl_typesupport_introspection_c[0m
[0.426s] [35m[1mConsolidate compiler generated dependencies of target auto_aim_interfaces__rosidl_typesupport_cpp[0m
[0.430s] [35m[1mConsolidate compiler generated dependencies of target auto_aim_interfaces__rosidl_typesupport_c[0m
[0.436s] [35m[1mConsolidate compiler generated dependencies of target auto_aim_interfaces__rosidl_typesupport_fastrtps_cpp[0m
[0.443s] [ 24%] Built target auto_aim_interfaces__rosidl_typesupport_introspection_c
[0.446s] [35m[1mConsolidate compiler generated dependencies of target auto_aim_interfaces__rosidl_typesupport_fastrtps_c[0m
[0.458s] [ 36%] Built target auto_aim_interfaces__rosidl_typesupport_c
[0.488s] [ 47%] Built target auto_aim_interfaces__rosidl_typesupport_fastrtps_cpp
[0.494s] [ 59%] Built target auto_aim_interfaces__rosidl_typesupport_cpp
[0.512s] [ 71%] Built target auto_aim_interfaces__rosidl_typesupport_introspection_cpp
[0.521s] [ 83%] Built target auto_aim_interfaces__rosidl_typesupport_fastrtps_c
[0.584s] [ 83%] Built target auto_aim_interfaces
[0.666s] [ 84%] Built target auto_aim_interfaces__py
[0.683s] [35m[1mConsolidate compiler generated dependencies of target auto_aim_interfaces__rosidl_generator_py[0m
[0.718s] [ 95%] Built target auto_aim_interfaces__rosidl_generator_py
[0.727s] [35m[1mConsolidate compiler generated dependencies of target auto_aim_interfaces__rosidl_typesupport_c__pyext[0m
[0.730s] [35m[1mConsolidate compiler generated dependencies of target auto_aim_interfaces__rosidl_typesupport_introspection_c__pyext[0m
[0.735s] [35m[1mConsolidate compiler generated dependencies of target auto_aim_interfaces__rosidl_typesupport_fastrtps_c__pyext[0m
[0.744s] [ 96%] Built target auto_aim_interfaces__rosidl_typesupport_c__pyext
[0.747s] [ 98%] Built target auto_aim_interfaces__rosidl_typesupport_introspection_c__pyext
[0.755s] [100%] Built target auto_aim_interfaces__rosidl_typesupport_fastrtps_c__pyext
[0.761s] running egg_info
[0.770s] writing auto_aim_interfaces.egg-info/PKG-INFO
[0.770s] writing dependency_links to auto_aim_interfaces.egg-info/dependency_links.txt
[0.770s] writing top-level names to auto_aim_interfaces.egg-info/top_level.txt
[0.811s] reading manifest file 'auto_aim_interfaces.egg-info/SOURCES.txt'
[0.811s] writing manifest file 'auto_aim_interfaces.egg-info/SOURCES.txt'
[0.824s] [100%] Built target ament_cmake_python_build_auto_aim_interfaces_egg
[0.978s] Invoked command in '/home/mechax/ylh/sentry_vision/build/auto_aim_interfaces' returned '0': CMAKE_PREFIX_PATH=/opt/ros/humble /usr/bin/cmake --build /home/mechax/ylh/sentry_vision/build/auto_aim_interfaces -- -j16 -l16
[1.286s] Invoking command in '/home/mechax/ylh/sentry_vision/build/auto_aim_interfaces': CMAKE_PREFIX_PATH=/opt/ros/humble /usr/bin/cmake --install /home/mechax/ylh/sentry_vision/build/auto_aim_interfaces
[1.368s] -- Install configuration: ""
[1.368s] -- Up-to-date: /home/mechax/ylh/sentry_vision/install/auto_aim_interfaces/share/ament_index/resource_index/rosidl_interfaces/auto_aim_interfaces
[1.368s] -- Up-to-date: /home/mechax/ylh/sentry_vision/install/auto_aim_interfaces/include/auto_aim_interfaces/auto_aim_interfaces
[1.369s] -- Up-to-date: /home/mechax/ylh/sentry_vision/install/auto_aim_interfaces/include/auto_aim_interfaces/auto_aim_interfaces/msg
[1.369s] -- Up-to-date: /home/mechax/ylh/sentry_vision/install/auto_aim_interfaces/include/auto_aim_interfaces/auto_aim_interfaces/msg/tracker_info.h
[1.369s] -- Up-to-date: /home/mechax/ylh/sentry_vision/install/auto_aim_interfaces/include/auto_aim_interfaces/auto_aim_interfaces/msg/debug_armors.h
[1.369s] -- Up-to-date: /home/mechax/ylh/sentry_vision/install/auto_aim_interfaces/include/auto_aim_interfaces/auto_aim_interfaces/msg/armor.h
[1.369s] -- Up-to-date: /home/mechax/ylh/sentry_vision/install/auto_aim_interfaces/include/auto_aim_interfaces/auto_aim_interfaces/msg/debug_light.h
[1.370s] -- Up-to-date: /home/mechax/ylh/sentry_vision/install/auto_aim_interfaces/include/auto_aim_interfaces/auto_aim_interfaces/msg/send_serial.h
[1.370s] -- Up-to-date: /home/mechax/ylh/sentry_vision/install/auto_aim_interfaces/include/auto_aim_interfaces/auto_aim_interfaces/msg/debug_armor.h
[1.370s] -- Up-to-date: /home/mechax/ylh/sentry_vision/install/auto_aim_interfaces/include/auto_aim_interfaces/auto_aim_interfaces/msg/armors.h
[1.370s] -- Up-to-date: /home/mechax/ylh/sentry_vision/install/auto_aim_interfaces/include/auto_aim_interfaces/auto_aim_interfaces/msg/receive_serial.h
[1.370s] -- Up-to-date: /home/mechax/ylh/sentry_vision/install/auto_aim_interfaces/include/auto_aim_interfaces/auto_aim_interfaces/msg/detail
[1.371s] -- Up-to-date: /home/mechax/ylh/sentry_vision/install/auto_aim_interfaces/include/auto_aim_interfaces/auto_aim_interfaces/msg/detail/debug_lights__type_support.h
[1.371s] -- Up-to-date: /home/mechax/ylh/sentry_vision/install/auto_aim_interfaces/include/auto_aim_interfaces/auto_aim_interfaces/msg/detail/armor__struct.h
[1.371s] -- Up-to-date: /home/mechax/ylh/sentry_vision/install/auto_aim_interfaces/include/auto_aim_interfaces/auto_aim_interfaces/msg/detail/send_serial__struct.h
[1.371s] -- Up-to-date: /home/mechax/ylh/sentry_vision/install/auto_aim_interfaces/include/auto_aim_interfaces/auto_aim_interfaces/msg/detail/receive_serial__functions.h
[1.372s] -- Up-to-date: /home/mechax/ylh/sentry_vision/install/auto_aim_interfaces/include/auto_aim_interfaces/auto_aim_interfaces/msg/detail/target__type_support.h
[1.372s] -- Up-to-date: /home/mechax/ylh/sentry_vision/install/auto_aim_interfaces/include/auto_aim_interfaces/auto_aim_interfaces/msg/detail/bias__functions.h
[1.372s] -- Up-to-date: /home/mechax/ylh/sentry_vision/install/auto_aim_interfaces/include/auto_aim_interfaces/auto_aim_interfaces/msg/detail/bias__struct.h
[1.372s] -- Up-to-date: /home/mechax/ylh/sentry_vision/install/auto_aim_interfaces/include/auto_aim_interfaces/auto_aim_interfaces/msg/detail/debug_armors__functions.c
[1.373s] -- Up-to-date: /home/mechax/ylh/sentry_vision/install/auto_aim_interfaces/include/auto_aim_interfaces/auto_aim_interfaces/msg/detail/receive_serial__struct.h
[1.373s] -- Up-to-date: /home/mechax/ylh/sentry_vision/install/auto_aim_interfaces/include/auto_aim_interfaces/auto_aim_interfaces/msg/detail/debug_armor__type_support.h
[1.374s] -- Up-to-date: /home/mechax/ylh/sentry_vision/install/auto_aim_interfaces/include/auto_aim_interfaces/auto_aim_interfaces/msg/detail/bias__type_support.h
[1.374s] -- Up-to-date: /home/mechax/ylh/sentry_vision/install/auto_aim_interfaces/include/auto_aim_interfaces/auto_aim_interfaces/msg/detail/tracker_info__functions.c
[1.374s] -- Up-to-date: /home/mechax/ylh/sentry_vision/install/auto_aim_interfaces/include/auto_aim_interfaces/auto_aim_interfaces/msg/detail/receive_serial__functions.c
[1.375s] -- Up-to-date: /home/mechax/ylh/sentry_vision/install/auto_aim_interfaces/include/auto_aim_interfaces/auto_aim_interfaces/msg/detail/debug_armor__functions.h
[1.375s] -- Up-to-date: /home/mechax/ylh/sentry_vision/install/auto_aim_interfaces/include/auto_aim_interfaces/auto_aim_interfaces/msg/detail/debug_armors__type_support.h
[1.375s] -- Up-to-date: /home/mechax/ylh/sentry_vision/install/auto_aim_interfaces/include/auto_aim_interfaces/auto_aim_interfaces/msg/detail/tracker_info__type_support.h
[1.376s] -- Up-to-date: /home/mechax/ylh/sentry_vision/install/auto_aim_interfaces/include/auto_aim_interfaces/auto_aim_interfaces/msg/detail/receive_serial__type_support.h
[1.376s] -- Up-to-date: /home/mechax/ylh/sentry_vision/install/auto_aim_interfaces/include/auto_aim_interfaces/auto_aim_interfaces/msg/detail/debug_lights__functions.h
[1.376s] -- Up-to-date: /home/mechax/ylh/sentry_vision/install/auto_aim_interfaces/include/auto_aim_interfaces/auto_aim_interfaces/msg/detail/tracker_info__functions.h
[1.376s] -- Up-to-date: /home/mechax/ylh/sentry_vision/install/auto_aim_interfaces/include/auto_aim_interfaces/auto_aim_interfaces/msg/detail/armor__functions.h
[1.377s] -- Up-to-date: /home/mechax/ylh/sentry_vision/install/auto_aim_interfaces/include/auto_aim_interfaces/auto_aim_interfaces/msg/detail/armor__type_support.h
[1.377s] -- Up-to-date: /home/mechax/ylh/sentry_vision/install/auto_aim_interfaces/include/auto_aim_interfaces/auto_aim_interfaces/msg/detail/debug_armor__functions.c
[1.377s] -- Up-to-date: /home/mechax/ylh/sentry_vision/install/auto_aim_interfaces/include/auto_aim_interfaces/auto_aim_interfaces/msg/detail/debug_armors__struct.h
[1.378s] -- Up-to-date: /home/mechax/ylh/sentry_vision/install/auto_aim_interfaces/include/auto_aim_interfaces/auto_aim_interfaces/msg/detail/debug_lights__functions.c
[1.378s] -- Up-to-date: /home/mechax/ylh/sentry_vision/install/auto_aim_interfaces/include/auto_aim_interfaces/auto_aim_interfaces/msg/detail/armors__struct.h
[1.378s] -- Up-to-date: /home/mechax/ylh/sentry_vision/install/auto_aim_interfaces/include/auto_aim_interfaces/auto_aim_interfaces/msg/detail/send_serial__functions.h
[1.378s] -- Up-to-date: /home/mechax/ylh/sentry_vision/install/auto_aim_interfaces/include/auto_aim_interfaces/auto_aim_interfaces/msg/detail/target__functions.c
[1.379s] -- Up-to-date: /home/mechax/ylh/sentry_vision/install/auto_aim_interfaces/include/auto_aim_interfaces/auto_aim_interfaces/msg/detail/target__functions.h
[1.379s] -- Up-to-date: /home/mechax/ylh/sentry_vision/install/auto_aim_interfaces/include/auto_aim_interfaces/auto_aim_interfaces/msg/detail/debug_light__type_support.h
[1.379s] -- Up-to-date: /home/mechax/ylh/sentry_vision/install/auto_aim_interfaces/include/auto_aim_interfaces/auto_aim_interfaces/msg/detail/debug_lights__struct.h
[1.379s] -- Up-to-date: /home/mechax/ylh/sentry_vision/install/auto_aim_interfaces/include/auto_aim_interfaces/auto_aim_interfaces/msg/detail/debug_armors__functions.h
[1.379s] -- Up-to-date: /home/mechax/ylh/sentry_vision/install/auto_aim_interfaces/include/auto_aim_interfaces/auto_aim_interfaces/msg/detail/debug_light__functions.h
[1.380s] -- Up-to-date: /home/mechax/ylh/sentry_vision/install/auto_aim_interfaces/include/auto_aim_interfaces/auto_aim_interfaces/msg/detail/bias__functions.c
[1.380s] -- Up-to-date: /home/mechax/ylh/sentry_vision/install/auto_aim_interfaces/include/auto_aim_interfaces/auto_aim_interfaces/msg/detail/armors__functions.c
[1.380s] -- Up-to-date: /home/mechax/ylh/sentry_vision/install/auto_aim_interfaces/include/auto_aim_interfaces/auto_aim_interfaces/msg/detail/armor__functions.c
[1.381s] -- Up-to-date: /home/mechax/ylh/sentry_vision/install/auto_aim_interfaces/include/auto_aim_interfaces/auto_aim_interfaces/msg/detail/send_serial__type_support.h
[1.381s] -- Up-to-date: /home/mechax/ylh/sentry_vision/install/auto_aim_interfaces/include/auto_aim_interfaces/auto_aim_interfaces/msg/detail/send_serial__functions.c
[1.382s] -- Up-to-date: /home/mechax/ylh/sentry_vision/install/auto_aim_interfaces/include/auto_aim_interfaces/auto_aim_interfaces/msg/detail/armors__functions.h
[1.382s] -- Up-to-date: /home/mechax/ylh/sentry_vision/install/auto_aim_interfaces/include/auto_aim_interfaces/auto_aim_interfaces/msg/detail/tracker_info__struct.h
[1.383s] -- Up-to-date: /home/mechax/ylh/sentry_vision/install/auto_aim_interfaces/include/auto_aim_interfaces/auto_aim_interfaces/msg/detail/debug_light__functions.c
[1.383s] -- Up-to-date: /home/mechax/ylh/sentry_vision/install/auto_aim_interfaces/include/auto_aim_interfaces/auto_aim_interfaces/msg/detail/debug_light__struct.h
[1.402s] -- Up-to-date: /home/mechax/ylh/sentry_vision/install/auto_aim_interfaces/include/auto_aim_interfaces/auto_aim_interfaces/msg/detail/target__struct.h
[1.402s] -- Up-to-date: /home/mechax/ylh/sentry_vision/install/auto_aim_interfaces/include/auto_aim_interfaces/auto_aim_interfaces/msg/detail/armors__type_support.h
[1.402s] -- Up-to-date: /home/mechax/ylh/sentry_vision/install/auto_aim_interfaces/include/auto_aim_interfaces/auto_aim_interfaces/msg/detail/debug_armor__struct.h
[1.402s] -- Up-to-date: /home/mechax/ylh/sentry_vision/install/auto_aim_interfaces/include/auto_aim_interfaces/auto_aim_interfaces/msg/rosidl_generator_c__visibility_control.h
[1.402s] -- Up-to-date: /home/mechax/ylh/sentry_vision/install/auto_aim_interfaces/include/auto_aim_interfaces/auto_aim_interfaces/msg/bias.h
[1.402s] -- Up-to-date: /home/mechax/ylh/sentry_vision/install/auto_aim_interfaces/include/auto_aim_interfaces/auto_aim_interfaces/msg/target.h
[1.402s] -- Up-to-date: /home/mechax/ylh/sentry_vision/install/auto_aim_interfaces/include/auto_aim_interfaces/auto_aim_interfaces/msg/debug_lights.h
[1.402s] -- Up-to-date: /home/mechax/ylh/sentry_vision/install/auto_aim_interfaces/share/auto_aim_interfaces/environment/library_path.sh
[1.402s] -- Up-to-date: /home/mechax/ylh/sentry_vision/install/auto_aim_interfaces/share/auto_aim_interfaces/environment/library_path.dsv
[1.402s] -- Up-to-date: /home/mechax/ylh/sentry_vision/install/auto_aim_interfaces/lib/libauto_aim_interfaces__rosidl_generator_c.so
[1.402s] -- Up-to-date: /home/mechax/ylh/sentry_vision/install/auto_aim_interfaces/include/auto_aim_interfaces/auto_aim_interfaces
[1.402s] -- Up-to-date: /home/mechax/ylh/sentry_vision/install/auto_aim_interfaces/include/auto_aim_interfaces/auto_aim_interfaces/msg
[1.402s] -- Up-to-date: /home/mechax/ylh/sentry_vision/install/auto_aim_interfaces/include/auto_aim_interfaces/auto_aim_interfaces/msg/detail
[1.403s] -- Up-to-date: /home/mechax/ylh/sentry_vision/install/auto_aim_interfaces/include/auto_aim_interfaces/auto_aim_interfaces/msg/detail/debug_lights__rosidl_typesupport_fastrtps_c.h
[1.403s] -- Up-to-date: /home/mechax/ylh/sentry_vision/install/auto_aim_interfaces/include/auto_aim_interfaces/auto_aim_interfaces/msg/detail/receive_serial__rosidl_typesupport_fastrtps_c.h
[1.403s] -- Up-to-date: /home/mechax/ylh/sentry_vision/install/auto_aim_interfaces/include/auto_aim_interfaces/auto_aim_interfaces/msg/detail/target__rosidl_typesupport_fastrtps_c.h
[1.403s] -- Up-to-date: /home/mechax/ylh/sentry_vision/install/auto_aim_interfaces/include/auto_aim_interfaces/auto_aim_interfaces/msg/detail/debug_armor__rosidl_typesupport_fastrtps_c.h
[1.403s] -- Up-to-date: /home/mechax/ylh/sentry_vision/install/auto_aim_interfaces/include/auto_aim_interfaces/auto_aim_interfaces/msg/detail/bias__rosidl_typesupport_fastrtps_c.h
[1.403s] -- Up-to-date: /home/mechax/ylh/sentry_vision/install/auto_aim_interfaces/include/auto_aim_interfaces/auto_aim_interfaces/msg/detail/debug_armors__rosidl_typesupport_fastrtps_c.h
[1.403s] -- Up-to-date: /home/mechax/ylh/sentry_vision/install/auto_aim_interfaces/include/auto_aim_interfaces/auto_aim_interfaces/msg/detail/tracker_info__rosidl_typesupport_fastrtps_c.h
[1.403s] -- Up-to-date: /home/mechax/ylh/sentry_vision/install/auto_aim_interfaces/include/auto_aim_interfaces/auto_aim_interfaces/msg/detail/send_serial__rosidl_typesupport_fastrtps_c.h
[1.403s] -- Up-to-date: /home/mechax/ylh/sentry_vision/install/auto_aim_interfaces/include/auto_aim_interfaces/auto_aim_interfaces/msg/detail/debug_light__rosidl_typesupport_fastrtps_c.h
[1.403s] -- Up-to-date: /home/mechax/ylh/sentry_vision/install/auto_aim_interfaces/include/auto_aim_interfaces/auto_aim_interfaces/msg/detail/armors__rosidl_typesupport_fastrtps_c.h
[1.403s] -- Up-to-date: /home/mechax/ylh/sentry_vision/install/auto_aim_interfaces/include/auto_aim_interfaces/auto_aim_interfaces/msg/detail/armor__rosidl_typesupport_fastrtps_c.h
[1.403s] -- Up-to-date: /home/mechax/ylh/sentry_vision/install/auto_aim_interfaces/include/auto_aim_interfaces/auto_aim_interfaces/msg/rosidl_typesupport_fastrtps_c__visibility_control.h
[1.403s] -- Up-to-date: /home/mechax/ylh/sentry_vision/install/auto_aim_interfaces/lib/libauto_aim_interfaces__rosidl_typesupport_fastrtps_c.so
[1.403s] -- Up-to-date: /home/mechax/ylh/sentry_vision/install/auto_aim_interfaces/include/auto_aim_interfaces/auto_aim_interfaces
[1.403s] -- Up-to-date: /home/mechax/ylh/sentry_vision/install/auto_aim_interfaces/include/auto_aim_interfaces/auto_aim_interfaces/msg
[1.403s] -- Up-to-date: /home/mechax/ylh/sentry_vision/install/auto_aim_interfaces/include/auto_aim_interfaces/auto_aim_interfaces/msg/rosidl_typesupport_introspection_c__visibility_control.h
[1.403s] -- Up-to-date: /home/mechax/ylh/sentry_vision/install/auto_aim_interfaces/include/auto_aim_interfaces/auto_aim_interfaces/msg/detail
[1.403s] -- Up-to-date: /home/mechax/ylh/sentry_vision/install/auto_aim_interfaces/include/auto_aim_interfaces/auto_aim_interfaces/msg/detail/receive_serial__type_support.c
[1.403s] -- Up-to-date: /home/mechax/ylh/sentry_vision/install/auto_aim_interfaces/include/auto_aim_interfaces/auto_aim_interfaces/msg/detail/debug_lights__type_support.c
[1.404s] -- Up-to-date: /home/mechax/ylh/sentry_vision/install/auto_aim_interfaces/include/auto_aim_interfaces/auto_aim_interfaces/msg/detail/debug_light__rosidl_typesupport_introspection_c.h
[1.404s] -- Up-to-date: /home/mechax/ylh/sentry_vision/install/auto_aim_interfaces/include/auto_aim_interfaces/auto_aim_interfaces/msg/detail/armor__type_support.c
[1.404s] -- Up-to-date: /home/mechax/ylh/sentry_vision/install/auto_aim_interfaces/include/auto_aim_interfaces/auto_aim_interfaces/msg/detail/bias__rosidl_typesupport_introspection_c.h
[1.404s] -- Up-to-date: /home/mechax/ylh/sentry_vision/install/auto_aim_interfaces/include/auto_aim_interfaces/auto_aim_interfaces/msg/detail/armors__type_support.c
[1.404s] -- Up-to-date: /home/mechax/ylh/sentry_vision/install/auto_aim_interfaces/include/auto_aim_interfaces/auto_aim_interfaces/msg/detail/armors__rosidl_typesupport_introspection_c.h
[1.404s] -- Up-to-date: /home/mechax/ylh/sentry_vision/install/auto_aim_interfaces/include/auto_aim_interfaces/auto_aim_interfaces/msg/detail/debug_light__type_support.c
[1.404s] -- Up-to-date: /home/mechax/ylh/sentry_vision/install/auto_aim_interfaces/include/auto_aim_interfaces/auto_aim_interfaces/msg/detail/debug_armors__rosidl_typesupport_introspection_c.h
[1.404s] -- Up-to-date: /home/mechax/ylh/sentry_vision/install/auto_aim_interfaces/include/auto_aim_interfaces/auto_aim_interfaces/msg/detail/armor__rosidl_typesupport_introspection_c.h
[1.404s] -- Up-to-date: /home/mechax/ylh/sentry_vision/install/auto_aim_interfaces/include/auto_aim_interfaces/auto_aim_interfaces/msg/detail/debug_armor__rosidl_typesupport_introspection_c.h
[1.404s] -- Up-to-date: /home/mechax/ylh/sentry_vision/install/auto_aim_interfaces/include/auto_aim_interfaces/auto_aim_interfaces/msg/detail/debug_armors__type_support.c
[1.404s] -- Up-to-date: /home/mechax/ylh/sentry_vision/install/auto_aim_interfaces/include/auto_aim_interfaces/auto_aim_interfaces/msg/detail/tracker_info__type_support.c
[1.404s] -- Up-to-date: /home/mechax/ylh/sentry_vision/install/auto_aim_interfaces/include/auto_aim_interfaces/auto_aim_interfaces/msg/detail/debug_armor__type_support.c
[1.404s] -- Up-to-date: /home/mechax/ylh/sentry_vision/install/auto_aim_interfaces/include/auto_aim_interfaces/auto_aim_interfaces/msg/detail/send_serial__type_support.c
[1.404s] -- Up-to-date: /home/mechax/ylh/sentry_vision/install/auto_aim_interfaces/include/auto_aim_interfaces/auto_aim_interfaces/msg/detail/target__type_support.c
[1.404s] -- Up-to-date: /home/mechax/ylh/sentry_vision/install/auto_aim_interfaces/include/auto_aim_interfaces/auto_aim_interfaces/msg/detail/target__rosidl_typesupport_introspection_c.h
[1.404s] -- Up-to-date: /home/mechax/ylh/sentry_vision/install/auto_aim_interfaces/include/auto_aim_interfaces/auto_aim_interfaces/msg/detail/debug_lights__rosidl_typesupport_introspection_c.h
[1.404s] -- Up-to-date: /home/mechax/ylh/sentry_vision/install/auto_aim_interfaces/include/auto_aim_interfaces/auto_aim_interfaces/msg/detail/receive_serial__rosidl_typesupport_introspection_c.h
[1.405s] -- Up-to-date: /home/mechax/ylh/sentry_vision/install/auto_aim_interfaces/include/auto_aim_interfaces/auto_aim_interfaces/msg/detail/tracker_info__rosidl_typesupport_introspection_c.h
[1.409s] -- Up-to-date: /home/mechax/ylh/sentry_vision/install/auto_aim_interfaces/include/auto_aim_interfaces/auto_aim_interfaces/msg/detail/send_serial__rosidl_typesupport_introspection_c.h
[1.409s] -- Up-to-date: /home/mechax/ylh/sentry_vision/install/auto_aim_interfaces/include/auto_aim_interfaces/auto_aim_interfaces/msg/detail/bias__type_support.c
[1.410s] -- Up-to-date: /home/mechax/ylh/sentry_vision/install/auto_aim_interfaces/lib/libauto_aim_interfaces__rosidl_typesupport_introspection_c.so
[1.410s] -- Up-to-date: /home/mechax/ylh/sentry_vision/install/auto_aim_interfaces/lib/libauto_aim_interfaces__rosidl_typesupport_c.so
[1.410s] -- Up-to-date: /home/mechax/ylh/sentry_vision/install/auto_aim_interfaces/include/auto_aim_interfaces/auto_aim_interfaces
[1.410s] -- Up-to-date: /home/mechax/ylh/sentry_vision/install/auto_aim_interfaces/include/auto_aim_interfaces/auto_aim_interfaces/msg
[1.410s] -- Up-to-date: /home/mechax/ylh/sentry_vision/install/auto_aim_interfaces/include/auto_aim_interfaces/auto_aim_interfaces/msg/armor.hpp
[1.410s] -- Up-to-date: /home/mechax/ylh/sentry_vision/install/auto_aim_interfaces/include/auto_aim_interfaces/auto_aim_interfaces/msg/debug_lights.hpp
[1.410s] -- Up-to-date: /home/mechax/ylh/sentry_vision/install/auto_aim_interfaces/include/auto_aim_interfaces/auto_aim_interfaces/msg/armors.hpp
[1.410s] -- Up-to-date: /home/mechax/ylh/sentry_vision/install/auto_aim_interfaces/include/auto_aim_interfaces/auto_aim_interfaces/msg/target.hpp
[1.410s] -- Up-to-date: /home/mechax/ylh/sentry_vision/install/auto_aim_interfaces/include/auto_aim_interfaces/auto_aim_interfaces/msg/bias.hpp
[1.410s] -- Up-to-date: /home/mechax/ylh/sentry_vision/install/auto_aim_interfaces/include/auto_aim_interfaces/auto_aim_interfaces/msg/send_serial.hpp
[1.411s] -- Up-to-date: /home/mechax/ylh/sentry_vision/install/auto_aim_interfaces/include/auto_aim_interfaces/auto_aim_interfaces/msg/debug_light.hpp
[1.411s] -- Up-to-date: /home/mechax/ylh/sentry_vision/install/auto_aim_interfaces/include/auto_aim_interfaces/auto_aim_interfaces/msg/receive_serial.hpp
[1.411s] -- Up-to-date: /home/mechax/ylh/sentry_vision/install/auto_aim_interfaces/include/auto_aim_interfaces/auto_aim_interfaces/msg/detail
[1.411s] -- Up-to-date: /home/mechax/ylh/sentry_vision/install/auto_aim_interfaces/include/auto_aim_interfaces/auto_aim_interfaces/msg/detail/debug_light__builder.hpp
[1.411s] -- Up-to-date: /home/mechax/ylh/sentry_vision/install/auto_aim_interfaces/include/auto_aim_interfaces/auto_aim_interfaces/msg/detail/debug_armor__traits.hpp
[1.411s] -- Up-to-date: /home/mechax/ylh/sentry_vision/install/auto_aim_interfaces/include/auto_aim_interfaces/auto_aim_interfaces/msg/detail/armor__builder.hpp
[1.411s] -- Up-to-date: /home/mechax/ylh/sentry_vision/install/auto_aim_interfaces/include/auto_aim_interfaces/auto_aim_interfaces/msg/detail/debug_lights__traits.hpp
[1.411s] -- Up-to-date: /home/mechax/ylh/sentry_vision/install/auto_aim_interfaces/include/auto_aim_interfaces/auto_aim_interfaces/msg/detail/armors__builder.hpp
[1.411s] -- Up-to-date: /home/mechax/ylh/sentry_vision/install/auto_aim_interfaces/include/auto_aim_interfaces/auto_aim_interfaces/msg/detail/debug_lights__struct.hpp
[1.411s] -- Up-to-date: /home/mechax/ylh/sentry_vision/install/auto_aim_interfaces/include/auto_aim_interfaces/auto_aim_interfaces/msg/detail/target__traits.hpp
[1.411s] -- Up-to-date: /home/mechax/ylh/sentry_vision/install/auto_aim_interfaces/include/auto_aim_interfaces/auto_aim_interfaces/msg/detail/tracker_info__struct.hpp
[1.411s] -- Up-to-date: /home/mechax/ylh/sentry_vision/install/auto_aim_interfaces/include/auto_aim_interfaces/auto_aim_interfaces/msg/detail/bias__traits.hpp
[1.411s] -- Up-to-date: /home/mechax/ylh/sentry_vision/install/auto_aim_interfaces/include/auto_aim_interfaces/auto_aim_interfaces/msg/detail/target__builder.hpp
[1.411s] -- Up-to-date: /home/mechax/ylh/sentry_vision/install/auto_aim_interfaces/include/auto_aim_interfaces/auto_aim_interfaces/msg/detail/send_serial__builder.hpp
[1.411s] -- Up-to-date: /home/mechax/ylh/sentry_vision/install/auto_aim_interfaces/include/auto_aim_interfaces/auto_aim_interfaces/msg/detail/tracker_info__traits.hpp
[1.411s] -- Up-to-date: /home/mechax/ylh/sentry_vision/install/auto_aim_interfaces/include/auto_aim_interfaces/auto_aim_interfaces/msg/detail/receive_serial__traits.hpp
[1.411s] -- Up-to-date: /home/mechax/ylh/sentry_vision/install/auto_aim_interfaces/include/auto_aim_interfaces/auto_aim_interfaces/msg/detail/send_serial__traits.hpp
[1.411s] -- Up-to-date: /home/mechax/ylh/sentry_vision/install/auto_aim_interfaces/include/auto_aim_interfaces/auto_aim_interfaces/msg/detail/armor__struct.hpp
[1.411s] -- Up-to-date: /home/mechax/ylh/sentry_vision/install/auto_aim_interfaces/include/auto_aim_interfaces/auto_aim_interfaces/msg/detail/bias__builder.hpp
[1.412s] -- Up-to-date: /home/mechax/ylh/sentry_vision/install/auto_aim_interfaces/include/auto_aim_interfaces/auto_aim_interfaces/msg/detail/receive_serial__struct.hpp
[1.412s] -- Up-to-date: /home/mechax/ylh/sentry_vision/install/auto_aim_interfaces/include/auto_aim_interfaces/auto_aim_interfaces/msg/detail/bias__struct.hpp
[1.412s] -- Up-to-date: /home/mechax/ylh/sentry_vision/install/auto_aim_interfaces/include/auto_aim_interfaces/auto_aim_interfaces/msg/detail/armors__struct.hpp
[1.412s] -- Up-to-date: /home/mechax/ylh/sentry_vision/install/auto_aim_interfaces/include/auto_aim_interfaces/auto_aim_interfaces/msg/detail/debug_lights__builder.hpp
[1.412s] -- Up-to-date: /home/mechax/ylh/sentry_vision/install/auto_aim_interfaces/include/auto_aim_interfaces/auto_aim_interfaces/msg/detail/receive_serial__builder.hpp
[1.412s] -- Up-to-date: /home/mechax/ylh/sentry_vision/install/auto_aim_interfaces/include/auto_aim_interfaces/auto_aim_interfaces/msg/detail/armor__traits.hpp
[1.412s] -- Up-to-date: /home/mechax/ylh/sentry_vision/install/auto_aim_interfaces/include/auto_aim_interfaces/auto_aim_interfaces/msg/detail/debug_armors__struct.hpp
[1.412s] -- Up-to-date: /home/mechax/ylh/sentry_vision/install/auto_aim_interfaces/include/auto_aim_interfaces/auto_aim_interfaces/msg/detail/debug_armor__builder.hpp
[1.412s] -- Up-to-date: /home/mechax/ylh/sentry_vision/install/auto_aim_interfaces/include/auto_aim_interfaces/auto_aim_interfaces/msg/detail/armors__traits.hpp
[1.412s] -- Up-to-date: /home/mechax/ylh/sentry_vision/install/auto_aim_interfaces/include/auto_aim_interfaces/auto_aim_interfaces/msg/detail/debug_armors__builder.hpp
[1.412s] -- Up-to-date: /home/mechax/ylh/sentry_vision/install/auto_aim_interfaces/include/auto_aim_interfaces/auto_aim_interfaces/msg/detail/tracker_info__builder.hpp
[1.412s] -- Up-to-date: /home/mechax/ylh/sentry_vision/install/auto_aim_interfaces/include/auto_aim_interfaces/auto_aim_interfaces/msg/detail/target__struct.hpp
[1.412s] -- Up-to-date: /home/mechax/ylh/sentry_vision/install/auto_aim_interfaces/include/auto_aim_interfaces/auto_aim_interfaces/msg/detail/debug_light__struct.hpp
[1.412s] -- Up-to-date: /home/mechax/ylh/sentry_vision/install/auto_aim_interfaces/include/auto_aim_interfaces/auto_aim_interfaces/msg/detail/debug_armor__struct.hpp
[1.412s] -- Up-to-date: /home/mechax/ylh/sentry_vision/install/auto_aim_interfaces/include/auto_aim_interfaces/auto_aim_interfaces/msg/detail/debug_armors__traits.hpp
[1.412s] -- Up-to-date: /home/mechax/ylh/sentry_vision/install/auto_aim_interfaces/include/auto_aim_interfaces/auto_aim_interfaces/msg/detail/debug_light__traits.hpp
[1.412s] -- Up-to-date: /home/mechax/ylh/sentry_vision/install/auto_aim_interfaces/include/auto_aim_interfaces/auto_aim_interfaces/msg/detail/send_serial__struct.hpp
[1.412s] -- Up-to-date: /home/mechax/ylh/sentry_vision/install/auto_aim_interfaces/include/auto_aim_interfaces/auto_aim_interfaces/msg/debug_armors.hpp
[1.412s] -- Up-to-date: /home/mechax/ylh/sentry_vision/install/auto_aim_interfaces/include/auto_aim_interfaces/auto_aim_interfaces/msg/tracker_info.hpp
[1.412s] -- Up-to-date: /home/mechax/ylh/sentry_vision/install/auto_aim_interfaces/include/auto_aim_interfaces/auto_aim_interfaces/msg/debug_armor.hpp
[1.412s] -- Up-to-date: /home/mechax/ylh/sentry_vision/install/auto_aim_interfaces/include/auto_aim_interfaces/auto_aim_interfaces
[1.412s] -- Up-to-date: /home/mechax/ylh/sentry_vision/install/auto_aim_interfaces/include/auto_aim_interfaces/auto_aim_interfaces/msg
[1.412s] -- Up-to-date: /home/mechax/ylh/sentry_vision/install/auto_aim_interfaces/include/auto_aim_interfaces/auto_aim_interfaces/msg/detail
[1.412s] -- Up-to-date: /home/mechax/ylh/sentry_vision/install/auto_aim_interfaces/include/auto_aim_interfaces/auto_aim_interfaces/msg/detail/debug_lights__rosidl_typesupport_fastrtps_cpp.hpp
[1.412s] -- Up-to-date: /home/mechax/ylh/sentry_vision/install/auto_aim_interfaces/include/auto_aim_interfaces/auto_aim_interfaces/msg/detail/armors__rosidl_typesupport_fastrtps_cpp.hpp
[1.412s] -- Up-to-date: /home/mechax/ylh/sentry_vision/install/auto_aim_interfaces/include/auto_aim_interfaces/auto_aim_interfaces/msg/detail/receive_serial__rosidl_typesupport_fastrtps_cpp.hpp
[1.412s] -- Up-to-date: /home/mechax/ylh/sentry_vision/install/auto_aim_interfaces/include/auto_aim_interfaces/auto_aim_interfaces/msg/detail/target__rosidl_typesupport_fastrtps_cpp.hpp
[1.412s] -- Up-to-date: /home/mechax/ylh/sentry_vision/install/auto_aim_interfaces/include/auto_aim_interfaces/auto_aim_interfaces/msg/detail/debug_armor__rosidl_typesupport_fastrtps_cpp.hpp
[1.412s] -- Up-to-date: /home/mechax/ylh/sentry_vision/install/auto_aim_interfaces/include/auto_aim_interfaces/auto_aim_interfaces/msg/detail/debug_armors__rosidl_typesupport_fastrtps_cpp.hpp
[1.412s] -- Up-to-date: /home/mechax/ylh/sentry_vision/install/auto_aim_interfaces/include/auto_aim_interfaces/auto_aim_interfaces/msg/detail/dds_fastrtps
[1.412s] -- Up-to-date: /home/mechax/ylh/sentry_vision/install/auto_aim_interfaces/include/auto_aim_interfaces/auto_aim_interfaces/msg/detail/send_serial__rosidl_typesupport_fastrtps_cpp.hpp
[1.412s] -- Up-to-date: /home/mechax/ylh/sentry_vision/install/auto_aim_interfaces/include/auto_aim_interfaces/auto_aim_interfaces/msg/detail/armor__rosidl_typesupport_fastrtps_cpp.hpp
[1.413s] -- Up-to-date: /home/mechax/ylh/sentry_vision/install/auto_aim_interfaces/include/auto_aim_interfaces/auto_aim_interfaces/msg/detail/tracker_info__rosidl_typesupport_fastrtps_cpp.hpp
[1.413s] -- Up-to-date: /home/mechax/ylh/sentry_vision/install/auto_aim_interfaces/include/auto_aim_interfaces/auto_aim_interfaces/msg/detail/debug_light__rosidl_typesupport_fastrtps_cpp.hpp
[1.413s] -- Up-to-date: /home/mechax/ylh/sentry_vision/install/auto_aim_interfaces/include/auto_aim_interfaces/auto_aim_interfaces/msg/detail/bias__rosidl_typesupport_fastrtps_cpp.hpp
[1.413s] -- Up-to-date: /home/mechax/ylh/sentry_vision/install/auto_aim_interfaces/include/auto_aim_interfaces/auto_aim_interfaces/msg/rosidl_typesupport_fastrtps_cpp__visibility_control.h
[1.413s] -- Up-to-date: /home/mechax/ylh/sentry_vision/install/auto_aim_interfaces/lib/libauto_aim_interfaces__rosidl_typesupport_fastrtps_cpp.so
[1.413s] -- Up-to-date: /home/mechax/ylh/sentry_vision/install/auto_aim_interfaces/include/auto_aim_interfaces/auto_aim_interfaces
[1.414s] -- Up-to-date: /home/mechax/ylh/sentry_vision/install/auto_aim_interfaces/include/auto_aim_interfaces/auto_aim_interfaces/msg
[1.414s] -- Up-to-date: /home/mechax/ylh/sentry_vision/install/auto_aim_interfaces/include/auto_aim_interfaces/auto_aim_interfaces/msg/detail
[1.414s] -- Up-to-date: /home/mechax/ylh/sentry_vision/install/auto_aim_interfaces/include/auto_aim_interfaces/auto_aim_interfaces/msg/detail/debug_light__rosidl_typesupport_introspection_cpp.hpp
[1.415s] -- Up-to-date: /home/mechax/ylh/sentry_vision/install/auto_aim_interfaces/include/auto_aim_interfaces/auto_aim_interfaces/msg/detail/tracker_info__rosidl_typesupport_introspection_cpp.hpp
[1.415s] -- Up-to-date: /home/mechax/ylh/sentry_vision/install/auto_aim_interfaces/include/auto_aim_interfaces/auto_aim_interfaces/msg/detail/tracker_info__type_support.cpp
[1.415s] -- Up-to-date: /home/mechax/ylh/sentry_vision/install/auto_aim_interfaces/include/auto_aim_interfaces/auto_aim_interfaces/msg/detail/bias__type_support.cpp
[1.415s] -- Up-to-date: /home/mechax/ylh/sentry_vision/install/auto_aim_interfaces/include/auto_aim_interfaces/auto_aim_interfaces/msg/detail/debug_armor__rosidl_typesupport_introspection_cpp.hpp
[1.415s] -- Up-to-date: /home/mechax/ylh/sentry_vision/install/auto_aim_interfaces/include/auto_aim_interfaces/auto_aim_interfaces/msg/detail/bias__rosidl_typesupport_introspection_cpp.hpp
[1.415s] -- Up-to-date: /home/mechax/ylh/sentry_vision/install/auto_aim_interfaces/include/auto_aim_interfaces/auto_aim_interfaces/msg/detail/armor__type_support.cpp
[1.415s] -- Up-to-date: /home/mechax/ylh/sentry_vision/install/auto_aim_interfaces/include/auto_aim_interfaces/auto_aim_interfaces/msg/detail/target__rosidl_typesupport_introspection_cpp.hpp
[1.415s] -- Up-to-date: /home/mechax/ylh/sentry_vision/install/auto_aim_interfaces/include/auto_aim_interfaces/auto_aim_interfaces/msg/detail/debug_armors__type_support.cpp
[1.415s] -- Up-to-date: /home/mechax/ylh/sentry_vision/install/auto_aim_interfaces/include/auto_aim_interfaces/auto_aim_interfaces/msg/detail/receive_serial__rosidl_typesupport_introspection_cpp.hpp
[1.415s] -- Up-to-date: /home/mechax/ylh/sentry_vision/install/auto_aim_interfaces/include/auto_aim_interfaces/auto_aim_interfaces/msg/detail/send_serial__rosidl_typesupport_introspection_cpp.hpp
[1.415s] -- Up-to-date: /home/mechax/ylh/sentry_vision/install/auto_aim_interfaces/include/auto_aim_interfaces/auto_aim_interfaces/msg/detail/debug_light__type_support.cpp
[1.415s] -- Up-to-date: /home/mechax/ylh/sentry_vision/install/auto_aim_interfaces/include/auto_aim_interfaces/auto_aim_interfaces/msg/detail/receive_serial__type_support.cpp
[1.415s] -- Up-to-date: /home/mechax/ylh/sentry_vision/install/auto_aim_interfaces/include/auto_aim_interfaces/auto_aim_interfaces/msg/detail/send_serial__type_support.cpp
[1.415s] -- Up-to-date: /home/mechax/ylh/sentry_vision/install/auto_aim_interfaces/include/auto_aim_interfaces/auto_aim_interfaces/msg/detail/debug_armors__rosidl_typesupport_introspection_cpp.hpp
[1.415s] -- Up-to-date: /home/mechax/ylh/sentry_vision/install/auto_aim_interfaces/include/auto_aim_interfaces/auto_aim_interfaces/msg/detail/debug_lights__type_support.cpp
[1.415s] -- Up-to-date: /home/mechax/ylh/sentry_vision/install/auto_aim_interfaces/include/auto_aim_interfaces/auto_aim_interfaces/msg/detail/armors__rosidl_typesupport_introspection_cpp.hpp
[1.415s] -- Up-to-date: /home/mechax/ylh/sentry_vision/install/auto_aim_interfaces/include/auto_aim_interfaces/auto_aim_interfaces/msg/detail/armor__rosidl_typesupport_introspection_cpp.hpp
[1.415s] -- Up-to-date: /home/mechax/ylh/sentry_vision/install/auto_aim_interfaces/include/auto_aim_interfaces/auto_aim_interfaces/msg/detail/debug_armor__type_support.cpp
[1.415s] -- Up-to-date: /home/mechax/ylh/sentry_vision/install/auto_aim_interfaces/include/auto_aim_interfaces/auto_aim_interfaces/msg/detail/armors__type_support.cpp
[1.415s] -- Up-to-date: /home/mechax/ylh/sentry_vision/install/auto_aim_interfaces/include/auto_aim_interfaces/auto_aim_interfaces/msg/detail/debug_lights__rosidl_typesupport_introspection_cpp.hpp
[1.415s] -- Up-to-date: /home/mechax/ylh/sentry_vision/install/auto_aim_interfaces/include/auto_aim_interfaces/auto_aim_interfaces/msg/detail/target__type_support.cpp
[1.415s] -- Up-to-date: /home/mechax/ylh/sentry_vision/install/auto_aim_interfaces/lib/libauto_aim_interfaces__rosidl_typesupport_introspection_cpp.so
[1.415s] -- Up-to-date: /home/mechax/ylh/sentry_vision/install/auto_aim_interfaces/lib/libauto_aim_interfaces__rosidl_typesupport_cpp.so
[1.415s] -- Up-to-date: /home/mechax/ylh/sentry_vision/install/auto_aim_interfaces/share/auto_aim_interfaces/environment/pythonpath.sh
[1.415s] -- Up-to-date: /home/mechax/ylh/sentry_vision/install/auto_aim_interfaces/share/auto_aim_interfaces/environment/pythonpath.dsv
[1.415s] -- Up-to-date: /home/mechax/ylh/sentry_vision/install/auto_aim_interfaces/local/lib/python3.10/dist-packages/auto_aim_interfaces-0.0.0-py3.10.egg-info
[1.417s] -- Installing: /home/mechax/ylh/sentry_vision/install/auto_aim_interfaces/local/lib/python3.10/dist-packages/auto_aim_interfaces-0.0.0-py3.10.egg-info/PKG-INFO
[1.417s] -- Installing: /home/mechax/ylh/sentry_vision/install/auto_aim_interfaces/local/lib/python3.10/dist-packages/auto_aim_interfaces-0.0.0-py3.10.egg-info/SOURCES.txt
[1.417s] -- Installing: /home/mechax/ylh/sentry_vision/install/auto_aim_interfaces/local/lib/python3.10/dist-packages/auto_aim_interfaces-0.0.0-py3.10.egg-info/top_level.txt
[1.417s] -- Installing: /home/mechax/ylh/sentry_vision/install/auto_aim_interfaces/local/lib/python3.10/dist-packages/auto_aim_interfaces-0.0.0-py3.10.egg-info/dependency_links.txt
[1.417s] -- Up-to-date: /home/mechax/ylh/sentry_vision/install/auto_aim_interfaces/local/lib/python3.10/dist-packages/auto_aim_interfaces
[1.417s] -- Up-to-date: /home/mechax/ylh/sentry_vision/install/auto_aim_interfaces/local/lib/python3.10/dist-packages/auto_aim_interfaces/_auto_aim_interfaces_s.ep.rosidl_typesupport_introspection_c.c
[1.417s] -- Up-to-date: /home/mechax/ylh/sentry_vision/install/auto_aim_interfaces/local/lib/python3.10/dist-packages/auto_aim_interfaces/_auto_aim_interfaces_s.ep.rosidl_typesupport_c.c
[1.417s] -- Up-to-date: /home/mechax/ylh/sentry_vision/install/auto_aim_interfaces/local/lib/python3.10/dist-packages/auto_aim_interfaces/auto_aim_interfaces_s__rosidl_typesupport_fastrtps_c.cpython-310-x86_64-linux-gnu.so
[1.417s] -- Up-to-date: /home/mechax/ylh/sentry_vision/install/auto_aim_interfaces/local/lib/python3.10/dist-packages/auto_aim_interfaces/auto_aim_interfaces_s__rosidl_typesupport_c.cpython-310-x86_64-linux-gnu.so
[1.417s] -- Up-to-date: /home/mechax/ylh/sentry_vision/install/auto_aim_interfaces/local/lib/python3.10/dist-packages/auto_aim_interfaces/libauto_aim_interfaces__rosidl_generator_py.so
[1.417s] -- Up-to-date: /home/mechax/ylh/sentry_vision/install/auto_aim_interfaces/local/lib/python3.10/dist-packages/auto_aim_interfaces/auto_aim_interfaces_s__rosidl_typesupport_introspection_c.cpython-310-x86_64-linux-gnu.so
[1.417s] -- Up-to-date: /home/mechax/ylh/sentry_vision/install/auto_aim_interfaces/local/lib/python3.10/dist-packages/auto_aim_interfaces/__init__.py
[1.417s] -- Up-to-date: /home/mechax/ylh/sentry_vision/install/auto_aim_interfaces/local/lib/python3.10/dist-packages/auto_aim_interfaces/msg
[1.417s] -- Up-to-date: /home/mechax/ylh/sentry_vision/install/auto_aim_interfaces/local/lib/python3.10/dist-packages/auto_aim_interfaces/msg/_debug_light.py
[1.417s] -- Up-to-date: /home/mechax/ylh/sentry_vision/install/auto_aim_interfaces/local/lib/python3.10/dist-packages/auto_aim_interfaces/msg/_target_s.c
[1.417s] -- Up-to-date: /home/mechax/ylh/sentry_vision/install/auto_aim_interfaces/local/lib/python3.10/dist-packages/auto_aim_interfaces/msg/_debug_light_s.c
[1.417s] -- Up-to-date: /home/mechax/ylh/sentry_vision/install/auto_aim_interfaces/local/lib/python3.10/dist-packages/auto_aim_interfaces/msg/_debug_armor_s.c
[1.417s] -- Up-to-date: /home/mechax/ylh/sentry_vision/install/auto_aim_interfaces/local/lib/python3.10/dist-packages/auto_aim_interfaces/msg/_target.py
[1.417s] -- Up-to-date: /home/mechax/ylh/sentry_vision/install/auto_aim_interfaces/local/lib/python3.10/dist-packages/auto_aim_interfaces/msg/_receive_serial_s.c
[1.417s] -- Up-to-date: /home/mechax/ylh/sentry_vision/install/auto_aim_interfaces/local/lib/python3.10/dist-packages/auto_aim_interfaces/msg/_bias.py
[1.417s] -- Up-to-date: /home/mechax/ylh/sentry_vision/install/auto_aim_interfaces/local/lib/python3.10/dist-packages/auto_aim_interfaces/msg/_debug_armor.py
[1.417s] -- Up-to-date: /home/mechax/ylh/sentry_vision/install/auto_aim_interfaces/local/lib/python3.10/dist-packages/auto_aim_interfaces/msg/_tracker_info_s.c
[1.417s] -- Up-to-date: /home/mechax/ylh/sentry_vision/install/auto_aim_interfaces/local/lib/python3.10/dist-packages/auto_aim_interfaces/msg/_armors_s.c
[1.417s] -- Up-to-date: /home/mechax/ylh/sentry_vision/install/auto_aim_interfaces/local/lib/python3.10/dist-packages/auto_aim_interfaces/msg/_send_serial_s.c
[1.417s] -- Up-to-date: /home/mechax/ylh/sentry_vision/install/auto_aim_interfaces/local/lib/python3.10/dist-packages/auto_aim_interfaces/msg/_receive_serial.py
[1.417s] -- Up-to-date: /home/mechax/ylh/sentry_vision/install/auto_aim_interfaces/local/lib/python3.10/dist-packages/auto_aim_interfaces/msg/_send_serial.py
[1.417s] -- Up-to-date: /home/mechax/ylh/sentry_vision/install/auto_aim_interfaces/local/lib/python3.10/dist-packages/auto_aim_interfaces/msg/_armor_s.c
[1.417s] -- Up-to-date: /home/mechax/ylh/sentry_vision/install/auto_aim_interfaces/local/lib/python3.10/dist-packages/auto_aim_interfaces/msg/_armors.py
[1.418s] -- Up-to-date: /home/mechax/ylh/sentry_vision/install/auto_aim_interfaces/local/lib/python3.10/dist-packages/auto_aim_interfaces/msg/_armor.py
[1.418s] -- Up-to-date: /home/mechax/ylh/sentry_vision/install/auto_aim_interfaces/local/lib/python3.10/dist-packages/auto_aim_interfaces/msg/__init__.py
[1.418s] -- Up-to-date: /home/mechax/ylh/sentry_vision/install/auto_aim_interfaces/local/lib/python3.10/dist-packages/auto_aim_interfaces/msg/_debug_lights.py
[1.418s] -- Up-to-date: /home/mechax/ylh/sentry_vision/install/auto_aim_interfaces/local/lib/python3.10/dist-packages/auto_aim_interfaces/msg/_debug_armors.py
[1.418s] -- Up-to-date: /home/mechax/ylh/sentry_vision/install/auto_aim_interfaces/local/lib/python3.10/dist-packages/auto_aim_interfaces/msg/_tracker_info.py
[1.418s] -- Up-to-date: /home/mechax/ylh/sentry_vision/install/auto_aim_interfaces/local/lib/python3.10/dist-packages/auto_aim_interfaces/msg/_bias_s.c
[1.418s] -- Up-to-date: /home/mechax/ylh/sentry_vision/install/auto_aim_interfaces/local/lib/python3.10/dist-packages/auto_aim_interfaces/msg/_debug_lights_s.c
[1.418s] -- Up-to-date: /home/mechax/ylh/sentry_vision/install/auto_aim_interfaces/local/lib/python3.10/dist-packages/auto_aim_interfaces/msg/_debug_armors_s.c
[1.418s] -- Up-to-date: /home/mechax/ylh/sentry_vision/install/auto_aim_interfaces/local/lib/python3.10/dist-packages/auto_aim_interfaces/_auto_aim_interfaces_s.ep.rosidl_typesupport_fastrtps_c.c
[1.418s] Listing '/home/mechax/ylh/sentry_vision/install/auto_aim_interfaces/local/lib/python3.10/dist-packages/auto_aim_interfaces'...
[1.418s] Listing '/home/mechax/ylh/sentry_vision/install/auto_aim_interfaces/local/lib/python3.10/dist-packages/auto_aim_interfaces/msg'...
[1.420s] -- Up-to-date: /home/mechax/ylh/sentry_vision/install/auto_aim_interfaces/local/lib/python3.10/dist-packages/auto_aim_interfaces/auto_aim_interfaces_s__rosidl_typesupport_fastrtps_c.cpython-310-x86_64-linux-gnu.so
[1.420s] -- Up-to-date: /home/mechax/ylh/sentry_vision/install/auto_aim_interfaces/local/lib/python3.10/dist-packages/auto_aim_interfaces/auto_aim_interfaces_s__rosidl_typesupport_introspection_c.cpython-310-x86_64-linux-gnu.so
[1.420s] -- Up-to-date: /home/mechax/ylh/sentry_vision/install/auto_aim_interfaces/local/lib/python3.10/dist-packages/auto_aim_interfaces/auto_aim_interfaces_s__rosidl_typesupport_c.cpython-310-x86_64-linux-gnu.so
[1.420s] -- Up-to-date: /home/mechax/ylh/sentry_vision/install/auto_aim_interfaces/lib/libauto_aim_interfaces__rosidl_generator_py.so
[1.420s] -- Up-to-date: /home/mechax/ylh/sentry_vision/install/auto_aim_interfaces/share/auto_aim_interfaces/msg/Armor.idl
[1.420s] -- Up-to-date: /home/mechax/ylh/sentry_vision/install/auto_aim_interfaces/share/auto_aim_interfaces/msg/Armors.idl
[1.420s] -- Up-to-date: /home/mechax/ylh/sentry_vision/install/auto_aim_interfaces/share/auto_aim_interfaces/msg/Target.idl
[1.420s] -- Up-to-date: /home/mechax/ylh/sentry_vision/install/auto_aim_interfaces/share/auto_aim_interfaces/msg/DebugLight.idl
[1.420s] -- Up-to-date: /home/mechax/ylh/sentry_vision/install/auto_aim_interfaces/share/auto_aim_interfaces/msg/DebugLights.idl
[1.420s] -- Up-to-date: /home/mechax/ylh/sentry_vision/install/auto_aim_interfaces/share/auto_aim_interfaces/msg/DebugArmor.idl
[1.420s] -- Up-to-date: /home/mechax/ylh/sentry_vision/install/auto_aim_interfaces/share/auto_aim_interfaces/msg/DebugArmors.idl
[1.420s] -- Up-to-date: /home/mechax/ylh/sentry_vision/install/auto_aim_interfaces/share/auto_aim_interfaces/msg/TrackerInfo.idl
[1.420s] -- Up-to-date: /home/mechax/ylh/sentry_vision/install/auto_aim_interfaces/share/auto_aim_interfaces/msg/SendSerial.idl
[1.420s] -- Up-to-date: /home/mechax/ylh/sentry_vision/install/auto_aim_interfaces/share/auto_aim_interfaces/msg/ReceiveSerial.idl
[1.420s] -- Up-to-date: /home/mechax/ylh/sentry_vision/install/auto_aim_interfaces/share/auto_aim_interfaces/msg/Bias.idl
[1.420s] -- Up-to-date: /home/mechax/ylh/sentry_vision/install/auto_aim_interfaces/share/auto_aim_interfaces/msg/Armor.msg
[1.420s] -- Up-to-date: /home/mechax/ylh/sentry_vision/install/auto_aim_interfaces/share/auto_aim_interfaces/msg/Armors.msg
[1.420s] -- Up-to-date: /home/mechax/ylh/sentry_vision/install/auto_aim_interfaces/share/auto_aim_interfaces/msg/Target.msg
[1.420s] -- Up-to-date: /home/mechax/ylh/sentry_vision/install/auto_aim_interfaces/share/auto_aim_interfaces/msg/DebugLight.msg
[1.420s] -- Up-to-date: /home/mechax/ylh/sentry_vision/install/auto_aim_interfaces/share/auto_aim_interfaces/msg/DebugLights.msg
[1.420s] -- Up-to-date: /home/mechax/ylh/sentry_vision/install/auto_aim_interfaces/share/auto_aim_interfaces/msg/DebugArmor.msg
[1.421s] -- Up-to-date: /home/mechax/ylh/sentry_vision/install/auto_aim_interfaces/share/auto_aim_interfaces/msg/DebugArmors.msg
[1.421s] -- Up-to-date: /home/mechax/ylh/sentry_vision/install/auto_aim_interfaces/share/auto_aim_interfaces/msg/TrackerInfo.msg
[1.421s] -- Up-to-date: /home/mechax/ylh/sentry_vision/install/auto_aim_interfaces/share/auto_aim_interfaces/msg/SendSerial.msg
[1.421s] -- Up-to-date: /home/mechax/ylh/sentry_vision/install/auto_aim_interfaces/share/auto_aim_interfaces/msg/ReceiveSerial.msg
[1.421s] -- Up-to-date: /home/mechax/ylh/sentry_vision/install/auto_aim_interfaces/share/auto_aim_interfaces/msg/Bias.msg
[1.421s] -- Up-to-date: /home/mechax/ylh/sentry_vision/install/auto_aim_interfaces/share/ament_index/resource_index/package_run_dependencies/auto_aim_interfaces
[1.421s] -- Up-to-date: /home/mechax/ylh/sentry_vision/install/auto_aim_interfaces/share/ament_index/resource_index/parent_prefix_path/auto_aim_interfaces
[1.421s] -- Up-to-date: /home/mechax/ylh/sentry_vision/install/auto_aim_interfaces/share/auto_aim_interfaces/environment/ament_prefix_path.sh
[1.421s] -- Up-to-date: /home/mechax/ylh/sentry_vision/install/auto_aim_interfaces/share/auto_aim_interfaces/environment/ament_prefix_path.dsv
[1.421s] -- Up-to-date: /home/mechax/ylh/sentry_vision/install/auto_aim_interfaces/share/auto_aim_interfaces/environment/path.sh
[1.421s] -- Up-to-date: /home/mechax/ylh/sentry_vision/install/auto_aim_interfaces/share/auto_aim_interfaces/environment/path.dsv
[1.422s] -- Up-to-date: /home/mechax/ylh/sentry_vision/install/auto_aim_interfaces/share/auto_aim_interfaces/local_setup.bash
[1.422s] -- Up-to-date: /home/mechax/ylh/sentry_vision/install/auto_aim_interfaces/share/auto_aim_interfaces/local_setup.sh
[1.422s] -- Up-to-date: /home/mechax/ylh/sentry_vision/install/auto_aim_interfaces/share/auto_aim_interfaces/local_setup.zsh
[1.422s] -- Up-to-date: /home/mechax/ylh/sentry_vision/install/auto_aim_interfaces/share/auto_aim_interfaces/local_setup.dsv
[1.422s] -- Installing: /home/mechax/ylh/sentry_vision/install/auto_aim_interfaces/share/auto_aim_interfaces/package.dsv
[1.422s] -- Up-to-date: /home/mechax/ylh/sentry_vision/install/auto_aim_interfaces/share/ament_index/resource_index/packages/auto_aim_interfaces
[1.422s] -- Up-to-date: /home/mechax/ylh/sentry_vision/install/auto_aim_interfaces/share/auto_aim_interfaces/cmake/export_auto_aim_interfaces__rosidl_generator_cExport.cmake
[1.422s] -- Up-to-date: /home/mechax/ylh/sentry_vision/install/auto_aim_interfaces/share/auto_aim_interfaces/cmake/export_auto_aim_interfaces__rosidl_generator_cExport-noconfig.cmake
[1.422s] -- Up-to-date: /home/mechax/ylh/sentry_vision/install/auto_aim_interfaces/share/auto_aim_interfaces/cmake/export_auto_aim_interfaces__rosidl_typesupport_fastrtps_cExport.cmake
[1.422s] -- Up-to-date: /home/mechax/ylh/sentry_vision/install/auto_aim_interfaces/share/auto_aim_interfaces/cmake/export_auto_aim_interfaces__rosidl_typesupport_fastrtps_cExport-noconfig.cmake
[1.422s] -- Up-to-date: /home/mechax/ylh/sentry_vision/install/auto_aim_interfaces/share/auto_aim_interfaces/cmake/auto_aim_interfaces__rosidl_typesupport_introspection_cExport.cmake
[1.423s] -- Up-to-date: /home/mechax/ylh/sentry_vision/install/auto_aim_interfaces/share/auto_aim_interfaces/cmake/auto_aim_interfaces__rosidl_typesupport_introspection_cExport-noconfig.cmake
[1.423s] -- Up-to-date: /home/mechax/ylh/sentry_vision/install/auto_aim_interfaces/share/auto_aim_interfaces/cmake/auto_aim_interfaces__rosidl_typesupport_cExport.cmake
[1.423s] -- Up-to-date: /home/mechax/ylh/sentry_vision/install/auto_aim_interfaces/share/auto_aim_interfaces/cmake/auto_aim_interfaces__rosidl_typesupport_cExport-noconfig.cmake
[1.423s] -- Up-to-date: /home/mechax/ylh/sentry_vision/install/auto_aim_interfaces/share/auto_aim_interfaces/cmake/export_auto_aim_interfaces__rosidl_generator_cppExport.cmake
[1.423s] -- Up-to-date: /home/mechax/ylh/sentry_vision/install/auto_aim_interfaces/share/auto_aim_interfaces/cmake/export_auto_aim_interfaces__rosidl_typesupport_fastrtps_cppExport.cmake
[1.423s] -- Up-to-date: /home/mechax/ylh/sentry_vision/install/auto_aim_interfaces/share/auto_aim_interfaces/cmake/export_auto_aim_interfaces__rosidl_typesupport_fastrtps_cppExport-noconfig.cmake
[1.424s] -- Up-to-date: /home/mechax/ylh/sentry_vision/install/auto_aim_interfaces/share/auto_aim_interfaces/cmake/auto_aim_interfaces__rosidl_typesupport_introspection_cppExport.cmake
[1.424s] -- Up-to-date: /home/mechax/ylh/sentry_vision/install/auto_aim_interfaces/share/auto_aim_interfaces/cmake/auto_aim_interfaces__rosidl_typesupport_introspection_cppExport-noconfig.cmake
[1.424s] -- Up-to-date: /home/mechax/ylh/sentry_vision/install/auto_aim_interfaces/share/auto_aim_interfaces/cmake/auto_aim_interfaces__rosidl_typesupport_cppExport.cmake
[1.424s] -- Up-to-date: /home/mechax/ylh/sentry_vision/install/auto_aim_interfaces/share/auto_aim_interfaces/cmake/auto_aim_interfaces__rosidl_typesupport_cppExport-noconfig.cmake
[1.424s] -- Up-to-date: /home/mechax/ylh/sentry_vision/install/auto_aim_interfaces/share/auto_aim_interfaces/cmake/export_auto_aim_interfaces__rosidl_generator_pyExport.cmake
[1.425s] -- Up-to-date: /home/mechax/ylh/sentry_vision/install/auto_aim_interfaces/share/auto_aim_interfaces/cmake/export_auto_aim_interfaces__rosidl_generator_pyExport-noconfig.cmake
[1.425s] -- Up-to-date: /home/mechax/ylh/sentry_vision/install/auto_aim_interfaces/share/auto_aim_interfaces/cmake/rosidl_cmake-extras.cmake
[1.425s] -- Up-to-date: /home/mechax/ylh/sentry_vision/install/auto_aim_interfaces/share/auto_aim_interfaces/cmake/ament_cmake_export_dependencies-extras.cmake
[1.425s] -- Up-to-date: /home/mechax/ylh/sentry_vision/install/auto_aim_interfaces/share/auto_aim_interfaces/cmake/ament_cmake_export_include_directories-extras.cmake
[1.425s] -- Up-to-date: /home/mechax/ylh/sentry_vision/install/auto_aim_interfaces/share/auto_aim_interfaces/cmake/ament_cmake_export_libraries-extras.cmake
[1.425s] -- Up-to-date: /home/mechax/ylh/sentry_vision/install/auto_aim_interfaces/share/auto_aim_interfaces/cmake/ament_cmake_export_targets-extras.cmake
[1.425s] -- Up-to-date: /home/mechax/ylh/sentry_vision/install/auto_aim_interfaces/share/auto_aim_interfaces/cmake/rosidl_cmake_export_typesupport_targets-extras.cmake
[1.425s] -- Up-to-date: /home/mechax/ylh/sentry_vision/install/auto_aim_interfaces/share/auto_aim_interfaces/cmake/rosidl_cmake_export_typesupport_libraries-extras.cmake
[1.425s] -- Up-to-date: /home/mechax/ylh/sentry_vision/install/auto_aim_interfaces/share/auto_aim_interfaces/cmake/auto_aim_interfacesConfig.cmake
[1.425s] -- Up-to-date: /home/mechax/ylh/sentry_vision/install/auto_aim_interfaces/share/auto_aim_interfaces/cmake/auto_aim_interfacesConfig-version.cmake
[1.425s] -- Up-to-date: /home/mechax/ylh/sentry_vision/install/auto_aim_interfaces/share/auto_aim_interfaces/package.xml
[1.514s] Invoked command in '/home/mechax/ylh/sentry_vision/build/auto_aim_interfaces' returned '0': CMAKE_PREFIX_PATH=/opt/ros/humble /usr/bin/cmake --install /home/mechax/ylh/sentry_vision/build/auto_aim_interfaces
