[0.151s] Invoking command in '/home/mechax/ylh/sentry_vision/build/btcpp_ros2_samples': AMENT_PREFIX_PATH=/home/mechax/ylh/sentry_vision/install/behaviortree_ros2:/home/mechax/ylh/sentry_vision/install/btcpp_ros2_interfaces:/home/mechax/ylh/sentry_vision/install/behaviortree_cpp:${AMENT_PREFIX_PATH} CMAKE_PREFIX_PATH=/home/mechax/ylh/sentry_vision/install/behaviortree_ros2:/home/mechax/ylh/sentry_vision/install/btcpp_ros2_interfaces:/home/mechax/ylh/sentry_vision/install/behaviortree_cpp:/opt/ros/humble LD_LIBRARY_PATH=/home/mechax/ylh/sentry_vision/install/btcpp_ros2_interfaces/lib:/home/mechax/ylh/sentry_vision/install/behaviortree_cpp/lib:${LD_LIBRARY_PATH} PATH=/home/mechax/ylh/sentry_vision/install/behaviortree_cpp/bin:${PATH} PYTHONPATH=/home/mechax/ylh/sentry_vision/install/btcpp_ros2_interfaces/local/lib/python3.10/dist-packages:${PYTHONPATH} /usr/bin/cmake --build /home/mechax/ylh/sentry_vision/build/btcpp_ros2_samples -- -j16 -l16
[0.220s] [ 18%] Built target sleep_server
[0.221s] [ 45%] Built target sleep_client
[0.227s] [ 63%] Built target sleep_plugin
[0.227s] [ 81%] Built target subscriber_test
[0.248s] [100%] Built target sleep_client_dyn
[0.296s] Invoked command in '/home/mechax/ylh/sentry_vision/build/btcpp_ros2_samples' returned '0': AMENT_PREFIX_PATH=/home/mechax/ylh/sentry_vision/install/behaviortree_ros2:/home/mechax/ylh/sentry_vision/install/btcpp_ros2_interfaces:/home/mechax/ylh/sentry_vision/install/behaviortree_cpp:${AMENT_PREFIX_PATH} CMAKE_PREFIX_PATH=/home/mechax/ylh/sentry_vision/install/behaviortree_ros2:/home/mechax/ylh/sentry_vision/install/btcpp_ros2_interfaces:/home/mechax/ylh/sentry_vision/install/behaviortree_cpp:/opt/ros/humble LD_LIBRARY_PATH=/home/mechax/ylh/sentry_vision/install/btcpp_ros2_interfaces/lib:/home/mechax/ylh/sentry_vision/install/behaviortree_cpp/lib:${LD_LIBRARY_PATH} PATH=/home/mechax/ylh/sentry_vision/install/behaviortree_cpp/bin:${PATH} PYTHONPATH=/home/mechax/ylh/sentry_vision/install/btcpp_ros2_interfaces/local/lib/python3.10/dist-packages:${PYTHONPATH} /usr/bin/cmake --build /home/mechax/ylh/sentry_vision/build/btcpp_ros2_samples -- -j16 -l16
[0.339s] Invoking command in '/home/mechax/ylh/sentry_vision/build/btcpp_ros2_samples': AMENT_PREFIX_PATH=/home/mechax/ylh/sentry_vision/install/behaviortree_ros2:/home/mechax/ylh/sentry_vision/install/btcpp_ros2_interfaces:/home/mechax/ylh/sentry_vision/install/behaviortree_cpp:${AMENT_PREFIX_PATH} CMAKE_PREFIX_PATH=/home/mechax/ylh/sentry_vision/install/behaviortree_ros2:/home/mechax/ylh/sentry_vision/install/btcpp_ros2_interfaces:/home/mechax/ylh/sentry_vision/install/behaviortree_cpp:/opt/ros/humble LD_LIBRARY_PATH=/home/mechax/ylh/sentry_vision/install/btcpp_ros2_interfaces/lib:/home/mechax/ylh/sentry_vision/install/behaviortree_cpp/lib:${LD_LIBRARY_PATH} PATH=/home/mechax/ylh/sentry_vision/install/behaviortree_cpp/bin:${PATH} PYTHONPATH=/home/mechax/ylh/sentry_vision/install/btcpp_ros2_interfaces/local/lib/python3.10/dist-packages:${PYTHONPATH} /usr/bin/cmake --install /home/mechax/ylh/sentry_vision/build/btcpp_ros2_samples
[0.350s] -- Install configuration: ""
[0.351s] -- Up-to-date: /home/mechax/ylh/sentry_vision/install/btcpp_ros2_samples/lib/btcpp_ros2_samples/sleep_client
[0.351s] -- Up-to-date: /home/mechax/ylh/sentry_vision/install/btcpp_ros2_samples/lib/btcpp_ros2_samples/sleep_client_dyn
[0.351s] -- Up-to-date: /home/mechax/ylh/sentry_vision/install/btcpp_ros2_samples/lib/btcpp_ros2_samples/sleep_server
[0.352s] -- Up-to-date: /home/mechax/ylh/sentry_vision/install/btcpp_ros2_samples/lib/btcpp_ros2_samples/libsleep_plugin.so
[0.352s] -- Up-to-date: /home/mechax/ylh/sentry_vision/install/btcpp_ros2_samples/lib/btcpp_ros2_samples/subscriber_test
[0.352s] -- Up-to-date: /home/mechax/ylh/sentry_vision/install/btcpp_ros2_samples/share/ament_index/resource_index/package_run_dependencies/btcpp_ros2_samples
[0.353s] -- Up-to-date: /home/mechax/ylh/sentry_vision/install/btcpp_ros2_samples/share/ament_index/resource_index/parent_prefix_path/btcpp_ros2_samples
[0.354s] -- Up-to-date: /home/mechax/ylh/sentry_vision/install/btcpp_ros2_samples/share/btcpp_ros2_samples/environment/ament_prefix_path.sh
[0.354s] -- Up-to-date: /home/mechax/ylh/sentry_vision/install/btcpp_ros2_samples/share/btcpp_ros2_samples/environment/ament_prefix_path.dsv
[0.354s] -- Up-to-date: /home/mechax/ylh/sentry_vision/install/btcpp_ros2_samples/share/btcpp_ros2_samples/environment/path.sh
[0.355s] -- Up-to-date: /home/mechax/ylh/sentry_vision/install/btcpp_ros2_samples/share/btcpp_ros2_samples/environment/path.dsv
[0.355s] -- Up-to-date: /home/mechax/ylh/sentry_vision/install/btcpp_ros2_samples/share/btcpp_ros2_samples/local_setup.bash
[0.355s] -- Up-to-date: /home/mechax/ylh/sentry_vision/install/btcpp_ros2_samples/share/btcpp_ros2_samples/local_setup.sh
[0.355s] -- Up-to-date: /home/mechax/ylh/sentry_vision/install/btcpp_ros2_samples/share/btcpp_ros2_samples/local_setup.zsh
[0.355s] -- Up-to-date: /home/mechax/ylh/sentry_vision/install/btcpp_ros2_samples/share/btcpp_ros2_samples/local_setup.dsv
[0.356s] -- Installing: /home/mechax/ylh/sentry_vision/install/btcpp_ros2_samples/share/btcpp_ros2_samples/package.dsv
[0.356s] -- Up-to-date: /home/mechax/ylh/sentry_vision/install/btcpp_ros2_samples/share/ament_index/resource_index/packages/btcpp_ros2_samples
[0.356s] -- Up-to-date: /home/mechax/ylh/sentry_vision/install/btcpp_ros2_samples/share/btcpp_ros2_samples/cmake/ament_cmake_export_dependencies-extras.cmake
[0.356s] -- Up-to-date: /home/mechax/ylh/sentry_vision/install/btcpp_ros2_samples/share/btcpp_ros2_samples/cmake/btcpp_ros2_samplesConfig.cmake
[0.357s] -- Up-to-date: /home/mechax/ylh/sentry_vision/install/btcpp_ros2_samples/share/btcpp_ros2_samples/cmake/btcpp_ros2_samplesConfig-version.cmake
[0.357s] -- Up-to-date: /home/mechax/ylh/sentry_vision/install/btcpp_ros2_samples/share/btcpp_ros2_samples/package.xml
[0.460s] Invoked command in '/home/mechax/ylh/sentry_vision/build/btcpp_ros2_samples' returned '0': AMENT_PREFIX_PATH=/home/mechax/ylh/sentry_vision/install/behaviortree_ros2:/home/mechax/ylh/sentry_vision/install/btcpp_ros2_interfaces:/home/mechax/ylh/sentry_vision/install/behaviortree_cpp:${AMENT_PREFIX_PATH} CMAKE_PREFIX_PATH=/home/mechax/ylh/sentry_vision/install/behaviortree_ros2:/home/mechax/ylh/sentry_vision/install/btcpp_ros2_interfaces:/home/mechax/ylh/sentry_vision/install/behaviortree_cpp:/opt/ros/humble LD_LIBRARY_PATH=/home/mechax/ylh/sentry_vision/install/btcpp_ros2_interfaces/lib:/home/mechax/ylh/sentry_vision/install/behaviortree_cpp/lib:${LD_LIBRARY_PATH} PATH=/home/mechax/ylh/sentry_vision/install/behaviortree_cpp/bin:${PATH} PYTHONPATH=/home/mechax/ylh/sentry_vision/install/btcpp_ros2_interfaces/local/lib/python3.10/dist-packages:${PYTHONPATH} /usr/bin/cmake --install /home/mechax/ylh/sentry_vision/build/btcpp_ros2_samples
