[0.068s] Invoking command in '/home/mechax/ylh/sentry_vision/build/rm_navigation': CMAKE_PREFIX_PATH=/opt/ros/humble /usr/bin/cmake /home/mechax/ylh/sentry_vision/src/rm_navigation -DCMAKE_EXPORT_COMPILE_COMMANDS=ON -DCMAKE_INSTALL_PREFIX=/home/mechax/ylh/sentry_vision/install/rm_navigation
[1.678s] -- The C compiler identification is GNU 11.4.0
[1.678s] -- The CXX compiler identification is GNU 11.4.0
[1.678s] -- Detecting C compiler ABI info
[1.678s] -- Detecting C compiler ABI info - done
[1.678s] -- Check for working C compiler: /usr/bin/cc - skipped
[1.678s] -- Detecting C compile features
[1.678s] -- Detecting C compile features - done
[1.678s] -- Detecting CXX compiler ABI info
[1.678s] -- Detecting CXX compiler ABI info - done
[1.678s] -- Check for working CXX compiler: /usr/bin/c++ - skipped
[1.678s] -- Detecting CXX compile features
[1.678s] -- Detecting CXX compile features - done
[1.678s] -- Found ament_cmake_auto: 1.3.6 (/opt/ros/humble/share/ament_cmake_auto/cmake)
[1.678s] -- Found Python3: /usr/bin/python3.10 (found version "3.10.12") found components: Interpreter 
[1.678s] -- Found ament_lint_auto: 0.12.9 (/opt/ros/humble/share/ament_lint_auto/cmake)
[1.679s] -- Added test 'flake8' to check Python code syntax and style conventions
[1.679s] -- Added test 'lint_cmake' to check CMake code style
[1.679s] -- Added test 'pep257' to check Python code against some of the docstring style conventions in PEP 257
[1.679s] -- Added test 'xmllint' to check XML markup files
[1.679s] -- Configuring done
[1.679s] -- Generating done
[1.679s] -- Build files have been written to: /home/mechax/ylh/sentry_vision/build/rm_navigation
[1.679s] [33mCMake Warning:
[1.679s]   Manually-specified variables were not used by the project:
[1.679s] 
[1.679s]     CMAKE_EXPORT_COMPILE_COMMANDS
[1.679s] 
[1.679s] [0m
[1.684s] Invoked command in '/home/mechax/ylh/sentry_vision/build/rm_navigation' returned '0': CMAKE_PREFIX_PATH=/opt/ros/humble /usr/bin/cmake /home/mechax/ylh/sentry_vision/src/rm_navigation -DCMAKE_EXPORT_COMPILE_COMMANDS=ON -DCMAKE_INSTALL_PREFIX=/home/mechax/ylh/sentry_vision/install/rm_navigation
[1.686s] Invoking command in '/home/mechax/ylh/sentry_vision/build/rm_navigation': CMAKE_PREFIX_PATH=/opt/ros/humble /usr/bin/cmake --build /home/mechax/ylh/sentry_vision/build/rm_navigation -- -j16 -l16
[4.213s] Invoked command in '/home/mechax/ylh/sentry_vision/build/rm_navigation' returned '0': CMAKE_PREFIX_PATH=/opt/ros/humble /usr/bin/cmake --build /home/mechax/ylh/sentry_vision/build/rm_navigation -- -j16 -l16
[4.515s] Invoking command in '/home/mechax/ylh/sentry_vision/build/rm_navigation': CMAKE_PREFIX_PATH=/opt/ros/humble /usr/bin/cmake --install /home/mechax/ylh/sentry_vision/build/rm_navigation
[4.591s] -- Install configuration: ""
[4.591s] -- Installing: /home/mechax/ylh/sentry_vision/install/rm_navigation/share/rm_navigation/params
[4.591s] -- Installing: /home/mechax/ylh/sentry_vision/install/rm_navigation/share/rm_navigation/params/nav2_params.yaml
[4.591s] -- Installing: /home/mechax/ylh/sentry_vision/install/rm_navigation/share/rm_navigation/params/mapper_params_online_async.yaml
[4.592s] -- Installing: /home/mechax/ylh/sentry_vision/install/rm_navigation/share/rm_navigation/launch
[4.592s] -- Installing: /home/mechax/ylh/sentry_vision/install/rm_navigation/share/rm_navigation/launch/localization_launch.py
[4.592s] -- Installing: /home/mechax/ylh/sentry_vision/install/rm_navigation/share/rm_navigation/launch/navigation_launch.py
[4.592s] -- Installing: /home/mechax/ylh/sentry_vision/install/rm_navigation/share/rm_navigation/launch/online_async_launch.py
[4.592s] -- Installing: /home/mechax/ylh/sentry_vision/install/rm_navigation/share/rm_navigation/launch/rviz_launch.py
[4.592s] -- Installing: /home/mechax/ylh/sentry_vision/install/rm_navigation/share/rm_navigation/launch/slam_launch.py
[4.592s] -- Installing: /home/mechax/ylh/sentry_vision/install/rm_navigation/share/rm_navigation/launch/bringup_no_amcl_launch.py
[4.592s] -- Installing: /home/mechax/ylh/sentry_vision/install/rm_navigation/share/rm_navigation/launch/bringup_launch.py
[4.592s] -- Installing: /home/mechax/ylh/sentry_vision/install/rm_navigation/share/rm_navigation/map
[4.592s] -- Installing: /home/mechax/ylh/sentry_vision/install/rm_navigation/share/rm_navigation/map/map_1710751221.yaml
[4.592s] -- Installing: /home/mechax/ylh/sentry_vision/install/rm_navigation/share/rm_navigation/map/map_1709367541.pgm
[4.592s] -- Installing: /home/mechax/ylh/sentry_vision/install/rm_navigation/share/rm_navigation/map/map_1711159857.yaml
[4.592s] -- Installing: /home/mechax/ylh/sentry_vision/install/rm_navigation/share/rm_navigation/map/map_1705367110.yaml
[4.592s] -- Installing: /home/mechax/ylh/sentry_vision/install/rm_navigation/share/rm_navigation/map/map_1710420572.pgm
[4.593s] -- Installing: /home/mechax/ylh/sentry_vision/install/rm_navigation/share/rm_navigation/map/map_1709999627.pgm
[4.593s] -- Installing: /home/mechax/ylh/sentry_vision/install/rm_navigation/share/rm_navigation/map/map_1709367541.yaml
[4.593s] -- Installing: /home/mechax/ylh/sentry_vision/install/rm_navigation/share/rm_navigation/map/RMUL.yaml
[4.593s] -- Installing: /home/mechax/ylh/sentry_vision/install/rm_navigation/share/rm_navigation/map/map_1709999627.yaml
[4.593s] -- Installing: /home/mechax/ylh/sentry_vision/install/rm_navigation/share/rm_navigation/map/RMUL.pgm
[4.593s] -- Installing: /home/mechax/ylh/sentry_vision/install/rm_navigation/share/rm_navigation/map/map_1705367110.pgm
[4.593s] -- Installing: /home/mechax/ylh/sentry_vision/install/rm_navigation/share/rm_navigation/map/map_1710420572.yaml
[4.593s] -- Installing: /home/mechax/ylh/sentry_vision/install/rm_navigation/share/rm_navigation/map/map_1710751221.pgm
[4.593s] -- Installing: /home/mechax/ylh/sentry_vision/install/rm_navigation/share/rm_navigation/map/map_1711159857.pgm
[4.593s] -- Installing: /home/mechax/ylh/sentry_vision/install/rm_navigation/share/ament_index/resource_index/package_run_dependencies/rm_navigation
[4.593s] -- Installing: /home/mechax/ylh/sentry_vision/install/rm_navigation/share/ament_index/resource_index/parent_prefix_path/rm_navigation
[4.593s] -- Installing: /home/mechax/ylh/sentry_vision/install/rm_navigation/share/rm_navigation/environment/ament_prefix_path.sh
[4.593s] -- Installing: /home/mechax/ylh/sentry_vision/install/rm_navigation/share/rm_navigation/environment/ament_prefix_path.dsv
[4.593s] -- Installing: /home/mechax/ylh/sentry_vision/install/rm_navigation/share/rm_navigation/environment/path.sh
[4.593s] -- Installing: /home/mechax/ylh/sentry_vision/install/rm_navigation/share/rm_navigation/environment/path.dsv
[4.593s] -- Installing: /home/mechax/ylh/sentry_vision/install/rm_navigation/share/rm_navigation/local_setup.bash
[4.593s] -- Installing: /home/mechax/ylh/sentry_vision/install/rm_navigation/share/rm_navigation/local_setup.sh
[4.593s] -- Installing: /home/mechax/ylh/sentry_vision/install/rm_navigation/share/rm_navigation/local_setup.zsh
[4.594s] -- Installing: /home/mechax/ylh/sentry_vision/install/rm_navigation/share/rm_navigation/local_setup.dsv
[4.594s] -- Installing: /home/mechax/ylh/sentry_vision/install/rm_navigation/share/rm_navigation/package.dsv
[4.594s] -- Installing: /home/mechax/ylh/sentry_vision/install/rm_navigation/share/ament_index/resource_index/packages/rm_navigation
[4.594s] -- Installing: /home/mechax/ylh/sentry_vision/install/rm_navigation/share/rm_navigation/cmake/rm_navigationConfig.cmake
[4.594s] -- Installing: /home/mechax/ylh/sentry_vision/install/rm_navigation/share/rm_navigation/cmake/rm_navigationConfig-version.cmake
[4.594s] -- Installing: /home/mechax/ylh/sentry_vision/install/rm_navigation/share/rm_navigation/package.xml
[4.948s] Invoked command in '/home/mechax/ylh/sentry_vision/build/rm_navigation' returned '0': CMAKE_PREFIX_PATH=/opt/ros/humble /usr/bin/cmake --install /home/mechax/ylh/sentry_vision/build/rm_navigation
