[0.162s] Invoking command in '/home/mechax/ylh/sentry_vision/build/mindvision_camera': CMAKE_PREFIX_PATH=/opt/ros/humble /usr/bin/cmake /home/mechax/ylh/sentry_vision/src/ros2-mindvision-camera -DCMAKE_EXPORT_COMPILE_COMMANDS=ON -DCMAKE_INSTALL_PREFIX=/home/mechax/ylh/sentry_vision/install/mindvision_camera
[0.250s] -- The C compiler identification is GNU 11.4.0
[0.342s] -- The CXX compiler identification is GNU 11.4.0
[0.355s] -- Detecting C compiler ABI info
[0.449s] -- Detecting C compiler ABI info - done
[0.458s] -- Check for working C compiler: /usr/bin/cc - skipped
[0.458s] -- Detecting C compile features
[0.459s] -- Detecting C compile features - done
[0.461s] -- Detecting CXX compiler ABI info
[0.590s] -- Detecting CXX compiler ABI info - done
[0.601s] -- Check for working CXX compiler: /usr/bin/c++ - skipped
[0.602s] -- Detecting CXX compile features
[0.602s] -- Detecting CXX compile features - done
[0.605s] -- Found ament_cmake_auto: 1.3.6 (/opt/ros/humble/share/ament_cmake_auto/cmake)
[1.373s] -- Found Python3: /usr/bin/python3.10 (found version "3.10.12") found components: Interpreter 
[1.658s] -- Found rosidl_generator_c: 3.1.5 (/opt/ros/humble/share/rosidl_generator_c/cmake)
[1.661s] -- Found rosidl_adapter: 3.1.5 (/opt/ros/humble/share/rosidl_adapter/cmake)
[1.668s] -- Found rosidl_generator_cpp: 3.1.5 (/opt/ros/humble/share/rosidl_generator_cpp/cmake)
[1.677s] -- Using all available rosidl_typesupport_c: rosidl_typesupport_fastrtps_c;rosidl_typesupport_introspection_c
[1.693s] -- Using all available rosidl_typesupport_cpp: rosidl_typesupport_fastrtps_cpp;rosidl_typesupport_introspection_cpp
[1.781s] -- Found rmw_implementation_cmake: 6.1.1 (/opt/ros/humble/share/rmw_implementation_cmake/cmake)
[1.790s] -- Found rmw_fastrtps_cpp: 6.2.5 (/opt/ros/humble/share/rmw_fastrtps_cpp/cmake)
[1.932s] -- Found OpenSSL: /usr/lib/x86_64-linux-gnu/libcrypto.so (found version "3.0.2")  
[1.981s] -- Found FastRTPS: /opt/ros/humble/include  
[2.054s] -- Using RMW implementation 'rmw_fastrtps_cpp' as default
[2.070s] -- Looking for pthread.h
[2.224s] -- Looking for pthread.h - found
[2.225s] -- Performing Test CMAKE_HAVE_LIBC_PTHREAD
[2.525s] -- Performing Test CMAKE_HAVE_LIBC_PTHREAD - Success
[2.528s] -- Found Threads: TRUE  
[4.024s] -- Found ament_lint_auto: 0.12.9 (/opt/ros/humble/share/ament_lint_auto/cmake)
[4.084s] -- Added test 'cppcheck' to perform static code analysis on C / C++ code
[4.085s] -- Configured cppcheck include dirs: /home/mechax/ylh/sentry_vision/src/ros2-mindvision-camera/mvsdk/include
[4.085s] -- Configured cppcheck exclude dirs and/or files: 
[4.086s] -- Added test 'flake8' to check Python code syntax and style conventions
[4.087s] -- Added test 'lint_cmake' to check CMake code style
[4.088s] -- Added test 'pep257' to check Python code against some of the docstring style conventions in PEP 257
[4.089s] -- Added test 'xmllint' to check XML markup files
[4.092s] -- Configuring done
[4.142s] -- Generating done
[4.145s] -- Build files have been written to: /home/mechax/ylh/sentry_vision/build/mindvision_camera
[4.244s] Invoked command in '/home/mechax/ylh/sentry_vision/build/mindvision_camera' returned '0': CMAKE_PREFIX_PATH=/opt/ros/humble /usr/bin/cmake /home/mechax/ylh/sentry_vision/src/ros2-mindvision-camera -DCMAKE_EXPORT_COMPILE_COMMANDS=ON -DCMAKE_INSTALL_PREFIX=/home/mechax/ylh/sentry_vision/install/mindvision_camera
[4.245s] Invoking command in '/home/mechax/ylh/sentry_vision/build/mindvision_camera': CMAKE_PREFIX_PATH=/opt/ros/humble /usr/bin/cmake --build /home/mechax/ylh/sentry_vision/build/mindvision_camera -- -j16 -l16
[4.596s] [ 25%] [32mBuilding CXX object CMakeFiles/mindvision_camera.dir/src/mv_camera_node.cpp.o[0m
[4.596s] [ 50%] [32mBuilding CXX object CMakeFiles/mindvision_camera_node.dir/rclcpp_components/node_main_mindvision_camera_node.cpp.o[0m
[21.957s] [ 75%] [32m[1mLinking CXX executable mindvision_camera_node[0m
[22.804s] [ 75%] Built target mindvision_camera_node
[25.427s] [100%] [32m[1mLinking CXX shared library libmindvision_camera.so[0m
[26.111s] [100%] Built target mindvision_camera
[26.191s] Invoked command in '/home/mechax/ylh/sentry_vision/build/mindvision_camera' returned '0': CMAKE_PREFIX_PATH=/opt/ros/humble /usr/bin/cmake --build /home/mechax/ylh/sentry_vision/build/mindvision_camera -- -j16 -l16
[26.586s] Invoking command in '/home/mechax/ylh/sentry_vision/build/mindvision_camera': CMAKE_PREFIX_PATH=/opt/ros/humble /usr/bin/cmake --install /home/mechax/ylh/sentry_vision/build/mindvision_camera
[26.614s] -- Install configuration: ""
[26.614s] -- Installing: /home/mechax/ylh/sentry_vision/install/mindvision_camera/lib/mindvision_camera/mindvision_camera_node
[26.616s] -- Set runtime path of "/home/mechax/ylh/sentry_vision/install/mindvision_camera/lib/mindvision_camera/mindvision_camera_node" to ""
[26.616s] -- Installing: /home/mechax/ylh/sentry_vision/install/mindvision_camera/share/mindvision_camera/environment/library_path.sh
[26.616s] -- Installing: /home/mechax/ylh/sentry_vision/install/mindvision_camera/share/mindvision_camera/environment/library_path.dsv
[26.616s] -- Installing: /home/mechax/ylh/sentry_vision/install/mindvision_camera/lib/libmindvision_camera.so
[26.618s] -- Set runtime path of "/home/mechax/ylh/sentry_vision/install/mindvision_camera/lib/libmindvision_camera.so" to ""
[26.618s] -- Installing: /home/mechax/ylh/sentry_vision/install/mindvision_camera/share/mindvision_camera/config
[26.618s] -- Installing: /home/mechax/ylh/sentry_vision/install/mindvision_camera/share/mindvision_camera/config/camera_info.yaml
[26.618s] -- Installing: /home/mechax/ylh/sentry_vision/install/mindvision_camera/share/mindvision_camera/config/camera_params.yaml
[26.618s] -- Installing: /home/mechax/ylh/sentry_vision/install/mindvision_camera/share/mindvision_camera/launch
[26.618s] -- Installing: /home/mechax/ylh/sentry_vision/install/mindvision_camera/share/mindvision_camera/launch/mv_launch.py
[26.619s] -- Installing: /home/mechax/ylh/sentry_vision/install/mindvision_camera/share/ament_index/resource_index/package_run_dependencies/mindvision_camera
[26.619s] -- Installing: /home/mechax/ylh/sentry_vision/install/mindvision_camera/share/ament_index/resource_index/parent_prefix_path/mindvision_camera
[26.619s] -- Installing: /home/mechax/ylh/sentry_vision/install/mindvision_camera/share/mindvision_camera/environment/ament_prefix_path.sh
[26.619s] -- Installing: /home/mechax/ylh/sentry_vision/install/mindvision_camera/share/mindvision_camera/environment/ament_prefix_path.dsv
[26.619s] -- Installing: /home/mechax/ylh/sentry_vision/install/mindvision_camera/share/mindvision_camera/environment/path.sh
[26.620s] -- Installing: /home/mechax/ylh/sentry_vision/install/mindvision_camera/share/mindvision_camera/environment/path.dsv
[26.620s] -- Installing: /home/mechax/ylh/sentry_vision/install/mindvision_camera/share/mindvision_camera/local_setup.bash
[26.620s] -- Installing: /home/mechax/ylh/sentry_vision/install/mindvision_camera/share/mindvision_camera/local_setup.sh
[26.620s] -- Installing: /home/mechax/ylh/sentry_vision/install/mindvision_camera/share/mindvision_camera/local_setup.zsh
[26.620s] -- Installing: /home/mechax/ylh/sentry_vision/install/mindvision_camera/share/mindvision_camera/local_setup.dsv
[26.621s] -- Installing: /home/mechax/ylh/sentry_vision/install/mindvision_camera/share/mindvision_camera/package.dsv
[26.621s] -- Installing: /home/mechax/ylh/sentry_vision/install/mindvision_camera/share/ament_index/resource_index/packages/mindvision_camera
[26.621s] -- Installing: /home/mechax/ylh/sentry_vision/install/mindvision_camera/share/ament_index/resource_index/rclcpp_components/mindvision_camera
[26.622s] -- Installing: /home/mechax/ylh/sentry_vision/install/mindvision_camera/share/mindvision_camera/cmake/ament_cmake_export_dependencies-extras.cmake
[26.622s] -- Installing: /home/mechax/ylh/sentry_vision/install/mindvision_camera/share/mindvision_camera/cmake/ament_cmake_export_libraries-extras.cmake
[26.622s] -- Installing: /home/mechax/ylh/sentry_vision/install/mindvision_camera/share/mindvision_camera/cmake/mindvision_cameraConfig.cmake
[26.622s] -- Installing: /home/mechax/ylh/sentry_vision/install/mindvision_camera/share/mindvision_camera/cmake/mindvision_cameraConfig-version.cmake
[26.622s] -- Installing: /home/mechax/ylh/sentry_vision/install/mindvision_camera/share/mindvision_camera/package.xml
[26.638s] Invoked command in '/home/mechax/ylh/sentry_vision/build/mindvision_camera' returned '0': CMAKE_PREFIX_PATH=/opt/ros/humble /usr/bin/cmake --install /home/mechax/ylh/sentry_vision/build/mindvision_camera
