[0.038s] Invoking command in '/home/mechax/ylh/sentry_vision/build/rm_vision_bringup': AMENT_PREFIX_PATH=/home/mechax/ylh/sentry_vision/install/rm_auto_aim:/home/mechax/ylh/sentry_vision/install/rm_serial_driver:/home/mechax/ylh/sentry_vision/install/armor_tracker:/home/mechax/ylh/sentry_vision/install/armor_detector:/home/mechax/ylh/sentry_vision/install/rm_decision_interfaces:/home/mechax/ylh/sentry_vision/install/auto_aim_interfaces:${AMENT_PREFIX_PATH} CMAKE_PREFIX_PATH=/home/mechax/ylh/sentry_vision/install/rm_auto_aim:/home/mechax/ylh/sentry_vision/install/rm_serial_driver:/home/mechax/ylh/sentry_vision/install/armor_tracker:/home/mechax/ylh/sentry_vision/install/armor_detector:/home/mechax/ylh/sentry_vision/install/rm_decision_interfaces:/home/mechax/ylh/sentry_vision/install/auto_aim_interfaces:/opt/ros/humble LD_LIBRARY_PATH=/home/mechax/ylh/sentry_vision/install/rm_serial_driver/lib:/home/mechax/ylh/sentry_vision/install/armor_tracker/lib:/home/mechax/ylh/sentry_vision/install/armor_detector/lib:/home/mechax/ylh/sentry_vision/install/rm_decision_interfaces/lib:/home/mechax/ylh/sentry_vision/install/auto_aim_interfaces/lib:${LD_LIBRARY_PATH} PYTHONPATH=/home/mechax/ylh/sentry_vision/install/rm_decision_interfaces/local/lib/python3.10/dist-packages:/home/mechax/ylh/sentry_vision/install/auto_aim_interfaces/local/lib/python3.10/dist-packages:${PYTHONPATH} /usr/bin/cmake /home/mechax/ylh/sentry_vision/src/rm_vision/rm_vision_bringup -DCMAKE_EXPORT_COMPILE_COMMANDS=ON -DCMAKE_INSTALL_PREFIX=/home/mechax/ylh/sentry_vision/install/rm_vision_bringup
[0.077s] -- The C compiler identification is GNU 11.4.0
[0.116s] -- The CXX compiler identification is GNU 11.4.0
[0.122s] -- Detecting C compiler ABI info
[0.171s] -- Detecting C compiler ABI info - done
[0.181s] -- Check for working C compiler: /usr/bin/cc - skipped
[0.181s] -- Detecting C compile features
[0.181s] -- Detecting C compile features - done
[0.185s] -- Detecting CXX compiler ABI info
[0.284s] -- Detecting CXX compiler ABI info - done
[0.294s] -- Check for working CXX compiler: /usr/bin/c++ - skipped
[0.294s] -- Detecting CXX compile features
[0.294s] -- Detecting CXX compile features - done
[0.298s] -- Found ament_cmake_auto: 1.3.6 (/opt/ros/humble/share/ament_cmake_auto/cmake)
[0.811s] -- Found Python3: /usr/bin/python3.10 (found version "3.10.12") found components: Interpreter 
[0.956s] -- Found ament_lint_auto: 0.12.9 (/opt/ros/humble/share/ament_lint_auto/cmake)
[1.054s] -- Configuring done
[1.058s] -- Generating done
[1.058s] [33mCMake Warning:
[1.058s]   Manually-specified variables were not used by the project:
[1.058s] 
[1.059s]     CMAKE_EXPORT_COMPILE_COMMANDS
[1.059s] 
[1.059s] [0m
[1.059s] -- Build files have been written to: /home/mechax/ylh/sentry_vision/build/rm_vision_bringup
[1.066s] Invoked command in '/home/mechax/ylh/sentry_vision/build/rm_vision_bringup' returned '0': AMENT_PREFIX_PATH=/home/mechax/ylh/sentry_vision/install/rm_auto_aim:/home/mechax/ylh/sentry_vision/install/rm_serial_driver:/home/mechax/ylh/sentry_vision/install/armor_tracker:/home/mechax/ylh/sentry_vision/install/armor_detector:/home/mechax/ylh/sentry_vision/install/rm_decision_interfaces:/home/mechax/ylh/sentry_vision/install/auto_aim_interfaces:${AMENT_PREFIX_PATH} CMAKE_PREFIX_PATH=/home/mechax/ylh/sentry_vision/install/rm_auto_aim:/home/mechax/ylh/sentry_vision/install/rm_serial_driver:/home/mechax/ylh/sentry_vision/install/armor_tracker:/home/mechax/ylh/sentry_vision/install/armor_detector:/home/mechax/ylh/sentry_vision/install/rm_decision_interfaces:/home/mechax/ylh/sentry_vision/install/auto_aim_interfaces:/opt/ros/humble LD_LIBRARY_PATH=/home/mechax/ylh/sentry_vision/install/rm_serial_driver/lib:/home/mechax/ylh/sentry_vision/install/armor_tracker/lib:/home/mechax/ylh/sentry_vision/install/armor_detector/lib:/home/mechax/ylh/sentry_vision/install/rm_decision_interfaces/lib:/home/mechax/ylh/sentry_vision/install/auto_aim_interfaces/lib:${LD_LIBRARY_PATH} PYTHONPATH=/home/mechax/ylh/sentry_vision/install/rm_decision_interfaces/local/lib/python3.10/dist-packages:/home/mechax/ylh/sentry_vision/install/auto_aim_interfaces/local/lib/python3.10/dist-packages:${PYTHONPATH} /usr/bin/cmake /home/mechax/ylh/sentry_vision/src/rm_vision/rm_vision_bringup -DCMAKE_EXPORT_COMPILE_COMMANDS=ON -DCMAKE_INSTALL_PREFIX=/home/mechax/ylh/sentry_vision/install/rm_vision_bringup
[1.069s] Invoking command in '/home/mechax/ylh/sentry_vision/build/rm_vision_bringup': AMENT_PREFIX_PATH=/home/mechax/ylh/sentry_vision/install/rm_auto_aim:/home/mechax/ylh/sentry_vision/install/rm_serial_driver:/home/mechax/ylh/sentry_vision/install/armor_tracker:/home/mechax/ylh/sentry_vision/install/armor_detector:/home/mechax/ylh/sentry_vision/install/rm_decision_interfaces:/home/mechax/ylh/sentry_vision/install/auto_aim_interfaces:${AMENT_PREFIX_PATH} CMAKE_PREFIX_PATH=/home/mechax/ylh/sentry_vision/install/rm_auto_aim:/home/mechax/ylh/sentry_vision/install/rm_serial_driver:/home/mechax/ylh/sentry_vision/install/armor_tracker:/home/mechax/ylh/sentry_vision/install/armor_detector:/home/mechax/ylh/sentry_vision/install/rm_decision_interfaces:/home/mechax/ylh/sentry_vision/install/auto_aim_interfaces:/opt/ros/humble LD_LIBRARY_PATH=/home/mechax/ylh/sentry_vision/install/rm_serial_driver/lib:/home/mechax/ylh/sentry_vision/install/armor_tracker/lib:/home/mechax/ylh/sentry_vision/install/armor_detector/lib:/home/mechax/ylh/sentry_vision/install/rm_decision_interfaces/lib:/home/mechax/ylh/sentry_vision/install/auto_aim_interfaces/lib:${LD_LIBRARY_PATH} PYTHONPATH=/home/mechax/ylh/sentry_vision/install/rm_decision_interfaces/local/lib/python3.10/dist-packages:/home/mechax/ylh/sentry_vision/install/auto_aim_interfaces/local/lib/python3.10/dist-packages:${PYTHONPATH} /usr/bin/cmake --build /home/mechax/ylh/sentry_vision/build/rm_vision_bringup -- -j16 -l16
[1.126s] Invoked command in '/home/mechax/ylh/sentry_vision/build/rm_vision_bringup' returned '0': AMENT_PREFIX_PATH=/home/mechax/ylh/sentry_vision/install/rm_auto_aim:/home/mechax/ylh/sentry_vision/install/rm_serial_driver:/home/mechax/ylh/sentry_vision/install/armor_tracker:/home/mechax/ylh/sentry_vision/install/armor_detector:/home/mechax/ylh/sentry_vision/install/rm_decision_interfaces:/home/mechax/ylh/sentry_vision/install/auto_aim_interfaces:${AMENT_PREFIX_PATH} CMAKE_PREFIX_PATH=/home/mechax/ylh/sentry_vision/install/rm_auto_aim:/home/mechax/ylh/sentry_vision/install/rm_serial_driver:/home/mechax/ylh/sentry_vision/install/armor_tracker:/home/mechax/ylh/sentry_vision/install/armor_detector:/home/mechax/ylh/sentry_vision/install/rm_decision_interfaces:/home/mechax/ylh/sentry_vision/install/auto_aim_interfaces:/opt/ros/humble LD_LIBRARY_PATH=/home/mechax/ylh/sentry_vision/install/rm_serial_driver/lib:/home/mechax/ylh/sentry_vision/install/armor_tracker/lib:/home/mechax/ylh/sentry_vision/install/armor_detector/lib:/home/mechax/ylh/sentry_vision/install/rm_decision_interfaces/lib:/home/mechax/ylh/sentry_vision/install/auto_aim_interfaces/lib:${LD_LIBRARY_PATH} PYTHONPATH=/home/mechax/ylh/sentry_vision/install/rm_decision_interfaces/local/lib/python3.10/dist-packages:/home/mechax/ylh/sentry_vision/install/auto_aim_interfaces/local/lib/python3.10/dist-packages:${PYTHONPATH} /usr/bin/cmake --build /home/mechax/ylh/sentry_vision/build/rm_vision_bringup -- -j16 -l16
[1.159s] Invoking command in '/home/mechax/ylh/sentry_vision/build/rm_vision_bringup': AMENT_PREFIX_PATH=/home/mechax/ylh/sentry_vision/install/rm_auto_aim:/home/mechax/ylh/sentry_vision/install/rm_serial_driver:/home/mechax/ylh/sentry_vision/install/armor_tracker:/home/mechax/ylh/sentry_vision/install/armor_detector:/home/mechax/ylh/sentry_vision/install/rm_decision_interfaces:/home/mechax/ylh/sentry_vision/install/auto_aim_interfaces:${AMENT_PREFIX_PATH} CMAKE_PREFIX_PATH=/home/mechax/ylh/sentry_vision/install/rm_auto_aim:/home/mechax/ylh/sentry_vision/install/rm_serial_driver:/home/mechax/ylh/sentry_vision/install/armor_tracker:/home/mechax/ylh/sentry_vision/install/armor_detector:/home/mechax/ylh/sentry_vision/install/rm_decision_interfaces:/home/mechax/ylh/sentry_vision/install/auto_aim_interfaces:/opt/ros/humble LD_LIBRARY_PATH=/home/mechax/ylh/sentry_vision/install/rm_serial_driver/lib:/home/mechax/ylh/sentry_vision/install/armor_tracker/lib:/home/mechax/ylh/sentry_vision/install/armor_detector/lib:/home/mechax/ylh/sentry_vision/install/rm_decision_interfaces/lib:/home/mechax/ylh/sentry_vision/install/auto_aim_interfaces/lib:${LD_LIBRARY_PATH} PYTHONPATH=/home/mechax/ylh/sentry_vision/install/rm_decision_interfaces/local/lib/python3.10/dist-packages:/home/mechax/ylh/sentry_vision/install/auto_aim_interfaces/local/lib/python3.10/dist-packages:${PYTHONPATH} /usr/bin/cmake --install /home/mechax/ylh/sentry_vision/build/rm_vision_bringup
[1.170s] -- Install configuration: ""
[1.170s] -- Installing: /home/mechax/ylh/sentry_vision/install/rm_vision_bringup/share/rm_vision_bringup/launch
[1.170s] -- Installing: /home/mechax/ylh/sentry_vision/install/rm_vision_bringup/share/rm_vision_bringup/launch/nav.launch.py
[1.170s] -- Installing: /home/mechax/ylh/sentry_vision/install/rm_vision_bringup/share/rm_vision_bringup/launch/common.py
[1.170s] -- Installing: /home/mechax/ylh/sentry_vision/install/rm_vision_bringup/share/rm_vision_bringup/launch/vision_bringup.launch.py
[1.171s] -- Installing: /home/mechax/ylh/sentry_vision/install/rm_vision_bringup/share/rm_vision_bringup/launch/no_hardware.launch.py
[1.171s] -- Installing: /home/mechax/ylh/sentry_vision/install/rm_vision_bringup/share/rm_vision_bringup/launch/addMVlaunch.py
[1.171s] -- Installing: /home/mechax/ylh/sentry_vision/install/rm_vision_bringup/share/rm_vision_bringup/launch/addVisualCamera.py
[1.171s] -- Installing: /home/mechax/ylh/sentry_vision/install/rm_vision_bringup/share/rm_vision_bringup/launch/test.launch.py
[1.171s] -- Installing: /home/mechax/ylh/sentry_vision/install/rm_vision_bringup/share/rm_vision_bringup/config
[1.171s] -- Installing: /home/mechax/ylh/sentry_vision/install/rm_vision_bringup/share/rm_vision_bringup/config/camera_info.yaml
[1.171s] -- Installing: /home/mechax/ylh/sentry_vision/install/rm_vision_bringup/share/rm_vision_bringup/config/node_params.yaml
[1.171s] -- Installing: /home/mechax/ylh/sentry_vision/install/rm_vision_bringup/share/rm_vision_bringup/config/launch_params.yaml
[1.171s] -- Installing: /home/mechax/ylh/sentry_vision/install/rm_vision_bringup/share/ament_index/resource_index/package_run_dependencies/rm_vision_bringup
[1.172s] -- Installing: /home/mechax/ylh/sentry_vision/install/rm_vision_bringup/share/ament_index/resource_index/parent_prefix_path/rm_vision_bringup
[1.172s] -- Installing: /home/mechax/ylh/sentry_vision/install/rm_vision_bringup/share/rm_vision_bringup/environment/ament_prefix_path.sh
[1.172s] -- Installing: /home/mechax/ylh/sentry_vision/install/rm_vision_bringup/share/rm_vision_bringup/environment/ament_prefix_path.dsv
[1.172s] -- Installing: /home/mechax/ylh/sentry_vision/install/rm_vision_bringup/share/rm_vision_bringup/environment/path.sh
[1.172s] -- Installing: /home/mechax/ylh/sentry_vision/install/rm_vision_bringup/share/rm_vision_bringup/environment/path.dsv
[1.173s] -- Installing: /home/mechax/ylh/sentry_vision/install/rm_vision_bringup/share/rm_vision_bringup/local_setup.bash
[1.173s] -- Installing: /home/mechax/ylh/sentry_vision/install/rm_vision_bringup/share/rm_vision_bringup/local_setup.sh
[1.173s] -- Installing: /home/mechax/ylh/sentry_vision/install/rm_vision_bringup/share/rm_vision_bringup/local_setup.zsh
[1.173s] -- Installing: /home/mechax/ylh/sentry_vision/install/rm_vision_bringup/share/rm_vision_bringup/local_setup.dsv
[1.173s] -- Installing: /home/mechax/ylh/sentry_vision/install/rm_vision_bringup/share/rm_vision_bringup/package.dsv
[1.173s] -- Installing: /home/mechax/ylh/sentry_vision/install/rm_vision_bringup/share/ament_index/resource_index/packages/rm_vision_bringup
[1.174s] -- Installing: /home/mechax/ylh/sentry_vision/install/rm_vision_bringup/share/rm_vision_bringup/cmake/rm_vision_bringupConfig.cmake
[1.174s] -- Installing: /home/mechax/ylh/sentry_vision/install/rm_vision_bringup/share/rm_vision_bringup/cmake/rm_vision_bringupConfig-version.cmake
[1.174s] -- Installing: /home/mechax/ylh/sentry_vision/install/rm_vision_bringup/share/rm_vision_bringup/package.xml
[1.177s] Invoked command in '/home/mechax/ylh/sentry_vision/build/rm_vision_bringup' returned '0': AMENT_PREFIX_PATH=/home/mechax/ylh/sentry_vision/install/rm_auto_aim:/home/mechax/ylh/sentry_vision/install/rm_serial_driver:/home/mechax/ylh/sentry_vision/install/armor_tracker:/home/mechax/ylh/sentry_vision/install/armor_detector:/home/mechax/ylh/sentry_vision/install/rm_decision_interfaces:/home/mechax/ylh/sentry_vision/install/auto_aim_interfaces:${AMENT_PREFIX_PATH} CMAKE_PREFIX_PATH=/home/mechax/ylh/sentry_vision/install/rm_auto_aim:/home/mechax/ylh/sentry_vision/install/rm_serial_driver:/home/mechax/ylh/sentry_vision/install/armor_tracker:/home/mechax/ylh/sentry_vision/install/armor_detector:/home/mechax/ylh/sentry_vision/install/rm_decision_interfaces:/home/mechax/ylh/sentry_vision/install/auto_aim_interfaces:/opt/ros/humble LD_LIBRARY_PATH=/home/mechax/ylh/sentry_vision/install/rm_serial_driver/lib:/home/mechax/ylh/sentry_vision/install/armor_tracker/lib:/home/mechax/ylh/sentry_vision/install/armor_detector/lib:/home/mechax/ylh/sentry_vision/install/rm_decision_interfaces/lib:/home/mechax/ylh/sentry_vision/install/auto_aim_interfaces/lib:${LD_LIBRARY_PATH} PYTHONPATH=/home/mechax/ylh/sentry_vision/install/rm_decision_interfaces/local/lib/python3.10/dist-packages:/home/mechax/ylh/sentry_vision/install/auto_aim_interfaces/local/lib/python3.10/dist-packages:${PYTHONPATH} /usr/bin/cmake --install /home/mechax/ylh/sentry_vision/build/rm_vision_bringup
