[0.230s] Invoking command in '/home/mechax/ylh/sentry_vision/build/livox_ros_driver2': CMAKE_PREFIX_PATH=/opt/ros/humble /usr/bin/cmake /home/mechax/ylh/sentry_vision/src/rm_sensors/livox_ros_driver2 -DCMAKE_EXPORT_COMPILE_COMMANDS=ON -DCMAKE_INSTALL_PREFIX=/home/mechax/ylh/sentry_vision/install/livox_ros_driver2
[0.334s] -- The C compiler identification is GNU 11.4.0
[0.429s] -- The CXX compiler identification is GNU 11.4.0
[0.437s] -- Detecting C compiler ABI info
[0.532s] -- Detecting C compiler ABI info - done
[0.541s] -- Check for working C compiler: /usr/bin/cc - skipped
[0.543s] -- Detecting C compile features
[0.543s] -- Detecting C compile features - done
[0.546s] -- Detecting CXX compiler ABI info
[0.664s] -- Detecting CXX compiler ABI info - done
[0.680s] -- Check for working CXX compiler: /usr/bin/c++ - skipped
[0.681s] -- Detecting CXX compile features
[0.681s] -- Detecting CXX compile features - done
[0.683s] -- livox_ros_driver2 version: 1.0.0
[0.684s] -- Found ament_cmake_auto: 1.3.6 (/opt/ros/humble/share/ament_cmake_auto/cmake)
[1.428s] -- Found Python3: /usr/bin/python3.10 (found version "3.10.12") found components: Interpreter 
[1.616s] -- Using all available rosidl_typesupport_c: rosidl_typesupport_fastrtps_c;rosidl_typesupport_introspection_c
[1.625s] -- Found rosidl_adapter: 3.1.5 (/opt/ros/humble/share/rosidl_adapter/cmake)
[1.685s] -- Using all available rosidl_typesupport_cpp: rosidl_typesupport_fastrtps_cpp;rosidl_typesupport_introspection_cpp
[1.804s] -- Found rmw_implementation_cmake: 6.1.1 (/opt/ros/humble/share/rmw_implementation_cmake/cmake)
[1.808s] -- Found rmw_fastrtps_cpp: 6.2.5 (/opt/ros/humble/share/rmw_fastrtps_cpp/cmake)
[1.933s] -- Found OpenSSL: /usr/lib/x86_64-linux-gnu/libcrypto.so (found version "3.0.2")  
[1.968s] -- Found FastRTPS: /opt/ros/humble/include  
[2.031s] -- Using RMW implementation 'rmw_fastrtps_cpp' as default
[2.049s] -- Looking for pthread.h
[2.245s] -- Looking for pthread.h - found
[2.246s] -- Performing Test CMAKE_HAVE_LIBC_PTHREAD
[2.517s] -- Performing Test CMAKE_HAVE_LIBC_PTHREAD - Success
[2.518s] -- Found Threads: TRUE  
[3.920s] -- Checking for module 'eigen3'
[4.040s] --   Found eigen3, version 3.4.0
[4.322s] -- Found Eigen: /usr/include/eigen3 (Required is at least version "3.1") 
[4.322s] -- Eigen found (include: /usr/include/eigen3, version: 3.4.0)
[4.367s] -- Found Boost: /usr/lib/x86_64-linux-gnu/cmake/Boost-1.74.0/BoostConfig.cmake (found suitable version "1.74.0", minimum required is "1.65.0") found components: system filesystem date_time iostreams serialization 
[4.403s] -- Checking for module 'flann'
[4.526s] --   Found flann, version 1.9.1
[4.844s] -- Found FLANN: /usr/lib/x86_64-linux-gnu/libflann_cpp.so  
[4.844s] -- FLANN found (include: /usr/include, lib: /usr/lib/x86_64-linux-gnu/libflann_cpp.so)
[4.941s] -- Found GLEW: /usr/lib/x86_64-linux-gnu/libGLEW.so  
[5.021s] -- Found OpenGL: /usr/lib/x86_64-linux-gnu/libOpenGL.so  found components: OpenGL GLX 
[5.751s] -- Found MPI_C: /usr/lib/x86_64-linux-gnu/libmpi.so (found version "3.1") 
[5.752s] -- Found MPI: TRUE (found version "3.1") found components: C 
[5.758s] -- Found JsonCpp: /usr/lib/x86_64-linux-gnu/libjsoncpp.so (found suitable version "1.9.5", minimum required is "0.7.0") 
[5.780s] -- Found ZLIB: /usr/lib/x86_64-linux-gnu/libz.so (found version "1.2.11") 
[5.846s] -- Found PNG: /usr/lib/x86_64-linux-gnu/libpng.so (found version "1.6.37") 
[5.904s] -- Found Eigen3: /usr/include/eigen3 (found version "3.4.0") 
[6.620s] -- Found X11: /usr/include   
[6.626s] -- Looking for XOpenDisplay in /usr/lib/x86_64-linux-gnu/libX11.so;/usr/lib/x86_64-linux-gnu/libXext.so
[7.053s] -- Looking for XOpenDisplay in /usr/lib/x86_64-linux-gnu/libX11.so;/usr/lib/x86_64-linux-gnu/libXext.so - found
[7.053s] -- Looking for gethostbyname
[7.428s] -- Looking for gethostbyname - found
[7.429s] -- Looking for connect
[7.815s] -- Looking for connect - found
[7.815s] -- Looking for remove
[8.226s] -- Looking for remove - found
[8.226s] -- Looking for shmat
[8.751s] -- Looking for shmat - found
[8.752s] -- Looking for IceConnectionNumber in ICE
[9.254s] -- Looking for IceConnectionNumber in ICE - found
[9.964s] -- Found EXPAT: /usr/lib/x86_64-linux-gnu/libexpat.so (found version "2.4.7") 
[9.968s] -- Found double-conversion: /usr/lib/x86_64-linux-gnu/libdouble-conversion.so  
[9.977s] -- Found LZ4: /usr/lib/x86_64-linux-gnu/liblz4.so (found version "1.9.3") 
[10.000s] -- Found LZMA: /usr/lib/x86_64-linux-gnu/liblzma.so (found version "5.2.5") 
[10.090s] -- Found JPEG: /usr/lib/x86_64-linux-gnu/libjpeg.so (found version "80") 
[10.130s] -- Found TIFF: /usr/lib/x86_64-linux-gnu/libtiff.so (found version "4.3.0")  
[10.143s] -- Found Freetype: /usr/lib/x86_64-linux-gnu/libfreetype.so (found version "2.11.1") 
[10.181s] -- Found utf8cpp: /usr/include/utf8cpp  
[10.769s] -- Checking for module 'libusb-1.0'
[10.889s] --   Found libusb-1.0, version 1.0.25
[11.297s] -- Found libusb: /usr/lib/x86_64-linux-gnu/libusb-1.0.so  
[11.308s] -- Found OpenNI: /usr/lib/libOpenNI.so;libusb::libusb (found version "1.5.4.0") 
[11.309s] -- OpenNI found (version: 1.5.4.0, include: /usr/include/ni, lib: /usr/lib/libOpenNI.so;libusb::libusb)
[11.948s] -- Found OpenNI2: /usr/lib/x86_64-linux-gnu/libOpenNI2.so;libusb::libusb (found version "2.2.0.33") 
[11.949s] -- OpenNI2 found (version: 2.2.0.33, include: /usr/include/openni2, lib: /usr/lib/x86_64-linux-gnu/libOpenNI2.so;libusb::libusb)
[11.949s] [0m** WARNING ** io features related to pcap will be disabled[0m
[12.656s] -- Eigen found (include: /usr/include/eigen3, version: 3.4.0)
[12.688s] -- OpenNI found (version: 1.5.4.0, include: /usr/include/ni, lib: /usr/lib/libOpenNI.so;libusb::libusb)
[12.724s] -- OpenNI2 found (version: 2.2.0.33, include: /usr/include/openni2, lib: /usr/lib/x86_64-linux-gnu/libOpenNI2.so;libusb::libusb)
[13.437s] -- Found Qhull version 8.0.2
[14.376s] -- OpenNI found (version: 1.5.4.0, include: /usr/include/ni, lib: /usr/lib/libOpenNI.so;libusb::libusb)
[15.032s] -- looking for PCL_COMMON
[15.035s] -- Found PCL_COMMON: /usr/lib/x86_64-linux-gnu/libpcl_common.so  
[15.047s] -- looking for PCL_KDTREE
[15.053s] -- Found PCL_KDTREE: /usr/lib/x86_64-linux-gnu/libpcl_kdtree.so  
[15.054s] -- looking for PCL_OCTREE
[15.063s] -- Found PCL_OCTREE: /usr/lib/x86_64-linux-gnu/libpcl_octree.so  
[15.063s] -- looking for PCL_SEARCH
[15.075s] -- Found PCL_SEARCH: /usr/lib/x86_64-linux-gnu/libpcl_search.so  
[15.078s] -- looking for PCL_SAMPLE_CONSENSUS
[15.095s] -- Found PCL_SAMPLE_CONSENSUS: /usr/lib/x86_64-linux-gnu/libpcl_sample_consensus.so  
[15.095s] -- looking for PCL_FILTERS
[15.098s] -- Found PCL_FILTERS: /usr/lib/x86_64-linux-gnu/libpcl_filters.so  
[15.098s] -- looking for PCL_2D
[15.099s] -- Found PCL_2D: /usr/include/pcl-1.12  
[15.099s] -- looking for PCL_GEOMETRY
[15.103s] -- Found PCL_GEOMETRY: /usr/include/pcl-1.12  
[15.104s] -- looking for PCL_IO
[15.124s] -- Found PCL_IO: /usr/lib/x86_64-linux-gnu/libpcl_io.so  
[15.124s] -- looking for PCL_FEATURES
[15.139s] -- Found PCL_FEATURES: /usr/lib/x86_64-linux-gnu/libpcl_features.so  
[15.139s] -- looking for PCL_ML
[15.142s] -- Found PCL_ML: /usr/lib/x86_64-linux-gnu/libpcl_ml.so  
[15.143s] -- looking for PCL_SEGMENTATION
[15.147s] -- Found PCL_SEGMENTATION: /usr/lib/x86_64-linux-gnu/libpcl_segmentation.so  
[15.147s] -- looking for PCL_VISUALIZATION
[15.155s] -- Found PCL_VISUALIZATION: /usr/lib/x86_64-linux-gnu/libpcl_visualization.so  
[15.155s] -- looking for PCL_SURFACE
[15.171s] -- Found PCL_SURFACE: /usr/lib/x86_64-linux-gnu/libpcl_surface.so  
[15.171s] -- looking for PCL_REGISTRATION
[15.174s] -- Found PCL_REGISTRATION: /usr/lib/x86_64-linux-gnu/libpcl_registration.so  
[15.174s] -- looking for PCL_KEYPOINTS
[15.178s] -- Found PCL_KEYPOINTS: /usr/lib/x86_64-linux-gnu/libpcl_keypoints.so  
[15.178s] -- looking for PCL_TRACKING
[15.180s] -- Found PCL_TRACKING: /usr/lib/x86_64-linux-gnu/libpcl_tracking.so  
[15.181s] -- looking for PCL_RECOGNITION
[15.208s] -- Found PCL_RECOGNITION: /usr/lib/x86_64-linux-gnu/libpcl_recognition.so  
[15.209s] -- looking for PCL_STEREO
[15.225s] -- Found PCL_STEREO: /usr/lib/x86_64-linux-gnu/libpcl_stereo.so  
[15.225s] -- looking for PCL_APPS
[15.239s] -- Found PCL_APPS: /usr/lib/x86_64-linux-gnu/libpcl_apps.so  
[15.240s] -- looking for PCL_IN_HAND_SCANNER
[15.241s] -- Found PCL_IN_HAND_SCANNER: /usr/include/pcl-1.12  
[15.241s] -- looking for PCL_MODELER
[15.242s] -- Found PCL_MODELER: /usr/include/pcl-1.12  
[15.242s] -- looking for PCL_POINT_CLOUD_EDITOR
[15.243s] -- Found PCL_POINT_CLOUD_EDITOR: /usr/include/pcl-1.12  
[15.243s] -- looking for PCL_OUTOFCORE
[15.245s] -- Found PCL_OUTOFCORE: /usr/lib/x86_64-linux-gnu/libpcl_outofcore.so  
[15.246s] -- looking for PCL_PEOPLE
[15.251s] -- Found PCL_PEOPLE: /usr/lib/x86_64-linux-gnu/libpcl_people.so  
[15.267s] -- Found PCL: pcl_common;pcl_kdtree;pcl_octree;pcl_search;pcl_sample_consensus;pcl_filters;pcl_io;pcl_features;pcl_ml;pcl_segmentation;pcl_visualization;pcl_surface;pcl_registration;pcl_keypoints;pcl_tracking;pcl_recognition;pcl_stereo;pcl_apps;pcl_outofcore;pcl_people;Boost::system;Boost::filesystem;Boost::date_time;Boost::iostreams;Boost::serialization;/usr/lib/libOpenNI.so;libusb::libusb;/usr/lib/x86_64-linux-gnu/libOpenNI2.so;libusb::libusb;VTK::ChartsCore;VTK::CommonColor;VTK::CommonComputationalGeometry;VTK::CommonCore;VTK::CommonDataModel;VTK::CommonExecutionModel;VTK::CommonMath;VTK::CommonMisc;VTK::CommonTransforms;VTK::FiltersCore;VTK::FiltersExtraction;VTK::FiltersGeneral;VTK::FiltersGeometry;VTK::FiltersModeling;VTK::FiltersSources;VTK::ImagingCore;VTK::ImagingSources;VTK::InteractionImage;VTK::InteractionStyle;VTK::InteractionWidgets;VTK::IOCore;VTK::IOGeometry;VTK::IOImage;VTK::IOLegacy;VTK::IOPLY;VTK::RenderingAnnotation;VTK::RenderingCore;VTK::RenderingContext2D;VTK::RenderingLOD;VTK::RenderingFreeType;VTK::ViewsCore;VTK::ViewsContext2D;VTK::RenderingOpenGL2;VTK::GUISupportQt;FLANN::FLANN;QHULL::QHULL  
[15.289s] -- Found PkgConfig: /usr/bin/pkg-config (found version "0.29.2") 
[15.291s] -- Checking for module 'apr-1'
[15.311s] --   No package 'apr-1' found
[16.552s] -- Found ament_cmake_ros: 0.10.0 (/opt/ros/humble/share/ament_cmake_ros/cmake)
[17.313s] -- Using all available rosidl_typesupport_c: rosidl_typesupport_fastrtps_c;rosidl_typesupport_introspection_c
[18.592s] -- Using all available rosidl_typesupport_cpp: rosidl_typesupport_fastrtps_cpp;rosidl_typesupport_introspection_cpp
[18.688s] -- Found PythonInterp: /usr/bin/python3 (found suitable version "3.10.12", minimum required is "3.6") 
[18.691s] -- Found python_cmake_module: 0.10.0 (/opt/ros/humble/share/python_cmake_module/cmake)
[18.807s] -- Found PythonLibs: /usr/lib/x86_64-linux-gnu/libpython3.10.so (found suitable version "3.10.12", minimum required is "3.5") 
[18.807s] -- Using PYTHON_EXECUTABLE: /usr/bin/python3
[18.807s] -- Using PYTHON_INCLUDE_DIRS: /usr/include/python3.10
[18.807s] -- Using PYTHON_LIBRARIES: /usr/lib/x86_64-linux-gnu/libpython3.10.so
[18.870s] -- Found PythonExtra: .so  
[19.075s] [0m/usr/local/lib/liblivox_lidar_sdk_shared.so[0m
[19.351s] -- Found ament_lint_auto: 0.12.9 (/opt/ros/humble/share/ament_lint_auto/cmake)
[19.425s] -- Added test 'copyright' to check source files copyright and LICENSE
[19.432s] -- Added test 'cppcheck' to perform static code analysis on C / C++ code
[19.447s] -- Configured cppcheck include dirs: /home/mechax/ylh/sentry_vision/src/rm_sensors/livox_ros_driver2/3rdparty;/home/mechax/ylh/sentry_vision/src/rm_sensors/livox_ros_driver2/src
[19.448s] -- Configured cppcheck exclude dirs and/or files: 
[19.475s] -- Added test 'cpplint' to check C / C++ code against the Google style
[19.475s] -- Configured cpplint exclude dirs and/or files: 
[19.481s] -- Added test 'flake8' to check Python code syntax and style conventions
[19.484s] -- Added test 'lint_cmake' to check CMake code style
[19.485s] -- Added test 'pep257' to check Python code against some of the docstring style conventions in PEP 257
[19.512s] -- Added test 'uncrustify' to check C / C++ code style
[19.512s] -- Configured uncrustify additional arguments: 
[19.514s] -- Added test 'xmllint' to check XML markup files
[19.522s] -- Configuring done
[19.839s] -- Generating done
[19.875s] -- Build files have been written to: /home/mechax/ylh/sentry_vision/build/livox_ros_driver2
[20.022s] Invoked command in '/home/mechax/ylh/sentry_vision/build/livox_ros_driver2' returned '0': CMAKE_PREFIX_PATH=/opt/ros/humble /usr/bin/cmake /home/mechax/ylh/sentry_vision/src/rm_sensors/livox_ros_driver2 -DCMAKE_EXPORT_COMPILE_COMMANDS=ON -DCMAKE_INSTALL_PREFIX=/home/mechax/ylh/sentry_vision/install/livox_ros_driver2
[20.023s] Invoking command in '/home/mechax/ylh/sentry_vision/build/livox_ros_driver2': CMAKE_PREFIX_PATH=/opt/ros/humble /usr/bin/cmake --build /home/mechax/ylh/sentry_vision/build/livox_ros_driver2 -- -j16 -l16
[20.268s] [  1%] [34m[1mGenerating C code for ROS interfaces[0m
[20.414s] [  3%] [32mBuilding CXX object CMakeFiles/livox_ros_driver2_node.dir/rclcpp_components/node_main_livox_ros_driver2_node.cpp.o[0m
[20.416s] [  5%] [34m[1mGenerating C++ code for ROS interfaces[0m
[20.507s] [  5%] Built target ament_cmake_python_copy_livox_ros_driver2
[21.708s] running egg_info
[21.710s] creating livox_ros_driver2.egg-info
[21.808s] writing livox_ros_driver2.egg-info/PKG-INFO
[21.809s] writing dependency_links to livox_ros_driver2.egg-info/dependency_links.txt
[21.810s] writing top-level names to livox_ros_driver2.egg-info/top_level.txt
[21.810s] writing manifest file 'livox_ros_driver2.egg-info/SOURCES.txt'
[22.062s] reading manifest file 'livox_ros_driver2.egg-info/SOURCES.txt'
[22.063s] writing manifest file 'livox_ros_driver2.egg-info/SOURCES.txt'
[22.205s] [  5%] Built target ament_cmake_python_build_livox_ros_driver2_egg
[22.841s] [  5%] Built target livox_interfaces2__cpp
[22.909s] [  7%] [32mBuilding C object CMakeFiles/livox_interfaces2__rosidl_generator_c.dir/rosidl_generator_c/livox_ros_driver2/msg/detail/custom_point__functions.c.o[0m
[23.056s] [  8%] [32mBuilding C object CMakeFiles/livox_interfaces2__rosidl_generator_c.dir/rosidl_generator_c/livox_ros_driver2/msg/detail/custom_msg__functions.c.o[0m
[23.170s] [ 10%] [32m[1mLinking C shared library liblivox_ros_driver2__rosidl_generator_c.so[0m
[23.360s] [ 10%] Built target livox_interfaces2__rosidl_generator_c
[32.095s] [ 12%] [32m[1mLinking CXX executable livox_ros_driver2_node[0m
[32.395s] [ 12%] Built target livox_ros_driver2_node
[32.418s] [ 14%] [34m[1mGenerating C type support dispatch for ROS interfaces[0m
[32.915s] [ 15%] [32mBuilding CXX object CMakeFiles/livox_interfaces2__rosidl_typesupport_c.dir/rosidl_typesupport_c/livox_ros_driver2/msg/custom_point__type_support.cpp.o[0m
[32.965s] [ 17%] [32mBuilding CXX object CMakeFiles/livox_interfaces2__rosidl_typesupport_c.dir/rosidl_typesupport_c/livox_ros_driver2/msg/custom_msg__type_support.cpp.o[0m
[33.017s] [ 19%] [32m[1mLinking CXX shared library liblivox_ros_driver2__rosidl_typesupport_c.so[0m
[33.087s] [ 19%] Built target livox_interfaces2__rosidl_typesupport_c
[33.105s] [ 21%] [34m[1mGenerating C introspection for ROS interfaces[0m
[33.642s] [ 22%] [32mBuilding C object CMakeFiles/livox_interfaces2__rosidl_typesupport_introspection_c.dir/rosidl_typesupport_introspection_c/livox_ros_driver2/msg/detail/custom_point__type_support.c.o[0m
[33.683s] [ 24%] [32mBuilding C object CMakeFiles/livox_interfaces2__rosidl_typesupport_introspection_c.dir/rosidl_typesupport_introspection_c/livox_ros_driver2/msg/detail/custom_msg__type_support.c.o[0m
[33.720s] [ 26%] [32m[1mLinking C shared library liblivox_ros_driver2__rosidl_typesupport_introspection_c.so[0m
[33.768s] [ 26%] Built target livox_interfaces2__rosidl_typesupport_introspection_c
[33.781s] [ 28%] [34m[1mGenerating C type support for eProsima Fast-RTPS[0m
[34.231s] [ 29%] [32mBuilding CXX object CMakeFiles/livox_interfaces2__rosidl_typesupport_fastrtps_c.dir/rosidl_typesupport_fastrtps_c/livox_ros_driver2/msg/detail/custom_point__type_support_c.cpp.o[0m
[34.696s] [ 31%] [32mBuilding CXX object CMakeFiles/livox_interfaces2__rosidl_typesupport_fastrtps_c.dir/rosidl_typesupport_fastrtps_c/livox_ros_driver2/msg/detail/custom_msg__type_support_c.cpp.o[0m
[35.161s] [ 33%] [32m[1mLinking CXX shared library liblivox_ros_driver2__rosidl_typesupport_fastrtps_c.so[0m
[35.287s] [ 33%] Built target livox_interfaces2__rosidl_typesupport_fastrtps_c
[35.299s] [ 35%] [34m[1mGenerating C++ introspection for ROS interfaces[0m
[35.688s] [ 36%] [32mBuilding CXX object CMakeFiles/livox_interfaces2__rosidl_typesupport_introspection_cpp.dir/rosidl_typesupport_introspection_cpp/livox_ros_driver2/msg/detail/custom_point__type_support.cpp.o[0m
[36.137s] [ 38%] [32mBuilding CXX object CMakeFiles/livox_interfaces2__rosidl_typesupport_introspection_cpp.dir/rosidl_typesupport_introspection_cpp/livox_ros_driver2/msg/detail/custom_msg__type_support.cpp.o[0m
[36.715s] [ 40%] [32m[1mLinking CXX shared library liblivox_ros_driver2__rosidl_typesupport_introspection_cpp.so[0m
[36.816s] [ 40%] Built target livox_interfaces2__rosidl_typesupport_introspection_cpp
[36.831s] [ 42%] [34m[1mGenerating C++ type support for eProsima Fast-RTPS[0m
[37.480s] [ 43%] [32mBuilding CXX object CMakeFiles/livox_interfaces2__rosidl_typesupport_fastrtps_cpp.dir/rosidl_typesupport_fastrtps_cpp/livox_ros_driver2/msg/detail/dds_fastrtps/custom_point__type_support.cpp.o[0m
[38.160s] [ 45%] [32mBuilding CXX object CMakeFiles/livox_interfaces2__rosidl_typesupport_fastrtps_cpp.dir/rosidl_typesupport_fastrtps_cpp/livox_ros_driver2/msg/detail/dds_fastrtps/custom_msg__type_support.cpp.o[0m
[38.902s] [ 47%] [32m[1mLinking CXX shared library liblivox_ros_driver2__rosidl_typesupport_fastrtps_cpp.so[0m
[39.077s] [ 47%] Built target livox_interfaces2__rosidl_typesupport_fastrtps_cpp
[39.091s] [ 49%] [34m[1mGenerating C++ type support dispatch for ROS interfaces[0m
[39.742s] [ 50%] [32mBuilding CXX object CMakeFiles/livox_interfaces2__rosidl_typesupport_cpp.dir/rosidl_typesupport_cpp/livox_ros_driver2/msg/custom_point__type_support.cpp.o[0m
[40.243s] [ 52%] [32mBuilding CXX object CMakeFiles/livox_interfaces2__rosidl_typesupport_cpp.dir/rosidl_typesupport_cpp/livox_ros_driver2/msg/custom_msg__type_support.cpp.o[0m
[40.723s] [ 54%] [32m[1mLinking CXX shared library liblivox_ros_driver2__rosidl_typesupport_cpp.so[0m
[40.786s] [ 54%] Built target livox_interfaces2__rosidl_typesupport_cpp
[40.850s] [ 54%] Built target livox_interfaces2
[40.899s] [ 56%] [32mBuilding CXX object CMakeFiles/livox_ros_driver2.dir/src/livox_ros_driver2.cpp.o[0m
[41.036s] In file included from [01m[K/home/mechax/ylh/sentry_vision/src/rm_sensors/livox_ros_driver2/src/driver_node.h:28[m[K,
[41.036s]                  from [01m[K/home/mechax/ylh/sentry_vision/src/rm_sensors/livox_ros_driver2/src/livox_ros_driver2.cpp:32[m[K:
[41.036s] [01m[K/home/mechax/ylh/sentry_vision/src/rm_sensors/livox_ros_driver2/src/include/ros_headers.h:28:[m[K [01;35m[Kwarning: [m[K"BUILDING_ROS2" redefined
[41.036s]    28 | #define BUILDING_ROS2
[41.036s]       | 
[41.037s] [01m[K<command-line>:[m[K [01;36m[Knote: [m[Kthis is the location of the previous definition
[53.160s] [ 57%] [32mBuilding CXX object CMakeFiles/livox_ros_driver2.dir/src/call_back/livox_lidar_callback.cpp.o[0m
[54.297s] [ 59%] [32mBuilding CXX object CMakeFiles/livox_ros_driver2.dir/src/call_back/lidar_common_callback.cpp.o[0m
[54.796s] [ 61%] [32mBuilding CXX object CMakeFiles/livox_ros_driver2.dir/src/parse_cfg_file/parse_livox_lidar_cfg.cpp.o[0m
[56.062s] [ 63%] [32mBuilding CXX object CMakeFiles/livox_ros_driver2.dir/src/parse_cfg_file/parse_cfg_file.cpp.o[0m
[57.133s] [ 64%] [32mBuilding CXX object CMakeFiles/livox_ros_driver2.dir/src/comm/pub_handler.cpp.o[0m
[58.407s] [ 66%] [32mBuilding CXX object CMakeFiles/livox_ros_driver2.dir/src/comm/cache_index.cpp.o[0m
[59.194s] [ 68%] [32mBuilding CXX object CMakeFiles/livox_ros_driver2.dir/src/comm/lidar_imu_data_queue.cpp.o[0m
[59.731s] [ 70%] [32mBuilding CXX object CMakeFiles/livox_ros_driver2.dir/src/comm/semaphore.cpp.o[0m
[60.033s] [ 71%] [32mBuilding CXX object CMakeFiles/livox_ros_driver2.dir/src/comm/ldq.cpp.o[0m
[61.138s] [ 73%] [32mBuilding CXX object CMakeFiles/livox_ros_driver2.dir/src/comm/comm.cpp.o[0m
[62.022s] [ 75%] [32mBuilding CXX object CMakeFiles/livox_ros_driver2.dir/src/lds_lidar.cpp.o[0m
[62.744s] In file included from [01m[K/home/mechax/ylh/sentry_vision/src/rm_sensors/livox_ros_driver2/src/lds_lidar.cpp:47[m[K:
[62.744s] [01m[K/home/mechax/ylh/sentry_vision/src/rm_sensors/livox_ros_driver2/src/comm/pub_handler.h:44:29:[m[K [01;35m[Kwarning: [m[K‘[01m[Klivox_ros::extrinsic_global[m[K’ defined but not used [[01;35m[K]8;;https://gcc.gnu.org/onlinedocs/gcc/Warning-Options.html#index-Wunused-variable-Wunused-variable]8;;[m[K]
[62.744s]    44 | static ExtParameterDetailed [01;35m[Kextrinsic_global[m[K = {
[62.744s]       |                             [01;35m[K^~~~~~~~~~~~~~~~[m[K
[62.842s] [ 77%] [32mBuilding CXX object CMakeFiles/livox_ros_driver2.dir/src/lds.cpp.o[0m
[63.491s] [ 78%] [32mBuilding CXX object CMakeFiles/livox_ros_driver2.dir/src/driver_node.cpp.o[0m
[63.498s] In file included from [01m[K/home/mechax/ylh/sentry_vision/src/rm_sensors/livox_ros_driver2/src/driver_node.h:28[m[K,
[63.498s]                  from [01m[K/home/mechax/ylh/sentry_vision/src/rm_sensors/livox_ros_driver2/src/driver_node.cpp:25[m[K:
[63.498s] [01m[K/home/mechax/ylh/sentry_vision/src/rm_sensors/livox_ros_driver2/src/include/ros_headers.h:28:[m[K [01;35m[Kwarning: [m[K"BUILDING_ROS2" redefined
[63.498s]    28 | #define BUILDING_ROS2
[63.498s]       | 
[63.498s] [01m[K<command-line>:[m[K [01;36m[Knote: [m[Kthis is the location of the previous definition
[68.630s] [ 80%] [32mBuilding CXX object CMakeFiles/livox_ros_driver2.dir/src/lddc.cpp.o[0m
[68.726s] In file included from [01m[K/home/mechax/ylh/sentry_vision/src/rm_sensors/livox_ros_driver2/src/driver_node.h:28[m[K,
[68.726s]                  from [01m[K/home/mechax/ylh/sentry_vision/src/rm_sensors/livox_ros_driver2/src/lddc.h:31[m[K,
[68.726s]                  from [01m[K/home/mechax/ylh/sentry_vision/src/rm_sensors/livox_ros_driver2/src/lddc.cpp:25[m[K:
[68.726s] [01m[K/home/mechax/ylh/sentry_vision/src/rm_sensors/livox_ros_driver2/src/include/ros_headers.h:28:[m[K [01;35m[Kwarning: [m[K"BUILDING_ROS2" redefined
[68.727s]    28 | #define BUILDING_ROS2
[68.727s]       | 
[68.727s] [01m[K<command-line>:[m[K [01;36m[Knote: [m[Kthis is the location of the previous definition
[85.973s] [ 82%] [32m[1mLinking CXX shared library liblivox_ros_driver2.so[0m
[87.306s] [ 82%] Built target livox_ros_driver2
[87.337s] [ 84%] [34m[1mGenerating Python code for ROS interfaces[0m
[88.509s] [ 84%] Built target livox_interfaces2__py
[88.585s] [ 85%] [32mBuilding C object CMakeFiles/livox_interfaces2__rosidl_generator_py.dir/rosidl_generator_py/livox_ros_driver2/msg/_custom_point_s.c.o[0m
[88.616s] [ 87%] [32mBuilding C object CMakeFiles/livox_interfaces2__rosidl_generator_py.dir/rosidl_generator_py/livox_ros_driver2/msg/_custom_msg_s.c.o[0m
[89.028s] [ 89%] [32m[1mLinking C shared library rosidl_generator_py/livox_ros_driver2/liblivox_interfaces2__rosidl_generator_py.so[0m
[89.252s] [ 89%] Built target livox_interfaces2__rosidl_generator_py
[89.369s] [ 91%] [32mBuilding C object CMakeFiles/livox_ros_driver2__rosidl_typesupport_fastrtps_c__pyext.dir/rosidl_generator_py/livox_ros_driver2/_livox_ros_driver2_s.ep.rosidl_typesupport_fastrtps_c.c.o[0m
[89.421s] [ 92%] [32mBuilding C object CMakeFiles/livox_ros_driver2__rosidl_typesupport_introspection_c__pyext.dir/rosidl_generator_py/livox_ros_driver2/_livox_ros_driver2_s.ep.rosidl_typesupport_introspection_c.c.o[0m
[89.653s] [ 94%] [32m[1mLinking C shared library rosidl_generator_py/livox_ros_driver2/livox_ros_driver2_s__rosidl_typesupport_introspection_c.cpython-310-x86_64-linux-gnu.so[0m
[89.774s] [ 96%] [32m[1mLinking C shared library rosidl_generator_py/livox_ros_driver2/livox_ros_driver2_s__rosidl_typesupport_fastrtps_c.cpython-310-x86_64-linux-gnu.so[0m
[89.890s] [ 96%] Built target livox_ros_driver2__rosidl_typesupport_introspection_c__pyext
[89.970s] [ 96%] Built target livox_ros_driver2__rosidl_typesupport_fastrtps_c__pyext
[90.000s] [ 98%] [32mBuilding C object CMakeFiles/livox_ros_driver2__rosidl_typesupport_c__pyext.dir/rosidl_generator_py/livox_ros_driver2/_livox_ros_driver2_s.ep.rosidl_typesupport_c.c.o[0m
[90.433s] [100%] [32m[1mLinking C shared library rosidl_generator_py/livox_ros_driver2/livox_ros_driver2_s__rosidl_typesupport_c.cpython-310-x86_64-linux-gnu.so[0m
[90.667s] [100%] Built target livox_ros_driver2__rosidl_typesupport_c__pyext
[90.715s] Invoked command in '/home/mechax/ylh/sentry_vision/build/livox_ros_driver2' returned '0': CMAKE_PREFIX_PATH=/opt/ros/humble /usr/bin/cmake --build /home/mechax/ylh/sentry_vision/build/livox_ros_driver2 -- -j16 -l16
[91.419s] Invoking command in '/home/mechax/ylh/sentry_vision/build/livox_ros_driver2': CMAKE_PREFIX_PATH=/opt/ros/humble /usr/bin/cmake --install /home/mechax/ylh/sentry_vision/build/livox_ros_driver2
[91.451s] -- Install configuration: ""
[91.452s] -- Installing: /home/mechax/ylh/sentry_vision/install/livox_ros_driver2/share/ament_index/resource_index/rosidl_interfaces/livox_ros_driver2
[91.452s] -- Installing: /home/mechax/ylh/sentry_vision/install/livox_ros_driver2/include/livox_ros_driver2/livox_ros_driver2
[91.452s] -- Installing: /home/mechax/ylh/sentry_vision/install/livox_ros_driver2/include/livox_ros_driver2/livox_ros_driver2/msg
[91.452s] -- Installing: /home/mechax/ylh/sentry_vision/install/livox_ros_driver2/include/livox_ros_driver2/livox_ros_driver2/msg/custom_point.h
[91.452s] -- Installing: /home/mechax/ylh/sentry_vision/install/livox_ros_driver2/include/livox_ros_driver2/livox_ros_driver2/msg/detail
[91.452s] -- Installing: /home/mechax/ylh/sentry_vision/install/livox_ros_driver2/include/livox_ros_driver2/livox_ros_driver2/msg/detail/custom_point__type_support.h
[91.455s] -- Installing: /home/mechax/ylh/sentry_vision/install/livox_ros_driver2/include/livox_ros_driver2/livox_ros_driver2/msg/detail/custom_point__struct.h
[91.456s] -- Installing: /home/mechax/ylh/sentry_vision/install/livox_ros_driver2/include/livox_ros_driver2/livox_ros_driver2/msg/detail/custom_msg__functions.c
[91.456s] -- Installing: /home/mechax/ylh/sentry_vision/install/livox_ros_driver2/include/livox_ros_driver2/livox_ros_driver2/msg/detail/custom_msg__functions.h
[91.456s] -- Installing: /home/mechax/ylh/sentry_vision/install/livox_ros_driver2/include/livox_ros_driver2/livox_ros_driver2/msg/detail/custom_msg__type_support.h
[91.456s] -- Installing: /home/mechax/ylh/sentry_vision/install/livox_ros_driver2/include/livox_ros_driver2/livox_ros_driver2/msg/detail/custom_msg__struct.h
[91.456s] -- Installing: /home/mechax/ylh/sentry_vision/install/livox_ros_driver2/include/livox_ros_driver2/livox_ros_driver2/msg/detail/custom_point__functions.c
[91.456s] -- Installing: /home/mechax/ylh/sentry_vision/install/livox_ros_driver2/include/livox_ros_driver2/livox_ros_driver2/msg/detail/custom_point__functions.h
[91.457s] -- Installing: /home/mechax/ylh/sentry_vision/install/livox_ros_driver2/include/livox_ros_driver2/livox_ros_driver2/msg/custom_msg.h
[91.457s] -- Installing: /home/mechax/ylh/sentry_vision/install/livox_ros_driver2/include/livox_ros_driver2/livox_ros_driver2/msg/rosidl_generator_c__visibility_control.h
[91.457s] -- Installing: /home/mechax/ylh/sentry_vision/install/livox_ros_driver2/share/livox_ros_driver2/environment/library_path.sh
[91.457s] -- Installing: /home/mechax/ylh/sentry_vision/install/livox_ros_driver2/share/livox_ros_driver2/environment/library_path.dsv
[91.458s] -- Installing: /home/mechax/ylh/sentry_vision/install/livox_ros_driver2/lib/liblivox_ros_driver2__rosidl_generator_c.so
[91.458s] -- Set runtime path of "/home/mechax/ylh/sentry_vision/install/livox_ros_driver2/lib/liblivox_ros_driver2__rosidl_generator_c.so" to ""
[91.458s] -- Up-to-date: /home/mechax/ylh/sentry_vision/install/livox_ros_driver2/include/livox_ros_driver2/livox_ros_driver2
[91.459s] -- Up-to-date: /home/mechax/ylh/sentry_vision/install/livox_ros_driver2/include/livox_ros_driver2/livox_ros_driver2/msg
[91.459s] -- Up-to-date: /home/mechax/ylh/sentry_vision/install/livox_ros_driver2/include/livox_ros_driver2/livox_ros_driver2/msg/detail
[91.459s] -- Installing: /home/mechax/ylh/sentry_vision/install/livox_ros_driver2/include/livox_ros_driver2/livox_ros_driver2/msg/detail/custom_point__rosidl_typesupport_fastrtps_c.h
[91.459s] -- Installing: /home/mechax/ylh/sentry_vision/install/livox_ros_driver2/include/livox_ros_driver2/livox_ros_driver2/msg/detail/custom_msg__rosidl_typesupport_fastrtps_c.h
[91.459s] -- Installing: /home/mechax/ylh/sentry_vision/install/livox_ros_driver2/include/livox_ros_driver2/livox_ros_driver2/msg/rosidl_typesupport_fastrtps_c__visibility_control.h
[91.459s] -- Installing: /home/mechax/ylh/sentry_vision/install/livox_ros_driver2/lib/liblivox_ros_driver2__rosidl_typesupport_fastrtps_c.so
[91.460s] -- Set runtime path of "/home/mechax/ylh/sentry_vision/install/livox_ros_driver2/lib/liblivox_ros_driver2__rosidl_typesupport_fastrtps_c.so" to ""
[91.460s] -- Up-to-date: /home/mechax/ylh/sentry_vision/install/livox_ros_driver2/include/livox_ros_driver2/livox_ros_driver2
[91.460s] -- Up-to-date: /home/mechax/ylh/sentry_vision/install/livox_ros_driver2/include/livox_ros_driver2/livox_ros_driver2/msg
[91.460s] -- Installing: /home/mechax/ylh/sentry_vision/install/livox_ros_driver2/include/livox_ros_driver2/livox_ros_driver2/msg/rosidl_typesupport_introspection_c__visibility_control.h
[91.461s] -- Up-to-date: /home/mechax/ylh/sentry_vision/install/livox_ros_driver2/include/livox_ros_driver2/livox_ros_driver2/msg/detail
[91.461s] -- Installing: /home/mechax/ylh/sentry_vision/install/livox_ros_driver2/include/livox_ros_driver2/livox_ros_driver2/msg/detail/custom_msg__type_support.c
[91.461s] -- Installing: /home/mechax/ylh/sentry_vision/install/livox_ros_driver2/include/livox_ros_driver2/livox_ros_driver2/msg/detail/custom_msg__rosidl_typesupport_introspection_c.h
[91.461s] -- Installing: /home/mechax/ylh/sentry_vision/install/livox_ros_driver2/include/livox_ros_driver2/livox_ros_driver2/msg/detail/custom_point__type_support.c
[91.461s] -- Installing: /home/mechax/ylh/sentry_vision/install/livox_ros_driver2/include/livox_ros_driver2/livox_ros_driver2/msg/detail/custom_point__rosidl_typesupport_introspection_c.h
[91.461s] -- Installing: /home/mechax/ylh/sentry_vision/install/livox_ros_driver2/lib/liblivox_ros_driver2__rosidl_typesupport_introspection_c.so
[91.462s] -- Set runtime path of "/home/mechax/ylh/sentry_vision/install/livox_ros_driver2/lib/liblivox_ros_driver2__rosidl_typesupport_introspection_c.so" to ""
[91.462s] -- Installing: /home/mechax/ylh/sentry_vision/install/livox_ros_driver2/lib/liblivox_ros_driver2__rosidl_typesupport_c.so
[91.462s] -- Set runtime path of "/home/mechax/ylh/sentry_vision/install/livox_ros_driver2/lib/liblivox_ros_driver2__rosidl_typesupport_c.so" to ""
[91.462s] -- Up-to-date: /home/mechax/ylh/sentry_vision/install/livox_ros_driver2/include/livox_ros_driver2/livox_ros_driver2
[91.462s] -- Up-to-date: /home/mechax/ylh/sentry_vision/install/livox_ros_driver2/include/livox_ros_driver2/livox_ros_driver2/msg
[91.463s] -- Installing: /home/mechax/ylh/sentry_vision/install/livox_ros_driver2/include/livox_ros_driver2/livox_ros_driver2/msg/custom_msg.hpp
[91.464s] -- Up-to-date: /home/mechax/ylh/sentry_vision/install/livox_ros_driver2/include/livox_ros_driver2/livox_ros_driver2/msg/detail
[91.465s] -- Installing: /home/mechax/ylh/sentry_vision/install/livox_ros_driver2/include/livox_ros_driver2/livox_ros_driver2/msg/detail/custom_msg__traits.hpp
[91.465s] -- Installing: /home/mechax/ylh/sentry_vision/install/livox_ros_driver2/include/livox_ros_driver2/livox_ros_driver2/msg/detail/custom_msg__struct.hpp
[91.465s] -- Installing: /home/mechax/ylh/sentry_vision/install/livox_ros_driver2/include/livox_ros_driver2/livox_ros_driver2/msg/detail/custom_point__builder.hpp
[91.465s] -- Installing: /home/mechax/ylh/sentry_vision/install/livox_ros_driver2/include/livox_ros_driver2/livox_ros_driver2/msg/detail/custom_msg__builder.hpp
[91.465s] -- Installing: /home/mechax/ylh/sentry_vision/install/livox_ros_driver2/include/livox_ros_driver2/livox_ros_driver2/msg/detail/custom_point__struct.hpp
[91.465s] -- Installing: /home/mechax/ylh/sentry_vision/install/livox_ros_driver2/include/livox_ros_driver2/livox_ros_driver2/msg/detail/custom_point__traits.hpp
[91.465s] -- Installing: /home/mechax/ylh/sentry_vision/install/livox_ros_driver2/include/livox_ros_driver2/livox_ros_driver2/msg/custom_point.hpp
[91.472s] -- Up-to-date: /home/mechax/ylh/sentry_vision/install/livox_ros_driver2/include/livox_ros_driver2/livox_ros_driver2
[91.473s] -- Up-to-date: /home/mechax/ylh/sentry_vision/install/livox_ros_driver2/include/livox_ros_driver2/livox_ros_driver2/msg
[91.473s] -- Up-to-date: /home/mechax/ylh/sentry_vision/install/livox_ros_driver2/include/livox_ros_driver2/livox_ros_driver2/msg/detail
[91.473s] -- Installing: /home/mechax/ylh/sentry_vision/install/livox_ros_driver2/include/livox_ros_driver2/livox_ros_driver2/msg/detail/custom_point__rosidl_typesupport_fastrtps_cpp.hpp
[91.473s] -- Installing: /home/mechax/ylh/sentry_vision/install/livox_ros_driver2/include/livox_ros_driver2/livox_ros_driver2/msg/detail/dds_fastrtps
[91.473s] -- Installing: /home/mechax/ylh/sentry_vision/install/livox_ros_driver2/include/livox_ros_driver2/livox_ros_driver2/msg/detail/custom_msg__rosidl_typesupport_fastrtps_cpp.hpp
[91.473s] -- Installing: /home/mechax/ylh/sentry_vision/install/livox_ros_driver2/include/livox_ros_driver2/livox_ros_driver2/msg/rosidl_typesupport_fastrtps_cpp__visibility_control.h
[91.474s] -- Installing: /home/mechax/ylh/sentry_vision/install/livox_ros_driver2/lib/liblivox_ros_driver2__rosidl_typesupport_fastrtps_cpp.so
[91.474s] -- Set runtime path of "/home/mechax/ylh/sentry_vision/install/livox_ros_driver2/lib/liblivox_ros_driver2__rosidl_typesupport_fastrtps_cpp.so" to ""
[91.474s] -- Up-to-date: /home/mechax/ylh/sentry_vision/install/livox_ros_driver2/include/livox_ros_driver2/livox_ros_driver2
[91.474s] -- Up-to-date: /home/mechax/ylh/sentry_vision/install/livox_ros_driver2/include/livox_ros_driver2/livox_ros_driver2/msg
[91.474s] -- Up-to-date: /home/mechax/ylh/sentry_vision/install/livox_ros_driver2/include/livox_ros_driver2/livox_ros_driver2/msg/detail
[91.474s] -- Installing: /home/mechax/ylh/sentry_vision/install/livox_ros_driver2/include/livox_ros_driver2/livox_ros_driver2/msg/detail/custom_msg__rosidl_typesupport_introspection_cpp.hpp
[91.474s] -- Installing: /home/mechax/ylh/sentry_vision/install/livox_ros_driver2/include/livox_ros_driver2/livox_ros_driver2/msg/detail/custom_point__type_support.cpp
[91.475s] -- Installing: /home/mechax/ylh/sentry_vision/install/livox_ros_driver2/include/livox_ros_driver2/livox_ros_driver2/msg/detail/custom_point__rosidl_typesupport_introspection_cpp.hpp
[91.475s] -- Installing: /home/mechax/ylh/sentry_vision/install/livox_ros_driver2/include/livox_ros_driver2/livox_ros_driver2/msg/detail/custom_msg__type_support.cpp
[91.475s] -- Installing: /home/mechax/ylh/sentry_vision/install/livox_ros_driver2/lib/liblivox_ros_driver2__rosidl_typesupport_introspection_cpp.so
[91.476s] -- Set runtime path of "/home/mechax/ylh/sentry_vision/install/livox_ros_driver2/lib/liblivox_ros_driver2__rosidl_typesupport_introspection_cpp.so" to ""
[91.476s] -- Installing: /home/mechax/ylh/sentry_vision/install/livox_ros_driver2/lib/liblivox_ros_driver2__rosidl_typesupport_cpp.so
[91.476s] -- Set runtime path of "/home/mechax/ylh/sentry_vision/install/livox_ros_driver2/lib/liblivox_ros_driver2__rosidl_typesupport_cpp.so" to ""
[91.476s] -- Installing: /home/mechax/ylh/sentry_vision/install/livox_ros_driver2/share/livox_ros_driver2/environment/pythonpath.sh
[91.476s] -- Installing: /home/mechax/ylh/sentry_vision/install/livox_ros_driver2/share/livox_ros_driver2/environment/pythonpath.dsv
[91.476s] -- Installing: /home/mechax/ylh/sentry_vision/install/livox_ros_driver2/local/lib/python3.10/dist-packages/livox_ros_driver2-1.0.0-py3.10.egg-info
[91.477s] -- Installing: /home/mechax/ylh/sentry_vision/install/livox_ros_driver2/local/lib/python3.10/dist-packages/livox_ros_driver2-1.0.0-py3.10.egg-info/PKG-INFO
[91.477s] -- Installing: /home/mechax/ylh/sentry_vision/install/livox_ros_driver2/local/lib/python3.10/dist-packages/livox_ros_driver2-1.0.0-py3.10.egg-info/SOURCES.txt
[91.477s] -- Installing: /home/mechax/ylh/sentry_vision/install/livox_ros_driver2/local/lib/python3.10/dist-packages/livox_ros_driver2-1.0.0-py3.10.egg-info/top_level.txt
[91.477s] -- Installing: /home/mechax/ylh/sentry_vision/install/livox_ros_driver2/local/lib/python3.10/dist-packages/livox_ros_driver2-1.0.0-py3.10.egg-info/dependency_links.txt
[91.477s] -- Installing: /home/mechax/ylh/sentry_vision/install/livox_ros_driver2/local/lib/python3.10/dist-packages/livox_ros_driver2
[91.478s] -- Installing: /home/mechax/ylh/sentry_vision/install/livox_ros_driver2/local/lib/python3.10/dist-packages/livox_ros_driver2/_livox_ros_driver2_s.ep.rosidl_typesupport_c.c
[91.478s] -- Installing: /home/mechax/ylh/sentry_vision/install/livox_ros_driver2/local/lib/python3.10/dist-packages/livox_ros_driver2/livox_ros_driver2_s__rosidl_typesupport_introspection_c.cpython-310-x86_64-linux-gnu.so
[91.489s] -- Installing: /home/mechax/ylh/sentry_vision/install/livox_ros_driver2/local/lib/python3.10/dist-packages/livox_ros_driver2/_livox_ros_driver2_s.ep.rosidl_typesupport_fastrtps_c.c
[91.489s] -- Installing: /home/mechax/ylh/sentry_vision/install/livox_ros_driver2/local/lib/python3.10/dist-packages/livox_ros_driver2/liblivox_interfaces2__rosidl_generator_py.so
[91.489s] -- Installing: /home/mechax/ylh/sentry_vision/install/livox_ros_driver2/local/lib/python3.10/dist-packages/livox_ros_driver2/_livox_ros_driver2_s.ep.rosidl_typesupport_introspection_c.c
[91.490s] -- Installing: /home/mechax/ylh/sentry_vision/install/livox_ros_driver2/local/lib/python3.10/dist-packages/livox_ros_driver2/livox_ros_driver2_s__rosidl_typesupport_fastrtps_c.cpython-310-x86_64-linux-gnu.so
[91.490s] -- Installing: /home/mechax/ylh/sentry_vision/install/livox_ros_driver2/local/lib/python3.10/dist-packages/livox_ros_driver2/__init__.py
[91.490s] -- Installing: /home/mechax/ylh/sentry_vision/install/livox_ros_driver2/local/lib/python3.10/dist-packages/livox_ros_driver2/msg
[91.490s] -- Installing: /home/mechax/ylh/sentry_vision/install/livox_ros_driver2/local/lib/python3.10/dist-packages/livox_ros_driver2/msg/_custom_point.py
[91.490s] -- Installing: /home/mechax/ylh/sentry_vision/install/livox_ros_driver2/local/lib/python3.10/dist-packages/livox_ros_driver2/msg/_custom_msg.py
[91.490s] -- Installing: /home/mechax/ylh/sentry_vision/install/livox_ros_driver2/local/lib/python3.10/dist-packages/livox_ros_driver2/msg/__init__.py
[91.490s] -- Installing: /home/mechax/ylh/sentry_vision/install/livox_ros_driver2/local/lib/python3.10/dist-packages/livox_ros_driver2/msg/_custom_msg_s.c
[91.491s] -- Installing: /home/mechax/ylh/sentry_vision/install/livox_ros_driver2/local/lib/python3.10/dist-packages/livox_ros_driver2/msg/_custom_point_s.c
[91.491s] -- Installing: /home/mechax/ylh/sentry_vision/install/livox_ros_driver2/local/lib/python3.10/dist-packages/livox_ros_driver2/livox_ros_driver2_s__rosidl_typesupport_c.cpython-310-x86_64-linux-gnu.so
[91.637s] Listing '/home/mechax/ylh/sentry_vision/install/livox_ros_driver2/local/lib/python3.10/dist-packages/livox_ros_driver2'...
[91.637s] Compiling '/home/mechax/ylh/sentry_vision/install/livox_ros_driver2/local/lib/python3.10/dist-packages/livox_ros_driver2/__init__.py'...
[91.637s] Listing '/home/mechax/ylh/sentry_vision/install/livox_ros_driver2/local/lib/python3.10/dist-packages/livox_ros_driver2/msg'...
[91.637s] Compiling '/home/mechax/ylh/sentry_vision/install/livox_ros_driver2/local/lib/python3.10/dist-packages/livox_ros_driver2/msg/__init__.py'...
[91.638s] Compiling '/home/mechax/ylh/sentry_vision/install/livox_ros_driver2/local/lib/python3.10/dist-packages/livox_ros_driver2/msg/_custom_msg.py'...
[91.638s] Compiling '/home/mechax/ylh/sentry_vision/install/livox_ros_driver2/local/lib/python3.10/dist-packages/livox_ros_driver2/msg/_custom_point.py'...
[91.689s] -- Installing: /home/mechax/ylh/sentry_vision/install/livox_ros_driver2/local/lib/python3.10/dist-packages/livox_ros_driver2/livox_ros_driver2_s__rosidl_typesupport_fastrtps_c.cpython-310-x86_64-linux-gnu.so
[91.689s] -- Set runtime path of "/home/mechax/ylh/sentry_vision/install/livox_ros_driver2/local/lib/python3.10/dist-packages/livox_ros_driver2/livox_ros_driver2_s__rosidl_typesupport_fastrtps_c.cpython-310-x86_64-linux-gnu.so" to ""
[91.689s] -- Installing: /home/mechax/ylh/sentry_vision/install/livox_ros_driver2/local/lib/python3.10/dist-packages/livox_ros_driver2/livox_ros_driver2_s__rosidl_typesupport_introspection_c.cpython-310-x86_64-linux-gnu.so
[91.690s] -- Set runtime path of "/home/mechax/ylh/sentry_vision/install/livox_ros_driver2/local/lib/python3.10/dist-packages/livox_ros_driver2/livox_ros_driver2_s__rosidl_typesupport_introspection_c.cpython-310-x86_64-linux-gnu.so" to ""
[91.690s] -- Installing: /home/mechax/ylh/sentry_vision/install/livox_ros_driver2/local/lib/python3.10/dist-packages/livox_ros_driver2/livox_ros_driver2_s__rosidl_typesupport_c.cpython-310-x86_64-linux-gnu.so
[91.691s] -- Set runtime path of "/home/mechax/ylh/sentry_vision/install/livox_ros_driver2/local/lib/python3.10/dist-packages/livox_ros_driver2/livox_ros_driver2_s__rosidl_typesupport_c.cpython-310-x86_64-linux-gnu.so" to ""
[91.691s] -- Installing: /home/mechax/ylh/sentry_vision/install/livox_ros_driver2/lib/liblivox_interfaces2__rosidl_generator_py.so
[91.691s] -- Set runtime path of "/home/mechax/ylh/sentry_vision/install/livox_ros_driver2/lib/liblivox_interfaces2__rosidl_generator_py.so" to ""
[91.691s] -- Installing: /home/mechax/ylh/sentry_vision/install/livox_ros_driver2/share/livox_ros_driver2/msg/CustomPoint.idl
[91.691s] -- Installing: /home/mechax/ylh/sentry_vision/install/livox_ros_driver2/share/livox_ros_driver2/msg/CustomMsg.idl
[91.692s] -- Installing: /home/mechax/ylh/sentry_vision/install/livox_ros_driver2/share/livox_ros_driver2/msg/CustomPoint.msg
[91.692s] -- Installing: /home/mechax/ylh/sentry_vision/install/livox_ros_driver2/share/livox_ros_driver2/msg/CustomMsg.msg
[91.692s] -- Installing: /home/mechax/ylh/sentry_vision/install/livox_ros_driver2/lib/livox_ros_driver2/livox_ros_driver2_node
[91.693s] -- Set runtime path of "/home/mechax/ylh/sentry_vision/install/livox_ros_driver2/lib/livox_ros_driver2/livox_ros_driver2_node" to ""
[91.693s] -- Installing: /home/mechax/ylh/sentry_vision/install/livox_ros_driver2/lib/liblivox_ros_driver2.so
[91.695s] -- Set runtime path of "/home/mechax/ylh/sentry_vision/install/livox_ros_driver2/lib/liblivox_ros_driver2.so" to ""
[91.695s] -- Installing: /home/mechax/ylh/sentry_vision/install/livox_ros_driver2/share/livox_ros_driver2/config
[91.695s] -- Installing: /home/mechax/ylh/sentry_vision/install/livox_ros_driver2/share/livox_ros_driver2/config/MID360_config.json
[91.696s] -- Installing: /home/mechax/ylh/sentry_vision/install/livox_ros_driver2/share/livox_ros_driver2/config/display_point_cloud.rviz
[91.696s] -- Installing: /home/mechax/ylh/sentry_vision/install/livox_ros_driver2/share/livox_ros_driver2/config/mixed_HAP_MID360_config.json
[91.696s] -- Installing: /home/mechax/ylh/sentry_vision/install/livox_ros_driver2/share/livox_ros_driver2/config/HAP_config.json
[91.696s] -- Installing: /home/mechax/ylh/sentry_vision/install/livox_ros_driver2/share/livox_ros_driver2/launch
[91.696s] -- Installing: /home/mechax/ylh/sentry_vision/install/livox_ros_driver2/share/livox_ros_driver2/launch/rviz_mixed.py
[91.696s] -- Installing: /home/mechax/ylh/sentry_vision/install/livox_ros_driver2/share/livox_ros_driver2/launch/rviz_HAP_launch.py
[91.696s] -- Installing: /home/mechax/ylh/sentry_vision/install/livox_ros_driver2/share/livox_ros_driver2/launch/msg_MID360_launch.py
[91.697s] -- Installing: /home/mechax/ylh/sentry_vision/install/livox_ros_driver2/share/livox_ros_driver2/launch/msg_HAP_launch.py
[91.697s] -- Installing: /home/mechax/ylh/sentry_vision/install/livox_ros_driver2/share/livox_ros_driver2/launch/rviz_MID360_launch.py
[91.697s] -- Installing: /home/mechax/ylh/sentry_vision/install/livox_ros_driver2/share/ament_index/resource_index/package_run_dependencies/livox_ros_driver2
[91.697s] -- Installing: /home/mechax/ylh/sentry_vision/install/livox_ros_driver2/share/ament_index/resource_index/parent_prefix_path/livox_ros_driver2
[91.697s] -- Installing: /home/mechax/ylh/sentry_vision/install/livox_ros_driver2/share/livox_ros_driver2/environment/ament_prefix_path.sh
[91.698s] -- Installing: /home/mechax/ylh/sentry_vision/install/livox_ros_driver2/share/livox_ros_driver2/environment/ament_prefix_path.dsv
[91.698s] -- Installing: /home/mechax/ylh/sentry_vision/install/livox_ros_driver2/share/livox_ros_driver2/environment/path.sh
[91.698s] -- Installing: /home/mechax/ylh/sentry_vision/install/livox_ros_driver2/share/livox_ros_driver2/environment/path.dsv
[91.698s] -- Installing: /home/mechax/ylh/sentry_vision/install/livox_ros_driver2/share/livox_ros_driver2/local_setup.bash
[91.698s] -- Installing: /home/mechax/ylh/sentry_vision/install/livox_ros_driver2/share/livox_ros_driver2/local_setup.sh
[91.699s] -- Installing: /home/mechax/ylh/sentry_vision/install/livox_ros_driver2/share/livox_ros_driver2/local_setup.zsh
[91.699s] -- Installing: /home/mechax/ylh/sentry_vision/install/livox_ros_driver2/share/livox_ros_driver2/local_setup.dsv
[91.699s] -- Installing: /home/mechax/ylh/sentry_vision/install/livox_ros_driver2/share/livox_ros_driver2/package.dsv
[91.699s] -- Installing: /home/mechax/ylh/sentry_vision/install/livox_ros_driver2/share/ament_index/resource_index/packages/livox_ros_driver2
[91.700s] -- Installing: /home/mechax/ylh/sentry_vision/install/livox_ros_driver2/share/livox_ros_driver2/cmake/export_livox_interfaces2__rosidl_generator_cExport.cmake
[91.715s] -- Installing: /home/mechax/ylh/sentry_vision/install/livox_ros_driver2/share/livox_ros_driver2/cmake/export_livox_interfaces2__rosidl_generator_cExport-noconfig.cmake
[91.715s] -- Installing: /home/mechax/ylh/sentry_vision/install/livox_ros_driver2/share/livox_ros_driver2/cmake/export_livox_interfaces2__rosidl_typesupport_fastrtps_cExport.cmake
[91.715s] -- Installing: /home/mechax/ylh/sentry_vision/install/livox_ros_driver2/share/livox_ros_driver2/cmake/export_livox_interfaces2__rosidl_typesupport_fastrtps_cExport-noconfig.cmake
[91.715s] -- Installing: /home/mechax/ylh/sentry_vision/install/livox_ros_driver2/share/livox_ros_driver2/cmake/livox_interfaces2__rosidl_typesupport_introspection_cExport.cmake
[91.716s] -- Installing: /home/mechax/ylh/sentry_vision/install/livox_ros_driver2/share/livox_ros_driver2/cmake/livox_interfaces2__rosidl_typesupport_introspection_cExport-noconfig.cmake
[91.716s] -- Installing: /home/mechax/ylh/sentry_vision/install/livox_ros_driver2/share/livox_ros_driver2/cmake/livox_interfaces2__rosidl_typesupport_cExport.cmake
[91.716s] -- Installing: /home/mechax/ylh/sentry_vision/install/livox_ros_driver2/share/livox_ros_driver2/cmake/livox_interfaces2__rosidl_typesupport_cExport-noconfig.cmake
[91.716s] -- Installing: /home/mechax/ylh/sentry_vision/install/livox_ros_driver2/share/livox_ros_driver2/cmake/export_livox_interfaces2__rosidl_generator_cppExport.cmake
[91.717s] -- Installing: /home/mechax/ylh/sentry_vision/install/livox_ros_driver2/share/livox_ros_driver2/cmake/export_livox_interfaces2__rosidl_typesupport_fastrtps_cppExport.cmake
[91.717s] -- Installing: /home/mechax/ylh/sentry_vision/install/livox_ros_driver2/share/livox_ros_driver2/cmake/export_livox_interfaces2__rosidl_typesupport_fastrtps_cppExport-noconfig.cmake
[91.717s] -- Installing: /home/mechax/ylh/sentry_vision/install/livox_ros_driver2/share/livox_ros_driver2/cmake/livox_interfaces2__rosidl_typesupport_introspection_cppExport.cmake
[91.717s] -- Installing: /home/mechax/ylh/sentry_vision/install/livox_ros_driver2/share/livox_ros_driver2/cmake/livox_interfaces2__rosidl_typesupport_introspection_cppExport-noconfig.cmake
[91.717s] -- Installing: /home/mechax/ylh/sentry_vision/install/livox_ros_driver2/share/livox_ros_driver2/cmake/livox_interfaces2__rosidl_typesupport_cppExport.cmake
[91.718s] -- Installing: /home/mechax/ylh/sentry_vision/install/livox_ros_driver2/share/livox_ros_driver2/cmake/livox_interfaces2__rosidl_typesupport_cppExport-noconfig.cmake
[91.718s] -- Installing: /home/mechax/ylh/sentry_vision/install/livox_ros_driver2/share/livox_ros_driver2/cmake/export_livox_interfaces2__rosidl_generator_pyExport.cmake
[91.718s] -- Installing: /home/mechax/ylh/sentry_vision/install/livox_ros_driver2/share/livox_ros_driver2/cmake/export_livox_interfaces2__rosidl_generator_pyExport-noconfig.cmake
[91.718s] -- Installing: /home/mechax/ylh/sentry_vision/install/livox_ros_driver2/share/ament_index/resource_index/rclcpp_components/livox_ros_driver2
[91.719s] -- Installing: /home/mechax/ylh/sentry_vision/install/livox_ros_driver2/share/livox_ros_driver2/cmake/rosidl_cmake-extras.cmake
[91.719s] -- Installing: /home/mechax/ylh/sentry_vision/install/livox_ros_driver2/share/livox_ros_driver2/cmake/ament_cmake_export_dependencies-extras.cmake
[91.719s] -- Installing: /home/mechax/ylh/sentry_vision/install/livox_ros_driver2/share/livox_ros_driver2/cmake/ament_cmake_export_include_directories-extras.cmake
[91.719s] -- Installing: /home/mechax/ylh/sentry_vision/install/livox_ros_driver2/share/livox_ros_driver2/cmake/ament_cmake_export_libraries-extras.cmake
[91.719s] -- Installing: /home/mechax/ylh/sentry_vision/install/livox_ros_driver2/share/livox_ros_driver2/cmake/ament_cmake_export_targets-extras.cmake
[91.720s] -- Installing: /home/mechax/ylh/sentry_vision/install/livox_ros_driver2/share/livox_ros_driver2/cmake/rosidl_cmake_export_typesupport_targets-extras.cmake
[91.720s] -- Installing: /home/mechax/ylh/sentry_vision/install/livox_ros_driver2/share/livox_ros_driver2/cmake/rosidl_cmake_export_typesupport_libraries-extras.cmake
[91.720s] -- Installing: /home/mechax/ylh/sentry_vision/install/livox_ros_driver2/share/livox_ros_driver2/cmake/livox_ros_driver2Config.cmake
[91.720s] -- Installing: /home/mechax/ylh/sentry_vision/install/livox_ros_driver2/share/livox_ros_driver2/cmake/livox_ros_driver2Config-version.cmake
[91.720s] -- Installing: /home/mechax/ylh/sentry_vision/install/livox_ros_driver2/share/livox_ros_driver2/package.xml
[91.739s] Invoked command in '/home/mechax/ylh/sentry_vision/build/livox_ros_driver2' returned '0': CMAKE_PREFIX_PATH=/opt/ros/humble /usr/bin/cmake --install /home/mechax/ylh/sentry_vision/build/livox_ros_driver2
