[0.278s] Invoking command in '/home/mechax/ylh/sentry_vision/build/armor_detector': AMENT_PREFIX_PATH=/home/mechax/ylh/sentry_vision/install/auto_aim_interfaces:${AMENT_PREFIX_PATH} CMAKE_PREFIX_PATH=/home/mechax/ylh/sentry_vision/install/auto_aim_interfaces:/opt/ros/humble LD_LIBRARY_PATH=/home/mechax/ylh/sentry_vision/install/auto_aim_interfaces/lib:${LD_LIBRARY_PATH} PYTHONPATH=/home/mechax/ylh/sentry_vision/install/auto_aim_interfaces/local/lib/python3.10/dist-packages:${PYTHONPATH} /usr/bin/cmake /home/mechax/ylh/sentry_vision/src/rm_auto_aim/armor_detector -DCMAKE_EXPORT_COMPILE_COMMANDS=ON -DCMAKE_INSTALL_PREFIX=/home/mechax/ylh/sentry_vision/install/armor_detector
[0.428s] -- The C compiler identification is GNU 11.4.0
[0.591s] -- The CXX compiler identification is GNU 11.4.0
[0.604s] -- Detecting C compiler ABI info
[0.830s] -- Detecting C compiler ABI info - done
[0.840s] -- Check for working C compiler: /usr/bin/cc - skipped
[0.841s] -- Detecting C compile features
[0.841s] -- Detecting C compile features - done
[0.846s] -- Detecting CXX compiler ABI info
[1.060s] -- Detecting CXX compiler ABI info - done
[1.069s] -- Check for working CXX compiler: /usr/bin/c++ - skipped
[1.070s] -- Detecting CXX compile features
[1.070s] -- Detecting CXX compile features - done
[1.082s] -- Found ament_cmake_auto: 1.3.6 (/opt/ros/humble/share/ament_cmake_auto/cmake)
[1.773s] -- Found Python3: /usr/bin/python3.10 (found version "3.10.12") found components: Interpreter 
[1.926s] -- Found OpenCV: /usr (found version "4.5.4") 
[2.076s] -- Found rosidl_generator_c: 3.1.5 (/opt/ros/humble/share/rosidl_generator_c/cmake)
[2.082s] -- Found rosidl_adapter: 3.1.5 (/opt/ros/humble/share/rosidl_adapter/cmake)
[2.092s] -- Found rosidl_generator_cpp: 3.1.5 (/opt/ros/humble/share/rosidl_generator_cpp/cmake)
[2.111s] -- Using all available rosidl_typesupport_c: rosidl_typesupport_fastrtps_c;rosidl_typesupport_introspection_c
[2.143s] -- Using all available rosidl_typesupport_cpp: rosidl_typesupport_fastrtps_cpp;rosidl_typesupport_introspection_cpp
[2.265s] -- Found rmw_implementation_cmake: 6.1.1 (/opt/ros/humble/share/rmw_implementation_cmake/cmake)
[2.269s] -- Found rmw_fastrtps_cpp: 6.2.5 (/opt/ros/humble/share/rmw_fastrtps_cpp/cmake)
[2.425s] -- Found OpenSSL: /usr/lib/x86_64-linux-gnu/libcrypto.so (found version "3.0.2")  
[2.460s] -- Found FastRTPS: /opt/ros/humble/include  
[2.526s] -- Using RMW implementation 'rmw_fastrtps_cpp' as default
[2.538s] -- Looking for pthread.h
[2.642s] -- Looking for pthread.h - found
[2.643s] -- Performing Test CMAKE_HAVE_LIBC_PTHREAD
[2.754s] -- Performing Test CMAKE_HAVE_LIBC_PTHREAD - Success
[2.755s] -- Found Threads: TRUE  
[3.474s] -- Found eigen3_cmake_module: 0.1.1 (/opt/ros/humble/share/eigen3_cmake_module/cmake)
[3.476s] -- Found Eigen3: TRUE (found version "3.4.0") 
[3.476s] -- Ensuring Eigen3 include directory is part of orocos-kdl CMake target
[3.776s] -- Found ament_lint_auto: 0.12.9 (/opt/ros/humble/share/ament_lint_auto/cmake)
[3.793s] -- Found ament_cmake_gtest: 1.3.6 (/opt/ros/humble/share/ament_cmake_gtest/cmake)
[3.795s] -- Found gtest sources under '/opt/ros/humble/src/gtest_vendor': C++ tests using 'Google Test' will be built
[3.806s] -- Added test 'cppcheck' to perform static code analysis on C / C++ code
[3.806s] -- Configured cppcheck include dirs: /home/mechax/ylh/sentry_vision/src/rm_auto_aim/armor_detector/include
[3.806s] -- Configured cppcheck exclude dirs and/or files: 
[3.807s] -- Added test 'lint_cmake' to check CMake code style
[3.808s] -- Added test 'xmllint' to check XML markup files
[3.810s] -- Added test 'clang_format' to check C / C++ code style
[3.812s] -- Configuring done
[3.870s] -- Generating done
[3.873s] -- Build files have been written to: /home/mechax/ylh/sentry_vision/build/armor_detector
[3.900s] Invoked command in '/home/mechax/ylh/sentry_vision/build/armor_detector' returned '0': AMENT_PREFIX_PATH=/home/mechax/ylh/sentry_vision/install/auto_aim_interfaces:${AMENT_PREFIX_PATH} CMAKE_PREFIX_PATH=/home/mechax/ylh/sentry_vision/install/auto_aim_interfaces:/opt/ros/humble LD_LIBRARY_PATH=/home/mechax/ylh/sentry_vision/install/auto_aim_interfaces/lib:${LD_LIBRARY_PATH} PYTHONPATH=/home/mechax/ylh/sentry_vision/install/auto_aim_interfaces/local/lib/python3.10/dist-packages:${PYTHONPATH} /usr/bin/cmake /home/mechax/ylh/sentry_vision/src/rm_auto_aim/armor_detector -DCMAKE_EXPORT_COMPILE_COMMANDS=ON -DCMAKE_INSTALL_PREFIX=/home/mechax/ylh/sentry_vision/install/armor_detector
[3.903s] Invoking command in '/home/mechax/ylh/sentry_vision/build/armor_detector': AMENT_PREFIX_PATH=/home/mechax/ylh/sentry_vision/install/auto_aim_interfaces:${AMENT_PREFIX_PATH} CMAKE_PREFIX_PATH=/home/mechax/ylh/sentry_vision/install/auto_aim_interfaces:/opt/ros/humble LD_LIBRARY_PATH=/home/mechax/ylh/sentry_vision/install/auto_aim_interfaces/lib:${LD_LIBRARY_PATH} PYTHONPATH=/home/mechax/ylh/sentry_vision/install/auto_aim_interfaces/local/lib/python3.10/dist-packages:${PYTHONPATH} /usr/bin/cmake --build /home/mechax/ylh/sentry_vision/build/armor_detector -- -j16 -l16
[3.983s] [  6%] [32mBuilding CXX object CMakeFiles/armor_detector.dir/src/detector.cpp.o[0m
[6.658s] [ 13%] [32mBuilding CXX object CMakeFiles/armor_detector.dir/src/pnp_solver.cpp.o[0m
[7.897s] [ 20%] [32mBuilding CXX object CMakeFiles/armor_detector.dir/src/number_classifier.cpp.o[0m
[12.330s] [ 26%] [32mBuilding CXX object CMakeFiles/armor_detector.dir/src/detector_node.cpp.o[0m
[47.535s] [ 33%] [32m[1mLinking CXX shared library libarmor_detector.so[0m
[51.866s] [ 33%] Built target armor_detector
[51.975s] [ 40%] [32mBuilding CXX object CMakeFiles/armor_detector_node.dir/rclcpp_components/node_main_armor_detector_node.cpp.o[0m
[51.995s] [ 46%] [32mBuilding CXX object gtest/CMakeFiles/gtest.dir/src/gtest-all.cc.o[0m
[51.998s] [ 53%] [32mBuilding CXX object gtest/CMakeFiles/gtest_main.dir/src/gtest_main.cc.o[0m
[53.222s] [ 60%] [32m[1mLinking CXX static library libgtest_main.a[0m
[53.299s] [ 60%] Built target gtest_main
[58.971s] [ 66%] [32m[1mLinking CXX executable armor_detector_node[0m
[59.419s] [ 73%] [32m[1mLinking CXX static library libgtest.a[0m
[59.466s] [ 73%] Built target armor_detector_node
[59.591s] [ 73%] Built target gtest
[59.639s] [ 80%] [32mBuilding CXX object CMakeFiles/test_node_startup.dir/test/test_node_startup.cpp.o[0m
[68.976s] [ 86%] [32m[1mLinking CXX executable test_node_startup[0m
[74.153s] [ 86%] Built target test_node_startup
[74.220s] [ 93%] [32mBuilding CXX object CMakeFiles/test_number_cls.dir/test/test_number_cls.cpp.o[0m
[78.046s] [100%] [32m[1mLinking CXX executable test_number_cls[0m
[79.073s] [100%] Built target test_number_cls
[79.081s] Invoked command in '/home/mechax/ylh/sentry_vision/build/armor_detector' returned '0': AMENT_PREFIX_PATH=/home/mechax/ylh/sentry_vision/install/auto_aim_interfaces:${AMENT_PREFIX_PATH} CMAKE_PREFIX_PATH=/home/mechax/ylh/sentry_vision/install/auto_aim_interfaces:/opt/ros/humble LD_LIBRARY_PATH=/home/mechax/ylh/sentry_vision/install/auto_aim_interfaces/lib:${LD_LIBRARY_PATH} PYTHONPATH=/home/mechax/ylh/sentry_vision/install/auto_aim_interfaces/local/lib/python3.10/dist-packages:${PYTHONPATH} /usr/bin/cmake --build /home/mechax/ylh/sentry_vision/build/armor_detector -- -j16 -l16
[79.107s] Invoking command in '/home/mechax/ylh/sentry_vision/build/armor_detector': AMENT_PREFIX_PATH=/home/mechax/ylh/sentry_vision/install/auto_aim_interfaces:${AMENT_PREFIX_PATH} CMAKE_PREFIX_PATH=/home/mechax/ylh/sentry_vision/install/auto_aim_interfaces:/opt/ros/humble LD_LIBRARY_PATH=/home/mechax/ylh/sentry_vision/install/auto_aim_interfaces/lib:${LD_LIBRARY_PATH} PYTHONPATH=/home/mechax/ylh/sentry_vision/install/auto_aim_interfaces/local/lib/python3.10/dist-packages:${PYTHONPATH} /usr/bin/cmake --install /home/mechax/ylh/sentry_vision/build/armor_detector
[79.112s] -- Install configuration: ""
[79.112s] -- Installing: /home/mechax/ylh/sentry_vision/install/armor_detector/lib/armor_detector/armor_detector_node
[79.112s] -- Set runtime path of "/home/mechax/ylh/sentry_vision/install/armor_detector/lib/armor_detector/armor_detector_node" to ""
[79.113s] -- Installing: /home/mechax/ylh/sentry_vision/install/armor_detector/include
[79.113s] -- Installing: /home/mechax/ylh/sentry_vision/install/armor_detector/include/armor_detector
[79.113s] -- Installing: /home/mechax/ylh/sentry_vision/install/armor_detector/include/armor_detector/armor.hpp
[79.113s] -- Installing: /home/mechax/ylh/sentry_vision/install/armor_detector/include/armor_detector/detector.hpp
[79.113s] -- Installing: /home/mechax/ylh/sentry_vision/install/armor_detector/include/armor_detector/pnp_solver.hpp
[79.113s] -- Installing: /home/mechax/ylh/sentry_vision/install/armor_detector/include/armor_detector/number_classifier.hpp
[79.113s] -- Installing: /home/mechax/ylh/sentry_vision/install/armor_detector/include/armor_detector/detector_node.hpp
[79.113s] -- Installing: /home/mechax/ylh/sentry_vision/install/armor_detector/share/armor_detector/environment/library_path.sh
[79.113s] -- Installing: /home/mechax/ylh/sentry_vision/install/armor_detector/share/armor_detector/environment/library_path.dsv
[79.113s] -- Installing: /home/mechax/ylh/sentry_vision/install/armor_detector/lib/libarmor_detector.so
[79.124s] -- Set runtime path of "/home/mechax/ylh/sentry_vision/install/armor_detector/lib/libarmor_detector.so" to ""
[79.124s] -- Installing: /home/mechax/ylh/sentry_vision/install/armor_detector/share/armor_detector/model
[79.124s] -- Installing: /home/mechax/ylh/sentry_vision/install/armor_detector/share/armor_detector/model/mlp.onnx
[79.124s] -- Installing: /home/mechax/ylh/sentry_vision/install/armor_detector/share/armor_detector/model/label.txt
[79.124s] -- Installing: /home/mechax/ylh/sentry_vision/install/armor_detector/share/ament_index/resource_index/package_run_dependencies/armor_detector
[79.124s] -- Installing: /home/mechax/ylh/sentry_vision/install/armor_detector/share/ament_index/resource_index/parent_prefix_path/armor_detector
[79.124s] -- Installing: /home/mechax/ylh/sentry_vision/install/armor_detector/share/armor_detector/environment/ament_prefix_path.sh
[79.124s] -- Installing: /home/mechax/ylh/sentry_vision/install/armor_detector/share/armor_detector/environment/ament_prefix_path.dsv
[79.124s] -- Installing: /home/mechax/ylh/sentry_vision/install/armor_detector/share/armor_detector/environment/path.sh
[79.124s] -- Installing: /home/mechax/ylh/sentry_vision/install/armor_detector/share/armor_detector/environment/path.dsv
[79.125s] -- Installing: /home/mechax/ylh/sentry_vision/install/armor_detector/share/armor_detector/local_setup.bash
[79.125s] -- Installing: /home/mechax/ylh/sentry_vision/install/armor_detector/share/armor_detector/local_setup.sh
[79.125s] -- Installing: /home/mechax/ylh/sentry_vision/install/armor_detector/share/armor_detector/local_setup.zsh
[79.125s] -- Installing: /home/mechax/ylh/sentry_vision/install/armor_detector/share/armor_detector/local_setup.dsv
[79.125s] -- Installing: /home/mechax/ylh/sentry_vision/install/armor_detector/share/armor_detector/package.dsv
[79.125s] -- Installing: /home/mechax/ylh/sentry_vision/install/armor_detector/share/ament_index/resource_index/packages/armor_detector
[79.125s] -- Installing: /home/mechax/ylh/sentry_vision/install/armor_detector/share/ament_index/resource_index/rclcpp_components/armor_detector
[79.125s] -- Installing: /home/mechax/ylh/sentry_vision/install/armor_detector/share/armor_detector/cmake/ament_cmake_export_dependencies-extras.cmake
[79.125s] -- Installing: /home/mechax/ylh/sentry_vision/install/armor_detector/share/armor_detector/cmake/ament_cmake_export_include_directories-extras.cmake
[79.125s] -- Installing: /home/mechax/ylh/sentry_vision/install/armor_detector/share/armor_detector/cmake/ament_cmake_export_libraries-extras.cmake
[79.125s] -- Installing: /home/mechax/ylh/sentry_vision/install/armor_detector/share/armor_detector/cmake/armor_detectorConfig.cmake
[79.125s] -- Installing: /home/mechax/ylh/sentry_vision/install/armor_detector/share/armor_detector/cmake/armor_detectorConfig-version.cmake
[79.125s] -- Installing: /home/mechax/ylh/sentry_vision/install/armor_detector/share/armor_detector/package.xml
[79.127s] Invoked command in '/home/mechax/ylh/sentry_vision/build/armor_detector' returned '0': AMENT_PREFIX_PATH=/home/mechax/ylh/sentry_vision/install/auto_aim_interfaces:${AMENT_PREFIX_PATH} CMAKE_PREFIX_PATH=/home/mechax/ylh/sentry_vision/install/auto_aim_interfaces:/opt/ros/humble LD_LIBRARY_PATH=/home/mechax/ylh/sentry_vision/install/auto_aim_interfaces/lib:${LD_LIBRARY_PATH} PYTHONPATH=/home/mechax/ylh/sentry_vision/install/auto_aim_interfaces/local/lib/python3.10/dist-packages:${PYTHONPATH} /usr/bin/cmake --install /home/mechax/ylh/sentry_vision/build/armor_detector
