[0.284s] Invoking command in '/home/mechax/ylh/sentry_vision/build/rm_decision': AMENT_PREFIX_PATH=/home/mechax/ylh/sentry_vision/install/behaviortree_ros2:/home/mechax/ylh/sentry_vision/install/rm_decision_interfaces:/home/mechax/ylh/sentry_vision/install/behaviortree_cpp:/home/mechax/ylh/sentry_vision/install/auto_aim_interfaces:${AMENT_PREFIX_PATH} CMAKE_PREFIX_PATH=/home/mechax/ylh/sentry_vision/install/behaviortree_ros2:/home/mechax/ylh/sentry_vision/install/rm_decision_interfaces:/home/mechax/ylh/sentry_vision/install/behaviortree_cpp:/home/mechax/ylh/sentry_vision/install/auto_aim_interfaces:/opt/ros/humble LD_LIBRARY_PATH=/home/mechax/ylh/sentry_vision/install/rm_decision_interfaces/lib:/home/mechax/ylh/sentry_vision/install/behaviortree_cpp/lib:/home/mechax/ylh/sentry_vision/install/auto_aim_interfaces/lib:${LD_LIBRARY_PATH} PATH=/home/mechax/ylh/sentry_vision/install/behaviortree_cpp/bin:${PATH} PYTHONPATH=/home/mechax/ylh/sentry_vision/install/rm_decision_interfaces/local/lib/python3.10/dist-packages:/home/mechax/ylh/sentry_vision/install/auto_aim_interfaces/local/lib/python3.10/dist-packages:${PYTHONPATH} /usr/bin/cmake --build /home/mechax/ylh/sentry_vision/build/rm_decision -- -j16 -l16
[0.462s] [ 50%] Built target rm_decision_node
[0.462s] [100%] Built target rm_decision
[0.589s] Invoked command in '/home/mechax/ylh/sentry_vision/build/rm_decision' returned '0': AMENT_PREFIX_PATH=/home/mechax/ylh/sentry_vision/install/behaviortree_ros2:/home/mechax/ylh/sentry_vision/install/rm_decision_interfaces:/home/mechax/ylh/sentry_vision/install/behaviortree_cpp:/home/mechax/ylh/sentry_vision/install/auto_aim_interfaces:${AMENT_PREFIX_PATH} CMAKE_PREFIX_PATH=/home/mechax/ylh/sentry_vision/install/behaviortree_ros2:/home/mechax/ylh/sentry_vision/install/rm_decision_interfaces:/home/mechax/ylh/sentry_vision/install/behaviortree_cpp:/home/mechax/ylh/sentry_vision/install/auto_aim_interfaces:/opt/ros/humble LD_LIBRARY_PATH=/home/mechax/ylh/sentry_vision/install/rm_decision_interfaces/lib:/home/mechax/ylh/sentry_vision/install/behaviortree_cpp/lib:/home/mechax/ylh/sentry_vision/install/auto_aim_interfaces/lib:${LD_LIBRARY_PATH} PATH=/home/mechax/ylh/sentry_vision/install/behaviortree_cpp/bin:${PATH} PYTHONPATH=/home/mechax/ylh/sentry_vision/install/rm_decision_interfaces/local/lib/python3.10/dist-packages:/home/mechax/ylh/sentry_vision/install/auto_aim_interfaces/local/lib/python3.10/dist-packages:${PYTHONPATH} /usr/bin/cmake --build /home/mechax/ylh/sentry_vision/build/rm_decision -- -j16 -l16
[0.713s] Invoking command in '/home/mechax/ylh/sentry_vision/build/rm_decision': AMENT_PREFIX_PATH=/home/mechax/ylh/sentry_vision/install/behaviortree_ros2:/home/mechax/ylh/sentry_vision/install/rm_decision_interfaces:/home/mechax/ylh/sentry_vision/install/behaviortree_cpp:/home/mechax/ylh/sentry_vision/install/auto_aim_interfaces:${AMENT_PREFIX_PATH} CMAKE_PREFIX_PATH=/home/mechax/ylh/sentry_vision/install/behaviortree_ros2:/home/mechax/ylh/sentry_vision/install/rm_decision_interfaces:/home/mechax/ylh/sentry_vision/install/behaviortree_cpp:/home/mechax/ylh/sentry_vision/install/auto_aim_interfaces:/opt/ros/humble LD_LIBRARY_PATH=/home/mechax/ylh/sentry_vision/install/rm_decision_interfaces/lib:/home/mechax/ylh/sentry_vision/install/behaviortree_cpp/lib:/home/mechax/ylh/sentry_vision/install/auto_aim_interfaces/lib:${LD_LIBRARY_PATH} PATH=/home/mechax/ylh/sentry_vision/install/behaviortree_cpp/bin:${PATH} PYTHONPATH=/home/mechax/ylh/sentry_vision/install/rm_decision_interfaces/local/lib/python3.10/dist-packages:/home/mechax/ylh/sentry_vision/install/auto_aim_interfaces/local/lib/python3.10/dist-packages:${PYTHONPATH} /usr/bin/cmake --install /home/mechax/ylh/sentry_vision/build/rm_decision
[0.770s] -- Install configuration: ""
[0.772s] -- Up-to-date: /home/mechax/ylh/sentry_vision/install/rm_decision/lib/rm_decision/rm_decision_node
[0.772s] -- Up-to-date: /home/mechax/ylh/sentry_vision/install/rm_decision/include
[0.772s] -- Up-to-date: /home/mechax/ylh/sentry_vision/install/rm_decision/include/rm_decision
[0.772s] -- Up-to-date: /home/mechax/ylh/sentry_vision/install/rm_decision/include/rm_decision/commander.hpp
[0.773s] -- Up-to-date: /home/mechax/ylh/sentry_vision/install/rm_decision/share/rm_decision/environment/library_path.sh
[0.773s] -- Up-to-date: /home/mechax/ylh/sentry_vision/install/rm_decision/share/rm_decision/environment/library_path.dsv
[0.774s] -- Up-to-date: /home/mechax/ylh/sentry_vision/install/rm_decision/lib/librm_decision.so
[0.775s] -- Up-to-date: /home/mechax/ylh/sentry_vision/install/rm_decision/share/rm_decision/launch
[0.776s] -- Up-to-date: /home/mechax/ylh/sentry_vision/install/rm_decision/share/rm_decision/launch/my_launch.py
[0.777s] -- Up-to-date: /home/mechax/ylh/sentry_vision/install/rm_decision/share/rm_decision/config
[0.777s] -- Up-to-date: /home/mechax/ylh/sentry_vision/install/rm_decision/share/rm_decision/config/sentry_bt.btproj
[0.777s] -- Up-to-date: /home/mechax/ylh/sentry_vision/install/rm_decision/share/rm_decision/config/node_params.yaml
[0.777s] -- Up-to-date: /home/mechax/ylh/sentry_vision/install/rm_decision/share/rm_decision/config/sentry_bt.xml
[0.778s] -- Up-to-date: /home/mechax/ylh/sentry_vision/install/rm_decision/share/ament_index/resource_index/package_run_dependencies/rm_decision
[0.778s] -- Up-to-date: /home/mechax/ylh/sentry_vision/install/rm_decision/share/ament_index/resource_index/parent_prefix_path/rm_decision
[0.779s] -- Up-to-date: /home/mechax/ylh/sentry_vision/install/rm_decision/share/rm_decision/environment/ament_prefix_path.sh
[0.779s] -- Up-to-date: /home/mechax/ylh/sentry_vision/install/rm_decision/share/rm_decision/environment/ament_prefix_path.dsv
[0.779s] -- Up-to-date: /home/mechax/ylh/sentry_vision/install/rm_decision/share/rm_decision/environment/path.sh
[0.779s] -- Up-to-date: /home/mechax/ylh/sentry_vision/install/rm_decision/share/rm_decision/environment/path.dsv
[0.779s] -- Up-to-date: /home/mechax/ylh/sentry_vision/install/rm_decision/share/rm_decision/local_setup.bash
[0.779s] -- Up-to-date: /home/mechax/ylh/sentry_vision/install/rm_decision/share/rm_decision/local_setup.sh
[0.780s] -- Up-to-date: /home/mechax/ylh/sentry_vision/install/rm_decision/share/rm_decision/local_setup.zsh
[0.780s] -- Up-to-date: /home/mechax/ylh/sentry_vision/install/rm_decision/share/rm_decision/local_setup.dsv
[0.780s] -- Installing: /home/mechax/ylh/sentry_vision/install/rm_decision/share/rm_decision/package.dsv
[0.780s] -- Up-to-date: /home/mechax/ylh/sentry_vision/install/rm_decision/share/ament_index/resource_index/packages/rm_decision
[0.781s] -- Up-to-date: /home/mechax/ylh/sentry_vision/install/rm_decision/share/ament_index/resource_index/rclcpp_components/rm_decision
[0.781s] -- Up-to-date: /home/mechax/ylh/sentry_vision/install/rm_decision/share/rm_decision/cmake/ament_cmake_export_dependencies-extras.cmake
[0.781s] -- Up-to-date: /home/mechax/ylh/sentry_vision/install/rm_decision/share/rm_decision/cmake/ament_cmake_export_include_directories-extras.cmake
[0.781s] -- Up-to-date: /home/mechax/ylh/sentry_vision/install/rm_decision/share/rm_decision/cmake/ament_cmake_export_libraries-extras.cmake
[0.781s] -- Up-to-date: /home/mechax/ylh/sentry_vision/install/rm_decision/share/rm_decision/cmake/rm_decisionConfig.cmake
[0.782s] -- Up-to-date: /home/mechax/ylh/sentry_vision/install/rm_decision/share/rm_decision/cmake/rm_decisionConfig-version.cmake
[0.782s] -- Up-to-date: /home/mechax/ylh/sentry_vision/install/rm_decision/share/rm_decision/package.xml
[0.783s] -- Up-to-date: /home/mechax/ylh/sentry_vision/install/rm_decision/share/rm_decision/launch
[0.783s] -- Up-to-date: /home/mechax/ylh/sentry_vision/install/rm_decision/share/rm_decision/launch/my_launch.py
[0.783s] -- Up-to-date: /home/mechax/ylh/sentry_vision/install/rm_decision/share/rm_decision/config
[0.783s] -- Up-to-date: /home/mechax/ylh/sentry_vision/install/rm_decision/share/rm_decision/config/sentry_bt.btproj
[0.783s] -- Up-to-date: /home/mechax/ylh/sentry_vision/install/rm_decision/share/rm_decision/config/node_params.yaml
[0.784s] -- Up-to-date: /home/mechax/ylh/sentry_vision/install/rm_decision/share/rm_decision/config/sentry_bt.xml
[0.846s] Invoked command in '/home/mechax/ylh/sentry_vision/build/rm_decision' returned '0': AMENT_PREFIX_PATH=/home/mechax/ylh/sentry_vision/install/behaviortree_ros2:/home/mechax/ylh/sentry_vision/install/rm_decision_interfaces:/home/mechax/ylh/sentry_vision/install/behaviortree_cpp:/home/mechax/ylh/sentry_vision/install/auto_aim_interfaces:${AMENT_PREFIX_PATH} CMAKE_PREFIX_PATH=/home/mechax/ylh/sentry_vision/install/behaviortree_ros2:/home/mechax/ylh/sentry_vision/install/rm_decision_interfaces:/home/mechax/ylh/sentry_vision/install/behaviortree_cpp:/home/mechax/ylh/sentry_vision/install/auto_aim_interfaces:/opt/ros/humble LD_LIBRARY_PATH=/home/mechax/ylh/sentry_vision/install/rm_decision_interfaces/lib:/home/mechax/ylh/sentry_vision/install/behaviortree_cpp/lib:/home/mechax/ylh/sentry_vision/install/auto_aim_interfaces/lib:${LD_LIBRARY_PATH} PATH=/home/mechax/ylh/sentry_vision/install/behaviortree_cpp/bin:${PATH} PYTHONPATH=/home/mechax/ylh/sentry_vision/install/rm_decision_interfaces/local/lib/python3.10/dist-packages:/home/mechax/ylh/sentry_vision/install/auto_aim_interfaces/local/lib/python3.10/dist-packages:${PYTHONPATH} /usr/bin/cmake --install /home/mechax/ylh/sentry_vision/build/rm_decision
