[0.359s] Invoking command in '/home/mechax/ylh/sentry_vision/build/auto_aim_interfaces': CMAKE_PREFIX_PATH=/opt/ros/humble /usr/bin/cmake /home/mechax/ylh/sentry_vision/src/rm_auto_aim/auto_aim_interfaces -DCMAKE_EXPORT_COMPILE_COMMANDS=ON -DCMAKE_INSTALL_PREFIX=/home/mechax/ylh/sentry_vision/install/auto_aim_interfaces
[0.463s] -- The C compiler identification is GNU 11.4.0
[0.578s] -- The CXX compiler identification is GNU 11.4.0
[0.585s] -- Detecting C compiler ABI info
[0.668s] -- Detecting C compiler ABI info - done
[0.678s] -- Check for working C compiler: /usr/bin/cc - skipped
[0.679s] -- Detecting C compile features
[0.679s] -- Detecting C compile features - done
[0.681s] -- Detecting CXX compiler ABI info
[0.809s] -- Detecting CXX compiler ABI info - done
[0.817s] -- Check for working CXX compiler: /usr/bin/c++ - skipped
[0.818s] -- Detecting CXX compile features
[0.818s] -- Detecting CXX compile features - done
[0.821s] -- Found ament_cmake: 1.3.6 (/opt/ros/humble/share/ament_cmake/cmake)
[1.544s] -- Found Python3: /usr/bin/python3.10 (found version "3.10.12") found components: Interpreter 
[1.682s] -- Found rosidl_default_generators: 1.2.0 (/opt/ros/humble/share/rosidl_default_generators/cmake)
[1.685s] -- Using all available rosidl_typesupport_c: rosidl_typesupport_fastrtps_c;rosidl_typesupport_introspection_c
[1.691s] -- Found rosidl_adapter: 3.1.5 (/opt/ros/humble/share/rosidl_adapter/cmake)
[1.731s] -- Using all available rosidl_typesupport_cpp: rosidl_typesupport_fastrtps_cpp;rosidl_typesupport_introspection_cpp
[1.794s] -- Found geometry_msgs: 4.2.3 (/opt/ros/humble/share/geometry_msgs/cmake)
[2.291s] -- Found ament_cmake_ros: 0.10.0 (/opt/ros/humble/share/ament_cmake_ros/cmake)
[3.227s] -- Using all available rosidl_typesupport_c: rosidl_typesupport_fastrtps_c;rosidl_typesupport_introspection_c
[4.595s] -- Using all available rosidl_typesupport_cpp: rosidl_typesupport_fastrtps_cpp;rosidl_typesupport_introspection_cpp
[4.693s] -- Found PythonInterp: /usr/bin/python3 (found suitable version "3.10.12", minimum required is "3.6") 
[4.696s] -- Found python_cmake_module: 0.10.0 (/opt/ros/humble/share/python_cmake_module/cmake)
[4.773s] -- Found PythonLibs: /usr/lib/x86_64-linux-gnu/libpython3.10.so (found suitable version "3.10.12", minimum required is "3.5") 
[4.773s] -- Using PYTHON_EXECUTABLE: /usr/bin/python3
[4.773s] -- Using PYTHON_INCLUDE_DIRS: /usr/include/python3.10
[4.774s] -- Using PYTHON_LIBRARIES: /usr/lib/x86_64-linux-gnu/libpython3.10.so
[4.815s] -- Found PythonExtra: .so  
[4.965s] -- Configuring done
[5.198s] -- Generating done
[5.214s] -- Build files have been written to: /home/mechax/ylh/sentry_vision/build/auto_aim_interfaces
[5.768s] Invoked command in '/home/mechax/ylh/sentry_vision/build/auto_aim_interfaces' returned '0': CMAKE_PREFIX_PATH=/opt/ros/humble /usr/bin/cmake /home/mechax/ylh/sentry_vision/src/rm_auto_aim/auto_aim_interfaces -DCMAKE_EXPORT_COMPILE_COMMANDS=ON -DCMAKE_INSTALL_PREFIX=/home/mechax/ylh/sentry_vision/install/auto_aim_interfaces
[5.773s] Invoking command in '/home/mechax/ylh/sentry_vision/build/auto_aim_interfaces': CMAKE_PREFIX_PATH=/opt/ros/humble /usr/bin/cmake --build /home/mechax/ylh/sentry_vision/build/auto_aim_interfaces -- -j16 -l16
[5.979s] [  1%] [34m[1mGenerating C code for ROS interfaces[0m
[6.067s] [  1%] [34m[1mGenerating C++ code for ROS interfaces[0m
[6.151s] [  1%] Built target ament_cmake_python_copy_auto_aim_interfaces
[7.062s] running egg_info
[7.065s] creating auto_aim_interfaces.egg-info
[7.129s] writing auto_aim_interfaces.egg-info/PKG-INFO
[7.129s] writing dependency_links to auto_aim_interfaces.egg-info/dependency_links.txt
[7.130s] writing top-level names to auto_aim_interfaces.egg-info/top_level.txt
[7.130s] writing manifest file 'auto_aim_interfaces.egg-info/SOURCES.txt'
[7.240s] reading manifest file 'auto_aim_interfaces.egg-info/SOURCES.txt'
[7.241s] writing manifest file 'auto_aim_interfaces.egg-info/SOURCES.txt'
[7.381s] [  1%] Built target ament_cmake_python_build_auto_aim_interfaces_egg
[9.462s] [  1%] Built target auto_aim_interfaces__cpp
[9.518s] [  2%] [34m[1mGenerating C++ type support dispatch for ROS interfaces[0m
[9.553s] [  2%] [34m[1mGenerating C++ type support for eProsima Fast-RTPS[0m
[9.630s] [  3%] [34m[1mGenerating C++ introspection for ROS interfaces[0m
[9.695s] [  4%] [32mBuilding C object CMakeFiles/auto_aim_interfaces__rosidl_generator_c.dir/rosidl_generator_c/auto_aim_interfaces/msg/detail/armor__functions.c.o[0m
[9.726s] [  5%] [32mBuilding C object CMakeFiles/auto_aim_interfaces__rosidl_generator_c.dir/rosidl_generator_c/auto_aim_interfaces/msg/detail/armors__functions.c.o[0m
[9.762s] [  6%] [32mBuilding C object CMakeFiles/auto_aim_interfaces__rosidl_generator_c.dir/rosidl_generator_c/auto_aim_interfaces/msg/detail/target__functions.c.o[0m
[9.801s] [  7%] [32mBuilding C object CMakeFiles/auto_aim_interfaces__rosidl_generator_c.dir/rosidl_generator_c/auto_aim_interfaces/msg/detail/debug_light__functions.c.o[0m
[9.836s] [  8%] [32mBuilding C object CMakeFiles/auto_aim_interfaces__rosidl_generator_c.dir/rosidl_generator_c/auto_aim_interfaces/msg/detail/debug_lights__functions.c.o[0m
[9.837s] [  9%] [32mBuilding C object CMakeFiles/auto_aim_interfaces__rosidl_generator_c.dir/rosidl_generator_c/auto_aim_interfaces/msg/detail/debug_armor__functions.c.o[0m
[9.896s] [ 10%] [32mBuilding C object CMakeFiles/auto_aim_interfaces__rosidl_generator_c.dir/rosidl_generator_c/auto_aim_interfaces/msg/detail/debug_armors__functions.c.o[0m
[9.903s] [ 10%] [32mBuilding C object CMakeFiles/auto_aim_interfaces__rosidl_generator_c.dir/rosidl_generator_c/auto_aim_interfaces/msg/detail/tracker_info__functions.c.o[0m
[9.917s] [ 11%] [32mBuilding C object CMakeFiles/auto_aim_interfaces__rosidl_generator_c.dir/rosidl_generator_c/auto_aim_interfaces/msg/detail/send_serial__functions.c.o[0m
[9.968s] [ 12%] [32mBuilding C object CMakeFiles/auto_aim_interfaces__rosidl_generator_c.dir/rosidl_generator_c/auto_aim_interfaces/msg/detail/receive_serial__functions.c.o[0m
[10.035s] [ 13%] [32mBuilding C object CMakeFiles/auto_aim_interfaces__rosidl_generator_c.dir/rosidl_generator_c/auto_aim_interfaces/msg/detail/bias__functions.c.o[0m
[10.362s] [ 14%] [32m[1mLinking C shared library libauto_aim_interfaces__rosidl_generator_c.so[0m
[10.620s] [ 14%] Built target auto_aim_interfaces__rosidl_generator_c
[10.729s] [ 15%] [34m[1mGenerating C type support for eProsima Fast-RTPS[0m
[10.731s] [ 16%] [34m[1mGenerating C introspection for ROS interfaces[0m
[10.742s] [ 17%] [32mBuilding CXX object CMakeFiles/auto_aim_interfaces__rosidl_typesupport_cpp.dir/rosidl_typesupport_cpp/auto_aim_interfaces/msg/armor__type_support.cpp.o[0m
[10.781s] [ 18%] [34m[1mGenerating C type support dispatch for ROS interfaces[0m
[10.799s] [ 19%] [32mBuilding CXX object CMakeFiles/auto_aim_interfaces__rosidl_typesupport_cpp.dir/rosidl_typesupport_cpp/auto_aim_interfaces/msg/debug_light__type_support.cpp.o[0m
[10.805s] [ 20%] [32mBuilding CXX object CMakeFiles/auto_aim_interfaces__rosidl_typesupport_cpp.dir/rosidl_typesupport_cpp/auto_aim_interfaces/msg/armors__type_support.cpp.o[0m
[10.807s] [ 21%] [32mBuilding CXX object CMakeFiles/auto_aim_interfaces__rosidl_typesupport_cpp.dir/rosidl_typesupport_cpp/auto_aim_interfaces/msg/debug_lights__type_support.cpp.o[0m
[10.812s] [ 22%] [32mBuilding CXX object CMakeFiles/auto_aim_interfaces__rosidl_typesupport_cpp.dir/rosidl_typesupport_cpp/auto_aim_interfaces/msg/target__type_support.cpp.o[0m
[10.844s] [ 23%] [32mBuilding CXX object CMakeFiles/auto_aim_interfaces__rosidl_typesupport_cpp.dir/rosidl_typesupport_cpp/auto_aim_interfaces/msg/debug_armors__type_support.cpp.o[0m
[10.859s] [ 24%] [32mBuilding CXX object CMakeFiles/auto_aim_interfaces__rosidl_typesupport_cpp.dir/rosidl_typesupport_cpp/auto_aim_interfaces/msg/debug_armor__type_support.cpp.o[0m
[10.963s] [ 24%] [32mBuilding CXX object CMakeFiles/auto_aim_interfaces__rosidl_typesupport_cpp.dir/rosidl_typesupport_cpp/auto_aim_interfaces/msg/tracker_info__type_support.cpp.o[0m
[10.979s] [ 25%] [32mBuilding CXX object CMakeFiles/auto_aim_interfaces__rosidl_typesupport_cpp.dir/rosidl_typesupport_cpp/auto_aim_interfaces/msg/receive_serial__type_support.cpp.o[0m
[10.992s] [ 27%] [32mBuilding CXX object CMakeFiles/auto_aim_interfaces__rosidl_typesupport_cpp.dir/rosidl_typesupport_cpp/auto_aim_interfaces/msg/send_serial__type_support.cpp.o[0m
[11.001s] [ 27%] [32mBuilding CXX object CMakeFiles/auto_aim_interfaces__rosidl_typesupport_cpp.dir/rosidl_typesupport_cpp/auto_aim_interfaces/msg/bias__type_support.cpp.o[0m
[12.820s] [ 28%] [32mBuilding CXX object CMakeFiles/auto_aim_interfaces__rosidl_typesupport_introspection_cpp.dir/rosidl_typesupport_introspection_cpp/auto_aim_interfaces/msg/detail/armor__type_support.cpp.o[0m
[12.836s] [ 29%] [32mBuilding CXX object CMakeFiles/auto_aim_interfaces__rosidl_typesupport_introspection_cpp.dir/rosidl_typesupport_introspection_cpp/auto_aim_interfaces/msg/detail/target__type_support.cpp.o[0m
[12.865s] [ 29%] [32mBuilding CXX object CMakeFiles/auto_aim_interfaces__rosidl_typesupport_introspection_cpp.dir/rosidl_typesupport_introspection_cpp/auto_aim_interfaces/msg/detail/armors__type_support.cpp.o[0m
[12.892s] [ 30%] [32mBuilding CXX object CMakeFiles/auto_aim_interfaces__rosidl_typesupport_introspection_cpp.dir/rosidl_typesupport_introspection_cpp/auto_aim_interfaces/msg/detail/tracker_info__type_support.cpp.o[0m
[12.897s] [ 31%] [32mBuilding CXX object CMakeFiles/auto_aim_interfaces__rosidl_typesupport_introspection_cpp.dir/rosidl_typesupport_introspection_cpp/auto_aim_interfaces/msg/detail/debug_light__type_support.cpp.o[0m
[12.897s] [ 32%] [32mBuilding CXX object CMakeFiles/auto_aim_interfaces__rosidl_typesupport_introspection_cpp.dir/rosidl_typesupport_introspection_cpp/auto_aim_interfaces/msg/detail/debug_armors__type_support.cpp.o[0m
[12.897s] [ 33%] [32mBuilding CXX object CMakeFiles/auto_aim_interfaces__rosidl_typesupport_introspection_cpp.dir/rosidl_typesupport_introspection_cpp/auto_aim_interfaces/msg/detail/receive_serial__type_support.cpp.o[0m
[12.897s] [ 34%] [32mBuilding CXX object CMakeFiles/auto_aim_interfaces__rosidl_typesupport_introspection_cpp.dir/rosidl_typesupport_introspection_cpp/auto_aim_interfaces/msg/detail/send_serial__type_support.cpp.o[0m
[12.897s] [ 35%] [32mBuilding CXX object CMakeFiles/auto_aim_interfaces__rosidl_typesupport_introspection_cpp.dir/rosidl_typesupport_introspection_cpp/auto_aim_interfaces/msg/detail/debug_lights__type_support.cpp.o[0m
[12.921s] [ 36%] [32mBuilding CXX object CMakeFiles/auto_aim_interfaces__rosidl_typesupport_introspection_cpp.dir/rosidl_typesupport_introspection_cpp/auto_aim_interfaces/msg/detail/debug_armor__type_support.cpp.o[0m
[13.357s] [ 37%] [32mBuilding CXX object CMakeFiles/auto_aim_interfaces__rosidl_typesupport_introspection_cpp.dir/rosidl_typesupport_introspection_cpp/auto_aim_interfaces/msg/detail/bias__type_support.cpp.o[0m
[13.376s] [ 38%] [32m[1mLinking CXX shared library libauto_aim_interfaces__rosidl_typesupport_cpp.so[0m
[13.743s] [ 38%] Built target auto_aim_interfaces__rosidl_typesupport_cpp
[13.851s] [ 39%] [32mBuilding CXX object CMakeFiles/auto_aim_interfaces__rosidl_typesupport_fastrtps_cpp.dir/rosidl_typesupport_fastrtps_cpp/auto_aim_interfaces/msg/detail/dds_fastrtps/armor__type_support.cpp.o[0m
[13.945s] [ 40%] [32mBuilding CXX object CMakeFiles/auto_aim_interfaces__rosidl_typesupport_fastrtps_cpp.dir/rosidl_typesupport_fastrtps_cpp/auto_aim_interfaces/msg/detail/dds_fastrtps/armors__type_support.cpp.o[0m
[14.053s] [ 41%] [32mBuilding CXX object CMakeFiles/auto_aim_interfaces__rosidl_typesupport_fastrtps_cpp.dir/rosidl_typesupport_fastrtps_cpp/auto_aim_interfaces/msg/detail/dds_fastrtps/target__type_support.cpp.o[0m
[14.055s] [ 42%] [32mBuilding CXX object CMakeFiles/auto_aim_interfaces__rosidl_typesupport_c.dir/rosidl_typesupport_c/auto_aim_interfaces/msg/armor__type_support.cpp.o[0m
[14.243s] [ 43%] [32mBuilding CXX object CMakeFiles/auto_aim_interfaces__rosidl_typesupport_c.dir/rosidl_typesupport_c/auto_aim_interfaces/msg/armors__type_support.cpp.o[0m
[14.408s] [ 43%] [32mBuilding CXX object CMakeFiles/auto_aim_interfaces__rosidl_typesupport_c.dir/rosidl_typesupport_c/auto_aim_interfaces/msg/target__type_support.cpp.o[0m
[14.561s] [ 44%] [32mBuilding CXX object CMakeFiles/auto_aim_interfaces__rosidl_typesupport_c.dir/rosidl_typesupport_c/auto_aim_interfaces/msg/debug_light__type_support.cpp.o[0m
[14.626s] [ 45%] [32mBuilding CXX object CMakeFiles/auto_aim_interfaces__rosidl_typesupport_fastrtps_cpp.dir/rosidl_typesupport_fastrtps_cpp/auto_aim_interfaces/msg/detail/dds_fastrtps/debug_light__type_support.cpp.o[0m
[14.650s] [ 46%] [32mBuilding CXX object CMakeFiles/auto_aim_interfaces__rosidl_typesupport_fastrtps_cpp.dir/rosidl_typesupport_fastrtps_cpp/auto_aim_interfaces/msg/detail/dds_fastrtps/debug_lights__type_support.cpp.o[0m
[14.739s] [ 47%] [32mBuilding CXX object CMakeFiles/auto_aim_interfaces__rosidl_typesupport_c.dir/rosidl_typesupport_c/auto_aim_interfaces/msg/debug_lights__type_support.cpp.o[0m
[14.813s] [ 48%] [32mBuilding C object CMakeFiles/auto_aim_interfaces__rosidl_typesupport_introspection_c.dir/rosidl_typesupport_introspection_c/auto_aim_interfaces/msg/detail/armor__type_support.c.o[0m
[14.922s] [ 49%] [32mBuilding CXX object CMakeFiles/auto_aim_interfaces__rosidl_typesupport_c.dir/rosidl_typesupport_c/auto_aim_interfaces/msg/debug_armor__type_support.cpp.o[0m
[14.953s] [ 50%] [32mBuilding C object CMakeFiles/auto_aim_interfaces__rosidl_typesupport_introspection_c.dir/rosidl_typesupport_introspection_c/auto_aim_interfaces/msg/detail/armors__type_support.c.o[0m
[14.995s] [ 51%] [32mBuilding CXX object CMakeFiles/auto_aim_interfaces__rosidl_typesupport_fastrtps_c.dir/rosidl_typesupport_fastrtps_c/auto_aim_interfaces/msg/detail/armor__type_support_c.cpp.o[0m
[15.018s] [ 52%] [32mBuilding CXX object CMakeFiles/auto_aim_interfaces__rosidl_typesupport_fastrtps_cpp.dir/rosidl_typesupport_fastrtps_cpp/auto_aim_interfaces/msg/detail/dds_fastrtps/debug_armor__type_support.cpp.o[0m
[15.033s] [ 53%] [32mBuilding CXX object CMakeFiles/auto_aim_interfaces__rosidl_typesupport_c.dir/rosidl_typesupport_c/auto_aim_interfaces/msg/debug_armors__type_support.cpp.o[0m
[15.093s] [ 54%] [32mBuilding C object CMakeFiles/auto_aim_interfaces__rosidl_typesupport_introspection_c.dir/rosidl_typesupport_introspection_c/auto_aim_interfaces/msg/detail/target__type_support.c.o[0m
[15.169s] [ 55%] [32mBuilding CXX object CMakeFiles/auto_aim_interfaces__rosidl_typesupport_c.dir/rosidl_typesupport_c/auto_aim_interfaces/msg/tracker_info__type_support.cpp.o[0m
[15.205s] [ 56%] [32mBuilding C object CMakeFiles/auto_aim_interfaces__rosidl_typesupport_introspection_c.dir/rosidl_typesupport_introspection_c/auto_aim_interfaces/msg/detail/debug_light__type_support.c.o[0m
[15.217s] [ 57%] [32mBuilding C object CMakeFiles/auto_aim_interfaces__rosidl_typesupport_introspection_c.dir/rosidl_typesupport_introspection_c/auto_aim_interfaces/msg/detail/debug_lights__type_support.c.o[0m
[15.246s] [ 58%] [32mBuilding CXX object CMakeFiles/auto_aim_interfaces__rosidl_typesupport_fastrtps_c.dir/rosidl_typesupport_fastrtps_c/auto_aim_interfaces/msg/detail/armors__type_support_c.cpp.o[0m
[15.265s] [ 59%] [32mBuilding CXX object CMakeFiles/auto_aim_interfaces__rosidl_typesupport_c.dir/rosidl_typesupport_c/auto_aim_interfaces/msg/send_serial__type_support.cpp.o[0m
[15.269s] [ 60%] [32mBuilding CXX object CMakeFiles/auto_aim_interfaces__rosidl_typesupport_fastrtps_cpp.dir/rosidl_typesupport_fastrtps_cpp/auto_aim_interfaces/msg/detail/dds_fastrtps/debug_armors__type_support.cpp.o[0m
[15.278s] [ 61%] [32mBuilding CXX object CMakeFiles/auto_aim_interfaces__rosidl_typesupport_fastrtps_cpp.dir/rosidl_typesupport_fastrtps_cpp/auto_aim_interfaces/msg/detail/dds_fastrtps/tracker_info__type_support.cpp.o[0m
[15.401s] [ 62%] [32mBuilding CXX object CMakeFiles/auto_aim_interfaces__rosidl_typesupport_c.dir/rosidl_typesupport_c/auto_aim_interfaces/msg/receive_serial__type_support.cpp.o[0m
[15.402s] [ 63%] [32mBuilding CXX object CMakeFiles/auto_aim_interfaces__rosidl_typesupport_fastrtps_c.dir/rosidl_typesupport_fastrtps_c/auto_aim_interfaces/msg/detail/debug_light__type_support_c.cpp.o[0m
[15.408s] [ 64%] [32mBuilding CXX object CMakeFiles/auto_aim_interfaces__rosidl_typesupport_fastrtps_c.dir/rosidl_typesupport_fastrtps_c/auto_aim_interfaces/msg/detail/target__type_support_c.cpp.o[0m
[15.490s] [ 65%] [32mBuilding C object CMakeFiles/auto_aim_interfaces__rosidl_typesupport_introspection_c.dir/rosidl_typesupport_introspection_c/auto_aim_interfaces/msg/detail/debug_armor__type_support.c.o[0m
[15.528s] [ 66%] [32mBuilding CXX object CMakeFiles/auto_aim_interfaces__rosidl_typesupport_c.dir/rosidl_typesupport_c/auto_aim_interfaces/msg/bias__type_support.cpp.o[0m
[15.581s] [ 66%] [32mBuilding C object CMakeFiles/auto_aim_interfaces__rosidl_typesupport_introspection_c.dir/rosidl_typesupport_introspection_c/auto_aim_interfaces/msg/detail/debug_armors__type_support.c.o[0m
[15.611s] [ 66%] [32mBuilding CXX object CMakeFiles/auto_aim_interfaces__rosidl_typesupport_fastrtps_c.dir/rosidl_typesupport_fastrtps_c/auto_aim_interfaces/msg/detail/debug_lights__type_support_c.cpp.o[0m
[15.655s] [ 67%] [32mBuilding CXX object CMakeFiles/auto_aim_interfaces__rosidl_typesupport_fastrtps_c.dir/rosidl_typesupport_fastrtps_c/auto_aim_interfaces/msg/detail/debug_armor__type_support_c.cpp.o[0m
[15.702s] [ 68%] [32mBuilding C object CMakeFiles/auto_aim_interfaces__rosidl_typesupport_introspection_c.dir/rosidl_typesupport_introspection_c/auto_aim_interfaces/msg/detail/tracker_info__type_support.c.o[0m
[15.733s] [ 69%] [32m[1mLinking CXX shared library libauto_aim_interfaces__rosidl_typesupport_introspection_cpp.so[0m
[15.765s] [ 70%] [32m[1mLinking CXX shared library libauto_aim_interfaces__rosidl_typesupport_c.so[0m
[15.826s] [ 71%] [32mBuilding CXX object CMakeFiles/auto_aim_interfaces__rosidl_typesupport_fastrtps_c.dir/rosidl_typesupport_fastrtps_c/auto_aim_interfaces/msg/detail/debug_armors__type_support_c.cpp.o[0m
[15.935s] [ 72%] [32mBuilding C object CMakeFiles/auto_aim_interfaces__rosidl_typesupport_introspection_c.dir/rosidl_typesupport_introspection_c/auto_aim_interfaces/msg/detail/send_serial__type_support.c.o[0m
[15.940s] [ 73%] [32mBuilding CXX object CMakeFiles/auto_aim_interfaces__rosidl_typesupport_fastrtps_cpp.dir/rosidl_typesupport_fastrtps_cpp/auto_aim_interfaces/msg/detail/dds_fastrtps/send_serial__type_support.cpp.o[0m
[15.946s] [ 73%] Built target auto_aim_interfaces__rosidl_typesupport_c
[16.007s] [ 74%] [32mBuilding C object CMakeFiles/auto_aim_interfaces__rosidl_typesupport_introspection_c.dir/rosidl_typesupport_introspection_c/auto_aim_interfaces/msg/detail/receive_serial__type_support.c.o[0m
[16.041s] [ 74%] [32mBuilding CXX object CMakeFiles/auto_aim_interfaces__rosidl_typesupport_fastrtps_cpp.dir/rosidl_typesupport_fastrtps_cpp/auto_aim_interfaces/msg/detail/dds_fastrtps/receive_serial__type_support.cpp.o[0m
[16.072s] [ 75%] [32mBuilding CXX object CMakeFiles/auto_aim_interfaces__rosidl_typesupport_fastrtps_cpp.dir/rosidl_typesupport_fastrtps_cpp/auto_aim_interfaces/msg/detail/dds_fastrtps/bias__type_support.cpp.o[0m
[16.116s] [ 76%] [32mBuilding C object CMakeFiles/auto_aim_interfaces__rosidl_typesupport_introspection_c.dir/rosidl_typesupport_introspection_c/auto_aim_interfaces/msg/detail/bias__type_support.c.o[0m
[16.217s] [ 77%] [32m[1mLinking C shared library libauto_aim_interfaces__rosidl_typesupport_introspection_c.so[0m
[16.274s] [ 78%] [32mBuilding CXX object CMakeFiles/auto_aim_interfaces__rosidl_typesupport_fastrtps_c.dir/rosidl_typesupport_fastrtps_c/auto_aim_interfaces/msg/detail/tracker_info__type_support_c.cpp.o[0m
[16.352s] [ 79%] [32mBuilding CXX object CMakeFiles/auto_aim_interfaces__rosidl_typesupport_fastrtps_c.dir/rosidl_typesupport_fastrtps_c/auto_aim_interfaces/msg/detail/send_serial__type_support_c.cpp.o[0m
[16.369s] [ 79%] Built target auto_aim_interfaces__rosidl_typesupport_introspection_cpp
[16.373s] [ 79%] Built target auto_aim_interfaces__rosidl_typesupport_introspection_c
[16.465s] [ 80%] [32mBuilding CXX object CMakeFiles/auto_aim_interfaces__rosidl_typesupport_fastrtps_c.dir/rosidl_typesupport_fastrtps_c/auto_aim_interfaces/msg/detail/receive_serial__type_support_c.cpp.o[0m
[16.470s] [ 81%] [32mBuilding CXX object CMakeFiles/auto_aim_interfaces__rosidl_typesupport_fastrtps_c.dir/rosidl_typesupport_fastrtps_c/auto_aim_interfaces/msg/detail/bias__type_support_c.cpp.o[0m
[17.690s] [ 82%] [32m[1mLinking CXX shared library libauto_aim_interfaces__rosidl_typesupport_fastrtps_c.so[0m
[17.771s] [ 83%] [32m[1mLinking CXX shared library libauto_aim_interfaces__rosidl_typesupport_fastrtps_cpp.so[0m
[18.201s] [ 83%] Built target auto_aim_interfaces__rosidl_typesupport_fastrtps_c
[18.274s] [ 83%] Built target auto_aim_interfaces__rosidl_typesupport_fastrtps_cpp
[18.436s] [ 83%] Built target auto_aim_interfaces
[18.585s] [ 84%] [34m[1mGenerating Python code for ROS interfaces[0m
[24.129s] [ 84%] Built target auto_aim_interfaces__py
[24.273s] [ 85%] [32mBuilding C object CMakeFiles/auto_aim_interfaces__rosidl_generator_py.dir/rosidl_generator_py/auto_aim_interfaces/msg/_armor_s.c.o[0m
[24.469s] [ 86%] [32mBuilding C object CMakeFiles/auto_aim_interfaces__rosidl_generator_py.dir/rosidl_generator_py/auto_aim_interfaces/msg/_bias_s.c.o[0m
[24.801s] [ 87%] [32mBuilding C object CMakeFiles/auto_aim_interfaces__rosidl_generator_py.dir/rosidl_generator_py/auto_aim_interfaces/msg/_receive_serial_s.c.o[0m
[25.166s] [ 88%] [32mBuilding C object CMakeFiles/auto_aim_interfaces__rosidl_generator_py.dir/rosidl_generator_py/auto_aim_interfaces/msg/_send_serial_s.c.o[0m
[25.541s] [ 89%] [32mBuilding C object CMakeFiles/auto_aim_interfaces__rosidl_generator_py.dir/rosidl_generator_py/auto_aim_interfaces/msg/_tracker_info_s.c.o[0m
[25.910s] [ 90%] [32mBuilding C object CMakeFiles/auto_aim_interfaces__rosidl_generator_py.dir/rosidl_generator_py/auto_aim_interfaces/msg/_debug_armors_s.c.o[0m
[26.317s] [ 90%] [32mBuilding C object CMakeFiles/auto_aim_interfaces__rosidl_generator_py.dir/rosidl_generator_py/auto_aim_interfaces/msg/_debug_armor_s.c.o[0m
[26.716s] [ 91%] [32mBuilding C object CMakeFiles/auto_aim_interfaces__rosidl_generator_py.dir/rosidl_generator_py/auto_aim_interfaces/msg/_debug_lights_s.c.o[0m
[27.241s] [ 92%] [32mBuilding C object CMakeFiles/auto_aim_interfaces__rosidl_generator_py.dir/rosidl_generator_py/auto_aim_interfaces/msg/_debug_light_s.c.o[0m
[27.678s] [ 93%] [32mBuilding C object CMakeFiles/auto_aim_interfaces__rosidl_generator_py.dir/rosidl_generator_py/auto_aim_interfaces/msg/_target_s.c.o[0m
[28.093s] [ 94%] [32mBuilding C object CMakeFiles/auto_aim_interfaces__rosidl_generator_py.dir/rosidl_generator_py/auto_aim_interfaces/msg/_armors_s.c.o[0m
[28.469s] [ 95%] [32m[1mLinking C shared library rosidl_generator_py/auto_aim_interfaces/libauto_aim_interfaces__rosidl_generator_py.so[0m
[28.722s] [ 95%] Built target auto_aim_interfaces__rosidl_generator_py
[28.842s] [ 96%] [32mBuilding C object CMakeFiles/auto_aim_interfaces__rosidl_typesupport_fastrtps_c__pyext.dir/rosidl_generator_py/auto_aim_interfaces/_auto_aim_interfaces_s.ep.rosidl_typesupport_fastrtps_c.c.o[0m
[29.299s] [ 97%] [32m[1mLinking C shared library rosidl_generator_py/auto_aim_interfaces/auto_aim_interfaces_s__rosidl_typesupport_fastrtps_c.cpython-310-x86_64-linux-gnu.so[0m
[29.417s] [ 97%] Built target auto_aim_interfaces__rosidl_typesupport_fastrtps_c__pyext
[29.449s] [ 97%] [32mBuilding C object CMakeFiles/auto_aim_interfaces__rosidl_typesupport_c__pyext.dir/rosidl_generator_py/auto_aim_interfaces/_auto_aim_interfaces_s.ep.rosidl_typesupport_c.c.o[0m
[29.648s] [ 98%] [32m[1mLinking C shared library rosidl_generator_py/auto_aim_interfaces/auto_aim_interfaces_s__rosidl_typesupport_c.cpython-310-x86_64-linux-gnu.so[0m
[29.721s] [ 98%] Built target auto_aim_interfaces__rosidl_typesupport_c__pyext
[29.796s] [ 99%] [32mBuilding C object CMakeFiles/auto_aim_interfaces__rosidl_typesupport_introspection_c__pyext.dir/rosidl_generator_py/auto_aim_interfaces/_auto_aim_interfaces_s.ep.rosidl_typesupport_introspection_c.c.o[0m
[29.992s] [100%] [32m[1mLinking C shared library rosidl_generator_py/auto_aim_interfaces/auto_aim_interfaces_s__rosidl_typesupport_introspection_c.cpython-310-x86_64-linux-gnu.so[0m
[30.072s] [100%] Built target auto_aim_interfaces__rosidl_typesupport_introspection_c__pyext
[30.098s] Invoked command in '/home/mechax/ylh/sentry_vision/build/auto_aim_interfaces' returned '0': CMAKE_PREFIX_PATH=/opt/ros/humble /usr/bin/cmake --build /home/mechax/ylh/sentry_vision/build/auto_aim_interfaces -- -j16 -l16
[30.792s] Invoking command in '/home/mechax/ylh/sentry_vision/build/auto_aim_interfaces': CMAKE_PREFIX_PATH=/opt/ros/humble /usr/bin/cmake --install /home/mechax/ylh/sentry_vision/build/auto_aim_interfaces
[30.803s] -- Install configuration: ""
[30.803s] -- Installing: /home/mechax/ylh/sentry_vision/install/auto_aim_interfaces/share/ament_index/resource_index/rosidl_interfaces/auto_aim_interfaces
[30.803s] -- Installing: /home/mechax/ylh/sentry_vision/install/auto_aim_interfaces/include/auto_aim_interfaces/auto_aim_interfaces
[30.804s] -- Installing: /home/mechax/ylh/sentry_vision/install/auto_aim_interfaces/include/auto_aim_interfaces/auto_aim_interfaces/msg
[30.804s] -- Installing: /home/mechax/ylh/sentry_vision/install/auto_aim_interfaces/include/auto_aim_interfaces/auto_aim_interfaces/msg/tracker_info.h
[30.804s] -- Installing: /home/mechax/ylh/sentry_vision/install/auto_aim_interfaces/include/auto_aim_interfaces/auto_aim_interfaces/msg/debug_armors.h
[30.804s] -- Installing: /home/mechax/ylh/sentry_vision/install/auto_aim_interfaces/include/auto_aim_interfaces/auto_aim_interfaces/msg/armor.h
[30.804s] -- Installing: /home/mechax/ylh/sentry_vision/install/auto_aim_interfaces/include/auto_aim_interfaces/auto_aim_interfaces/msg/debug_light.h
[30.804s] -- Installing: /home/mechax/ylh/sentry_vision/install/auto_aim_interfaces/include/auto_aim_interfaces/auto_aim_interfaces/msg/send_serial.h
[30.804s] -- Installing: /home/mechax/ylh/sentry_vision/install/auto_aim_interfaces/include/auto_aim_interfaces/auto_aim_interfaces/msg/debug_armor.h
[30.804s] -- Installing: /home/mechax/ylh/sentry_vision/install/auto_aim_interfaces/include/auto_aim_interfaces/auto_aim_interfaces/msg/armors.h
[30.805s] -- Installing: /home/mechax/ylh/sentry_vision/install/auto_aim_interfaces/include/auto_aim_interfaces/auto_aim_interfaces/msg/receive_serial.h
[30.805s] -- Installing: /home/mechax/ylh/sentry_vision/install/auto_aim_interfaces/include/auto_aim_interfaces/auto_aim_interfaces/msg/detail
[30.805s] -- Installing: /home/mechax/ylh/sentry_vision/install/auto_aim_interfaces/include/auto_aim_interfaces/auto_aim_interfaces/msg/detail/debug_lights__type_support.h
[30.805s] -- Installing: /home/mechax/ylh/sentry_vision/install/auto_aim_interfaces/include/auto_aim_interfaces/auto_aim_interfaces/msg/detail/armor__struct.h
[30.805s] -- Installing: /home/mechax/ylh/sentry_vision/install/auto_aim_interfaces/include/auto_aim_interfaces/auto_aim_interfaces/msg/detail/send_serial__struct.h
[30.805s] -- Installing: /home/mechax/ylh/sentry_vision/install/auto_aim_interfaces/include/auto_aim_interfaces/auto_aim_interfaces/msg/detail/receive_serial__functions.h
[30.805s] -- Installing: /home/mechax/ylh/sentry_vision/install/auto_aim_interfaces/include/auto_aim_interfaces/auto_aim_interfaces/msg/detail/target__type_support.h
[30.806s] -- Installing: /home/mechax/ylh/sentry_vision/install/auto_aim_interfaces/include/auto_aim_interfaces/auto_aim_interfaces/msg/detail/bias__functions.h
[30.806s] -- Installing: /home/mechax/ylh/sentry_vision/install/auto_aim_interfaces/include/auto_aim_interfaces/auto_aim_interfaces/msg/detail/bias__struct.h
[30.806s] -- Installing: /home/mechax/ylh/sentry_vision/install/auto_aim_interfaces/include/auto_aim_interfaces/auto_aim_interfaces/msg/detail/debug_armors__functions.c
[30.806s] -- Installing: /home/mechax/ylh/sentry_vision/install/auto_aim_interfaces/include/auto_aim_interfaces/auto_aim_interfaces/msg/detail/receive_serial__struct.h
[30.806s] -- Installing: /home/mechax/ylh/sentry_vision/install/auto_aim_interfaces/include/auto_aim_interfaces/auto_aim_interfaces/msg/detail/debug_armor__type_support.h
[30.806s] -- Installing: /home/mechax/ylh/sentry_vision/install/auto_aim_interfaces/include/auto_aim_interfaces/auto_aim_interfaces/msg/detail/bias__type_support.h
[30.806s] -- Installing: /home/mechax/ylh/sentry_vision/install/auto_aim_interfaces/include/auto_aim_interfaces/auto_aim_interfaces/msg/detail/tracker_info__functions.c
[30.806s] -- Installing: /home/mechax/ylh/sentry_vision/install/auto_aim_interfaces/include/auto_aim_interfaces/auto_aim_interfaces/msg/detail/receive_serial__functions.c
[30.806s] -- Installing: /home/mechax/ylh/sentry_vision/install/auto_aim_interfaces/include/auto_aim_interfaces/auto_aim_interfaces/msg/detail/debug_armor__functions.h
[30.807s] -- Installing: /home/mechax/ylh/sentry_vision/install/auto_aim_interfaces/include/auto_aim_interfaces/auto_aim_interfaces/msg/detail/debug_armors__type_support.h
[30.807s] -- Installing: /home/mechax/ylh/sentry_vision/install/auto_aim_interfaces/include/auto_aim_interfaces/auto_aim_interfaces/msg/detail/tracker_info__type_support.h
[30.807s] -- Installing: /home/mechax/ylh/sentry_vision/install/auto_aim_interfaces/include/auto_aim_interfaces/auto_aim_interfaces/msg/detail/receive_serial__type_support.h
[30.807s] -- Installing: /home/mechax/ylh/sentry_vision/install/auto_aim_interfaces/include/auto_aim_interfaces/auto_aim_interfaces/msg/detail/debug_lights__functions.h
[30.807s] -- Installing: /home/mechax/ylh/sentry_vision/install/auto_aim_interfaces/include/auto_aim_interfaces/auto_aim_interfaces/msg/detail/tracker_info__functions.h
[30.807s] -- Installing: /home/mechax/ylh/sentry_vision/install/auto_aim_interfaces/include/auto_aim_interfaces/auto_aim_interfaces/msg/detail/armor__functions.h
[30.807s] -- Installing: /home/mechax/ylh/sentry_vision/install/auto_aim_interfaces/include/auto_aim_interfaces/auto_aim_interfaces/msg/detail/armor__type_support.h
[30.808s] -- Installing: /home/mechax/ylh/sentry_vision/install/auto_aim_interfaces/include/auto_aim_interfaces/auto_aim_interfaces/msg/detail/debug_armor__functions.c
[30.808s] -- Installing: /home/mechax/ylh/sentry_vision/install/auto_aim_interfaces/include/auto_aim_interfaces/auto_aim_interfaces/msg/detail/debug_armors__struct.h
[30.808s] -- Installing: /home/mechax/ylh/sentry_vision/install/auto_aim_interfaces/include/auto_aim_interfaces/auto_aim_interfaces/msg/detail/debug_lights__functions.c
[30.808s] -- Installing: /home/mechax/ylh/sentry_vision/install/auto_aim_interfaces/include/auto_aim_interfaces/auto_aim_interfaces/msg/detail/armors__struct.h
[30.808s] -- Installing: /home/mechax/ylh/sentry_vision/install/auto_aim_interfaces/include/auto_aim_interfaces/auto_aim_interfaces/msg/detail/send_serial__functions.h
[30.808s] -- Installing: /home/mechax/ylh/sentry_vision/install/auto_aim_interfaces/include/auto_aim_interfaces/auto_aim_interfaces/msg/detail/target__functions.c
[30.809s] -- Installing: /home/mechax/ylh/sentry_vision/install/auto_aim_interfaces/include/auto_aim_interfaces/auto_aim_interfaces/msg/detail/target__functions.h
[30.809s] -- Installing: /home/mechax/ylh/sentry_vision/install/auto_aim_interfaces/include/auto_aim_interfaces/auto_aim_interfaces/msg/detail/debug_light__type_support.h
[30.809s] -- Installing: /home/mechax/ylh/sentry_vision/install/auto_aim_interfaces/include/auto_aim_interfaces/auto_aim_interfaces/msg/detail/debug_lights__struct.h
[30.809s] -- Installing: /home/mechax/ylh/sentry_vision/install/auto_aim_interfaces/include/auto_aim_interfaces/auto_aim_interfaces/msg/detail/debug_armors__functions.h
[30.809s] -- Installing: /home/mechax/ylh/sentry_vision/install/auto_aim_interfaces/include/auto_aim_interfaces/auto_aim_interfaces/msg/detail/debug_light__functions.h
[30.809s] -- Installing: /home/mechax/ylh/sentry_vision/install/auto_aim_interfaces/include/auto_aim_interfaces/auto_aim_interfaces/msg/detail/bias__functions.c
[30.810s] -- Installing: /home/mechax/ylh/sentry_vision/install/auto_aim_interfaces/include/auto_aim_interfaces/auto_aim_interfaces/msg/detail/armors__functions.c
[30.810s] -- Installing: /home/mechax/ylh/sentry_vision/install/auto_aim_interfaces/include/auto_aim_interfaces/auto_aim_interfaces/msg/detail/armor__functions.c
[30.810s] -- Installing: /home/mechax/ylh/sentry_vision/install/auto_aim_interfaces/include/auto_aim_interfaces/auto_aim_interfaces/msg/detail/send_serial__type_support.h
[30.810s] -- Installing: /home/mechax/ylh/sentry_vision/install/auto_aim_interfaces/include/auto_aim_interfaces/auto_aim_interfaces/msg/detail/send_serial__functions.c
[30.810s] -- Installing: /home/mechax/ylh/sentry_vision/install/auto_aim_interfaces/include/auto_aim_interfaces/auto_aim_interfaces/msg/detail/armors__functions.h
[30.810s] -- Installing: /home/mechax/ylh/sentry_vision/install/auto_aim_interfaces/include/auto_aim_interfaces/auto_aim_interfaces/msg/detail/tracker_info__struct.h
[30.810s] -- Installing: /home/mechax/ylh/sentry_vision/install/auto_aim_interfaces/include/auto_aim_interfaces/auto_aim_interfaces/msg/detail/debug_light__functions.c
[30.811s] -- Installing: /home/mechax/ylh/sentry_vision/install/auto_aim_interfaces/include/auto_aim_interfaces/auto_aim_interfaces/msg/detail/debug_light__struct.h
[30.811s] -- Installing: /home/mechax/ylh/sentry_vision/install/auto_aim_interfaces/include/auto_aim_interfaces/auto_aim_interfaces/msg/detail/target__struct.h
[30.811s] -- Installing: /home/mechax/ylh/sentry_vision/install/auto_aim_interfaces/include/auto_aim_interfaces/auto_aim_interfaces/msg/detail/armors__type_support.h
[30.811s] -- Installing: /home/mechax/ylh/sentry_vision/install/auto_aim_interfaces/include/auto_aim_interfaces/auto_aim_interfaces/msg/detail/debug_armor__struct.h
[30.811s] -- Installing: /home/mechax/ylh/sentry_vision/install/auto_aim_interfaces/include/auto_aim_interfaces/auto_aim_interfaces/msg/rosidl_generator_c__visibility_control.h
[30.812s] -- Installing: /home/mechax/ylh/sentry_vision/install/auto_aim_interfaces/include/auto_aim_interfaces/auto_aim_interfaces/msg/bias.h
[30.812s] -- Installing: /home/mechax/ylh/sentry_vision/install/auto_aim_interfaces/include/auto_aim_interfaces/auto_aim_interfaces/msg/target.h
[30.812s] -- Installing: /home/mechax/ylh/sentry_vision/install/auto_aim_interfaces/include/auto_aim_interfaces/auto_aim_interfaces/msg/debug_lights.h
[30.812s] -- Installing: /home/mechax/ylh/sentry_vision/install/auto_aim_interfaces/share/auto_aim_interfaces/environment/library_path.sh
[30.813s] -- Installing: /home/mechax/ylh/sentry_vision/install/auto_aim_interfaces/share/auto_aim_interfaces/environment/library_path.dsv
[30.813s] -- Installing: /home/mechax/ylh/sentry_vision/install/auto_aim_interfaces/lib/libauto_aim_interfaces__rosidl_generator_c.so
[30.813s] -- Set runtime path of "/home/mechax/ylh/sentry_vision/install/auto_aim_interfaces/lib/libauto_aim_interfaces__rosidl_generator_c.so" to ""
[30.813s] -- Up-to-date: /home/mechax/ylh/sentry_vision/install/auto_aim_interfaces/include/auto_aim_interfaces/auto_aim_interfaces
[30.813s] -- Up-to-date: /home/mechax/ylh/sentry_vision/install/auto_aim_interfaces/include/auto_aim_interfaces/auto_aim_interfaces/msg
[30.813s] -- Up-to-date: /home/mechax/ylh/sentry_vision/install/auto_aim_interfaces/include/auto_aim_interfaces/auto_aim_interfaces/msg/detail
[30.813s] -- Installing: /home/mechax/ylh/sentry_vision/install/auto_aim_interfaces/include/auto_aim_interfaces/auto_aim_interfaces/msg/detail/debug_lights__rosidl_typesupport_fastrtps_c.h
[30.813s] -- Installing: /home/mechax/ylh/sentry_vision/install/auto_aim_interfaces/include/auto_aim_interfaces/auto_aim_interfaces/msg/detail/receive_serial__rosidl_typesupport_fastrtps_c.h
[30.813s] -- Installing: /home/mechax/ylh/sentry_vision/install/auto_aim_interfaces/include/auto_aim_interfaces/auto_aim_interfaces/msg/detail/target__rosidl_typesupport_fastrtps_c.h
[30.813s] -- Installing: /home/mechax/ylh/sentry_vision/install/auto_aim_interfaces/include/auto_aim_interfaces/auto_aim_interfaces/msg/detail/debug_armor__rosidl_typesupport_fastrtps_c.h
[30.814s] -- Installing: /home/mechax/ylh/sentry_vision/install/auto_aim_interfaces/include/auto_aim_interfaces/auto_aim_interfaces/msg/detail/bias__rosidl_typesupport_fastrtps_c.h
[30.814s] -- Installing: /home/mechax/ylh/sentry_vision/install/auto_aim_interfaces/include/auto_aim_interfaces/auto_aim_interfaces/msg/detail/debug_armors__rosidl_typesupport_fastrtps_c.h
[30.814s] -- Installing: /home/mechax/ylh/sentry_vision/install/auto_aim_interfaces/include/auto_aim_interfaces/auto_aim_interfaces/msg/detail/tracker_info__rosidl_typesupport_fastrtps_c.h
[30.814s] -- Installing: /home/mechax/ylh/sentry_vision/install/auto_aim_interfaces/include/auto_aim_interfaces/auto_aim_interfaces/msg/detail/send_serial__rosidl_typesupport_fastrtps_c.h
[30.814s] -- Installing: /home/mechax/ylh/sentry_vision/install/auto_aim_interfaces/include/auto_aim_interfaces/auto_aim_interfaces/msg/detail/debug_light__rosidl_typesupport_fastrtps_c.h
[30.814s] -- Installing: /home/mechax/ylh/sentry_vision/install/auto_aim_interfaces/include/auto_aim_interfaces/auto_aim_interfaces/msg/detail/armors__rosidl_typesupport_fastrtps_c.h
[30.814s] -- Installing: /home/mechax/ylh/sentry_vision/install/auto_aim_interfaces/include/auto_aim_interfaces/auto_aim_interfaces/msg/detail/armor__rosidl_typesupport_fastrtps_c.h
[30.814s] -- Installing: /home/mechax/ylh/sentry_vision/install/auto_aim_interfaces/include/auto_aim_interfaces/auto_aim_interfaces/msg/rosidl_typesupport_fastrtps_c__visibility_control.h
[30.815s] -- Installing: /home/mechax/ylh/sentry_vision/install/auto_aim_interfaces/lib/libauto_aim_interfaces__rosidl_typesupport_fastrtps_c.so
[30.815s] -- Set runtime path of "/home/mechax/ylh/sentry_vision/install/auto_aim_interfaces/lib/libauto_aim_interfaces__rosidl_typesupport_fastrtps_c.so" to ""
[30.815s] -- Up-to-date: /home/mechax/ylh/sentry_vision/install/auto_aim_interfaces/include/auto_aim_interfaces/auto_aim_interfaces
[30.815s] -- Up-to-date: /home/mechax/ylh/sentry_vision/install/auto_aim_interfaces/include/auto_aim_interfaces/auto_aim_interfaces/msg
[30.815s] -- Installing: /home/mechax/ylh/sentry_vision/install/auto_aim_interfaces/include/auto_aim_interfaces/auto_aim_interfaces/msg/rosidl_typesupport_introspection_c__visibility_control.h
[30.815s] -- Up-to-date: /home/mechax/ylh/sentry_vision/install/auto_aim_interfaces/include/auto_aim_interfaces/auto_aim_interfaces/msg/detail
[30.816s] -- Installing: /home/mechax/ylh/sentry_vision/install/auto_aim_interfaces/include/auto_aim_interfaces/auto_aim_interfaces/msg/detail/receive_serial__type_support.c
[30.816s] -- Installing: /home/mechax/ylh/sentry_vision/install/auto_aim_interfaces/include/auto_aim_interfaces/auto_aim_interfaces/msg/detail/debug_lights__type_support.c
[30.816s] -- Installing: /home/mechax/ylh/sentry_vision/install/auto_aim_interfaces/include/auto_aim_interfaces/auto_aim_interfaces/msg/detail/debug_light__rosidl_typesupport_introspection_c.h
[30.816s] -- Installing: /home/mechax/ylh/sentry_vision/install/auto_aim_interfaces/include/auto_aim_interfaces/auto_aim_interfaces/msg/detail/armor__type_support.c
[30.816s] -- Installing: /home/mechax/ylh/sentry_vision/install/auto_aim_interfaces/include/auto_aim_interfaces/auto_aim_interfaces/msg/detail/bias__rosidl_typesupport_introspection_c.h
[30.816s] -- Installing: /home/mechax/ylh/sentry_vision/install/auto_aim_interfaces/include/auto_aim_interfaces/auto_aim_interfaces/msg/detail/armors__type_support.c
[30.816s] -- Installing: /home/mechax/ylh/sentry_vision/install/auto_aim_interfaces/include/auto_aim_interfaces/auto_aim_interfaces/msg/detail/armors__rosidl_typesupport_introspection_c.h
[30.816s] -- Installing: /home/mechax/ylh/sentry_vision/install/auto_aim_interfaces/include/auto_aim_interfaces/auto_aim_interfaces/msg/detail/debug_light__type_support.c
[30.817s] -- Installing: /home/mechax/ylh/sentry_vision/install/auto_aim_interfaces/include/auto_aim_interfaces/auto_aim_interfaces/msg/detail/debug_armors__rosidl_typesupport_introspection_c.h
[30.817s] -- Installing: /home/mechax/ylh/sentry_vision/install/auto_aim_interfaces/include/auto_aim_interfaces/auto_aim_interfaces/msg/detail/armor__rosidl_typesupport_introspection_c.h
[30.817s] -- Installing: /home/mechax/ylh/sentry_vision/install/auto_aim_interfaces/include/auto_aim_interfaces/auto_aim_interfaces/msg/detail/debug_armor__rosidl_typesupport_introspection_c.h
[30.817s] -- Installing: /home/mechax/ylh/sentry_vision/install/auto_aim_interfaces/include/auto_aim_interfaces/auto_aim_interfaces/msg/detail/debug_armors__type_support.c
[30.817s] -- Installing: /home/mechax/ylh/sentry_vision/install/auto_aim_interfaces/include/auto_aim_interfaces/auto_aim_interfaces/msg/detail/tracker_info__type_support.c
[30.817s] -- Installing: /home/mechax/ylh/sentry_vision/install/auto_aim_interfaces/include/auto_aim_interfaces/auto_aim_interfaces/msg/detail/debug_armor__type_support.c
[30.817s] -- Installing: /home/mechax/ylh/sentry_vision/install/auto_aim_interfaces/include/auto_aim_interfaces/auto_aim_interfaces/msg/detail/send_serial__type_support.c
[30.817s] -- Installing: /home/mechax/ylh/sentry_vision/install/auto_aim_interfaces/include/auto_aim_interfaces/auto_aim_interfaces/msg/detail/target__type_support.c
[30.818s] -- Installing: /home/mechax/ylh/sentry_vision/install/auto_aim_interfaces/include/auto_aim_interfaces/auto_aim_interfaces/msg/detail/target__rosidl_typesupport_introspection_c.h
[30.818s] -- Installing: /home/mechax/ylh/sentry_vision/install/auto_aim_interfaces/include/auto_aim_interfaces/auto_aim_interfaces/msg/detail/debug_lights__rosidl_typesupport_introspection_c.h
[30.818s] -- Installing: /home/mechax/ylh/sentry_vision/install/auto_aim_interfaces/include/auto_aim_interfaces/auto_aim_interfaces/msg/detail/receive_serial__rosidl_typesupport_introspection_c.h
[30.818s] -- Installing: /home/mechax/ylh/sentry_vision/install/auto_aim_interfaces/include/auto_aim_interfaces/auto_aim_interfaces/msg/detail/tracker_info__rosidl_typesupport_introspection_c.h
[30.818s] -- Installing: /home/mechax/ylh/sentry_vision/install/auto_aim_interfaces/include/auto_aim_interfaces/auto_aim_interfaces/msg/detail/send_serial__rosidl_typesupport_introspection_c.h
[30.818s] -- Installing: /home/mechax/ylh/sentry_vision/install/auto_aim_interfaces/include/auto_aim_interfaces/auto_aim_interfaces/msg/detail/bias__type_support.c
[30.819s] -- Installing: /home/mechax/ylh/sentry_vision/install/auto_aim_interfaces/lib/libauto_aim_interfaces__rosidl_typesupport_introspection_c.so
[30.819s] -- Set runtime path of "/home/mechax/ylh/sentry_vision/install/auto_aim_interfaces/lib/libauto_aim_interfaces__rosidl_typesupport_introspection_c.so" to ""
[30.819s] -- Installing: /home/mechax/ylh/sentry_vision/install/auto_aim_interfaces/lib/libauto_aim_interfaces__rosidl_typesupport_c.so
[30.819s] -- Set runtime path of "/home/mechax/ylh/sentry_vision/install/auto_aim_interfaces/lib/libauto_aim_interfaces__rosidl_typesupport_c.so" to ""
[30.819s] -- Up-to-date: /home/mechax/ylh/sentry_vision/install/auto_aim_interfaces/include/auto_aim_interfaces/auto_aim_interfaces
[30.819s] -- Up-to-date: /home/mechax/ylh/sentry_vision/install/auto_aim_interfaces/include/auto_aim_interfaces/auto_aim_interfaces/msg
[30.820s] -- Installing: /home/mechax/ylh/sentry_vision/install/auto_aim_interfaces/include/auto_aim_interfaces/auto_aim_interfaces/msg/armor.hpp
[30.820s] -- Installing: /home/mechax/ylh/sentry_vision/install/auto_aim_interfaces/include/auto_aim_interfaces/auto_aim_interfaces/msg/debug_lights.hpp
[30.820s] -- Installing: /home/mechax/ylh/sentry_vision/install/auto_aim_interfaces/include/auto_aim_interfaces/auto_aim_interfaces/msg/armors.hpp
[30.820s] -- Installing: /home/mechax/ylh/sentry_vision/install/auto_aim_interfaces/include/auto_aim_interfaces/auto_aim_interfaces/msg/target.hpp
[30.820s] -- Installing: /home/mechax/ylh/sentry_vision/install/auto_aim_interfaces/include/auto_aim_interfaces/auto_aim_interfaces/msg/bias.hpp
[30.820s] -- Installing: /home/mechax/ylh/sentry_vision/install/auto_aim_interfaces/include/auto_aim_interfaces/auto_aim_interfaces/msg/send_serial.hpp
[30.820s] -- Installing: /home/mechax/ylh/sentry_vision/install/auto_aim_interfaces/include/auto_aim_interfaces/auto_aim_interfaces/msg/debug_light.hpp
[30.820s] -- Installing: /home/mechax/ylh/sentry_vision/install/auto_aim_interfaces/include/auto_aim_interfaces/auto_aim_interfaces/msg/receive_serial.hpp
[30.820s] -- Up-to-date: /home/mechax/ylh/sentry_vision/install/auto_aim_interfaces/include/auto_aim_interfaces/auto_aim_interfaces/msg/detail
[30.820s] -- Installing: /home/mechax/ylh/sentry_vision/install/auto_aim_interfaces/include/auto_aim_interfaces/auto_aim_interfaces/msg/detail/debug_light__builder.hpp
[30.821s] -- Installing: /home/mechax/ylh/sentry_vision/install/auto_aim_interfaces/include/auto_aim_interfaces/auto_aim_interfaces/msg/detail/debug_armor__traits.hpp
[30.821s] -- Installing: /home/mechax/ylh/sentry_vision/install/auto_aim_interfaces/include/auto_aim_interfaces/auto_aim_interfaces/msg/detail/armor__builder.hpp
[30.821s] -- Installing: /home/mechax/ylh/sentry_vision/install/auto_aim_interfaces/include/auto_aim_interfaces/auto_aim_interfaces/msg/detail/debug_lights__traits.hpp
[30.821s] -- Installing: /home/mechax/ylh/sentry_vision/install/auto_aim_interfaces/include/auto_aim_interfaces/auto_aim_interfaces/msg/detail/armors__builder.hpp
[30.821s] -- Installing: /home/mechax/ylh/sentry_vision/install/auto_aim_interfaces/include/auto_aim_interfaces/auto_aim_interfaces/msg/detail/debug_lights__struct.hpp
[30.821s] -- Installing: /home/mechax/ylh/sentry_vision/install/auto_aim_interfaces/include/auto_aim_interfaces/auto_aim_interfaces/msg/detail/target__traits.hpp
[30.821s] -- Installing: /home/mechax/ylh/sentry_vision/install/auto_aim_interfaces/include/auto_aim_interfaces/auto_aim_interfaces/msg/detail/tracker_info__struct.hpp
[30.821s] -- Installing: /home/mechax/ylh/sentry_vision/install/auto_aim_interfaces/include/auto_aim_interfaces/auto_aim_interfaces/msg/detail/bias__traits.hpp
[30.821s] -- Installing: /home/mechax/ylh/sentry_vision/install/auto_aim_interfaces/include/auto_aim_interfaces/auto_aim_interfaces/msg/detail/target__builder.hpp
[30.822s] -- Installing: /home/mechax/ylh/sentry_vision/install/auto_aim_interfaces/include/auto_aim_interfaces/auto_aim_interfaces/msg/detail/send_serial__builder.hpp
[30.822s] -- Installing: /home/mechax/ylh/sentry_vision/install/auto_aim_interfaces/include/auto_aim_interfaces/auto_aim_interfaces/msg/detail/tracker_info__traits.hpp
[30.822s] -- Installing: /home/mechax/ylh/sentry_vision/install/auto_aim_interfaces/include/auto_aim_interfaces/auto_aim_interfaces/msg/detail/receive_serial__traits.hpp
[30.822s] -- Installing: /home/mechax/ylh/sentry_vision/install/auto_aim_interfaces/include/auto_aim_interfaces/auto_aim_interfaces/msg/detail/send_serial__traits.hpp
[30.822s] -- Installing: /home/mechax/ylh/sentry_vision/install/auto_aim_interfaces/include/auto_aim_interfaces/auto_aim_interfaces/msg/detail/armor__struct.hpp
[30.822s] -- Installing: /home/mechax/ylh/sentry_vision/install/auto_aim_interfaces/include/auto_aim_interfaces/auto_aim_interfaces/msg/detail/bias__builder.hpp
[30.822s] -- Installing: /home/mechax/ylh/sentry_vision/install/auto_aim_interfaces/include/auto_aim_interfaces/auto_aim_interfaces/msg/detail/receive_serial__struct.hpp
[30.822s] -- Installing: /home/mechax/ylh/sentry_vision/install/auto_aim_interfaces/include/auto_aim_interfaces/auto_aim_interfaces/msg/detail/bias__struct.hpp
[30.823s] -- Installing: /home/mechax/ylh/sentry_vision/install/auto_aim_interfaces/include/auto_aim_interfaces/auto_aim_interfaces/msg/detail/armors__struct.hpp
[30.823s] -- Installing: /home/mechax/ylh/sentry_vision/install/auto_aim_interfaces/include/auto_aim_interfaces/auto_aim_interfaces/msg/detail/debug_lights__builder.hpp
[30.823s] -- Installing: /home/mechax/ylh/sentry_vision/install/auto_aim_interfaces/include/auto_aim_interfaces/auto_aim_interfaces/msg/detail/receive_serial__builder.hpp
[30.823s] -- Installing: /home/mechax/ylh/sentry_vision/install/auto_aim_interfaces/include/auto_aim_interfaces/auto_aim_interfaces/msg/detail/armor__traits.hpp
[30.823s] -- Installing: /home/mechax/ylh/sentry_vision/install/auto_aim_interfaces/include/auto_aim_interfaces/auto_aim_interfaces/msg/detail/debug_armors__struct.hpp
[30.823s] -- Installing: /home/mechax/ylh/sentry_vision/install/auto_aim_interfaces/include/auto_aim_interfaces/auto_aim_interfaces/msg/detail/debug_armor__builder.hpp
[30.823s] -- Installing: /home/mechax/ylh/sentry_vision/install/auto_aim_interfaces/include/auto_aim_interfaces/auto_aim_interfaces/msg/detail/armors__traits.hpp
[30.823s] -- Installing: /home/mechax/ylh/sentry_vision/install/auto_aim_interfaces/include/auto_aim_interfaces/auto_aim_interfaces/msg/detail/debug_armors__builder.hpp
[30.823s] -- Installing: /home/mechax/ylh/sentry_vision/install/auto_aim_interfaces/include/auto_aim_interfaces/auto_aim_interfaces/msg/detail/tracker_info__builder.hpp
[30.824s] -- Installing: /home/mechax/ylh/sentry_vision/install/auto_aim_interfaces/include/auto_aim_interfaces/auto_aim_interfaces/msg/detail/target__struct.hpp
[30.824s] -- Installing: /home/mechax/ylh/sentry_vision/install/auto_aim_interfaces/include/auto_aim_interfaces/auto_aim_interfaces/msg/detail/debug_light__struct.hpp
[30.824s] -- Installing: /home/mechax/ylh/sentry_vision/install/auto_aim_interfaces/include/auto_aim_interfaces/auto_aim_interfaces/msg/detail/debug_armor__struct.hpp
[30.824s] -- Installing: /home/mechax/ylh/sentry_vision/install/auto_aim_interfaces/include/auto_aim_interfaces/auto_aim_interfaces/msg/detail/debug_armors__traits.hpp
[30.824s] -- Installing: /home/mechax/ylh/sentry_vision/install/auto_aim_interfaces/include/auto_aim_interfaces/auto_aim_interfaces/msg/detail/debug_light__traits.hpp
[30.824s] -- Installing: /home/mechax/ylh/sentry_vision/install/auto_aim_interfaces/include/auto_aim_interfaces/auto_aim_interfaces/msg/detail/send_serial__struct.hpp
[30.824s] -- Installing: /home/mechax/ylh/sentry_vision/install/auto_aim_interfaces/include/auto_aim_interfaces/auto_aim_interfaces/msg/debug_armors.hpp
[30.824s] -- Installing: /home/mechax/ylh/sentry_vision/install/auto_aim_interfaces/include/auto_aim_interfaces/auto_aim_interfaces/msg/tracker_info.hpp
[30.825s] -- Installing: /home/mechax/ylh/sentry_vision/install/auto_aim_interfaces/include/auto_aim_interfaces/auto_aim_interfaces/msg/debug_armor.hpp
[30.825s] -- Up-to-date: /home/mechax/ylh/sentry_vision/install/auto_aim_interfaces/include/auto_aim_interfaces/auto_aim_interfaces
[30.825s] -- Up-to-date: /home/mechax/ylh/sentry_vision/install/auto_aim_interfaces/include/auto_aim_interfaces/auto_aim_interfaces/msg
[30.825s] -- Up-to-date: /home/mechax/ylh/sentry_vision/install/auto_aim_interfaces/include/auto_aim_interfaces/auto_aim_interfaces/msg/detail
[30.825s] -- Installing: /home/mechax/ylh/sentry_vision/install/auto_aim_interfaces/include/auto_aim_interfaces/auto_aim_interfaces/msg/detail/debug_lights__rosidl_typesupport_fastrtps_cpp.hpp
[30.825s] -- Installing: /home/mechax/ylh/sentry_vision/install/auto_aim_interfaces/include/auto_aim_interfaces/auto_aim_interfaces/msg/detail/armors__rosidl_typesupport_fastrtps_cpp.hpp
[30.825s] -- Installing: /home/mechax/ylh/sentry_vision/install/auto_aim_interfaces/include/auto_aim_interfaces/auto_aim_interfaces/msg/detail/receive_serial__rosidl_typesupport_fastrtps_cpp.hpp
[30.825s] -- Installing: /home/mechax/ylh/sentry_vision/install/auto_aim_interfaces/include/auto_aim_interfaces/auto_aim_interfaces/msg/detail/target__rosidl_typesupport_fastrtps_cpp.hpp
[30.826s] -- Installing: /home/mechax/ylh/sentry_vision/install/auto_aim_interfaces/include/auto_aim_interfaces/auto_aim_interfaces/msg/detail/debug_armor__rosidl_typesupport_fastrtps_cpp.hpp
[30.826s] -- Installing: /home/mechax/ylh/sentry_vision/install/auto_aim_interfaces/include/auto_aim_interfaces/auto_aim_interfaces/msg/detail/debug_armors__rosidl_typesupport_fastrtps_cpp.hpp
[30.826s] -- Installing: /home/mechax/ylh/sentry_vision/install/auto_aim_interfaces/include/auto_aim_interfaces/auto_aim_interfaces/msg/detail/dds_fastrtps
[30.826s] -- Installing: /home/mechax/ylh/sentry_vision/install/auto_aim_interfaces/include/auto_aim_interfaces/auto_aim_interfaces/msg/detail/send_serial__rosidl_typesupport_fastrtps_cpp.hpp
[30.826s] -- Installing: /home/mechax/ylh/sentry_vision/install/auto_aim_interfaces/include/auto_aim_interfaces/auto_aim_interfaces/msg/detail/armor__rosidl_typesupport_fastrtps_cpp.hpp
[30.826s] -- Installing: /home/mechax/ylh/sentry_vision/install/auto_aim_interfaces/include/auto_aim_interfaces/auto_aim_interfaces/msg/detail/tracker_info__rosidl_typesupport_fastrtps_cpp.hpp
[30.826s] -- Installing: /home/mechax/ylh/sentry_vision/install/auto_aim_interfaces/include/auto_aim_interfaces/auto_aim_interfaces/msg/detail/debug_light__rosidl_typesupport_fastrtps_cpp.hpp
[30.827s] -- Installing: /home/mechax/ylh/sentry_vision/install/auto_aim_interfaces/include/auto_aim_interfaces/auto_aim_interfaces/msg/detail/bias__rosidl_typesupport_fastrtps_cpp.hpp
[30.827s] -- Installing: /home/mechax/ylh/sentry_vision/install/auto_aim_interfaces/include/auto_aim_interfaces/auto_aim_interfaces/msg/rosidl_typesupport_fastrtps_cpp__visibility_control.h
[30.827s] -- Installing: /home/mechax/ylh/sentry_vision/install/auto_aim_interfaces/lib/libauto_aim_interfaces__rosidl_typesupport_fastrtps_cpp.so
[30.828s] -- Set runtime path of "/home/mechax/ylh/sentry_vision/install/auto_aim_interfaces/lib/libauto_aim_interfaces__rosidl_typesupport_fastrtps_cpp.so" to ""
[30.828s] -- Up-to-date: /home/mechax/ylh/sentry_vision/install/auto_aim_interfaces/include/auto_aim_interfaces/auto_aim_interfaces
[30.828s] -- Up-to-date: /home/mechax/ylh/sentry_vision/install/auto_aim_interfaces/include/auto_aim_interfaces/auto_aim_interfaces/msg
[30.828s] -- Up-to-date: /home/mechax/ylh/sentry_vision/install/auto_aim_interfaces/include/auto_aim_interfaces/auto_aim_interfaces/msg/detail
[30.828s] -- Installing: /home/mechax/ylh/sentry_vision/install/auto_aim_interfaces/include/auto_aim_interfaces/auto_aim_interfaces/msg/detail/debug_light__rosidl_typesupport_introspection_cpp.hpp
[30.828s] -- Installing: /home/mechax/ylh/sentry_vision/install/auto_aim_interfaces/include/auto_aim_interfaces/auto_aim_interfaces/msg/detail/tracker_info__rosidl_typesupport_introspection_cpp.hpp
[30.828s] -- Installing: /home/mechax/ylh/sentry_vision/install/auto_aim_interfaces/include/auto_aim_interfaces/auto_aim_interfaces/msg/detail/tracker_info__type_support.cpp
[30.828s] -- Installing: /home/mechax/ylh/sentry_vision/install/auto_aim_interfaces/include/auto_aim_interfaces/auto_aim_interfaces/msg/detail/bias__type_support.cpp
[30.829s] -- Installing: /home/mechax/ylh/sentry_vision/install/auto_aim_interfaces/include/auto_aim_interfaces/auto_aim_interfaces/msg/detail/debug_armor__rosidl_typesupport_introspection_cpp.hpp
[30.829s] -- Installing: /home/mechax/ylh/sentry_vision/install/auto_aim_interfaces/include/auto_aim_interfaces/auto_aim_interfaces/msg/detail/bias__rosidl_typesupport_introspection_cpp.hpp
[30.829s] -- Installing: /home/mechax/ylh/sentry_vision/install/auto_aim_interfaces/include/auto_aim_interfaces/auto_aim_interfaces/msg/detail/armor__type_support.cpp
[30.829s] -- Installing: /home/mechax/ylh/sentry_vision/install/auto_aim_interfaces/include/auto_aim_interfaces/auto_aim_interfaces/msg/detail/target__rosidl_typesupport_introspection_cpp.hpp
[30.830s] -- Installing: /home/mechax/ylh/sentry_vision/install/auto_aim_interfaces/include/auto_aim_interfaces/auto_aim_interfaces/msg/detail/debug_armors__type_support.cpp
[30.830s] -- Installing: /home/mechax/ylh/sentry_vision/install/auto_aim_interfaces/include/auto_aim_interfaces/auto_aim_interfaces/msg/detail/receive_serial__rosidl_typesupport_introspection_cpp.hpp
[30.830s] -- Installing: /home/mechax/ylh/sentry_vision/install/auto_aim_interfaces/include/auto_aim_interfaces/auto_aim_interfaces/msg/detail/send_serial__rosidl_typesupport_introspection_cpp.hpp
[30.830s] -- Installing: /home/mechax/ylh/sentry_vision/install/auto_aim_interfaces/include/auto_aim_interfaces/auto_aim_interfaces/msg/detail/debug_light__type_support.cpp
[30.830s] -- Installing: /home/mechax/ylh/sentry_vision/install/auto_aim_interfaces/include/auto_aim_interfaces/auto_aim_interfaces/msg/detail/receive_serial__type_support.cpp
[30.830s] -- Installing: /home/mechax/ylh/sentry_vision/install/auto_aim_interfaces/include/auto_aim_interfaces/auto_aim_interfaces/msg/detail/send_serial__type_support.cpp
[30.830s] -- Installing: /home/mechax/ylh/sentry_vision/install/auto_aim_interfaces/include/auto_aim_interfaces/auto_aim_interfaces/msg/detail/debug_armors__rosidl_typesupport_introspection_cpp.hpp
[30.831s] -- Installing: /home/mechax/ylh/sentry_vision/install/auto_aim_interfaces/include/auto_aim_interfaces/auto_aim_interfaces/msg/detail/debug_lights__type_support.cpp
[30.831s] -- Installing: /home/mechax/ylh/sentry_vision/install/auto_aim_interfaces/include/auto_aim_interfaces/auto_aim_interfaces/msg/detail/armors__rosidl_typesupport_introspection_cpp.hpp
[30.831s] -- Installing: /home/mechax/ylh/sentry_vision/install/auto_aim_interfaces/include/auto_aim_interfaces/auto_aim_interfaces/msg/detail/armor__rosidl_typesupport_introspection_cpp.hpp
[30.831s] -- Installing: /home/mechax/ylh/sentry_vision/install/auto_aim_interfaces/include/auto_aim_interfaces/auto_aim_interfaces/msg/detail/debug_armor__type_support.cpp
[30.832s] -- Installing: /home/mechax/ylh/sentry_vision/install/auto_aim_interfaces/include/auto_aim_interfaces/auto_aim_interfaces/msg/detail/armors__type_support.cpp
[30.832s] -- Installing: /home/mechax/ylh/sentry_vision/install/auto_aim_interfaces/include/auto_aim_interfaces/auto_aim_interfaces/msg/detail/debug_lights__rosidl_typesupport_introspection_cpp.hpp
[30.832s] -- Installing: /home/mechax/ylh/sentry_vision/install/auto_aim_interfaces/include/auto_aim_interfaces/auto_aim_interfaces/msg/detail/target__type_support.cpp
[30.832s] -- Installing: /home/mechax/ylh/sentry_vision/install/auto_aim_interfaces/lib/libauto_aim_interfaces__rosidl_typesupport_introspection_cpp.so
[30.832s] -- Set runtime path of "/home/mechax/ylh/sentry_vision/install/auto_aim_interfaces/lib/libauto_aim_interfaces__rosidl_typesupport_introspection_cpp.so" to ""
[30.833s] -- Installing: /home/mechax/ylh/sentry_vision/install/auto_aim_interfaces/lib/libauto_aim_interfaces__rosidl_typesupport_cpp.so
[30.833s] -- Set runtime path of "/home/mechax/ylh/sentry_vision/install/auto_aim_interfaces/lib/libauto_aim_interfaces__rosidl_typesupport_cpp.so" to ""
[30.833s] -- Installing: /home/mechax/ylh/sentry_vision/install/auto_aim_interfaces/share/auto_aim_interfaces/environment/pythonpath.sh
[30.833s] -- Installing: /home/mechax/ylh/sentry_vision/install/auto_aim_interfaces/share/auto_aim_interfaces/environment/pythonpath.dsv
[30.833s] -- Installing: /home/mechax/ylh/sentry_vision/install/auto_aim_interfaces/local/lib/python3.10/dist-packages/auto_aim_interfaces-0.0.0-py3.10.egg-info
[30.833s] -- Installing: /home/mechax/ylh/sentry_vision/install/auto_aim_interfaces/local/lib/python3.10/dist-packages/auto_aim_interfaces-0.0.0-py3.10.egg-info/PKG-INFO
[30.834s] -- Installing: /home/mechax/ylh/sentry_vision/install/auto_aim_interfaces/local/lib/python3.10/dist-packages/auto_aim_interfaces-0.0.0-py3.10.egg-info/SOURCES.txt
[30.834s] -- Installing: /home/mechax/ylh/sentry_vision/install/auto_aim_interfaces/local/lib/python3.10/dist-packages/auto_aim_interfaces-0.0.0-py3.10.egg-info/top_level.txt
[30.834s] -- Installing: /home/mechax/ylh/sentry_vision/install/auto_aim_interfaces/local/lib/python3.10/dist-packages/auto_aim_interfaces-0.0.0-py3.10.egg-info/dependency_links.txt
[30.834s] -- Installing: /home/mechax/ylh/sentry_vision/install/auto_aim_interfaces/local/lib/python3.10/dist-packages/auto_aim_interfaces
[30.834s] -- Installing: /home/mechax/ylh/sentry_vision/install/auto_aim_interfaces/local/lib/python3.10/dist-packages/auto_aim_interfaces/_auto_aim_interfaces_s.ep.rosidl_typesupport_introspection_c.c
[30.834s] -- Installing: /home/mechax/ylh/sentry_vision/install/auto_aim_interfaces/local/lib/python3.10/dist-packages/auto_aim_interfaces/_auto_aim_interfaces_s.ep.rosidl_typesupport_c.c
[30.835s] -- Installing: /home/mechax/ylh/sentry_vision/install/auto_aim_interfaces/local/lib/python3.10/dist-packages/auto_aim_interfaces/auto_aim_interfaces_s__rosidl_typesupport_fastrtps_c.cpython-310-x86_64-linux-gnu.so
[30.835s] -- Installing: /home/mechax/ylh/sentry_vision/install/auto_aim_interfaces/local/lib/python3.10/dist-packages/auto_aim_interfaces/auto_aim_interfaces_s__rosidl_typesupport_c.cpython-310-x86_64-linux-gnu.so
[30.835s] -- Installing: /home/mechax/ylh/sentry_vision/install/auto_aim_interfaces/local/lib/python3.10/dist-packages/auto_aim_interfaces/libauto_aim_interfaces__rosidl_generator_py.so
[30.835s] -- Installing: /home/mechax/ylh/sentry_vision/install/auto_aim_interfaces/local/lib/python3.10/dist-packages/auto_aim_interfaces/auto_aim_interfaces_s__rosidl_typesupport_introspection_c.cpython-310-x86_64-linux-gnu.so
[30.835s] -- Installing: /home/mechax/ylh/sentry_vision/install/auto_aim_interfaces/local/lib/python3.10/dist-packages/auto_aim_interfaces/__init__.py
[30.835s] -- Installing: /home/mechax/ylh/sentry_vision/install/auto_aim_interfaces/local/lib/python3.10/dist-packages/auto_aim_interfaces/msg
[30.835s] -- Installing: /home/mechax/ylh/sentry_vision/install/auto_aim_interfaces/local/lib/python3.10/dist-packages/auto_aim_interfaces/msg/_debug_light.py
[30.835s] -- Installing: /home/mechax/ylh/sentry_vision/install/auto_aim_interfaces/local/lib/python3.10/dist-packages/auto_aim_interfaces/msg/_target_s.c
[30.835s] -- Installing: /home/mechax/ylh/sentry_vision/install/auto_aim_interfaces/local/lib/python3.10/dist-packages/auto_aim_interfaces/msg/_debug_light_s.c
[30.836s] -- Installing: /home/mechax/ylh/sentry_vision/install/auto_aim_interfaces/local/lib/python3.10/dist-packages/auto_aim_interfaces/msg/_debug_armor_s.c
[30.836s] -- Installing: /home/mechax/ylh/sentry_vision/install/auto_aim_interfaces/local/lib/python3.10/dist-packages/auto_aim_interfaces/msg/_target.py
[30.836s] -- Installing: /home/mechax/ylh/sentry_vision/install/auto_aim_interfaces/local/lib/python3.10/dist-packages/auto_aim_interfaces/msg/_receive_serial_s.c
[30.836s] -- Installing: /home/mechax/ylh/sentry_vision/install/auto_aim_interfaces/local/lib/python3.10/dist-packages/auto_aim_interfaces/msg/_bias.py
[30.836s] -- Installing: /home/mechax/ylh/sentry_vision/install/auto_aim_interfaces/local/lib/python3.10/dist-packages/auto_aim_interfaces/msg/_debug_armor.py
[30.836s] -- Installing: /home/mechax/ylh/sentry_vision/install/auto_aim_interfaces/local/lib/python3.10/dist-packages/auto_aim_interfaces/msg/_tracker_info_s.c
[30.836s] -- Installing: /home/mechax/ylh/sentry_vision/install/auto_aim_interfaces/local/lib/python3.10/dist-packages/auto_aim_interfaces/msg/_armors_s.c
[30.836s] -- Installing: /home/mechax/ylh/sentry_vision/install/auto_aim_interfaces/local/lib/python3.10/dist-packages/auto_aim_interfaces/msg/_send_serial_s.c
[30.836s] -- Installing: /home/mechax/ylh/sentry_vision/install/auto_aim_interfaces/local/lib/python3.10/dist-packages/auto_aim_interfaces/msg/_receive_serial.py
[30.836s] -- Installing: /home/mechax/ylh/sentry_vision/install/auto_aim_interfaces/local/lib/python3.10/dist-packages/auto_aim_interfaces/msg/_send_serial.py
[30.836s] -- Installing: /home/mechax/ylh/sentry_vision/install/auto_aim_interfaces/local/lib/python3.10/dist-packages/auto_aim_interfaces/msg/_armor_s.c
[30.836s] -- Installing: /home/mechax/ylh/sentry_vision/install/auto_aim_interfaces/local/lib/python3.10/dist-packages/auto_aim_interfaces/msg/_armors.py
[30.837s] -- Installing: /home/mechax/ylh/sentry_vision/install/auto_aim_interfaces/local/lib/python3.10/dist-packages/auto_aim_interfaces/msg/_armor.py
[30.837s] -- Installing: /home/mechax/ylh/sentry_vision/install/auto_aim_interfaces/local/lib/python3.10/dist-packages/auto_aim_interfaces/msg/__init__.py
[30.837s] -- Installing: /home/mechax/ylh/sentry_vision/install/auto_aim_interfaces/local/lib/python3.10/dist-packages/auto_aim_interfaces/msg/_debug_lights.py
[30.837s] -- Installing: /home/mechax/ylh/sentry_vision/install/auto_aim_interfaces/local/lib/python3.10/dist-packages/auto_aim_interfaces/msg/_debug_armors.py
[30.837s] -- Installing: /home/mechax/ylh/sentry_vision/install/auto_aim_interfaces/local/lib/python3.10/dist-packages/auto_aim_interfaces/msg/_tracker_info.py
[30.837s] -- Installing: /home/mechax/ylh/sentry_vision/install/auto_aim_interfaces/local/lib/python3.10/dist-packages/auto_aim_interfaces/msg/_bias_s.c
[30.837s] -- Installing: /home/mechax/ylh/sentry_vision/install/auto_aim_interfaces/local/lib/python3.10/dist-packages/auto_aim_interfaces/msg/_debug_lights_s.c
[30.837s] -- Installing: /home/mechax/ylh/sentry_vision/install/auto_aim_interfaces/local/lib/python3.10/dist-packages/auto_aim_interfaces/msg/_debug_armors_s.c
[30.837s] -- Installing: /home/mechax/ylh/sentry_vision/install/auto_aim_interfaces/local/lib/python3.10/dist-packages/auto_aim_interfaces/_auto_aim_interfaces_s.ep.rosidl_typesupport_fastrtps_c.c
[30.916s] Listing '/home/mechax/ylh/sentry_vision/install/auto_aim_interfaces/local/lib/python3.10/dist-packages/auto_aim_interfaces'...
[30.916s] Compiling '/home/mechax/ylh/sentry_vision/install/auto_aim_interfaces/local/lib/python3.10/dist-packages/auto_aim_interfaces/__init__.py'...
[30.917s] Listing '/home/mechax/ylh/sentry_vision/install/auto_aim_interfaces/local/lib/python3.10/dist-packages/auto_aim_interfaces/msg'...
[30.917s] Compiling '/home/mechax/ylh/sentry_vision/install/auto_aim_interfaces/local/lib/python3.10/dist-packages/auto_aim_interfaces/msg/__init__.py'...
[30.917s] Compiling '/home/mechax/ylh/sentry_vision/install/auto_aim_interfaces/local/lib/python3.10/dist-packages/auto_aim_interfaces/msg/_armor.py'...
[30.917s] Compiling '/home/mechax/ylh/sentry_vision/install/auto_aim_interfaces/local/lib/python3.10/dist-packages/auto_aim_interfaces/msg/_armors.py'...
[30.917s] Compiling '/home/mechax/ylh/sentry_vision/install/auto_aim_interfaces/local/lib/python3.10/dist-packages/auto_aim_interfaces/msg/_bias.py'...
[30.917s] Compiling '/home/mechax/ylh/sentry_vision/install/auto_aim_interfaces/local/lib/python3.10/dist-packages/auto_aim_interfaces/msg/_debug_armor.py'...
[30.917s] Compiling '/home/mechax/ylh/sentry_vision/install/auto_aim_interfaces/local/lib/python3.10/dist-packages/auto_aim_interfaces/msg/_debug_armors.py'...
[30.917s] Compiling '/home/mechax/ylh/sentry_vision/install/auto_aim_interfaces/local/lib/python3.10/dist-packages/auto_aim_interfaces/msg/_debug_light.py'...
[30.917s] Compiling '/home/mechax/ylh/sentry_vision/install/auto_aim_interfaces/local/lib/python3.10/dist-packages/auto_aim_interfaces/msg/_debug_lights.py'...
[30.917s] Compiling '/home/mechax/ylh/sentry_vision/install/auto_aim_interfaces/local/lib/python3.10/dist-packages/auto_aim_interfaces/msg/_receive_serial.py'...
[30.917s] Compiling '/home/mechax/ylh/sentry_vision/install/auto_aim_interfaces/local/lib/python3.10/dist-packages/auto_aim_interfaces/msg/_send_serial.py'...
[30.917s] Compiling '/home/mechax/ylh/sentry_vision/install/auto_aim_interfaces/local/lib/python3.10/dist-packages/auto_aim_interfaces/msg/_target.py'...
[30.917s] Compiling '/home/mechax/ylh/sentry_vision/install/auto_aim_interfaces/local/lib/python3.10/dist-packages/auto_aim_interfaces/msg/_tracker_info.py'...
[30.930s] -- Installing: /home/mechax/ylh/sentry_vision/install/auto_aim_interfaces/local/lib/python3.10/dist-packages/auto_aim_interfaces/auto_aim_interfaces_s__rosidl_typesupport_fastrtps_c.cpython-310-x86_64-linux-gnu.so
[30.931s] -- Set runtime path of "/home/mechax/ylh/sentry_vision/install/auto_aim_interfaces/local/lib/python3.10/dist-packages/auto_aim_interfaces/auto_aim_interfaces_s__rosidl_typesupport_fastrtps_c.cpython-310-x86_64-linux-gnu.so" to ""
[30.932s] -- Installing: /home/mechax/ylh/sentry_vision/install/auto_aim_interfaces/local/lib/python3.10/dist-packages/auto_aim_interfaces/auto_aim_interfaces_s__rosidl_typesupport_introspection_c.cpython-310-x86_64-linux-gnu.so
[30.933s] -- Set runtime path of "/home/mechax/ylh/sentry_vision/install/auto_aim_interfaces/local/lib/python3.10/dist-packages/auto_aim_interfaces/auto_aim_interfaces_s__rosidl_typesupport_introspection_c.cpython-310-x86_64-linux-gnu.so" to ""
[30.934s] -- Installing: /home/mechax/ylh/sentry_vision/install/auto_aim_interfaces/local/lib/python3.10/dist-packages/auto_aim_interfaces/auto_aim_interfaces_s__rosidl_typesupport_c.cpython-310-x86_64-linux-gnu.so
[30.935s] -- Set runtime path of "/home/mechax/ylh/sentry_vision/install/auto_aim_interfaces/local/lib/python3.10/dist-packages/auto_aim_interfaces/auto_aim_interfaces_s__rosidl_typesupport_c.cpython-310-x86_64-linux-gnu.so" to ""
[30.935s] -- Installing: /home/mechax/ylh/sentry_vision/install/auto_aim_interfaces/lib/libauto_aim_interfaces__rosidl_generator_py.so
[30.936s] -- Set runtime path of "/home/mechax/ylh/sentry_vision/install/auto_aim_interfaces/lib/libauto_aim_interfaces__rosidl_generator_py.so" to ""
[30.937s] -- Installing: /home/mechax/ylh/sentry_vision/install/auto_aim_interfaces/share/auto_aim_interfaces/msg/Armor.idl
[30.937s] -- Installing: /home/mechax/ylh/sentry_vision/install/auto_aim_interfaces/share/auto_aim_interfaces/msg/Armors.idl
[30.937s] -- Installing: /home/mechax/ylh/sentry_vision/install/auto_aim_interfaces/share/auto_aim_interfaces/msg/Target.idl
[30.938s] -- Installing: /home/mechax/ylh/sentry_vision/install/auto_aim_interfaces/share/auto_aim_interfaces/msg/DebugLight.idl
[30.938s] -- Installing: /home/mechax/ylh/sentry_vision/install/auto_aim_interfaces/share/auto_aim_interfaces/msg/DebugLights.idl
[30.938s] -- Installing: /home/mechax/ylh/sentry_vision/install/auto_aim_interfaces/share/auto_aim_interfaces/msg/DebugArmor.idl
[30.939s] -- Installing: /home/mechax/ylh/sentry_vision/install/auto_aim_interfaces/share/auto_aim_interfaces/msg/DebugArmors.idl
[30.939s] -- Installing: /home/mechax/ylh/sentry_vision/install/auto_aim_interfaces/share/auto_aim_interfaces/msg/TrackerInfo.idl
[30.939s] -- Installing: /home/mechax/ylh/sentry_vision/install/auto_aim_interfaces/share/auto_aim_interfaces/msg/SendSerial.idl
[30.939s] -- Installing: /home/mechax/ylh/sentry_vision/install/auto_aim_interfaces/share/auto_aim_interfaces/msg/ReceiveSerial.idl
[30.940s] -- Installing: /home/mechax/ylh/sentry_vision/install/auto_aim_interfaces/share/auto_aim_interfaces/msg/Bias.idl
[30.940s] -- Installing: /home/mechax/ylh/sentry_vision/install/auto_aim_interfaces/share/auto_aim_interfaces/msg/Armor.msg
[30.940s] -- Installing: /home/mechax/ylh/sentry_vision/install/auto_aim_interfaces/share/auto_aim_interfaces/msg/Armors.msg
[30.941s] -- Installing: /home/mechax/ylh/sentry_vision/install/auto_aim_interfaces/share/auto_aim_interfaces/msg/Target.msg
[30.941s] -- Installing: /home/mechax/ylh/sentry_vision/install/auto_aim_interfaces/share/auto_aim_interfaces/msg/DebugLight.msg
[30.941s] -- Installing: /home/mechax/ylh/sentry_vision/install/auto_aim_interfaces/share/auto_aim_interfaces/msg/DebugLights.msg
[30.941s] -- Installing: /home/mechax/ylh/sentry_vision/install/auto_aim_interfaces/share/auto_aim_interfaces/msg/DebugArmor.msg
[30.942s] -- Installing: /home/mechax/ylh/sentry_vision/install/auto_aim_interfaces/share/auto_aim_interfaces/msg/DebugArmors.msg
[30.942s] -- Installing: /home/mechax/ylh/sentry_vision/install/auto_aim_interfaces/share/auto_aim_interfaces/msg/TrackerInfo.msg
[30.942s] -- Installing: /home/mechax/ylh/sentry_vision/install/auto_aim_interfaces/share/auto_aim_interfaces/msg/SendSerial.msg
[30.943s] -- Installing: /home/mechax/ylh/sentry_vision/install/auto_aim_interfaces/share/auto_aim_interfaces/msg/ReceiveSerial.msg
[30.943s] -- Installing: /home/mechax/ylh/sentry_vision/install/auto_aim_interfaces/share/auto_aim_interfaces/msg/Bias.msg
[30.943s] -- Installing: /home/mechax/ylh/sentry_vision/install/auto_aim_interfaces/share/ament_index/resource_index/package_run_dependencies/auto_aim_interfaces
[30.944s] -- Installing: /home/mechax/ylh/sentry_vision/install/auto_aim_interfaces/share/ament_index/resource_index/parent_prefix_path/auto_aim_interfaces
[30.944s] -- Installing: /home/mechax/ylh/sentry_vision/install/auto_aim_interfaces/share/auto_aim_interfaces/environment/ament_prefix_path.sh
[30.944s] -- Installing: /home/mechax/ylh/sentry_vision/install/auto_aim_interfaces/share/auto_aim_interfaces/environment/ament_prefix_path.dsv
[30.945s] -- Installing: /home/mechax/ylh/sentry_vision/install/auto_aim_interfaces/share/auto_aim_interfaces/environment/path.sh
[30.945s] -- Installing: /home/mechax/ylh/sentry_vision/install/auto_aim_interfaces/share/auto_aim_interfaces/environment/path.dsv
[30.945s] -- Installing: /home/mechax/ylh/sentry_vision/install/auto_aim_interfaces/share/auto_aim_interfaces/local_setup.bash
[30.946s] -- Installing: /home/mechax/ylh/sentry_vision/install/auto_aim_interfaces/share/auto_aim_interfaces/local_setup.sh
[30.946s] -- Installing: /home/mechax/ylh/sentry_vision/install/auto_aim_interfaces/share/auto_aim_interfaces/local_setup.zsh
[30.947s] -- Installing: /home/mechax/ylh/sentry_vision/install/auto_aim_interfaces/share/auto_aim_interfaces/local_setup.dsv
[30.947s] -- Installing: /home/mechax/ylh/sentry_vision/install/auto_aim_interfaces/share/auto_aim_interfaces/package.dsv
[30.947s] -- Installing: /home/mechax/ylh/sentry_vision/install/auto_aim_interfaces/share/ament_index/resource_index/packages/auto_aim_interfaces
[30.948s] -- Installing: /home/mechax/ylh/sentry_vision/install/auto_aim_interfaces/share/auto_aim_interfaces/cmake/export_auto_aim_interfaces__rosidl_generator_cExport.cmake
[30.948s] -- Installing: /home/mechax/ylh/sentry_vision/install/auto_aim_interfaces/share/auto_aim_interfaces/cmake/export_auto_aim_interfaces__rosidl_generator_cExport-noconfig.cmake
[30.949s] -- Installing: /home/mechax/ylh/sentry_vision/install/auto_aim_interfaces/share/auto_aim_interfaces/cmake/export_auto_aim_interfaces__rosidl_typesupport_fastrtps_cExport.cmake
[30.949s] -- Installing: /home/mechax/ylh/sentry_vision/install/auto_aim_interfaces/share/auto_aim_interfaces/cmake/export_auto_aim_interfaces__rosidl_typesupport_fastrtps_cExport-noconfig.cmake
[30.949s] -- Installing: /home/mechax/ylh/sentry_vision/install/auto_aim_interfaces/share/auto_aim_interfaces/cmake/auto_aim_interfaces__rosidl_typesupport_introspection_cExport.cmake
[30.949s] -- Installing: /home/mechax/ylh/sentry_vision/install/auto_aim_interfaces/share/auto_aim_interfaces/cmake/auto_aim_interfaces__rosidl_typesupport_introspection_cExport-noconfig.cmake
[30.950s] -- Installing: /home/mechax/ylh/sentry_vision/install/auto_aim_interfaces/share/auto_aim_interfaces/cmake/auto_aim_interfaces__rosidl_typesupport_cExport.cmake
[30.950s] -- Installing: /home/mechax/ylh/sentry_vision/install/auto_aim_interfaces/share/auto_aim_interfaces/cmake/auto_aim_interfaces__rosidl_typesupport_cExport-noconfig.cmake
[30.950s] -- Installing: /home/mechax/ylh/sentry_vision/install/auto_aim_interfaces/share/auto_aim_interfaces/cmake/export_auto_aim_interfaces__rosidl_generator_cppExport.cmake
[30.950s] -- Installing: /home/mechax/ylh/sentry_vision/install/auto_aim_interfaces/share/auto_aim_interfaces/cmake/export_auto_aim_interfaces__rosidl_typesupport_fastrtps_cppExport.cmake
[30.950s] -- Installing: /home/mechax/ylh/sentry_vision/install/auto_aim_interfaces/share/auto_aim_interfaces/cmake/export_auto_aim_interfaces__rosidl_typesupport_fastrtps_cppExport-noconfig.cmake
[30.951s] -- Installing: /home/mechax/ylh/sentry_vision/install/auto_aim_interfaces/share/auto_aim_interfaces/cmake/auto_aim_interfaces__rosidl_typesupport_introspection_cppExport.cmake
[30.951s] -- Installing: /home/mechax/ylh/sentry_vision/install/auto_aim_interfaces/share/auto_aim_interfaces/cmake/auto_aim_interfaces__rosidl_typesupport_introspection_cppExport-noconfig.cmake
[30.951s] -- Installing: /home/mechax/ylh/sentry_vision/install/auto_aim_interfaces/share/auto_aim_interfaces/cmake/auto_aim_interfaces__rosidl_typesupport_cppExport.cmake
[30.952s] -- Installing: /home/mechax/ylh/sentry_vision/install/auto_aim_interfaces/share/auto_aim_interfaces/cmake/auto_aim_interfaces__rosidl_typesupport_cppExport-noconfig.cmake
[30.952s] -- Installing: /home/mechax/ylh/sentry_vision/install/auto_aim_interfaces/share/auto_aim_interfaces/cmake/export_auto_aim_interfaces__rosidl_generator_pyExport.cmake
[30.952s] -- Installing: /home/mechax/ylh/sentry_vision/install/auto_aim_interfaces/share/auto_aim_interfaces/cmake/export_auto_aim_interfaces__rosidl_generator_pyExport-noconfig.cmake
[30.952s] -- Installing: /home/mechax/ylh/sentry_vision/install/auto_aim_interfaces/share/auto_aim_interfaces/cmake/rosidl_cmake-extras.cmake
[30.952s] -- Installing: /home/mechax/ylh/sentry_vision/install/auto_aim_interfaces/share/auto_aim_interfaces/cmake/ament_cmake_export_dependencies-extras.cmake
[30.952s] -- Installing: /home/mechax/ylh/sentry_vision/install/auto_aim_interfaces/share/auto_aim_interfaces/cmake/ament_cmake_export_include_directories-extras.cmake
[30.952s] -- Installing: /home/mechax/ylh/sentry_vision/install/auto_aim_interfaces/share/auto_aim_interfaces/cmake/ament_cmake_export_libraries-extras.cmake
[30.953s] -- Installing: /home/mechax/ylh/sentry_vision/install/auto_aim_interfaces/share/auto_aim_interfaces/cmake/ament_cmake_export_targets-extras.cmake
[30.953s] -- Installing: /home/mechax/ylh/sentry_vision/install/auto_aim_interfaces/share/auto_aim_interfaces/cmake/rosidl_cmake_export_typesupport_targets-extras.cmake
[30.953s] -- Installing: /home/mechax/ylh/sentry_vision/install/auto_aim_interfaces/share/auto_aim_interfaces/cmake/rosidl_cmake_export_typesupport_libraries-extras.cmake
[30.953s] -- Installing: /home/mechax/ylh/sentry_vision/install/auto_aim_interfaces/share/auto_aim_interfaces/cmake/auto_aim_interfacesConfig.cmake
[30.953s] -- Installing: /home/mechax/ylh/sentry_vision/install/auto_aim_interfaces/share/auto_aim_interfaces/cmake/auto_aim_interfacesConfig-version.cmake
[30.954s] -- Installing: /home/mechax/ylh/sentry_vision/install/auto_aim_interfaces/share/auto_aim_interfaces/package.xml
[30.968s] Invoked command in '/home/mechax/ylh/sentry_vision/build/auto_aim_interfaces' returned '0': CMAKE_PREFIX_PATH=/opt/ros/humble /usr/bin/cmake --install /home/mechax/ylh/sentry_vision/build/auto_aim_interfaces
